[1.983s] Invoking command in '/home/npd/Desktop/amr_bot/build/amr_controller': PYTHONPATH=/home/npd/Desktop/amr_bot/build/amr_controller/prefix_override:/usr/lib/python3/dist-packages/colcon_core/task/python/colcon_distutils_commands:/home/npd/Desktop/amr_bot/install/amr_controller/lib/python3.10/site-packages:${PYTHONPATH} /usr/bin/python3 -W ignore:setup.py install is deprecated -W ignore:easy_install command is deprecated setup.py develop --uninstall --editable --build-directory /home/npd/Desktop/amr_bot/build/amr_controller/build
[2.748s] running develop
[3.257s] Removing /home/npd/Desktop/amr_bot/install/amr_controller/lib/python3.10/site-packages/amr-controller.egg-link (link to .)
[3.323s] Invoked command in '/home/npd/Desktop/amr_bot/build/amr_controller' returned '0': PYTHONPATH=/home/npd/Desktop/amr_bot/build/amr_controller/prefix_override:/usr/lib/python3/dist-packages/colcon_core/task/python/colcon_distutils_commands:/home/npd/Desktop/amr_bot/install/amr_controller/lib/python3.10/site-packages:${PYTHONPATH} /usr/bin/python3 -W ignore:setup.py install is deprecated -W ignore:easy_install command is deprecated setup.py develop --uninstall --editable --build-directory /home/npd/Desktop/amr_bot/build/amr_controller/build
[3.326s] Invoking command in '/home/npd/Desktop/amr_bot/src/amr_controller': PYTHONPATH=/home/npd/Desktop/amr_bot/build/amr_controller/prefix_override:/usr/lib/python3/dist-packages/colcon_core/task/python/colcon_distutils_commands:/home/npd/Desktop/amr_bot/install/amr_controller/lib/python3.10/site-packages:${PYTHONPATH} /usr/bin/python3 -W ignore:setup.py install is deprecated -W ignore:easy_install command is deprecated setup.py egg_info --egg-base ../../build/amr_controller build --build-base /home/npd/Desktop/amr_bot/build/amr_controller/build install --record /home/npd/Desktop/amr_bot/build/amr_controller/install.log --single-version-externally-managed install_data --force
[4.034s] running egg_info
[4.038s] writing ../../build/amr_controller/amr_controller.egg-info/PKG-INFO
[4.039s] writing dependency_links to ../../build/amr_controller/amr_controller.egg-info/dependency_links.txt
[4.039s] writing entry points to ../../build/amr_controller/amr_controller.egg-info/entry_points.txt
[4.040s] writing requirements to ../../build/amr_controller/amr_controller.egg-info/requires.txt
[4.040s] writing top-level names to ../../build/amr_controller/amr_controller.egg-info/top_level.txt
[4.045s] reading manifest file '../../build/amr_controller/amr_controller.egg-info/SOURCES.txt'
[4.047s] writing manifest file '../../build/amr_controller/amr_controller.egg-info/SOURCES.txt'
[4.048s] running build
[4.048s] running build_py
[4.049s] creating /home/npd/Desktop/amr_bot/build/amr_controller/build
[4.050s] creating /home/npd/Desktop/amr_bot/build/amr_controller/build/lib
[4.050s] creating /home/npd/Desktop/amr_bot/build/amr_controller/build/lib/amr_controller
[4.050s] copying amr_controller/simple_controller.py -> /home/npd/Desktop/amr_bot/build/amr_controller/build/lib/amr_controller
[4.050s] copying amr_controller/__init__.py -> /home/npd/Desktop/amr_bot/build/amr_controller/build/lib/amr_controller
[4.057s] running install
[4.058s] running install_lib
[4.058s] creating /home/npd/Desktop/amr_bot/install/amr_controller/lib/python3.10/site-packages/amr_controller
[4.060s] copying /home/npd/Desktop/amr_bot/build/amr_controller/build/lib/amr_controller/simple_controller.py -> /home/npd/Desktop/amr_bot/install/amr_controller/lib/python3.10/site-packages/amr_controller
[4.060s] copying /home/npd/Desktop/amr_bot/build/amr_controller/build/lib/amr_controller/__init__.py -> /home/npd/Desktop/amr_bot/install/amr_controller/lib/python3.10/site-packages/amr_controller
[4.061s] byte-compiling /home/npd/Desktop/amr_bot/install/amr_controller/lib/python3.10/site-packages/amr_controller/simple_controller.py to simple_controller.cpython-310.pyc
[4.064s] byte-compiling /home/npd/Desktop/amr_bot/install/amr_controller/lib/python3.10/site-packages/amr_controller/__init__.py to __init__.cpython-310.pyc
[4.066s] running install_data
[4.070s] copying launch/teleop_joystick.launch.py -> /home/npd/Desktop/amr_bot/install/amr_controller/share/amr_controller/launch
[4.070s] copying launch/controller_launch.py -> /home/npd/Desktop/amr_bot/install/amr_controller/share/amr_controller/launch
[4.071s] copying config/joy_config.yaml -> /home/npd/Desktop/amr_bot/install/amr_controller/share/amr_controller/config
[4.072s] copying resource/amr_controller -> /home/npd/Desktop/amr_bot/install/amr_controller/share/ament_index/resource_index/packages
[4.073s] copying package.xml -> /home/npd/Desktop/amr_bot/install/amr_controller/share/amr_controller
[4.073s] running install_egg_info
[4.075s] Copying ../../build/amr_controller/amr_controller.egg-info to /home/npd/Desktop/amr_bot/install/amr_controller/lib/python3.10/site-packages/amr_controller-0.0.0-py3.10.egg-info
[4.077s] running install_scripts
[4.159s] Installing simple_controller script to /home/npd/Desktop/amr_bot/install/amr_controller/lib/amr_controller
[4.159s] writing list of installed files to '/home/npd/Desktop/amr_bot/build/amr_controller/install.log'
[4.238s] Invoked command in '/home/npd/Desktop/amr_bot/src/amr_controller' returned '0': PYTHONPATH=/home/npd/Desktop/amr_bot/build/amr_controller/prefix_override:/usr/lib/python3/dist-packages/colcon_core/task/python/colcon_distutils_commands:/home/npd/Desktop/amr_bot/install/amr_controller/lib/python3.10/site-packages:${PYTHONPATH} /usr/bin/python3 -W ignore:setup.py install is deprecated -W ignore:easy_install command is deprecated setup.py egg_info --egg-base ../../build/amr_controller build --build-base /home/npd/Desktop/amr_bot/build/amr_controller/build install --record /home/npd/Desktop/amr_bot/build/amr_controller/install.log --single-version-externally-managed install_data --force
