[0.077s] Invoking command in '/home/npd/Desktop/amr_bot/build/amr_localization': CMAKE_PREFIX_PATH=${CMAKE_PREFIX_PATH}:/home/npd/Desktop/amr_bot/install/amr_sensors:/home/npd/Desktop/amr_bot/install/amr_py_examples:/opt/ros/humble /usr/bin/cmake --build /home/npd/Desktop/amr_bot/build/amr_localization -- -j4 -l4
[0.911s] Built target ament_cmake_python_copy_amr_localization_setup
[0.975s] Built target ament_cmake_python_copy_amr_localization
[1.891s] running egg_info
[1.893s] writing amr_localization.egg-info/PKG-INFO
[1.894s] writing dependency_links to amr_localization.egg-info/dependency_links.txt
[1.897s] writing top-level names to amr_localization.egg-info/top_level.txt
[1.908s] reading manifest file 'amr_localization.egg-info/SOURCES.txt'
[1.912s] writing manifest file 'amr_localization.egg-info/SOURCES.txt'
[2.023s] Built target ament_cmake_python_build_amr_localization_egg
[2.284s] Invoked command in '/home/npd/Desktop/amr_bot/build/amr_localization' returned '0': CMAKE_PREFIX_PATH=${CMAKE_PREFIX_PATH}:/home/npd/Desktop/amr_bot/install/amr_sensors:/home/npd/Desktop/amr_bot/install/amr_py_examples:/opt/ros/humble /usr/bin/cmake --build /home/npd/Desktop/amr_bot/build/amr_localization -- -j4 -l4
[2.300s] Invoking command in '/home/npd/Desktop/amr_bot/build/amr_localization': CMAKE_PREFIX_PATH=${CMAKE_PREFIX_PATH}:/home/npd/Desktop/amr_bot/install/amr_sensors:/home/npd/Desktop/amr_bot/install/amr_py_examples:/opt/ros/humble /usr/bin/cmake --install /home/npd/Desktop/amr_bot/build/amr_localization
[2.387s] -- Install configuration: ""
[2.388s] -- Up-to-date: /home/npd/Desktop/amr_bot/install/amr_localization/share/amr_localization/environment/pythonpath.sh
[2.388s] -- Up-to-date: /home/npd/Desktop/amr_bot/install/amr_localization/share/amr_localization/environment/pythonpath.dsv
[2.388s] -- Up-to-date: /home/npd/Desktop/amr_bot/install/amr_localization/local/lib/python3.10/dist-packages/amr_localization-0.0.0-py3.10.egg-info
[2.388s] -- Installing: /home/npd/Desktop/amr_bot/install/amr_localization/local/lib/python3.10/dist-packages/amr_localization-0.0.0-py3.10.egg-info/PKG-INFO
[2.389s] -- Installing: /home/npd/Desktop/amr_bot/install/amr_localization/local/lib/python3.10/dist-packages/amr_localization-0.0.0-py3.10.egg-info/top_level.txt
[2.390s] -- Installing: /home/npd/Desktop/amr_bot/install/amr_localization/local/lib/python3.10/dist-packages/amr_localization-0.0.0-py3.10.egg-info/SOURCES.txt
[2.409s] -- Installing: /home/npd/Desktop/amr_bot/install/amr_localization/local/lib/python3.10/dist-packages/amr_localization-0.0.0-py3.10.egg-info/dependency_links.txt
[2.409s] -- Up-to-date: /home/npd/Desktop/amr_bot/install/amr_localization/local/lib/python3.10/dist-packages/amr_localization
[2.410s] -- Up-to-date: /home/npd/Desktop/amr_bot/install/amr_localization/local/lib/python3.10/dist-packages/amr_localization/odometry_motion_model.py
[2.410s] -- Up-to-date: /home/npd/Desktop/amr_bot/install/amr_localization/local/lib/python3.10/dist-packages/amr_localization/kalman_filter.py
[2.410s] -- Up-to-date: /home/npd/Desktop/amr_bot/install/amr_localization/local/lib/python3.10/dist-packages/amr_localization/__init__.py
[2.410s] -- Up-to-date: /home/npd/Desktop/amr_bot/install/amr_localization/local/lib/python3.10/dist-packages/amr_localization/imu_republisher.py
[2.554s] Listing '/home/npd/Desktop/amr_bot/install/amr_localization/local/lib/python3.10/dist-packages/amr_localization'...
[2.576s] -- Up-to-date: /home/npd/Desktop/amr_bot/install/amr_localization/lib/amr_localization/kalman_filter.py
[2.577s] -- Up-to-date: /home/npd/Desktop/amr_bot/install/amr_localization/lib/amr_localization/imu_republisher.py
[2.577s] -- Up-to-date: /home/npd/Desktop/amr_bot/install/amr_localization/lib/amr_localization/odometry_motion_model.py
[2.577s] -- Up-to-date: /home/npd/Desktop/amr_bot/install/amr_localization/lib/amr_localization/launch
[2.577s] -- Up-to-date: /home/npd/Desktop/amr_bot/install/amr_localization/lib/amr_localization/launch/__pycache__
[2.578s] -- Up-to-date: /home/npd/Desktop/amr_bot/install/amr_localization/lib/amr_localization/launch/__pycache__/local_localization.launch.cpython-310.pyc
[2.578s] -- Up-to-date: /home/npd/Desktop/amr_bot/install/amr_localization/lib/amr_localization/launch/local_localization.launch.py
[2.578s] -- Up-to-date: /home/npd/Desktop/amr_bot/install/amr_localization/lib/amr_localization/config
[2.579s] -- Up-to-date: /home/npd/Desktop/amr_bot/install/amr_localization/lib/amr_localization/config/ekf.yaml
[2.582s] -- Up-to-date: /home/npd/Desktop/amr_bot/install/amr_localization/share/ament_index/resource_index/package_run_dependencies/amr_localization
[2.582s] -- Up-to-date: /home/npd/Desktop/amr_bot/install/amr_localization/share/ament_index/resource_index/parent_prefix_path/amr_localization
[2.582s] -- Up-to-date: /home/npd/Desktop/amr_bot/install/amr_localization/share/amr_localization/environment/ament_prefix_path.sh
[2.582s] -- Up-to-date: /home/npd/Desktop/amr_bot/install/amr_localization/share/amr_localization/environment/ament_prefix_path.dsv
[2.583s] -- Up-to-date: /home/npd/Desktop/amr_bot/install/amr_localization/share/amr_localization/environment/path.sh
[2.583s] -- Up-to-date: /home/npd/Desktop/amr_bot/install/amr_localization/share/amr_localization/environment/path.dsv
[2.583s] -- Up-to-date: /home/npd/Desktop/amr_bot/install/amr_localization/share/amr_localization/local_setup.bash
[2.583s] -- Up-to-date: /home/npd/Desktop/amr_bot/install/amr_localization/share/amr_localization/local_setup.sh
[2.584s] -- Up-to-date: /home/npd/Desktop/amr_bot/install/amr_localization/share/amr_localization/local_setup.zsh
[2.586s] -- Up-to-date: /home/npd/Desktop/amr_bot/install/amr_localization/share/amr_localization/local_setup.dsv
[2.586s] -- Installing: /home/npd/Desktop/amr_bot/install/amr_localization/share/amr_localization/package.dsv
[2.586s] -- Up-to-date: /home/npd/Desktop/amr_bot/install/amr_localization/share/ament_index/resource_index/packages/amr_localization
[2.586s] -- Up-to-date: /home/npd/Desktop/amr_bot/install/amr_localization/share/amr_localization/cmake/amr_localizationConfig.cmake
[2.587s] -- Up-to-date: /home/npd/Desktop/amr_bot/install/amr_localization/share/amr_localization/cmake/amr_localizationConfig-version.cmake
[2.588s] -- Up-to-date: /home/npd/Desktop/amr_bot/install/amr_localization/share/amr_localization/package.xml
[2.611s] Invoked command in '/home/npd/Desktop/amr_bot/build/amr_localization' returned '0': CMAKE_PREFIX_PATH=${CMAKE_PREFIX_PATH}:/home/npd/Desktop/amr_bot/install/amr_sensors:/home/npd/Desktop/amr_bot/install/amr_py_examples:/opt/ros/humble /usr/bin/cmake --install /home/npd/Desktop/amr_bot/build/amr_localization
