[2.858s] Invoking command in '/home/npd/Desktop/amr_bot/src/amr_py_examples': CMAKE_PREFIX_PATH=/home/npd/Desktop/amr_bot/install/amr_msgs:/home/npd/Desktop/amr_bot/install/ydlidar_ros2_driver:/home/npd/Desktop/amr_bot/install/amr_localization:/home/npd/Desktop/amr_bot/install/amr_description:/home/npd/Desktop/amr_bot/install/amr_cpp_examples:/home/npd/Desktop/amr_bot/install/amr_controller:/home/npd/Desktop/amr_bot/install/amr_bringup LD_LIBRARY_PATH=/home/npd/Desktop/amr_bot/install/amr_msgs/lib:/usr/lib/x86_64-linux-gnu/gazebo-11/plugins:/opt/ros/humble/opt/rviz_ogre_vendor/lib:/opt/ros/humble/lib/x86_64-linux-gnu:/opt/ros/humble/lib:/usr/share/gazebo/../../lib/x86_64-linux-gnu/gazebo-11/plugins:/opt/ros/humble/lib PYTHONPATH=/home/npd/Desktop/amr_bot/build/amr_py_examples/prefix_override:/usr/lib/python3/dist-packages/colcon_core/task/python/colcon_distutils_commands:/home/npd/Desktop/amr_bot/install/amr_py_examples/lib/python3.10/site-packages:${PYTHONPATH} /usr/bin/python3 -W ignore:setup.py install is deprecated -W ignore:easy_install command is deprecated setup.py egg_info --egg-base ../../build/amr_py_examples build --build-base /home/npd/Desktop/amr_bot/build/amr_py_examples/build install --record /home/npd/Desktop/amr_bot/build/amr_py_examples/install.log --single-version-externally-managed install_data
[3.694s] running egg_info
[3.697s] writing ../../build/amr_py_examples/amr_py_examples.egg-info/PKG-INFO
[3.698s] writing dependency_links to ../../build/amr_py_examples/amr_py_examples.egg-info/dependency_links.txt
[3.699s] writing entry points to ../../build/amr_py_examples/amr_py_examples.egg-info/entry_points.txt
[3.699s] writing requirements to ../../build/amr_py_examples/amr_py_examples.egg-info/requires.txt
[3.700s] writing top-level names to ../../build/amr_py_examples/amr_py_examples.egg-info/top_level.txt
[3.705s] reading manifest file '../../build/amr_py_examples/amr_py_examples.egg-info/SOURCES.txt'
[3.708s] writing manifest file '../../build/amr_py_examples/amr_py_examples.egg-info/SOURCES.txt'
[3.709s] running build
[3.709s] running build_py
[3.712s] running install
[3.713s] running install_lib
[3.715s] running install_data
[3.716s] running install_egg_info
[3.721s] removing '/home/npd/Desktop/amr_bot/install/amr_py_examples/lib/python3.10/site-packages/amr_py_examples-0.0.1-py3.10.egg-info' (and everything under it)
[3.730s] Copying ../../build/amr_py_examples/amr_py_examples.egg-info to /home/npd/Desktop/amr_bot/install/amr_py_examples/lib/python3.10/site-packages/amr_py_examples-0.0.1-py3.10.egg-info
[3.731s] running install_scripts
[3.793s] Installing simple_parameter script to /home/npd/Desktop/amr_bot/install/amr_py_examples/lib/amr_py_examples
[3.793s] Installing simple_publisher script to /home/npd/Desktop/amr_bot/install/amr_py_examples/lib/amr_py_examples
[3.794s] Installing simple_service_client script to /home/npd/Desktop/amr_bot/install/amr_py_examples/lib/amr_py_examples
[3.794s] Installing simple_service_server script to /home/npd/Desktop/amr_bot/install/amr_py_examples/lib/amr_py_examples
[3.795s] Installing simple_subscriber script to /home/npd/Desktop/amr_bot/install/amr_py_examples/lib/amr_py_examples
[3.798s] Installing simple_tf_kinematics script to /home/npd/Desktop/amr_bot/install/amr_py_examples/lib/amr_py_examples
[3.798s] Installing simple_turtlesim_kinematics script to /home/npd/Desktop/amr_bot/install/amr_py_examples/lib/amr_py_examples
[3.798s] writing list of installed files to '/home/npd/Desktop/amr_bot/build/amr_py_examples/install.log'
[3.857s] Invoked command in '/home/npd/Desktop/amr_bot/src/amr_py_examples' returned '0': CMAKE_PREFIX_PATH=/home/npd/Desktop/amr_bot/install/amr_msgs:/home/npd/Desktop/amr_bot/install/ydlidar_ros2_driver:/home/npd/Desktop/amr_bot/install/amr_localization:/home/npd/Desktop/amr_bot/install/amr_description:/home/npd/Desktop/amr_bot/install/amr_cpp_examples:/home/npd/Desktop/amr_bot/install/amr_controller:/home/npd/Desktop/amr_bot/install/amr_bringup LD_LIBRARY_PATH=/home/npd/Desktop/amr_bot/install/amr_msgs/lib:/usr/lib/x86_64-linux-gnu/gazebo-11/plugins:/opt/ros/humble/opt/rviz_ogre_vendor/lib:/opt/ros/humble/lib/x86_64-linux-gnu:/opt/ros/humble/lib:/usr/share/gazebo/../../lib/x86_64-linux-gnu/gazebo-11/plugins:/opt/ros/humble/lib PYTHONPATH=/home/npd/Desktop/amr_bot/build/amr_py_examples/prefix_override:/usr/lib/python3/dist-packages/colcon_core/task/python/colcon_distutils_commands:/home/npd/Desktop/amr_bot/install/amr_py_examples/lib/python3.10/site-packages:${PYTHONPATH} /usr/bin/python3 -W ignore:setup.py install is deprecated -W ignore:easy_install command is deprecated setup.py egg_info --egg-base ../../build/amr_py_examples build --build-base /home/npd/Desktop/amr_bot/build/amr_py_examples/build install --record /home/npd/Desktop/amr_bot/build/amr_py_examples/install.log --single-version-externally-managed install_data
