[0.042s] Invoking command in '/home/npd/Desktop/amr_bot/build/amr_cpp_examples': CMAKE_PREFIX_PATH=${CMAKE_PREFIX_PATH}:/home/npd/Desktop/amr_bot/install/amr_py_examples:/opt/ros/humble /usr/bin/cmake --build /home/npd/Desktop/amr_bot/build/amr_cpp_examples -- -j4 -l4
[0.240s] Invoked command in '/home/npd/Desktop/amr_bot/build/amr_cpp_examples' returned '0': CMAKE_PREFIX_PATH=${CMAKE_PREFIX_PATH}:/home/npd/Desktop/amr_bot/install/amr_py_examples:/opt/ros/humble /usr/bin/cmake --build /home/npd/Desktop/amr_bot/build/amr_cpp_examples -- -j4 -l4
[0.244s] Invoking command in '/home/npd/Desktop/amr_bot/build/amr_cpp_examples': CMAKE_PREFIX_PATH=${CMAKE_PREFIX_PATH}:/home/npd/Desktop/amr_bot/install/amr_py_examples:/opt/ros/humble /usr/bin/cmake --install /home/npd/Desktop/amr_bot/build/amr_cpp_examples
[0.284s] -- Install configuration: ""
[0.284s] -- Execute custom install script
[0.286s] -- Up-to-date symlink: /home/npd/Desktop/amr_bot/install/amr_cpp_examples/share/ament_index/resource_index/package_run_dependencies/amr_cpp_examples
[0.289s] -- Up-to-date symlink: /home/npd/Desktop/amr_bot/install/amr_cpp_examples/share/ament_index/resource_index/parent_prefix_path/amr_cpp_examples
[0.292s] -- Up-to-date symlink: /home/npd/Desktop/amr_bot/install/amr_cpp_examples/share/amr_cpp_examples/environment/ament_prefix_path.sh
[0.292s] -- Up-to-date symlink: /home/npd/Desktop/amr_bot/install/amr_cpp_examples/share/amr_cpp_examples/environment/ament_prefix_path.dsv
[0.299s] -- Up-to-date symlink: /home/npd/Desktop/amr_bot/install/amr_cpp_examples/share/amr_cpp_examples/environment/path.sh
[0.300s] -- Up-to-date symlink: /home/npd/Desktop/amr_bot/install/amr_cpp_examples/share/amr_cpp_examples/environment/path.dsv
[0.302s] -- Up-to-date symlink: /home/npd/Desktop/amr_bot/install/amr_cpp_examples/share/amr_cpp_examples/local_setup.bash
[0.302s] -- Up-to-date symlink: /home/npd/Desktop/amr_bot/install/amr_cpp_examples/share/amr_cpp_examples/local_setup.sh
[0.303s] -- Up-to-date symlink: /home/npd/Desktop/amr_bot/install/amr_cpp_examples/share/amr_cpp_examples/local_setup.zsh
[0.303s] -- Up-to-date symlink: /home/npd/Desktop/amr_bot/install/amr_cpp_examples/share/amr_cpp_examples/local_setup.dsv
[0.309s] -- Symlinking: /home/npd/Desktop/amr_bot/install/amr_cpp_examples/share/amr_cpp_examples/package.dsv
[0.337s] -- Up-to-date symlink: /home/npd/Desktop/amr_bot/install/amr_cpp_examples/share/ament_index/resource_index/packages/amr_cpp_examples
[0.341s] -- Up-to-date symlink: /home/npd/Desktop/amr_bot/install/amr_cpp_examples/share/amr_cpp_examples/cmake/amr_cpp_examplesConfig.cmake
[0.342s] -- Up-to-date symlink: /home/npd/Desktop/amr_bot/install/amr_cpp_examples/share/amr_cpp_examples/cmake/amr_cpp_examplesConfig-version.cmake
[0.348s] -- Up-to-date symlink: /home/npd/Desktop/amr_bot/install/amr_cpp_examples/share/amr_cpp_examples/package.xml
[0.351s] Invoked command in '/home/npd/Desktop/amr_bot/build/amr_cpp_examples' returned '0': CMAKE_PREFIX_PATH=${CMAKE_PREFIX_PATH}:/home/npd/Desktop/amr_bot/install/amr_py_examples:/opt/ros/humble /usr/bin/cmake --install /home/npd/Desktop/amr_bot/build/amr_cpp_examples
