[2.447s] Invoking command in '/home/npd/Desktop/amr_bot/src/amr_controller': PYTHONPATH=/home/npd/Desktop/amr_bot/build/amr_controller/prefix_override:/usr/lib/python3/dist-packages/colcon_core/task/python/colcon_distutils_commands:/home/npd/Desktop/amr_bot/install/amr_controller/lib/python3.10/site-packages:${PYTHONPATH} /usr/bin/python3 -W ignore:setup.py install is deprecated -W ignore:easy_install command is deprecated setup.py egg_info --egg-base ../../build/amr_controller build --build-base /home/npd/Desktop/amr_bot/build/amr_controller/build install --record /home/npd/Desktop/amr_bot/build/amr_controller/install.log --single-version-externally-managed install_data
[3.031s] running egg_info
[3.033s] writing ../../build/amr_controller/amr_controller.egg-info/PKG-INFO
[3.034s] writing dependency_links to ../../build/amr_controller/amr_controller.egg-info/dependency_links.txt
[3.035s] writing entry points to ../../build/amr_controller/amr_controller.egg-info/entry_points.txt
[3.035s] writing requirements to ../../build/amr_controller/amr_controller.egg-info/requires.txt
[3.035s] writing top-level names to ../../build/amr_controller/amr_controller.egg-info/top_level.txt
[3.039s] reading manifest file '../../build/amr_controller/amr_controller.egg-info/SOURCES.txt'
[3.044s] writing manifest file '../../build/amr_controller/amr_controller.egg-info/SOURCES.txt'
[3.044s] running build
[3.045s] running build_py
[3.045s] running install
[3.045s] running install_lib
[3.049s] running install_data
[3.051s] copying launch/controller_launch.py -> /home/npd/Desktop/amr_bot/install/amr_controller/share/amr_controller/launch
[3.051s] running install_egg_info
[3.054s] removing '/home/npd/Desktop/amr_bot/install/amr_controller/lib/python3.10/site-packages/amr_controller-0.0.0-py3.10.egg-info' (and everything under it)
[3.056s] Copying ../../build/amr_controller/amr_controller.egg-info to /home/npd/Desktop/amr_bot/install/amr_controller/lib/python3.10/site-packages/amr_controller-0.0.0-py3.10.egg-info
[3.058s] running install_scripts
[3.103s] Installing simple_controller script to /home/npd/Desktop/amr_bot/install/amr_controller/lib/amr_controller
[3.106s] writing list of installed files to '/home/npd/Desktop/amr_bot/build/amr_controller/install.log'
[3.161s] Invoked command in '/home/npd/Desktop/amr_bot/src/amr_controller' returned '0': PYTHONPATH=/home/npd/Desktop/amr_bot/build/amr_controller/prefix_override:/usr/lib/python3/dist-packages/colcon_core/task/python/colcon_distutils_commands:/home/npd/Desktop/amr_bot/install/amr_controller/lib/python3.10/site-packages:${PYTHONPATH} /usr/bin/python3 -W ignore:setup.py install is deprecated -W ignore:easy_install command is deprecated setup.py egg_info --egg-base ../../build/amr_controller build --build-base /home/npd/Desktop/amr_bot/build/amr_controller/build install --record /home/npd/Desktop/amr_bot/build/amr_controller/install.log --single-version-externally-managed install_data
