[2.250s] Invoking command in '/home/npd/Desktop/amr_bot/src/amr_py_examples': LD_LIBRARY_PATH=/home/npd/Desktop/amr_bot/install/amr_msgs/lib:/usr/lib/x86_64-linux-gnu/gazebo-11/plugins:/opt/ros/humble/opt/rviz_ogre_vendor/lib:/opt/ros/humble/lib/x86_64-linux-gnu:/opt/ros/humble/lib:/usr/share/gazebo/../../lib/x86_64-linux-gnu/gazebo-11/plugins:/opt/ros/humble/lib PYTHONPATH=/home/npd/Desktop/amr_bot/build/amr_py_examples/prefix_override:/usr/lib/python3/dist-packages/colcon_core/task/python/colcon_distutils_commands:/home/npd/Desktop/amr_bot/install/amr_py_examples/lib/python3.10/site-packages:${PYTHONPATH} /usr/bin/python3 -W ignore:setup.py install is deprecated -W ignore:easy_install command is deprecated setup.py egg_info --egg-base ../../build/amr_py_examples build --build-base /home/npd/Desktop/amr_bot/build/amr_py_examples/build install --record /home/npd/Desktop/amr_bot/build/amr_py_examples/install.log --single-version-externally-managed install_data
[3.101s] running egg_info
[3.102s] writing ../../build/amr_py_examples/amr_py_examples.egg-info/PKG-INFO
[3.103s] writing dependency_links to ../../build/amr_py_examples/amr_py_examples.egg-info/dependency_links.txt
[3.106s] writing entry points to ../../build/amr_py_examples/amr_py_examples.egg-info/entry_points.txt
[3.106s] writing requirements to ../../build/amr_py_examples/amr_py_examples.egg-info/requires.txt
[3.109s] writing top-level names to ../../build/amr_py_examples/amr_py_examples.egg-info/top_level.txt
[3.114s] reading manifest file '../../build/amr_py_examples/amr_py_examples.egg-info/SOURCES.txt'
[3.117s] writing manifest file '../../build/amr_py_examples/amr_py_examples.egg-info/SOURCES.txt'
[3.118s] running build
[3.118s] running build_py
[3.120s] running install
[3.124s] running install_lib
[3.126s] running install_data
[3.127s] running install_egg_info
[3.133s] removing '/home/npd/Desktop/amr_bot/install/amr_py_examples/lib/python3.10/site-packages/amr_py_examples-0.0.1-py3.10.egg-info' (and everything under it)
[3.134s] Copying ../../build/amr_py_examples/amr_py_examples.egg-info to /home/npd/Desktop/amr_bot/install/amr_py_examples/lib/python3.10/site-packages/amr_py_examples-0.0.1-py3.10.egg-info
[3.137s] running install_scripts
[3.203s] Installing simple_parameter script to /home/npd/Desktop/amr_bot/install/amr_py_examples/lib/amr_py_examples
[3.204s] Installing simple_publisher script to /home/npd/Desktop/amr_bot/install/amr_py_examples/lib/amr_py_examples
[3.208s] Installing simple_service_client script to /home/npd/Desktop/amr_bot/install/amr_py_examples/lib/amr_py_examples
[3.208s] Installing simple_service_server script to /home/npd/Desktop/amr_bot/install/amr_py_examples/lib/amr_py_examples
[3.208s] Installing simple_subscriber script to /home/npd/Desktop/amr_bot/install/amr_py_examples/lib/amr_py_examples
[3.210s] Installing simple_tf_kinematics script to /home/npd/Desktop/amr_bot/install/amr_py_examples/lib/amr_py_examples
[3.212s] Installing simple_turtlesim_kinematics script to /home/npd/Desktop/amr_bot/install/amr_py_examples/lib/amr_py_examples
[3.213s] writing list of installed files to '/home/npd/Desktop/amr_bot/build/amr_py_examples/install.log'
[3.276s] Invoked command in '/home/npd/Desktop/amr_bot/src/amr_py_examples' returned '0': LD_LIBRARY_PATH=/home/npd/Desktop/amr_bot/install/amr_msgs/lib:/usr/lib/x86_64-linux-gnu/gazebo-11/plugins:/opt/ros/humble/opt/rviz_ogre_vendor/lib:/opt/ros/humble/lib/x86_64-linux-gnu:/opt/ros/humble/lib:/usr/share/gazebo/../../lib/x86_64-linux-gnu/gazebo-11/plugins:/opt/ros/humble/lib PYTHONPATH=/home/npd/Desktop/amr_bot/build/amr_py_examples/prefix_override:/usr/lib/python3/dist-packages/colcon_core/task/python/colcon_distutils_commands:/home/npd/Desktop/amr_bot/install/amr_py_examples/lib/python3.10/site-packages:${PYTHONPATH} /usr/bin/python3 -W ignore:setup.py install is deprecated -W ignore:easy_install command is deprecated setup.py egg_info --egg-base ../../build/amr_py_examples build --build-base /home/npd/Desktop/amr_bot/build/amr_py_examples/build install --record /home/npd/Desktop/amr_bot/build/amr_py_examples/install.log --single-version-externally-managed install_data
