[0.193s] DEBUG:colcon:Command line arguments: ['/usr/bin/colcon', 'build']
[0.193s] DEBUG:colcon:Parsed command line arguments: Namespace(log_base=None, log_level=None, verb_name='build', build_base='build', install_base='install', merge_install=False, symlink_install=False, test_result_base=None, continue_on_error=False, executor='parallel', parallel_workers=4, event_handlers=None, ignore_user_meta=False, metas=['./colcon.meta'], base_paths=['.'], packages_ignore=None, packages_ignore_regex=None, paths=None, packages_up_to=None, packages_up_to_regex=None, packages_above=None, packages_above_and_dependencies=None, packages_above_depth=None, packages_select_by_dep=None, packages_skip_by_dep=None, packages_skip_up_to=None, packages_select_build_failed=False, packages_skip_build_finished=False, packages_select_test_failures=False, packages_skip_test_passed=False, packages_select=None, packages_skip=None, packages_select_regex=None, packages_skip_regex=None, packages_start=None, packages_end=None, allow_overriding=[], cmake_args=None, cmake_target=None, cmake_target_skip_unavailable=False, cmake_clean_cache=False, cmake_clean_first=False, cmake_force_configure=False, ament_cmake_args=None, catkin_cmake_args=None, catkin_skip_building_tests=False, verb_parser=<colcon_defaults.argument_parser.defaults.DefaultArgumentsDecorator object at 0x7a6000468910>, verb_extension=<colcon_core.verb.build.BuildVerb object at 0x7a60004683a0>, main=<bound method BuildVerb.main of <colcon_core.verb.build.BuildVerb object at 0x7a60004683a0>>)
[0.510s] Level 1:colcon.colcon_core.package_discovery:discover_packages(colcon_meta) check parameters
[0.510s] Level 1:colcon.colcon_core.package_discovery:discover_packages(recursive) check parameters
[0.510s] Level 1:colcon.colcon_core.package_discovery:discover_packages(ignore) check parameters
[0.510s] Level 1:colcon.colcon_core.package_discovery:discover_packages(path) check parameters
[0.510s] Level 1:colcon.colcon_core.package_discovery:discover_packages(colcon_meta) discover
[0.510s] Level 1:colcon.colcon_core.package_discovery:discover_packages(recursive) discover
[0.510s] INFO:colcon.colcon_core.package_discovery:Crawling recursively for packages in '/home/npd/Desktop/amr_bot'
[0.511s] Level 1:colcon.colcon_core.package_identification:_identify(.) by extensions ['ignore', 'ignore_ament_install']
[0.511s] Level 1:colcon.colcon_core.package_identification:_identify(.) by extension 'ignore'
[0.511s] Level 1:colcon.colcon_core.package_identification:_identify(.) by extension 'ignore_ament_install'
[0.511s] Level 1:colcon.colcon_core.package_identification:_identify(.) by extensions ['colcon_pkg']
[0.511s] Level 1:colcon.colcon_core.package_identification:_identify(.) by extension 'colcon_pkg'
[0.511s] Level 1:colcon.colcon_core.package_identification:_identify(.) by extensions ['colcon_meta']
[0.511s] Level 1:colcon.colcon_core.package_identification:_identify(.) by extension 'colcon_meta'
[0.512s] Level 1:colcon.colcon_core.package_identification:_identify(.) by extensions ['ros']
[0.512s] Level 1:colcon.colcon_core.package_identification:_identify(.) by extension 'ros'
[0.531s] Level 1:colcon.colcon_core.package_identification:_identify(.) by extensions ['cmake', 'python']
[0.531s] Level 1:colcon.colcon_core.package_identification:_identify(.) by extension 'cmake'
[0.531s] Level 1:colcon.colcon_core.package_identification:_identify(.) by extension 'python'
[0.532s] Level 1:colcon.colcon_core.package_identification:_identify(.) by extensions ['python_setup_py']
[0.532s] Level 1:colcon.colcon_core.package_identification:_identify(.) by extension 'python_setup_py'
[0.532s] Level 1:colcon.colcon_core.package_identification:_identify(build) by extensions ['ignore', 'ignore_ament_install']
[0.532s] Level 1:colcon.colcon_core.package_identification:_identify(build) by extension 'ignore'
[0.532s] Level 1:colcon.colcon_core.package_identification:_identify(build) ignored
[0.533s] Level 1:colcon.colcon_core.package_identification:_identify(install) by extensions ['ignore', 'ignore_ament_install']
[0.533s] Level 1:colcon.colcon_core.package_identification:_identify(install) by extension 'ignore'
[0.533s] Level 1:colcon.colcon_core.package_identification:_identify(install) ignored
[0.533s] Level 1:colcon.colcon_core.package_identification:_identify(log) by extensions ['ignore', 'ignore_ament_install']
[0.534s] Level 1:colcon.colcon_core.package_identification:_identify(log) by extension 'ignore'
[0.534s] Level 1:colcon.colcon_core.package_identification:_identify(log) ignored
[0.534s] Level 1:colcon.colcon_core.package_identification:_identify(src) by extensions ['ignore', 'ignore_ament_install']
[0.534s] Level 1:colcon.colcon_core.package_identification:_identify(src) by extension 'ignore'
[0.534s] Level 1:colcon.colcon_core.package_identification:_identify(src) by extension 'ignore_ament_install'
[0.535s] Level 1:colcon.colcon_core.package_identification:_identify(src) by extensions ['colcon_pkg']
[0.535s] Level 1:colcon.colcon_core.package_identification:_identify(src) by extension 'colcon_pkg'
[0.535s] Level 1:colcon.colcon_core.package_identification:_identify(src) by extensions ['colcon_meta']
[0.535s] Level 1:colcon.colcon_core.package_identification:_identify(src) by extension 'colcon_meta'
[0.535s] Level 1:colcon.colcon_core.package_identification:_identify(src) by extensions ['ros']
[0.535s] Level 1:colcon.colcon_core.package_identification:_identify(src) by extension 'ros'
[0.535s] Level 1:colcon.colcon_core.package_identification:_identify(src) by extensions ['cmake', 'python']
[0.535s] Level 1:colcon.colcon_core.package_identification:_identify(src) by extension 'cmake'
[0.535s] Level 1:colcon.colcon_core.package_identification:_identify(src) by extension 'python'
[0.536s] Level 1:colcon.colcon_core.package_identification:_identify(src) by extensions ['python_setup_py']
[0.536s] Level 1:colcon.colcon_core.package_identification:_identify(src) by extension 'python_setup_py'
[0.536s] Level 1:colcon.colcon_core.package_identification:_identify(src/amr_controller) by extensions ['ignore', 'ignore_ament_install']
[0.536s] Level 1:colcon.colcon_core.package_identification:_identify(src/amr_controller) by extension 'ignore'
[0.536s] Level 1:colcon.colcon_core.package_identification:_identify(src/amr_controller) by extension 'ignore_ament_install'
[0.536s] Level 1:colcon.colcon_core.package_identification:_identify(src/amr_controller) by extensions ['colcon_pkg']
[0.537s] Level 1:colcon.colcon_core.package_identification:_identify(src/amr_controller) by extension 'colcon_pkg'
[0.537s] Level 1:colcon.colcon_core.package_identification:_identify(src/amr_controller) by extensions ['colcon_meta']
[0.537s] Level 1:colcon.colcon_core.package_identification:_identify(src/amr_controller) by extension 'colcon_meta'
[0.537s] Level 1:colcon.colcon_core.package_identification:_identify(src/amr_controller) by extensions ['ros']
[0.537s] Level 1:colcon.colcon_core.package_identification:_identify(src/amr_controller) by extension 'ros'
[0.541s] DEBUG:colcon.colcon_core.package_identification:Package 'src/amr_controller' with type 'ros.ament_cmake' and name 'amr_controller'
[0.542s] Level 1:colcon.colcon_core.package_identification:_identify(src/amr_cpp_examples) by extensions ['ignore', 'ignore_ament_install']
[0.542s] Level 1:colcon.colcon_core.package_identification:_identify(src/amr_cpp_examples) by extension 'ignore'
[0.542s] Level 1:colcon.colcon_core.package_identification:_identify(src/amr_cpp_examples) by extension 'ignore_ament_install'
[0.542s] Level 1:colcon.colcon_core.package_identification:_identify(src/amr_cpp_examples) by extensions ['colcon_pkg']
[0.542s] Level 1:colcon.colcon_core.package_identification:_identify(src/amr_cpp_examples) by extension 'colcon_pkg'
[0.542s] Level 1:colcon.colcon_core.package_identification:_identify(src/amr_cpp_examples) by extensions ['colcon_meta']
[0.542s] Level 1:colcon.colcon_core.package_identification:_identify(src/amr_cpp_examples) by extension 'colcon_meta'
[0.543s] Level 1:colcon.colcon_core.package_identification:_identify(src/amr_cpp_examples) by extensions ['ros']
[0.543s] Level 1:colcon.colcon_core.package_identification:_identify(src/amr_cpp_examples) by extension 'ros'
[0.544s] DEBUG:colcon.colcon_core.package_identification:Package 'src/amr_cpp_examples' with type 'ros.ament_cmake' and name 'amr_cpp_examples'
[0.544s] Level 1:colcon.colcon_core.package_identification:_identify(src/amr_description) by extensions ['ignore', 'ignore_ament_install']
[0.544s] Level 1:colcon.colcon_core.package_identification:_identify(src/amr_description) by extension 'ignore'
[0.545s] Level 1:colcon.colcon_core.package_identification:_identify(src/amr_description) by extension 'ignore_ament_install'
[0.545s] Level 1:colcon.colcon_core.package_identification:_identify(src/amr_description) by extensions ['colcon_pkg']
[0.545s] Level 1:colcon.colcon_core.package_identification:_identify(src/amr_description) by extension 'colcon_pkg'
[0.545s] Level 1:colcon.colcon_core.package_identification:_identify(src/amr_description) by extensions ['colcon_meta']
[0.545s] Level 1:colcon.colcon_core.package_identification:_identify(src/amr_description) by extension 'colcon_meta'
[0.545s] Level 1:colcon.colcon_core.package_identification:_identify(src/amr_description) by extensions ['ros']
[0.545s] Level 1:colcon.colcon_core.package_identification:_identify(src/amr_description) by extension 'ros'
[0.549s] DEBUG:colcon.colcon_core.package_identification:Package 'src/amr_description' with type 'ros.ament_cmake' and name 'amr_description'
[0.550s] Level 1:colcon.colcon_core.package_identification:_identify(src/amr_msgs) by extensions ['ignore', 'ignore_ament_install']
[0.550s] Level 1:colcon.colcon_core.package_identification:_identify(src/amr_msgs) by extension 'ignore'
[0.550s] Level 1:colcon.colcon_core.package_identification:_identify(src/amr_msgs) by extension 'ignore_ament_install'
[0.550s] Level 1:colcon.colcon_core.package_identification:_identify(src/amr_msgs) by extensions ['colcon_pkg']
[0.550s] Level 1:colcon.colcon_core.package_identification:_identify(src/amr_msgs) by extension 'colcon_pkg'
[0.551s] Level 1:colcon.colcon_core.package_identification:_identify(src/amr_msgs) by extensions ['colcon_meta']
[0.551s] Level 1:colcon.colcon_core.package_identification:_identify(src/amr_msgs) by extension 'colcon_meta'
[0.551s] Level 1:colcon.colcon_core.package_identification:_identify(src/amr_msgs) by extensions ['ros']
[0.551s] Level 1:colcon.colcon_core.package_identification:_identify(src/amr_msgs) by extension 'ros'
[0.552s] DEBUG:colcon.colcon_core.package_identification:Package 'src/amr_msgs' with type 'ros.ament_cmake' and name 'amr_msgs'
[0.553s] Level 1:colcon.colcon_core.package_identification:_identify(src/amr_py_examples) by extensions ['ignore', 'ignore_ament_install']
[0.553s] Level 1:colcon.colcon_core.package_identification:_identify(src/amr_py_examples) by extension 'ignore'
[0.553s] Level 1:colcon.colcon_core.package_identification:_identify(src/amr_py_examples) by extension 'ignore_ament_install'
[0.553s] Level 1:colcon.colcon_core.package_identification:_identify(src/amr_py_examples) by extensions ['colcon_pkg']
[0.553s] Level 1:colcon.colcon_core.package_identification:_identify(src/amr_py_examples) by extension 'colcon_pkg'
[0.553s] Level 1:colcon.colcon_core.package_identification:_identify(src/amr_py_examples) by extensions ['colcon_meta']
[0.553s] Level 1:colcon.colcon_core.package_identification:_identify(src/amr_py_examples) by extension 'colcon_meta'
[0.553s] Level 1:colcon.colcon_core.package_identification:_identify(src/amr_py_examples) by extensions ['ros']
[0.554s] Level 1:colcon.colcon_core.package_identification:_identify(src/amr_py_examples) by extension 'ros'
[0.555s] DEBUG:colcon.colcon_core.package_identification:Package 'src/amr_py_examples' with type 'ros.ament_python' and name 'amr_py_examples'
[0.555s] Level 1:colcon.colcon_core.package_identification:_identify(src/build) by extensions ['ignore', 'ignore_ament_install']
[0.556s] Level 1:colcon.colcon_core.package_identification:_identify(src/build) by extension 'ignore'
[0.556s] Level 1:colcon.colcon_core.package_identification:_identify(src/build) ignored
[0.556s] Level 1:colcon.colcon_core.package_identification:_identify(src/install) by extensions ['ignore', 'ignore_ament_install']
[0.556s] Level 1:colcon.colcon_core.package_identification:_identify(src/install) by extension 'ignore'
[0.556s] Level 1:colcon.colcon_core.package_identification:_identify(src/install) ignored
[0.557s] Level 1:colcon.colcon_core.package_identification:_identify(src/log) by extensions ['ignore', 'ignore_ament_install']
[0.557s] Level 1:colcon.colcon_core.package_identification:_identify(src/log) by extension 'ignore'
[0.557s] Level 1:colcon.colcon_core.package_identification:_identify(src/log) ignored
[0.557s] Level 1:colcon.colcon_core.package_discovery:discover_packages(recursive) using defaults
[0.557s] Level 1:colcon.colcon_core.package_discovery:discover_packages(ignore) discover
[0.557s] Level 1:colcon.colcon_core.package_discovery:discover_packages(ignore) using defaults
[0.557s] Level 1:colcon.colcon_core.package_discovery:discover_packages(path) discover
[0.557s] Level 1:colcon.colcon_core.package_discovery:discover_packages(path) using defaults
[0.609s] Level 1:colcon.colcon_core.package_discovery:discover_packages(prefix_path) check parameters
[0.609s] Level 1:colcon.colcon_core.package_discovery:discover_packages(prefix_path) discover
[0.613s] DEBUG:colcon.colcon_installed_package_information.package_discovery:Found 5 installed packages in /home/npd/Desktop/amr_bot/install
[0.618s] DEBUG:colcon.colcon_installed_package_information.package_discovery:Found 365 installed packages in /opt/ros/humble
[0.621s] Level 1:colcon.colcon_core.package_discovery:discover_packages(prefix_path) using defaults
[0.705s] Level 5:colcon.colcon_core.verb:set package 'amr_controller' build argument 'cmake_args' from command line to 'None'
[0.705s] Level 5:colcon.colcon_core.verb:set package 'amr_controller' build argument 'cmake_target' from command line to 'None'
[0.705s] Level 5:colcon.colcon_core.verb:set package 'amr_controller' build argument 'cmake_target_skip_unavailable' from command line to 'False'
[0.705s] Level 5:colcon.colcon_core.verb:set package 'amr_controller' build argument 'cmake_clean_cache' from command line to 'False'
[0.705s] Level 5:colcon.colcon_core.verb:set package 'amr_controller' build argument 'cmake_clean_first' from command line to 'False'
[0.705s] Level 5:colcon.colcon_core.verb:set package 'amr_controller' build argument 'cmake_force_configure' from command line to 'False'
[0.705s] Level 5:colcon.colcon_core.verb:set package 'amr_controller' build argument 'ament_cmake_args' from command line to 'None'
[0.705s] Level 5:colcon.colcon_core.verb:set package 'amr_controller' build argument 'catkin_cmake_args' from command line to 'None'
[0.705s] Level 5:colcon.colcon_core.verb:set package 'amr_controller' build argument 'catkin_skip_building_tests' from command line to 'False'
[0.705s] DEBUG:colcon.colcon_core.verb:Building package 'amr_controller' with the following arguments: {'ament_cmake_args': None, 'build_base': '/home/npd/Desktop/amr_bot/build/amr_controller', 'catkin_cmake_args': None, 'catkin_skip_building_tests': False, 'cmake_args': None, 'cmake_clean_cache': False, 'cmake_clean_first': False, 'cmake_force_configure': False, 'cmake_target': None, 'cmake_target_skip_unavailable': False, 'install_base': '/home/npd/Desktop/amr_bot/install/amr_controller', 'merge_install': False, 'path': '/home/npd/Desktop/amr_bot/src/amr_controller', 'symlink_install': False, 'test_result_base': None}
[0.706s] Level 5:colcon.colcon_core.verb:set package 'amr_cpp_examples' build argument 'cmake_args' from command line to 'None'
[0.706s] Level 5:colcon.colcon_core.verb:set package 'amr_cpp_examples' build argument 'cmake_target' from command line to 'None'
[0.706s] Level 5:colcon.colcon_core.verb:set package 'amr_cpp_examples' build argument 'cmake_target_skip_unavailable' from command line to 'False'
[0.706s] Level 5:colcon.colcon_core.verb:set package 'amr_cpp_examples' build argument 'cmake_clean_cache' from command line to 'False'
[0.706s] Level 5:colcon.colcon_core.verb:set package 'amr_cpp_examples' build argument 'cmake_clean_first' from command line to 'False'
[0.706s] Level 5:colcon.colcon_core.verb:set package 'amr_cpp_examples' build argument 'cmake_force_configure' from command line to 'False'
[0.706s] Level 5:colcon.colcon_core.verb:set package 'amr_cpp_examples' build argument 'ament_cmake_args' from command line to 'None'
[0.706s] Level 5:colcon.colcon_core.verb:set package 'amr_cpp_examples' build argument 'catkin_cmake_args' from command line to 'None'
[0.707s] Level 5:colcon.colcon_core.verb:set package 'amr_cpp_examples' build argument 'catkin_skip_building_tests' from command line to 'False'
[0.707s] DEBUG:colcon.colcon_core.verb:Building package 'amr_cpp_examples' with the following arguments: {'ament_cmake_args': None, 'build_base': '/home/npd/Desktop/amr_bot/build/amr_cpp_examples', 'catkin_cmake_args': None, 'catkin_skip_building_tests': False, 'cmake_args': None, 'cmake_clean_cache': False, 'cmake_clean_first': False, 'cmake_force_configure': False, 'cmake_target': None, 'cmake_target_skip_unavailable': False, 'install_base': '/home/npd/Desktop/amr_bot/install/amr_cpp_examples', 'merge_install': False, 'path': '/home/npd/Desktop/amr_bot/src/amr_cpp_examples', 'symlink_install': False, 'test_result_base': None}
[0.707s] Level 5:colcon.colcon_core.verb:set package 'amr_description' build argument 'cmake_args' from command line to 'None'
[0.707s] Level 5:colcon.colcon_core.verb:set package 'amr_description' build argument 'cmake_target' from command line to 'None'
[0.707s] Level 5:colcon.colcon_core.verb:set package 'amr_description' build argument 'cmake_target_skip_unavailable' from command line to 'False'
[0.707s] Level 5:colcon.colcon_core.verb:set package 'amr_description' build argument 'cmake_clean_cache' from command line to 'False'
[0.707s] Level 5:colcon.colcon_core.verb:set package 'amr_description' build argument 'cmake_clean_first' from command line to 'False'
[0.707s] Level 5:colcon.colcon_core.verb:set package 'amr_description' build argument 'cmake_force_configure' from command line to 'False'
[0.707s] Level 5:colcon.colcon_core.verb:set package 'amr_description' build argument 'ament_cmake_args' from command line to 'None'
[0.708s] Level 5:colcon.colcon_core.verb:set package 'amr_description' build argument 'catkin_cmake_args' from command line to 'None'
[0.708s] Level 5:colcon.colcon_core.verb:set package 'amr_description' build argument 'catkin_skip_building_tests' from command line to 'False'
[0.708s] DEBUG:colcon.colcon_core.verb:Building package 'amr_description' with the following arguments: {'ament_cmake_args': None, 'build_base': '/home/npd/Desktop/amr_bot/build/amr_description', 'catkin_cmake_args': None, 'catkin_skip_building_tests': False, 'cmake_args': None, 'cmake_clean_cache': False, 'cmake_clean_first': False, 'cmake_force_configure': False, 'cmake_target': None, 'cmake_target_skip_unavailable': False, 'install_base': '/home/npd/Desktop/amr_bot/install/amr_description', 'merge_install': False, 'path': '/home/npd/Desktop/amr_bot/src/amr_description', 'symlink_install': False, 'test_result_base': None}
[0.708s] Level 5:colcon.colcon_core.verb:set package 'amr_msgs' build argument 'cmake_args' from command line to 'None'
[0.708s] Level 5:colcon.colcon_core.verb:set package 'amr_msgs' build argument 'cmake_target' from command line to 'None'
[0.708s] Level 5:colcon.colcon_core.verb:set package 'amr_msgs' build argument 'cmake_target_skip_unavailable' from command line to 'False'
[0.708s] Level 5:colcon.colcon_core.verb:set package 'amr_msgs' build argument 'cmake_clean_cache' from command line to 'False'
[0.708s] Level 5:colcon.colcon_core.verb:set package 'amr_msgs' build argument 'cmake_clean_first' from command line to 'False'
[0.708s] Level 5:colcon.colcon_core.verb:set package 'amr_msgs' build argument 'cmake_force_configure' from command line to 'False'
[0.709s] Level 5:colcon.colcon_core.verb:set package 'amr_msgs' build argument 'ament_cmake_args' from command line to 'None'
[0.709s] Level 5:colcon.colcon_core.verb:set package 'amr_msgs' build argument 'catkin_cmake_args' from command line to 'None'
[0.709s] Level 5:colcon.colcon_core.verb:set package 'amr_msgs' build argument 'catkin_skip_building_tests' from command line to 'False'
[0.709s] DEBUG:colcon.colcon_core.verb:Building package 'amr_msgs' with the following arguments: {'ament_cmake_args': None, 'build_base': '/home/npd/Desktop/amr_bot/build/amr_msgs', 'catkin_cmake_args': None, 'catkin_skip_building_tests': False, 'cmake_args': None, 'cmake_clean_cache': False, 'cmake_clean_first': False, 'cmake_force_configure': False, 'cmake_target': None, 'cmake_target_skip_unavailable': False, 'install_base': '/home/npd/Desktop/amr_bot/install/amr_msgs', 'merge_install': False, 'path': '/home/npd/Desktop/amr_bot/src/amr_msgs', 'symlink_install': False, 'test_result_base': None}
[0.709s] Level 5:colcon.colcon_core.verb:set package 'amr_py_examples' build argument 'cmake_args' from command line to 'None'
[0.709s] Level 5:colcon.colcon_core.verb:set package 'amr_py_examples' build argument 'cmake_target' from command line to 'None'
[0.709s] Level 5:colcon.colcon_core.verb:set package 'amr_py_examples' build argument 'cmake_target_skip_unavailable' from command line to 'False'
[0.709s] Level 5:colcon.colcon_core.verb:set package 'amr_py_examples' build argument 'cmake_clean_cache' from command line to 'False'
[0.710s] Level 5:colcon.colcon_core.verb:set package 'amr_py_examples' build argument 'cmake_clean_first' from command line to 'False'
[0.710s] Level 5:colcon.colcon_core.verb:set package 'amr_py_examples' build argument 'cmake_force_configure' from command line to 'False'
[0.710s] Level 5:colcon.colcon_core.verb:set package 'amr_py_examples' build argument 'ament_cmake_args' from command line to 'None'
[0.710s] Level 5:colcon.colcon_core.verb:set package 'amr_py_examples' build argument 'catkin_cmake_args' from command line to 'None'
[0.710s] Level 5:colcon.colcon_core.verb:set package 'amr_py_examples' build argument 'catkin_skip_building_tests' from command line to 'False'
[0.710s] DEBUG:colcon.colcon_core.verb:Building package 'amr_py_examples' with the following arguments: {'ament_cmake_args': None, 'build_base': '/home/npd/Desktop/amr_bot/build/amr_py_examples', 'catkin_cmake_args': None, 'catkin_skip_building_tests': False, 'cmake_args': None, 'cmake_clean_cache': False, 'cmake_clean_first': False, 'cmake_force_configure': False, 'cmake_target': None, 'cmake_target_skip_unavailable': False, 'install_base': '/home/npd/Desktop/amr_bot/install/amr_py_examples', 'merge_install': False, 'path': '/home/npd/Desktop/amr_bot/src/amr_py_examples', 'symlink_install': False, 'test_result_base': None}
[0.710s] INFO:colcon.colcon_core.executor:Executing jobs using 'parallel' executor
[0.712s] DEBUG:colcon.colcon_parallel_executor.executor.parallel:run_until_complete
[0.712s] INFO:colcon.colcon_ros.task.ament_cmake.build:Building ROS package in '/home/npd/Desktop/amr_bot/src/amr_msgs' with build type 'ament_cmake'
[0.712s] INFO:colcon.colcon_cmake.task.cmake.build:Building CMake package in '/home/npd/Desktop/amr_bot/src/amr_msgs'
[0.716s] INFO:colcon.colcon_core.plugin_system:Skipping extension 'colcon_core.shell.bat': Not used on non-Windows systems
[0.717s] INFO:colcon.colcon_core.shell:Skip shell extension 'powershell' for command environment: Not usable outside of PowerShell
[0.717s] DEBUG:colcon.colcon_core.shell:Skip shell extension 'dsv' for command environment
[0.724s] INFO:colcon.colcon_ros.task.ament_cmake.build:Building ROS package in '/home/npd/Desktop/amr_bot/src/amr_controller' with build type 'ament_cmake'
[0.725s] INFO:colcon.colcon_cmake.task.cmake.build:Building CMake package in '/home/npd/Desktop/amr_bot/src/amr_controller'
[0.725s] INFO:colcon.colcon_core.shell:Skip shell extension 'powershell' for command environment: Not usable outside of PowerShell
[0.726s] DEBUG:colcon.colcon_core.shell:Skip shell extension 'dsv' for command environment
[0.733s] INFO:colcon.colcon_ros.task.ament_cmake.build:Building ROS package in '/home/npd/Desktop/amr_bot/src/amr_cpp_examples' with build type 'ament_cmake'
[0.733s] INFO:colcon.colcon_cmake.task.cmake.build:Building CMake package in '/home/npd/Desktop/amr_bot/src/amr_cpp_examples'
[0.734s] INFO:colcon.colcon_core.shell:Skip shell extension 'powershell' for command environment: Not usable outside of PowerShell
[0.734s] DEBUG:colcon.colcon_core.shell:Skip shell extension 'dsv' for command environment
[0.742s] INFO:colcon.colcon_ros.task.ament_cmake.build:Building ROS package in '/home/npd/Desktop/amr_bot/src/amr_description' with build type 'ament_cmake'
[0.743s] INFO:colcon.colcon_cmake.task.cmake.build:Building CMake package in '/home/npd/Desktop/amr_bot/src/amr_description'
[0.744s] INFO:colcon.colcon_core.shell:Skip shell extension 'powershell' for command environment: Not usable outside of PowerShell
[0.744s] DEBUG:colcon.colcon_core.shell:Skip shell extension 'dsv' for command environment
[0.763s] DEBUG:colcon.colcon_core.event_handler.log_command:Invoking command in '/home/npd/Desktop/amr_bot/build/amr_msgs': CMAKE_PREFIX_PATH=${CMAKE_PREFIX_PATH}:/home/npd/Desktop/amr_bot/install/amr_py_examples:/opt/ros/humble /usr/bin/cmake --build /home/npd/Desktop/amr_bot/build/amr_msgs -- -j4 -l4
[0.769s] DEBUG:colcon.colcon_core.event_handler.log_command:Invoking command in '/home/npd/Desktop/amr_bot/build/amr_controller': CMAKE_PREFIX_PATH=${CMAKE_PREFIX_PATH}:/home/npd/Desktop/amr_bot/install/amr_py_examples:/opt/ros/humble /usr/bin/cmake --build /home/npd/Desktop/amr_bot/build/amr_controller -- -j4 -l4
[0.782s] DEBUG:colcon.colcon_core.event_handler.log_command:Invoking command in '/home/npd/Desktop/amr_bot/build/amr_cpp_examples': CMAKE_PREFIX_PATH=${CMAKE_PREFIX_PATH}:/home/npd/Desktop/amr_bot/install/amr_py_examples:/opt/ros/humble /usr/bin/cmake --build /home/npd/Desktop/amr_bot/build/amr_cpp_examples -- -j4 -l4
[0.804s] DEBUG:colcon.colcon_core.event_handler.log_command:Invoking command in '/home/npd/Desktop/amr_bot/build/amr_description': CMAKE_PREFIX_PATH=${CMAKE_PREFIX_PATH}:/home/npd/Desktop/amr_bot/install/amr_py_examples:/opt/ros/humble /usr/bin/cmake --build /home/npd/Desktop/amr_bot/build/amr_description -- -j4 -l4
[0.931s] DEBUG:colcon.colcon_core.event_handler.log_command:Invoked command in '/home/npd/Desktop/amr_bot/build/amr_description' returned '0': CMAKE_PREFIX_PATH=${CMAKE_PREFIX_PATH}:/home/npd/Desktop/amr_bot/install/amr_py_examples:/opt/ros/humble /usr/bin/cmake --build /home/npd/Desktop/amr_bot/build/amr_description -- -j4 -l4
[0.981s] DEBUG:colcon.colcon_core.event_handler.log_command:Invoking command in '/home/npd/Desktop/amr_bot/build/amr_description': CMAKE_PREFIX_PATH=${CMAKE_PREFIX_PATH}:/home/npd/Desktop/amr_bot/install/amr_py_examples:/opt/ros/humble /usr/bin/cmake --install /home/npd/Desktop/amr_bot/build/amr_description
[1.006s] DEBUG:colcon.colcon_core.event_handler.log_command:Invoked command in '/home/npd/Desktop/amr_bot/build/amr_cpp_examples' returned '0': CMAKE_PREFIX_PATH=${CMAKE_PREFIX_PATH}:/home/npd/Desktop/amr_bot/install/amr_py_examples:/opt/ros/humble /usr/bin/cmake --build /home/npd/Desktop/amr_bot/build/amr_cpp_examples -- -j4 -l4
[1.011s] DEBUG:colcon.colcon_core.event_handler.log_command:Invoking command in '/home/npd/Desktop/amr_bot/build/amr_cpp_examples': CMAKE_PREFIX_PATH=${CMAKE_PREFIX_PATH}:/home/npd/Desktop/amr_bot/install/amr_py_examples:/opt/ros/humble /usr/bin/cmake --install /home/npd/Desktop/amr_bot/build/amr_cpp_examples
[1.158s] Level 1:colcon.colcon_core.environment:create_environment_scripts_only(amr_description)
[1.163s] DEBUG:colcon.colcon_core.event_handler.log_command:Invoked command in '/home/npd/Desktop/amr_bot/build/amr_description' returned '0': CMAKE_PREFIX_PATH=${CMAKE_PREFIX_PATH}:/home/npd/Desktop/amr_bot/install/amr_py_examples:/opt/ros/humble /usr/bin/cmake --install /home/npd/Desktop/amr_bot/build/amr_description
[1.172s] Level 1:colcon.colcon_core.environment:checking '/home/npd/Desktop/amr_bot/install/amr_description' for CMake module files
[1.174s] Level 1:colcon.colcon_core.environment:checking '/home/npd/Desktop/amr_bot/install/amr_description' for CMake config files
[1.174s] Level 1:colcon.colcon_core.shell:create_environment_hook('amr_description', 'cmake_prefix_path')
[1.175s] INFO:colcon.colcon_core.shell:Creating environment hook '/home/npd/Desktop/amr_bot/install/amr_description/share/amr_description/hook/cmake_prefix_path.ps1'
[1.178s] INFO:colcon.colcon_core.shell:Creating environment descriptor '/home/npd/Desktop/amr_bot/install/amr_description/share/amr_description/hook/cmake_prefix_path.dsv'
[1.179s] INFO:colcon.colcon_core.shell:Creating environment hook '/home/npd/Desktop/amr_bot/install/amr_description/share/amr_description/hook/cmake_prefix_path.sh'
[1.182s] Level 1:colcon.colcon_core.environment:checking '/home/npd/Desktop/amr_bot/install/amr_description/bin'
[1.182s] Level 1:colcon.colcon_core.environment:checking '/home/npd/Desktop/amr_bot/install/amr_description/lib/pkgconfig/amr_description.pc'
[1.183s] Level 1:colcon.colcon_core.environment:checking '/home/npd/Desktop/amr_bot/install/amr_description/lib/python3.10/site-packages'
[1.183s] Level 1:colcon.colcon_core.environment:checking '/home/npd/Desktop/amr_bot/install/amr_description/bin'
[1.184s] INFO:colcon.colcon_core.shell:Creating package script '/home/npd/Desktop/amr_bot/install/amr_description/share/amr_description/package.ps1'
[1.187s] INFO:colcon.colcon_core.shell:Creating package descriptor '/home/npd/Desktop/amr_bot/install/amr_description/share/amr_description/package.dsv'
[1.189s] INFO:colcon.colcon_core.shell:Creating package script '/home/npd/Desktop/amr_bot/install/amr_description/share/amr_description/package.sh'
[1.191s] INFO:colcon.colcon_core.shell:Creating package script '/home/npd/Desktop/amr_bot/install/amr_description/share/amr_description/package.bash'
[1.193s] INFO:colcon.colcon_core.shell:Creating package script '/home/npd/Desktop/amr_bot/install/amr_description/share/amr_description/package.zsh'
[1.196s] Level 1:colcon.colcon_core.environment:create_file_with_runtime_dependencies(/home/npd/Desktop/amr_bot/install/amr_description/share/colcon-core/packages/amr_description)
[1.198s] Level 1:colcon.colcon_core.environment:create_environment_scripts_only(amr_description)
[1.198s] Level 1:colcon.colcon_core.environment:checking '/home/npd/Desktop/amr_bot/install/amr_description' for CMake module files
[1.200s] Level 1:colcon.colcon_core.environment:checking '/home/npd/Desktop/amr_bot/install/amr_description' for CMake config files
[1.201s] Level 1:colcon.colcon_core.shell:create_environment_hook('amr_description', 'cmake_prefix_path')
[1.201s] INFO:colcon.colcon_core.shell:Creating environment hook '/home/npd/Desktop/amr_bot/install/amr_description/share/amr_description/hook/cmake_prefix_path.ps1'
[1.203s] INFO:colcon.colcon_core.shell:Creating environment descriptor '/home/npd/Desktop/amr_bot/install/amr_description/share/amr_description/hook/cmake_prefix_path.dsv'
[1.204s] INFO:colcon.colcon_core.shell:Creating environment hook '/home/npd/Desktop/amr_bot/install/amr_description/share/amr_description/hook/cmake_prefix_path.sh'
[1.206s] Level 1:colcon.colcon_core.environment:checking '/home/npd/Desktop/amr_bot/install/amr_description/bin'
[1.206s] Level 1:colcon.colcon_core.environment:checking '/home/npd/Desktop/amr_bot/install/amr_description/lib/pkgconfig/amr_description.pc'
[1.207s] Level 1:colcon.colcon_core.environment:checking '/home/npd/Desktop/amr_bot/install/amr_description/lib/python3.10/site-packages'
[1.208s] Level 1:colcon.colcon_core.environment:checking '/home/npd/Desktop/amr_bot/install/amr_description/bin'
[1.209s] INFO:colcon.colcon_core.shell:Creating package script '/home/npd/Desktop/amr_bot/install/amr_description/share/amr_description/package.ps1'
[1.210s] INFO:colcon.colcon_core.shell:Creating package descriptor '/home/npd/Desktop/amr_bot/install/amr_description/share/amr_description/package.dsv'
[1.212s] INFO:colcon.colcon_core.shell:Creating package script '/home/npd/Desktop/amr_bot/install/amr_description/share/amr_description/package.sh'
[1.213s] INFO:colcon.colcon_core.shell:Creating package script '/home/npd/Desktop/amr_bot/install/amr_description/share/amr_description/package.bash'
[1.214s] INFO:colcon.colcon_core.shell:Creating package script '/home/npd/Desktop/amr_bot/install/amr_description/share/amr_description/package.zsh'
[1.216s] Level 1:colcon.colcon_core.environment:create_file_with_runtime_dependencies(/home/npd/Desktop/amr_bot/install/amr_description/share/colcon-core/packages/amr_description)
[1.220s] Level 1:colcon.colcon_core.environment:create_environment_scripts_only(amr_cpp_examples)
[1.220s] Level 1:colcon.colcon_core.environment:checking '/home/npd/Desktop/amr_bot/install/amr_cpp_examples' for CMake module files
[1.222s] Level 1:colcon.colcon_core.environment:checking '/home/npd/Desktop/amr_bot/install/amr_cpp_examples' for CMake config files
[1.223s] DEBUG:colcon.colcon_core.event_handler.log_command:Invoked command in '/home/npd/Desktop/amr_bot/build/amr_cpp_examples' returned '0': CMAKE_PREFIX_PATH=${CMAKE_PREFIX_PATH}:/home/npd/Desktop/amr_bot/install/amr_py_examples:/opt/ros/humble /usr/bin/cmake --install /home/npd/Desktop/amr_bot/build/amr_cpp_examples
[1.224s] Level 1:colcon.colcon_core.shell:create_environment_hook('amr_cpp_examples', 'cmake_prefix_path')
[1.225s] INFO:colcon.colcon_core.shell:Creating environment hook '/home/npd/Desktop/amr_bot/install/amr_cpp_examples/share/amr_cpp_examples/hook/cmake_prefix_path.ps1'
[1.226s] INFO:colcon.colcon_core.shell:Creating environment descriptor '/home/npd/Desktop/amr_bot/install/amr_cpp_examples/share/amr_cpp_examples/hook/cmake_prefix_path.dsv'
[1.229s] INFO:colcon.colcon_core.shell:Creating environment hook '/home/npd/Desktop/amr_bot/install/amr_cpp_examples/share/amr_cpp_examples/hook/cmake_prefix_path.sh'
[1.231s] Level 1:colcon.colcon_core.environment:checking '/home/npd/Desktop/amr_bot/install/amr_cpp_examples/bin'
[1.231s] Level 1:colcon.colcon_core.environment:checking '/home/npd/Desktop/amr_bot/install/amr_cpp_examples/lib/pkgconfig/amr_cpp_examples.pc'
[1.232s] Level 1:colcon.colcon_core.environment:checking '/home/npd/Desktop/amr_bot/install/amr_cpp_examples/lib/python3.10/site-packages'
[1.233s] Level 1:colcon.colcon_core.environment:checking '/home/npd/Desktop/amr_bot/install/amr_cpp_examples/bin'
[1.235s] INFO:colcon.colcon_core.shell:Creating package script '/home/npd/Desktop/amr_bot/install/amr_cpp_examples/share/amr_cpp_examples/package.ps1'
[1.237s] INFO:colcon.colcon_core.shell:Creating package descriptor '/home/npd/Desktop/amr_bot/install/amr_cpp_examples/share/amr_cpp_examples/package.dsv'
[1.238s] INFO:colcon.colcon_core.shell:Creating package script '/home/npd/Desktop/amr_bot/install/amr_cpp_examples/share/amr_cpp_examples/package.sh'
[1.240s] INFO:colcon.colcon_core.shell:Creating package script '/home/npd/Desktop/amr_bot/install/amr_cpp_examples/share/amr_cpp_examples/package.bash'
[1.241s] INFO:colcon.colcon_core.shell:Creating package script '/home/npd/Desktop/amr_bot/install/amr_cpp_examples/share/amr_cpp_examples/package.zsh'
[1.242s] Level 1:colcon.colcon_core.environment:create_file_with_runtime_dependencies(/home/npd/Desktop/amr_bot/install/amr_cpp_examples/share/colcon-core/packages/amr_cpp_examples)
[1.244s] Level 1:colcon.colcon_core.environment:create_environment_scripts_only(amr_cpp_examples)
[1.244s] Level 1:colcon.colcon_core.environment:checking '/home/npd/Desktop/amr_bot/install/amr_cpp_examples' for CMake module files
[1.246s] Level 1:colcon.colcon_core.environment:checking '/home/npd/Desktop/amr_bot/install/amr_cpp_examples' for CMake config files
[1.248s] Level 1:colcon.colcon_core.shell:create_environment_hook('amr_cpp_examples', 'cmake_prefix_path')
[1.248s] INFO:colcon.colcon_core.shell:Creating environment hook '/home/npd/Desktop/amr_bot/install/amr_cpp_examples/share/amr_cpp_examples/hook/cmake_prefix_path.ps1'
[1.250s] INFO:colcon.colcon_core.shell:Creating environment descriptor '/home/npd/Desktop/amr_bot/install/amr_cpp_examples/share/amr_cpp_examples/hook/cmake_prefix_path.dsv'
[1.255s] INFO:colcon.colcon_core.shell:Creating environment hook '/home/npd/Desktop/amr_bot/install/amr_cpp_examples/share/amr_cpp_examples/hook/cmake_prefix_path.sh'
[1.257s] Level 1:colcon.colcon_core.environment:checking '/home/npd/Desktop/amr_bot/install/amr_cpp_examples/bin'
[1.257s] Level 1:colcon.colcon_core.environment:checking '/home/npd/Desktop/amr_bot/install/amr_cpp_examples/lib/pkgconfig/amr_cpp_examples.pc'
[1.258s] Level 1:colcon.colcon_core.environment:checking '/home/npd/Desktop/amr_bot/install/amr_cpp_examples/lib/python3.10/site-packages'
[1.258s] Level 1:colcon.colcon_core.environment:checking '/home/npd/Desktop/amr_bot/install/amr_cpp_examples/bin'
[1.259s] INFO:colcon.colcon_core.shell:Creating package script '/home/npd/Desktop/amr_bot/install/amr_cpp_examples/share/amr_cpp_examples/package.ps1'
[1.261s] INFO:colcon.colcon_core.shell:Creating package descriptor '/home/npd/Desktop/amr_bot/install/amr_cpp_examples/share/amr_cpp_examples/package.dsv'
[1.262s] INFO:colcon.colcon_core.shell:Creating package script '/home/npd/Desktop/amr_bot/install/amr_cpp_examples/share/amr_cpp_examples/package.sh'
[1.264s] INFO:colcon.colcon_core.shell:Creating package script '/home/npd/Desktop/amr_bot/install/amr_cpp_examples/share/amr_cpp_examples/package.bash'
[1.265s] INFO:colcon.colcon_core.shell:Creating package script '/home/npd/Desktop/amr_bot/install/amr_cpp_examples/share/amr_cpp_examples/package.zsh'
[1.266s] Level 1:colcon.colcon_core.environment:create_file_with_runtime_dependencies(/home/npd/Desktop/amr_bot/install/amr_cpp_examples/share/colcon-core/packages/amr_cpp_examples)
[1.944s] DEBUG:colcon.colcon_core.event_handler.log_command:Invoked command in '/home/npd/Desktop/amr_bot/build/amr_msgs' returned '0': CMAKE_PREFIX_PATH=${CMAKE_PREFIX_PATH}:/home/npd/Desktop/amr_bot/install/amr_py_examples:/opt/ros/humble /usr/bin/cmake --build /home/npd/Desktop/amr_bot/build/amr_msgs -- -j4 -l4
[1.946s] DEBUG:colcon.colcon_core.event_handler.log_command:Invoking command in '/home/npd/Desktop/amr_bot/build/amr_msgs': CMAKE_PREFIX_PATH=${CMAKE_PREFIX_PATH}:/home/npd/Desktop/amr_bot/install/amr_py_examples:/opt/ros/humble /usr/bin/cmake --install /home/npd/Desktop/amr_bot/build/amr_msgs
[2.126s] Level 1:colcon.colcon_core.environment:create_environment_scripts_only(amr_msgs)
[2.127s] Level 1:colcon.colcon_core.environment:checking '/home/npd/Desktop/amr_bot/install/amr_msgs' for CMake module files
[2.129s] Level 1:colcon.colcon_core.environment:checking '/home/npd/Desktop/amr_bot/install/amr_msgs' for CMake config files
[2.134s] Level 1:colcon.colcon_core.shell:create_environment_hook('amr_msgs', 'cmake_prefix_path')
[2.135s] INFO:colcon.colcon_core.shell:Creating environment hook '/home/npd/Desktop/amr_bot/install/amr_msgs/share/amr_msgs/hook/cmake_prefix_path.ps1'
[2.138s] DEBUG:colcon.colcon_core.event_handler.log_command:Invoked command in '/home/npd/Desktop/amr_bot/build/amr_msgs' returned '0': CMAKE_PREFIX_PATH=${CMAKE_PREFIX_PATH}:/home/npd/Desktop/amr_bot/install/amr_py_examples:/opt/ros/humble /usr/bin/cmake --install /home/npd/Desktop/amr_bot/build/amr_msgs
[2.138s] INFO:colcon.colcon_core.shell:Creating environment descriptor '/home/npd/Desktop/amr_bot/install/amr_msgs/share/amr_msgs/hook/cmake_prefix_path.dsv'
[2.140s] INFO:colcon.colcon_core.shell:Creating environment hook '/home/npd/Desktop/amr_bot/install/amr_msgs/share/amr_msgs/hook/cmake_prefix_path.sh'
[2.141s] Level 1:colcon.colcon_core.environment:checking '/home/npd/Desktop/amr_bot/install/amr_msgs/lib'
[2.142s] Level 1:colcon.colcon_core.shell:create_environment_hook('amr_msgs', 'ld_library_path_lib')
[2.143s] INFO:colcon.colcon_core.shell:Creating environment hook '/home/npd/Desktop/amr_bot/install/amr_msgs/share/amr_msgs/hook/ld_library_path_lib.ps1'
[2.144s] INFO:colcon.colcon_core.shell:Creating environment descriptor '/home/npd/Desktop/amr_bot/install/amr_msgs/share/amr_msgs/hook/ld_library_path_lib.dsv'
[2.145s] INFO:colcon.colcon_core.shell:Creating environment hook '/home/npd/Desktop/amr_bot/install/amr_msgs/share/amr_msgs/hook/ld_library_path_lib.sh'
[2.146s] Level 1:colcon.colcon_core.environment:checking '/home/npd/Desktop/amr_bot/install/amr_msgs/bin'
[2.147s] Level 1:colcon.colcon_core.environment:checking '/home/npd/Desktop/amr_bot/install/amr_msgs/lib/pkgconfig/amr_msgs.pc'
[2.147s] Level 1:colcon.colcon_core.environment:checking '/home/npd/Desktop/amr_bot/install/amr_msgs/lib/python3.10/site-packages'
[2.148s] Level 1:colcon.colcon_core.environment:checking '/home/npd/Desktop/amr_bot/install/amr_msgs/bin'
[2.149s] INFO:colcon.colcon_core.shell:Creating package script '/home/npd/Desktop/amr_bot/install/amr_msgs/share/amr_msgs/package.ps1'
[2.153s] INFO:colcon.colcon_core.shell:Creating package descriptor '/home/npd/Desktop/amr_bot/install/amr_msgs/share/amr_msgs/package.dsv'
[2.154s] INFO:colcon.colcon_core.shell:Creating package script '/home/npd/Desktop/amr_bot/install/amr_msgs/share/amr_msgs/package.sh'
[2.156s] INFO:colcon.colcon_core.shell:Creating package script '/home/npd/Desktop/amr_bot/install/amr_msgs/share/amr_msgs/package.bash'
[2.157s] INFO:colcon.colcon_core.shell:Creating package script '/home/npd/Desktop/amr_bot/install/amr_msgs/share/amr_msgs/package.zsh'
[2.158s] Level 1:colcon.colcon_core.environment:create_file_with_runtime_dependencies(/home/npd/Desktop/amr_bot/install/amr_msgs/share/colcon-core/packages/amr_msgs)
[2.160s] Level 1:colcon.colcon_core.environment:create_environment_scripts_only(amr_msgs)
[2.161s] Level 1:colcon.colcon_core.environment:checking '/home/npd/Desktop/amr_bot/install/amr_msgs' for CMake module files
[2.162s] Level 1:colcon.colcon_core.environment:checking '/home/npd/Desktop/amr_bot/install/amr_msgs' for CMake config files
[2.164s] Level 1:colcon.colcon_core.shell:create_environment_hook('amr_msgs', 'cmake_prefix_path')
[2.165s] INFO:colcon.colcon_core.shell:Creating environment hook '/home/npd/Desktop/amr_bot/install/amr_msgs/share/amr_msgs/hook/cmake_prefix_path.ps1'
[2.166s] INFO:colcon.colcon_core.shell:Creating environment descriptor '/home/npd/Desktop/amr_bot/install/amr_msgs/share/amr_msgs/hook/cmake_prefix_path.dsv'
[2.167s] INFO:colcon.colcon_core.shell:Creating environment hook '/home/npd/Desktop/amr_bot/install/amr_msgs/share/amr_msgs/hook/cmake_prefix_path.sh'
[2.169s] Level 1:colcon.colcon_core.environment:checking '/home/npd/Desktop/amr_bot/install/amr_msgs/lib'
[2.169s] Level 1:colcon.colcon_core.shell:create_environment_hook('amr_msgs', 'ld_library_path_lib')
[2.170s] INFO:colcon.colcon_core.shell:Creating environment hook '/home/npd/Desktop/amr_bot/install/amr_msgs/share/amr_msgs/hook/ld_library_path_lib.ps1'
[2.171s] INFO:colcon.colcon_core.shell:Creating environment descriptor '/home/npd/Desktop/amr_bot/install/amr_msgs/share/amr_msgs/hook/ld_library_path_lib.dsv'
[2.173s] INFO:colcon.colcon_core.shell:Creating environment hook '/home/npd/Desktop/amr_bot/install/amr_msgs/share/amr_msgs/hook/ld_library_path_lib.sh'
[2.174s] Level 1:colcon.colcon_core.environment:checking '/home/npd/Desktop/amr_bot/install/amr_msgs/bin'
[2.174s] Level 1:colcon.colcon_core.environment:checking '/home/npd/Desktop/amr_bot/install/amr_msgs/lib/pkgconfig/amr_msgs.pc'
[2.175s] Level 1:colcon.colcon_core.environment:checking '/home/npd/Desktop/amr_bot/install/amr_msgs/lib/python3.10/site-packages'
[2.176s] Level 1:colcon.colcon_core.environment:checking '/home/npd/Desktop/amr_bot/install/amr_msgs/bin'
[2.177s] INFO:colcon.colcon_core.shell:Creating package script '/home/npd/Desktop/amr_bot/install/amr_msgs/share/amr_msgs/package.ps1'
[2.178s] INFO:colcon.colcon_core.shell:Creating package descriptor '/home/npd/Desktop/amr_bot/install/amr_msgs/share/amr_msgs/package.dsv'
[2.180s] INFO:colcon.colcon_core.shell:Creating package script '/home/npd/Desktop/amr_bot/install/amr_msgs/share/amr_msgs/package.sh'
[2.181s] INFO:colcon.colcon_core.shell:Creating package script '/home/npd/Desktop/amr_bot/install/amr_msgs/share/amr_msgs/package.bash'
[2.183s] INFO:colcon.colcon_core.shell:Creating package script '/home/npd/Desktop/amr_bot/install/amr_msgs/share/amr_msgs/package.zsh'
[2.184s] Level 1:colcon.colcon_core.environment:create_file_with_runtime_dependencies(/home/npd/Desktop/amr_bot/install/amr_msgs/share/colcon-core/packages/amr_msgs)
[2.187s] INFO:colcon.colcon_ros.task.ament_python.build:Building ROS package in '/home/npd/Desktop/amr_bot/src/amr_py_examples' with build type 'ament_python'
[2.187s] Level 1:colcon.colcon_core.shell:create_environment_hook('amr_py_examples', 'ament_prefix_path')
[2.188s] INFO:colcon.colcon_core.shell:Creating environment hook '/home/npd/Desktop/amr_bot/install/amr_py_examples/share/amr_py_examples/hook/ament_prefix_path.ps1'
[2.189s] INFO:colcon.colcon_core.shell:Creating environment descriptor '/home/npd/Desktop/amr_bot/install/amr_py_examples/share/amr_py_examples/hook/ament_prefix_path.dsv'
[2.190s] INFO:colcon.colcon_core.shell:Creating environment hook '/home/npd/Desktop/amr_bot/install/amr_py_examples/share/amr_py_examples/hook/ament_prefix_path.sh'
[2.192s] INFO:colcon.colcon_core.shell:Skip shell extension 'powershell' for command environment: Not usable outside of PowerShell
[2.192s] DEBUG:colcon.colcon_core.shell:Skip shell extension 'dsv' for command environment
[2.214s] DEBUG:colcon.colcon_core.event_handler.log_command:Invoked command in '/home/npd/Desktop/amr_bot/build/amr_controller' returned '0': CMAKE_PREFIX_PATH=${CMAKE_PREFIX_PATH}:/home/npd/Desktop/amr_bot/install/amr_py_examples:/opt/ros/humble /usr/bin/cmake --build /home/npd/Desktop/amr_bot/build/amr_controller -- -j4 -l4
[2.218s] DEBUG:colcon.colcon_core.event_handler.log_command:Invoking command in '/home/npd/Desktop/amr_bot/build/amr_controller': CMAKE_PREFIX_PATH=${CMAKE_PREFIX_PATH}:/home/npd/Desktop/amr_bot/install/amr_py_examples:/opt/ros/humble /usr/bin/cmake --install /home/npd/Desktop/amr_bot/build/amr_controller
[3.001s] INFO:colcon.colcon_core.task.python.build:Building Python package in '/home/npd/Desktop/amr_bot/src/amr_py_examples'
[3.001s] INFO:colcon.colcon_core.shell:Skip shell extension 'powershell' for command environment: Not usable outside of PowerShell
[3.002s] DEBUG:colcon.colcon_core.shell:Skip shell extension 'dsv' for command environment
[3.020s] Level 1:colcon.colcon_core.environment:create_environment_scripts_only(amr_controller)
[3.020s] Level 1:colcon.colcon_core.environment:checking '/home/npd/Desktop/amr_bot/install/amr_controller' for CMake module files
[3.022s] Level 1:colcon.colcon_core.environment:checking '/home/npd/Desktop/amr_bot/install/amr_controller' for CMake config files
[3.025s] DEBUG:colcon.colcon_core.event_handler.log_command:Invoked command in '/home/npd/Desktop/amr_bot/build/amr_controller' returned '0': CMAKE_PREFIX_PATH=${CMAKE_PREFIX_PATH}:/home/npd/Desktop/amr_bot/install/amr_py_examples:/opt/ros/humble /usr/bin/cmake --install /home/npd/Desktop/amr_bot/build/amr_controller
[3.029s] Level 1:colcon.colcon_core.shell:create_environment_hook('amr_controller', 'cmake_prefix_path')
[3.030s] INFO:colcon.colcon_core.shell:Creating environment hook '/home/npd/Desktop/amr_bot/install/amr_controller/share/amr_controller/hook/cmake_prefix_path.ps1'
[3.032s] INFO:colcon.colcon_core.shell:Creating environment descriptor '/home/npd/Desktop/amr_bot/install/amr_controller/share/amr_controller/hook/cmake_prefix_path.dsv'
[3.033s] INFO:colcon.colcon_core.shell:Creating environment hook '/home/npd/Desktop/amr_bot/install/amr_controller/share/amr_controller/hook/cmake_prefix_path.sh'
[3.035s] Level 1:colcon.colcon_core.environment:checking '/home/npd/Desktop/amr_bot/install/amr_controller/lib'
[3.035s] Level 1:colcon.colcon_core.environment:checking '/home/npd/Desktop/amr_bot/install/amr_controller/bin'
[3.035s] Level 1:colcon.colcon_core.environment:checking '/home/npd/Desktop/amr_bot/install/amr_controller/lib/pkgconfig/amr_controller.pc'
[3.036s] Level 1:colcon.colcon_core.environment:checking '/home/npd/Desktop/amr_bot/install/amr_controller/lib/python3.10/site-packages'
[3.037s] Level 1:colcon.colcon_core.environment:checking '/home/npd/Desktop/amr_bot/install/amr_controller/bin'
[3.038s] INFO:colcon.colcon_core.shell:Creating package script '/home/npd/Desktop/amr_bot/install/amr_controller/share/amr_controller/package.ps1'
[3.040s] INFO:colcon.colcon_core.shell:Creating package descriptor '/home/npd/Desktop/amr_bot/install/amr_controller/share/amr_controller/package.dsv'
[3.042s] INFO:colcon.colcon_core.shell:Creating package script '/home/npd/Desktop/amr_bot/install/amr_controller/share/amr_controller/package.sh'
[3.043s] INFO:colcon.colcon_core.shell:Creating package script '/home/npd/Desktop/amr_bot/install/amr_controller/share/amr_controller/package.bash'
[3.044s] INFO:colcon.colcon_core.shell:Creating package script '/home/npd/Desktop/amr_bot/install/amr_controller/share/amr_controller/package.zsh'
[3.045s] Level 1:colcon.colcon_core.environment:create_file_with_runtime_dependencies(/home/npd/Desktop/amr_bot/install/amr_controller/share/colcon-core/packages/amr_controller)
[3.047s] Level 1:colcon.colcon_core.environment:create_environment_scripts_only(amr_controller)
[3.048s] Level 1:colcon.colcon_core.environment:checking '/home/npd/Desktop/amr_bot/install/amr_controller' for CMake module files
[3.049s] Level 1:colcon.colcon_core.environment:checking '/home/npd/Desktop/amr_bot/install/amr_controller' for CMake config files
[3.051s] Level 1:colcon.colcon_core.shell:create_environment_hook('amr_controller', 'cmake_prefix_path')
[3.052s] INFO:colcon.colcon_core.shell:Creating environment hook '/home/npd/Desktop/amr_bot/install/amr_controller/share/amr_controller/hook/cmake_prefix_path.ps1'
[3.053s] INFO:colcon.colcon_core.shell:Creating environment descriptor '/home/npd/Desktop/amr_bot/install/amr_controller/share/amr_controller/hook/cmake_prefix_path.dsv'
[3.054s] INFO:colcon.colcon_core.shell:Creating environment hook '/home/npd/Desktop/amr_bot/install/amr_controller/share/amr_controller/hook/cmake_prefix_path.sh'
[3.056s] Level 1:colcon.colcon_core.environment:checking '/home/npd/Desktop/amr_bot/install/amr_controller/lib'
[3.056s] Level 1:colcon.colcon_core.environment:checking '/home/npd/Desktop/amr_bot/install/amr_controller/bin'
[3.056s] Level 1:colcon.colcon_core.environment:checking '/home/npd/Desktop/amr_bot/install/amr_controller/lib/pkgconfig/amr_controller.pc'
[3.057s] Level 1:colcon.colcon_core.environment:checking '/home/npd/Desktop/amr_bot/install/amr_controller/lib/python3.10/site-packages'
[3.058s] Level 1:colcon.colcon_core.environment:checking '/home/npd/Desktop/amr_bot/install/amr_controller/bin'
[3.058s] INFO:colcon.colcon_core.shell:Creating package script '/home/npd/Desktop/amr_bot/install/amr_controller/share/amr_controller/package.ps1'
[3.062s] INFO:colcon.colcon_core.shell:Creating package descriptor '/home/npd/Desktop/amr_bot/install/amr_controller/share/amr_controller/package.dsv'
[3.064s] INFO:colcon.colcon_core.shell:Creating package script '/home/npd/Desktop/amr_bot/install/amr_controller/share/amr_controller/package.sh'
[3.065s] INFO:colcon.colcon_core.shell:Creating package script '/home/npd/Desktop/amr_bot/install/amr_controller/share/amr_controller/package.bash'
[3.066s] INFO:colcon.colcon_core.shell:Creating package script '/home/npd/Desktop/amr_bot/install/amr_controller/share/amr_controller/package.zsh'
[3.068s] Level 1:colcon.colcon_core.environment:create_file_with_runtime_dependencies(/home/npd/Desktop/amr_bot/install/amr_controller/share/colcon-core/packages/amr_controller)
[4.207s] DEBUG:colcon.colcon_core.event_handler.log_command:Invoking command in '/home/npd/Desktop/amr_bot/src/amr_py_examples': LD_LIBRARY_PATH=/home/npd/Desktop/amr_bot/install/amr_msgs/lib:/usr/lib/x86_64-linux-gnu/gazebo-11/plugins:/opt/ros/humble/opt/rviz_ogre_vendor/lib:/opt/ros/humble/lib/x86_64-linux-gnu:/opt/ros/humble/lib:/usr/share/gazebo/../../lib/x86_64-linux-gnu/gazebo-11/plugins:/opt/ros/humble/lib PYTHONPATH=/home/npd/Desktop/amr_bot/build/amr_py_examples/prefix_override:/usr/lib/python3/dist-packages/colcon_core/task/python/colcon_distutils_commands:/home/npd/Desktop/amr_bot/install/amr_py_examples/lib/python3.10/site-packages:${PYTHONPATH} /usr/bin/python3 -W ignore:setup.py install is deprecated -W ignore:easy_install command is deprecated setup.py egg_info --egg-base ../../build/amr_py_examples build --build-base /home/npd/Desktop/amr_bot/build/amr_py_examples/build install --record /home/npd/Desktop/amr_bot/build/amr_py_examples/install.log --single-version-externally-managed install_data
[5.138s] Level 1:colcon.colcon_core.environment:checking '/home/npd/Desktop/amr_bot/install/amr_py_examples' for CMake module files
[5.140s] DEBUG:colcon.colcon_core.event_handler.log_command:Invoked command in '/home/npd/Desktop/amr_bot/src/amr_py_examples' returned '0': LD_LIBRARY_PATH=/home/npd/Desktop/amr_bot/install/amr_msgs/lib:/usr/lib/x86_64-linux-gnu/gazebo-11/plugins:/opt/ros/humble/opt/rviz_ogre_vendor/lib:/opt/ros/humble/lib/x86_64-linux-gnu:/opt/ros/humble/lib:/usr/share/gazebo/../../lib/x86_64-linux-gnu/gazebo-11/plugins:/opt/ros/humble/lib PYTHONPATH=/home/npd/Desktop/amr_bot/build/amr_py_examples/prefix_override:/usr/lib/python3/dist-packages/colcon_core/task/python/colcon_distutils_commands:/home/npd/Desktop/amr_bot/install/amr_py_examples/lib/python3.10/site-packages:${PYTHONPATH} /usr/bin/python3 -W ignore:setup.py install is deprecated -W ignore:easy_install command is deprecated setup.py egg_info --egg-base ../../build/amr_py_examples build --build-base /home/npd/Desktop/amr_bot/build/amr_py_examples/build install --record /home/npd/Desktop/amr_bot/build/amr_py_examples/install.log --single-version-externally-managed install_data
[5.140s] Level 1:colcon.colcon_core.environment:checking '/home/npd/Desktop/amr_bot/install/amr_py_examples' for CMake config files
[5.141s] Level 1:colcon.colcon_core.environment:checking '/home/npd/Desktop/amr_bot/install/amr_py_examples/lib'
[5.142s] Level 1:colcon.colcon_core.environment:checking '/home/npd/Desktop/amr_bot/install/amr_py_examples/bin'
[5.142s] Level 1:colcon.colcon_core.environment:checking '/home/npd/Desktop/amr_bot/install/amr_py_examples/lib/pkgconfig/amr_py_examples.pc'
[5.142s] Level 1:colcon.colcon_core.environment:checking '/home/npd/Desktop/amr_bot/install/amr_py_examples/lib/python3.10/site-packages'
[5.143s] Level 1:colcon.colcon_core.shell:create_environment_hook('amr_py_examples', 'pythonpath')
[5.143s] INFO:colcon.colcon_core.shell:Creating environment hook '/home/npd/Desktop/amr_bot/install/amr_py_examples/share/amr_py_examples/hook/pythonpath.ps1'
[5.144s] INFO:colcon.colcon_core.shell:Creating environment descriptor '/home/npd/Desktop/amr_bot/install/amr_py_examples/share/amr_py_examples/hook/pythonpath.dsv'
[5.145s] INFO:colcon.colcon_core.shell:Creating environment hook '/home/npd/Desktop/amr_bot/install/amr_py_examples/share/amr_py_examples/hook/pythonpath.sh'
[5.146s] Level 1:colcon.colcon_core.environment:checking '/home/npd/Desktop/amr_bot/install/amr_py_examples/bin'
[5.146s] Level 1:colcon.colcon_core.environment:create_environment_scripts_only(amr_py_examples)
[5.147s] INFO:colcon.colcon_core.shell:Creating package script '/home/npd/Desktop/amr_bot/install/amr_py_examples/share/amr_py_examples/package.ps1'
[5.148s] INFO:colcon.colcon_core.shell:Creating package descriptor '/home/npd/Desktop/amr_bot/install/amr_py_examples/share/amr_py_examples/package.dsv'
[5.149s] INFO:colcon.colcon_core.shell:Creating package script '/home/npd/Desktop/amr_bot/install/amr_py_examples/share/amr_py_examples/package.sh'
[5.150s] INFO:colcon.colcon_core.shell:Creating package script '/home/npd/Desktop/amr_bot/install/amr_py_examples/share/amr_py_examples/package.bash'
[5.151s] INFO:colcon.colcon_core.shell:Creating package script '/home/npd/Desktop/amr_bot/install/amr_py_examples/share/amr_py_examples/package.zsh'
[5.152s] Level 1:colcon.colcon_core.environment:create_file_with_runtime_dependencies(/home/npd/Desktop/amr_bot/install/amr_py_examples/share/colcon-core/packages/amr_py_examples)
[5.152s] DEBUG:colcon.colcon_parallel_executor.executor.parallel:closing loop
[5.153s] DEBUG:colcon.colcon_parallel_executor.executor.parallel:loop closed
[5.153s] DEBUG:colcon.colcon_parallel_executor.executor.parallel:run_until_complete finished with '0'
[5.154s] DEBUG:colcon.colcon_core.event_reactor:joining thread
[5.163s] INFO:colcon.colcon_core.plugin_system:Skipping extension 'colcon_notification.desktop_notification.terminal_notifier': Not used on non-Darwin systems
[5.164s] INFO:colcon.colcon_core.plugin_system:Skipping extension 'colcon_notification.desktop_notification.win32': Not used on non-Windows systems
[5.164s] INFO:colcon.colcon_notification.desktop_notification:Sending desktop notification using 'notify2'
[5.184s] DEBUG:colcon.colcon_core.event_reactor:joined thread
[5.184s] INFO:colcon.colcon_core.shell:Creating prefix script '/home/npd/Desktop/amr_bot/install/local_setup.ps1'
[5.187s] INFO:colcon.colcon_core.shell:Creating prefix util module '/home/npd/Desktop/amr_bot/install/_local_setup_util_ps1.py'
[5.192s] INFO:colcon.colcon_core.shell:Creating prefix chain script '/home/npd/Desktop/amr_bot/install/setup.ps1'
[5.195s] INFO:colcon.colcon_core.shell:Creating prefix script '/home/npd/Desktop/amr_bot/install/local_setup.sh'
[5.196s] INFO:colcon.colcon_core.shell:Creating prefix util module '/home/npd/Desktop/amr_bot/install/_local_setup_util_sh.py'
[5.197s] INFO:colcon.colcon_core.shell:Creating prefix chain script '/home/npd/Desktop/amr_bot/install/setup.sh'
[5.199s] INFO:colcon.colcon_core.shell:Creating prefix script '/home/npd/Desktop/amr_bot/install/local_setup.bash'
[5.200s] INFO:colcon.colcon_core.shell:Creating prefix chain script '/home/npd/Desktop/amr_bot/install/setup.bash'
[5.204s] INFO:colcon.colcon_core.shell:Creating prefix script '/home/npd/Desktop/amr_bot/install/local_setup.zsh'
[5.205s] INFO:colcon.colcon_core.shell:Creating prefix chain script '/home/npd/Desktop/amr_bot/install/setup.zsh'
