[0.239s] DEBUG:colcon:Command line arguments: ['/usr/bin/colcon', 'build']
[0.239s] DEBUG:colcon:Parsed command line arguments: Namespace(log_base=None, log_level=None, verb_name='build', build_base='build', install_base='install', merge_install=False, symlink_install=False, test_result_base=None, continue_on_error=False, executor='parallel', parallel_workers=4, event_handlers=None, ignore_user_meta=False, metas=['./colcon.meta'], base_paths=['.'], packages_ignore=None, packages_ignore_regex=None, paths=None, packages_up_to=None, packages_up_to_regex=None, packages_above=None, packages_above_and_dependencies=None, packages_above_depth=None, packages_select_by_dep=None, packages_skip_by_dep=None, packages_skip_up_to=None, packages_select_build_failed=False, packages_skip_build_finished=False, packages_select_test_failures=False, packages_skip_test_passed=False, packages_select=None, packages_skip=None, packages_select_regex=None, packages_skip_regex=None, packages_start=None, packages_end=None, allow_overriding=[], cmake_args=None, cmake_target=None, cmake_target_skip_unavailable=False, cmake_clean_cache=False, cmake_clean_first=False, cmake_force_configure=False, ament_cmake_args=None, catkin_cmake_args=None, catkin_skip_building_tests=False, verb_parser=<colcon_defaults.argument_parser.defaults.DefaultArgumentsDecorator object at 0x74b764855e40>, verb_extension=<colcon_core.verb.build.BuildVerb object at 0x74b764855930>, main=<bound method BuildVerb.main of <colcon_core.verb.build.BuildVerb object at 0x74b764855930>>)
[0.615s] Level 1:colcon.colcon_core.package_discovery:discover_packages(colcon_meta) check parameters
[0.616s] Level 1:colcon.colcon_core.package_discovery:discover_packages(recursive) check parameters
[0.616s] Level 1:colcon.colcon_core.package_discovery:discover_packages(ignore) check parameters
[0.616s] Level 1:colcon.colcon_core.package_discovery:discover_packages(path) check parameters
[0.616s] Level 1:colcon.colcon_core.package_discovery:discover_packages(colcon_meta) discover
[0.616s] Level 1:colcon.colcon_core.package_discovery:discover_packages(recursive) discover
[0.616s] INFO:colcon.colcon_core.package_discovery:Crawling recursively for packages in '/home/npd/Desktop/amr_bot'
[0.616s] Level 1:colcon.colcon_core.package_identification:_identify(.) by extensions ['ignore', 'ignore_ament_install']
[0.616s] Level 1:colcon.colcon_core.package_identification:_identify(.) by extension 'ignore'
[0.617s] Level 1:colcon.colcon_core.package_identification:_identify(.) by extension 'ignore_ament_install'
[0.617s] Level 1:colcon.colcon_core.package_identification:_identify(.) by extensions ['colcon_pkg']
[0.617s] Level 1:colcon.colcon_core.package_identification:_identify(.) by extension 'colcon_pkg'
[0.617s] Level 1:colcon.colcon_core.package_identification:_identify(.) by extensions ['colcon_meta']
[0.617s] Level 1:colcon.colcon_core.package_identification:_identify(.) by extension 'colcon_meta'
[0.617s] Level 1:colcon.colcon_core.package_identification:_identify(.) by extensions ['ros']
[0.617s] Level 1:colcon.colcon_core.package_identification:_identify(.) by extension 'ros'
[0.638s] Level 1:colcon.colcon_core.package_identification:_identify(.) by extensions ['cmake', 'python']
[0.638s] Level 1:colcon.colcon_core.package_identification:_identify(.) by extension 'cmake'
[0.638s] Level 1:colcon.colcon_core.package_identification:_identify(.) by extension 'python'
[0.638s] Level 1:colcon.colcon_core.package_identification:_identify(.) by extensions ['python_setup_py']
[0.639s] Level 1:colcon.colcon_core.package_identification:_identify(.) by extension 'python_setup_py'
[0.639s] Level 1:colcon.colcon_core.package_identification:_identify(build) by extensions ['ignore', 'ignore_ament_install']
[0.639s] Level 1:colcon.colcon_core.package_identification:_identify(build) by extension 'ignore'
[0.639s] Level 1:colcon.colcon_core.package_identification:_identify(build) ignored
[0.640s] Level 1:colcon.colcon_core.package_identification:_identify(install) by extensions ['ignore', 'ignore_ament_install']
[0.640s] Level 1:colcon.colcon_core.package_identification:_identify(install) by extension 'ignore'
[0.640s] Level 1:colcon.colcon_core.package_identification:_identify(install) ignored
[0.640s] Level 1:colcon.colcon_core.package_identification:_identify(log) by extensions ['ignore', 'ignore_ament_install']
[0.640s] Level 1:colcon.colcon_core.package_identification:_identify(log) by extension 'ignore'
[0.641s] Level 1:colcon.colcon_core.package_identification:_identify(log) ignored
[0.641s] Level 1:colcon.colcon_core.package_identification:_identify(src) by extensions ['ignore', 'ignore_ament_install']
[0.641s] Level 1:colcon.colcon_core.package_identification:_identify(src) by extension 'ignore'
[0.641s] Level 1:colcon.colcon_core.package_identification:_identify(src) by extension 'ignore_ament_install'
[0.641s] Level 1:colcon.colcon_core.package_identification:_identify(src) by extensions ['colcon_pkg']
[0.642s] Level 1:colcon.colcon_core.package_identification:_identify(src) by extension 'colcon_pkg'
[0.642s] Level 1:colcon.colcon_core.package_identification:_identify(src) by extensions ['colcon_meta']
[0.642s] Level 1:colcon.colcon_core.package_identification:_identify(src) by extension 'colcon_meta'
[0.642s] Level 1:colcon.colcon_core.package_identification:_identify(src) by extensions ['ros']
[0.642s] Level 1:colcon.colcon_core.package_identification:_identify(src) by extension 'ros'
[0.642s] Level 1:colcon.colcon_core.package_identification:_identify(src) by extensions ['cmake', 'python']
[0.642s] Level 1:colcon.colcon_core.package_identification:_identify(src) by extension 'cmake'
[0.642s] Level 1:colcon.colcon_core.package_identification:_identify(src) by extension 'python'
[0.642s] Level 1:colcon.colcon_core.package_identification:_identify(src) by extensions ['python_setup_py']
[0.643s] Level 1:colcon.colcon_core.package_identification:_identify(src) by extension 'python_setup_py'
[0.643s] Level 1:colcon.colcon_core.package_identification:_identify(src/amr_controller) by extensions ['ignore', 'ignore_ament_install']
[0.643s] Level 1:colcon.colcon_core.package_identification:_identify(src/amr_controller) by extension 'ignore'
[0.643s] Level 1:colcon.colcon_core.package_identification:_identify(src/amr_controller) by extension 'ignore_ament_install'
[0.643s] Level 1:colcon.colcon_core.package_identification:_identify(src/amr_controller) by extensions ['colcon_pkg']
[0.643s] Level 1:colcon.colcon_core.package_identification:_identify(src/amr_controller) by extension 'colcon_pkg'
[0.644s] Level 1:colcon.colcon_core.package_identification:_identify(src/amr_controller) by extensions ['colcon_meta']
[0.644s] Level 1:colcon.colcon_core.package_identification:_identify(src/amr_controller) by extension 'colcon_meta'
[0.644s] Level 1:colcon.colcon_core.package_identification:_identify(src/amr_controller) by extensions ['ros']
[0.644s] Level 1:colcon.colcon_core.package_identification:_identify(src/amr_controller) by extension 'ros'
[0.650s] DEBUG:colcon.colcon_core.package_identification:Package 'src/amr_controller' with type 'ros.ament_cmake' and name 'amr_controller'
[0.650s] Level 1:colcon.colcon_core.package_identification:_identify(src/amr_cpp_examples) by extensions ['ignore', 'ignore_ament_install']
[0.650s] Level 1:colcon.colcon_core.package_identification:_identify(src/amr_cpp_examples) by extension 'ignore'
[0.651s] Level 1:colcon.colcon_core.package_identification:_identify(src/amr_cpp_examples) by extension 'ignore_ament_install'
[0.651s] Level 1:colcon.colcon_core.package_identification:_identify(src/amr_cpp_examples) by extensions ['colcon_pkg']
[0.651s] Level 1:colcon.colcon_core.package_identification:_identify(src/amr_cpp_examples) by extension 'colcon_pkg'
[0.651s] Level 1:colcon.colcon_core.package_identification:_identify(src/amr_cpp_examples) by extensions ['colcon_meta']
[0.651s] Level 1:colcon.colcon_core.package_identification:_identify(src/amr_cpp_examples) by extension 'colcon_meta'
[0.651s] Level 1:colcon.colcon_core.package_identification:_identify(src/amr_cpp_examples) by extensions ['ros']
[0.651s] Level 1:colcon.colcon_core.package_identification:_identify(src/amr_cpp_examples) by extension 'ros'
[0.652s] DEBUG:colcon.colcon_core.package_identification:Package 'src/amr_cpp_examples' with type 'ros.ament_cmake' and name 'amr_cpp_examples'
[0.652s] Level 1:colcon.colcon_core.package_identification:_identify(src/amr_description) by extensions ['ignore', 'ignore_ament_install']
[0.653s] Level 1:colcon.colcon_core.package_identification:_identify(src/amr_description) by extension 'ignore'
[0.653s] Level 1:colcon.colcon_core.package_identification:_identify(src/amr_description) by extension 'ignore_ament_install'
[0.653s] Level 1:colcon.colcon_core.package_identification:_identify(src/amr_description) by extensions ['colcon_pkg']
[0.653s] Level 1:colcon.colcon_core.package_identification:_identify(src/amr_description) by extension 'colcon_pkg'
[0.653s] Level 1:colcon.colcon_core.package_identification:_identify(src/amr_description) by extensions ['colcon_meta']
[0.653s] Level 1:colcon.colcon_core.package_identification:_identify(src/amr_description) by extension 'colcon_meta'
[0.653s] Level 1:colcon.colcon_core.package_identification:_identify(src/amr_description) by extensions ['ros']
[0.653s] Level 1:colcon.colcon_core.package_identification:_identify(src/amr_description) by extension 'ros'
[0.659s] DEBUG:colcon.colcon_core.package_identification:Package 'src/amr_description' with type 'ros.ament_cmake' and name 'amr_description'
[0.659s] Level 1:colcon.colcon_core.package_identification:_identify(src/amr_localization) by extensions ['ignore', 'ignore_ament_install']
[0.659s] Level 1:colcon.colcon_core.package_identification:_identify(src/amr_localization) by extension 'ignore'
[0.660s] Level 1:colcon.colcon_core.package_identification:_identify(src/amr_localization) by extension 'ignore_ament_install'
[0.660s] Level 1:colcon.colcon_core.package_identification:_identify(src/amr_localization) by extensions ['colcon_pkg']
[0.660s] Level 1:colcon.colcon_core.package_identification:_identify(src/amr_localization) by extension 'colcon_pkg'
[0.660s] Level 1:colcon.colcon_core.package_identification:_identify(src/amr_localization) by extensions ['colcon_meta']
[0.660s] Level 1:colcon.colcon_core.package_identification:_identify(src/amr_localization) by extension 'colcon_meta'
[0.660s] Level 1:colcon.colcon_core.package_identification:_identify(src/amr_localization) by extensions ['ros']
[0.660s] Level 1:colcon.colcon_core.package_identification:_identify(src/amr_localization) by extension 'ros'
[0.662s] DEBUG:colcon.colcon_core.package_identification:Package 'src/amr_localization' with type 'ros.ament_cmake' and name 'amr_localization'
[0.662s] Level 1:colcon.colcon_core.package_identification:_identify(src/amr_msgs) by extensions ['ignore', 'ignore_ament_install']
[0.663s] Level 1:colcon.colcon_core.package_identification:_identify(src/amr_msgs) by extension 'ignore'
[0.663s] Level 1:colcon.colcon_core.package_identification:_identify(src/amr_msgs) by extension 'ignore_ament_install'
[0.663s] Level 1:colcon.colcon_core.package_identification:_identify(src/amr_msgs) by extensions ['colcon_pkg']
[0.663s] Level 1:colcon.colcon_core.package_identification:_identify(src/amr_msgs) by extension 'colcon_pkg'
[0.663s] Level 1:colcon.colcon_core.package_identification:_identify(src/amr_msgs) by extensions ['colcon_meta']
[0.663s] Level 1:colcon.colcon_core.package_identification:_identify(src/amr_msgs) by extension 'colcon_meta'
[0.663s] Level 1:colcon.colcon_core.package_identification:_identify(src/amr_msgs) by extensions ['ros']
[0.663s] Level 1:colcon.colcon_core.package_identification:_identify(src/amr_msgs) by extension 'ros'
[0.664s] DEBUG:colcon.colcon_core.package_identification:Package 'src/amr_msgs' with type 'ros.ament_cmake' and name 'amr_msgs'
[0.664s] Level 1:colcon.colcon_core.package_identification:_identify(src/amr_py_examples) by extensions ['ignore', 'ignore_ament_install']
[0.679s] Level 1:colcon.colcon_core.package_identification:_identify(src/amr_py_examples) by extension 'ignore'
[0.679s] Level 1:colcon.colcon_core.package_identification:_identify(src/amr_py_examples) by extension 'ignore_ament_install'
[0.679s] Level 1:colcon.colcon_core.package_identification:_identify(src/amr_py_examples) by extensions ['colcon_pkg']
[0.679s] Level 1:colcon.colcon_core.package_identification:_identify(src/amr_py_examples) by extension 'colcon_pkg'
[0.679s] Level 1:colcon.colcon_core.package_identification:_identify(src/amr_py_examples) by extensions ['colcon_meta']
[0.679s] Level 1:colcon.colcon_core.package_identification:_identify(src/amr_py_examples) by extension 'colcon_meta'
[0.679s] Level 1:colcon.colcon_core.package_identification:_identify(src/amr_py_examples) by extensions ['ros']
[0.679s] Level 1:colcon.colcon_core.package_identification:_identify(src/amr_py_examples) by extension 'ros'
[0.680s] DEBUG:colcon.colcon_core.package_identification:Package 'src/amr_py_examples' with type 'ros.ament_python' and name 'amr_py_examples'
[0.681s] Level 1:colcon.colcon_core.package_identification:_identify(src/ydlidar_ros2_driver) by extensions ['ignore', 'ignore_ament_install']
[0.681s] Level 1:colcon.colcon_core.package_identification:_identify(src/ydlidar_ros2_driver) by extension 'ignore'
[0.681s] Level 1:colcon.colcon_core.package_identification:_identify(src/ydlidar_ros2_driver) by extension 'ignore_ament_install'
[0.681s] Level 1:colcon.colcon_core.package_identification:_identify(src/ydlidar_ros2_driver) by extensions ['colcon_pkg']
[0.681s] Level 1:colcon.colcon_core.package_identification:_identify(src/ydlidar_ros2_driver) by extension 'colcon_pkg'
[0.682s] Level 1:colcon.colcon_core.package_identification:_identify(src/ydlidar_ros2_driver) by extensions ['colcon_meta']
[0.682s] Level 1:colcon.colcon_core.package_identification:_identify(src/ydlidar_ros2_driver) by extension 'colcon_meta'
[0.682s] Level 1:colcon.colcon_core.package_identification:_identify(src/ydlidar_ros2_driver) by extensions ['ros']
[0.682s] Level 1:colcon.colcon_core.package_identification:_identify(src/ydlidar_ros2_driver) by extension 'ros'
[0.683s] DEBUG:colcon.colcon_core.package_identification:Package 'src/ydlidar_ros2_driver' with type 'ros.ament_cmake' and name 'ydlidar_ros2_driver'
[0.683s] Level 1:colcon.colcon_core.package_discovery:discover_packages(recursive) using defaults
[0.683s] Level 1:colcon.colcon_core.package_discovery:discover_packages(ignore) discover
[0.683s] Level 1:colcon.colcon_core.package_discovery:discover_packages(ignore) using defaults
[0.683s] Level 1:colcon.colcon_core.package_discovery:discover_packages(path) discover
[0.683s] Level 1:colcon.colcon_core.package_discovery:discover_packages(path) using defaults
[0.727s] Level 1:colcon.colcon_core.package_discovery:discover_packages(prefix_path) check parameters
[0.727s] Level 1:colcon.colcon_core.package_discovery:discover_packages(prefix_path) discover
[0.733s] DEBUG:colcon.colcon_installed_package_information.package_discovery:Found 7 installed packages in /home/npd/Desktop/amr_bot/install
[0.737s] DEBUG:colcon.colcon_installed_package_information.package_discovery:Found 437 installed packages in /opt/ros/humble
[0.742s] Level 1:colcon.colcon_core.package_discovery:discover_packages(prefix_path) using defaults
[0.852s] Level 5:colcon.colcon_core.verb:set package 'amr_controller' build argument 'cmake_args' from command line to 'None'
[0.853s] Level 5:colcon.colcon_core.verb:set package 'amr_controller' build argument 'cmake_target' from command line to 'None'
[0.853s] Level 5:colcon.colcon_core.verb:set package 'amr_controller' build argument 'cmake_target_skip_unavailable' from command line to 'False'
[0.853s] Level 5:colcon.colcon_core.verb:set package 'amr_controller' build argument 'cmake_clean_cache' from command line to 'False'
[0.853s] Level 5:colcon.colcon_core.verb:set package 'amr_controller' build argument 'cmake_clean_first' from command line to 'False'
[0.853s] Level 5:colcon.colcon_core.verb:set package 'amr_controller' build argument 'cmake_force_configure' from command line to 'False'
[0.853s] Level 5:colcon.colcon_core.verb:set package 'amr_controller' build argument 'ament_cmake_args' from command line to 'None'
[0.853s] Level 5:colcon.colcon_core.verb:set package 'amr_controller' build argument 'catkin_cmake_args' from command line to 'None'
[0.853s] Level 5:colcon.colcon_core.verb:set package 'amr_controller' build argument 'catkin_skip_building_tests' from command line to 'False'
[0.853s] DEBUG:colcon.colcon_core.verb:Building package 'amr_controller' with the following arguments: {'ament_cmake_args': None, 'build_base': '/home/npd/Desktop/amr_bot/build/amr_controller', 'catkin_cmake_args': None, 'catkin_skip_building_tests': False, 'cmake_args': None, 'cmake_clean_cache': False, 'cmake_clean_first': False, 'cmake_force_configure': False, 'cmake_target': None, 'cmake_target_skip_unavailable': False, 'install_base': '/home/npd/Desktop/amr_bot/install/amr_controller', 'merge_install': False, 'path': '/home/npd/Desktop/amr_bot/src/amr_controller', 'symlink_install': False, 'test_result_base': None}
[0.854s] Level 5:colcon.colcon_core.verb:set package 'amr_cpp_examples' build argument 'cmake_args' from command line to 'None'
[0.854s] Level 5:colcon.colcon_core.verb:set package 'amr_cpp_examples' build argument 'cmake_target' from command line to 'None'
[0.854s] Level 5:colcon.colcon_core.verb:set package 'amr_cpp_examples' build argument 'cmake_target_skip_unavailable' from command line to 'False'
[0.854s] Level 5:colcon.colcon_core.verb:set package 'amr_cpp_examples' build argument 'cmake_clean_cache' from command line to 'False'
[0.854s] Level 5:colcon.colcon_core.verb:set package 'amr_cpp_examples' build argument 'cmake_clean_first' from command line to 'False'
[0.854s] Level 5:colcon.colcon_core.verb:set package 'amr_cpp_examples' build argument 'cmake_force_configure' from command line to 'False'
[0.854s] Level 5:colcon.colcon_core.verb:set package 'amr_cpp_examples' build argument 'ament_cmake_args' from command line to 'None'
[0.854s] Level 5:colcon.colcon_core.verb:set package 'amr_cpp_examples' build argument 'catkin_cmake_args' from command line to 'None'
[0.854s] Level 5:colcon.colcon_core.verb:set package 'amr_cpp_examples' build argument 'catkin_skip_building_tests' from command line to 'False'
[0.854s] DEBUG:colcon.colcon_core.verb:Building package 'amr_cpp_examples' with the following arguments: {'ament_cmake_args': None, 'build_base': '/home/npd/Desktop/amr_bot/build/amr_cpp_examples', 'catkin_cmake_args': None, 'catkin_skip_building_tests': False, 'cmake_args': None, 'cmake_clean_cache': False, 'cmake_clean_first': False, 'cmake_force_configure': False, 'cmake_target': None, 'cmake_target_skip_unavailable': False, 'install_base': '/home/npd/Desktop/amr_bot/install/amr_cpp_examples', 'merge_install': False, 'path': '/home/npd/Desktop/amr_bot/src/amr_cpp_examples', 'symlink_install': False, 'test_result_base': None}
[0.855s] Level 5:colcon.colcon_core.verb:set package 'amr_description' build argument 'cmake_args' from command line to 'None'
[0.855s] Level 5:colcon.colcon_core.verb:set package 'amr_description' build argument 'cmake_target' from command line to 'None'
[0.855s] Level 5:colcon.colcon_core.verb:set package 'amr_description' build argument 'cmake_target_skip_unavailable' from command line to 'False'
[0.855s] Level 5:colcon.colcon_core.verb:set package 'amr_description' build argument 'cmake_clean_cache' from command line to 'False'
[0.855s] Level 5:colcon.colcon_core.verb:set package 'amr_description' build argument 'cmake_clean_first' from command line to 'False'
[0.855s] Level 5:colcon.colcon_core.verb:set package 'amr_description' build argument 'cmake_force_configure' from command line to 'False'
[0.855s] Level 5:colcon.colcon_core.verb:set package 'amr_description' build argument 'ament_cmake_args' from command line to 'None'
[0.855s] Level 5:colcon.colcon_core.verb:set package 'amr_description' build argument 'catkin_cmake_args' from command line to 'None'
[0.855s] Level 5:colcon.colcon_core.verb:set package 'amr_description' build argument 'catkin_skip_building_tests' from command line to 'False'
[0.855s] DEBUG:colcon.colcon_core.verb:Building package 'amr_description' with the following arguments: {'ament_cmake_args': None, 'build_base': '/home/npd/Desktop/amr_bot/build/amr_description', 'catkin_cmake_args': None, 'catkin_skip_building_tests': False, 'cmake_args': None, 'cmake_clean_cache': False, 'cmake_clean_first': False, 'cmake_force_configure': False, 'cmake_target': None, 'cmake_target_skip_unavailable': False, 'install_base': '/home/npd/Desktop/amr_bot/install/amr_description', 'merge_install': False, 'path': '/home/npd/Desktop/amr_bot/src/amr_description', 'symlink_install': False, 'test_result_base': None}
[0.856s] Level 5:colcon.colcon_core.verb:set package 'amr_localization' build argument 'cmake_args' from command line to 'None'
[0.856s] Level 5:colcon.colcon_core.verb:set package 'amr_localization' build argument 'cmake_target' from command line to 'None'
[0.856s] Level 5:colcon.colcon_core.verb:set package 'amr_localization' build argument 'cmake_target_skip_unavailable' from command line to 'False'
[0.856s] Level 5:colcon.colcon_core.verb:set package 'amr_localization' build argument 'cmake_clean_cache' from command line to 'False'
[0.856s] Level 5:colcon.colcon_core.verb:set package 'amr_localization' build argument 'cmake_clean_first' from command line to 'False'
[0.856s] Level 5:colcon.colcon_core.verb:set package 'amr_localization' build argument 'cmake_force_configure' from command line to 'False'
[0.856s] Level 5:colcon.colcon_core.verb:set package 'amr_localization' build argument 'ament_cmake_args' from command line to 'None'
[0.856s] Level 5:colcon.colcon_core.verb:set package 'amr_localization' build argument 'catkin_cmake_args' from command line to 'None'
[0.856s] Level 5:colcon.colcon_core.verb:set package 'amr_localization' build argument 'catkin_skip_building_tests' from command line to 'False'
[0.856s] DEBUG:colcon.colcon_core.verb:Building package 'amr_localization' with the following arguments: {'ament_cmake_args': None, 'build_base': '/home/npd/Desktop/amr_bot/build/amr_localization', 'catkin_cmake_args': None, 'catkin_skip_building_tests': False, 'cmake_args': None, 'cmake_clean_cache': False, 'cmake_clean_first': False, 'cmake_force_configure': False, 'cmake_target': None, 'cmake_target_skip_unavailable': False, 'install_base': '/home/npd/Desktop/amr_bot/install/amr_localization', 'merge_install': False, 'path': '/home/npd/Desktop/amr_bot/src/amr_localization', 'symlink_install': False, 'test_result_base': None}
[0.857s] Level 5:colcon.colcon_core.verb:set package 'amr_msgs' build argument 'cmake_args' from command line to 'None'
[0.858s] Level 5:colcon.colcon_core.verb:set package 'amr_msgs' build argument 'cmake_target' from command line to 'None'
[0.858s] Level 5:colcon.colcon_core.verb:set package 'amr_msgs' build argument 'cmake_target_skip_unavailable' from command line to 'False'
[0.858s] Level 5:colcon.colcon_core.verb:set package 'amr_msgs' build argument 'cmake_clean_cache' from command line to 'False'
[0.858s] Level 5:colcon.colcon_core.verb:set package 'amr_msgs' build argument 'cmake_clean_first' from command line to 'False'
[0.858s] Level 5:colcon.colcon_core.verb:set package 'amr_msgs' build argument 'cmake_force_configure' from command line to 'False'
[0.858s] Level 5:colcon.colcon_core.verb:set package 'amr_msgs' build argument 'ament_cmake_args' from command line to 'None'
[0.858s] Level 5:colcon.colcon_core.verb:set package 'amr_msgs' build argument 'catkin_cmake_args' from command line to 'None'
[0.858s] Level 5:colcon.colcon_core.verb:set package 'amr_msgs' build argument 'catkin_skip_building_tests' from command line to 'False'
[0.858s] DEBUG:colcon.colcon_core.verb:Building package 'amr_msgs' with the following arguments: {'ament_cmake_args': None, 'build_base': '/home/npd/Desktop/amr_bot/build/amr_msgs', 'catkin_cmake_args': None, 'catkin_skip_building_tests': False, 'cmake_args': None, 'cmake_clean_cache': False, 'cmake_clean_first': False, 'cmake_force_configure': False, 'cmake_target': None, 'cmake_target_skip_unavailable': False, 'install_base': '/home/npd/Desktop/amr_bot/install/amr_msgs', 'merge_install': False, 'path': '/home/npd/Desktop/amr_bot/src/amr_msgs', 'symlink_install': False, 'test_result_base': None}
[0.859s] Level 5:colcon.colcon_core.verb:set package 'ydlidar_ros2_driver' build argument 'cmake_args' from command line to 'None'
[0.859s] Level 5:colcon.colcon_core.verb:set package 'ydlidar_ros2_driver' build argument 'cmake_target' from command line to 'None'
[0.860s] Level 5:colcon.colcon_core.verb:set package 'ydlidar_ros2_driver' build argument 'cmake_target_skip_unavailable' from command line to 'False'
[0.860s] Level 5:colcon.colcon_core.verb:set package 'ydlidar_ros2_driver' build argument 'cmake_clean_cache' from command line to 'False'
[0.860s] Level 5:colcon.colcon_core.verb:set package 'ydlidar_ros2_driver' build argument 'cmake_clean_first' from command line to 'False'
[0.860s] Level 5:colcon.colcon_core.verb:set package 'ydlidar_ros2_driver' build argument 'cmake_force_configure' from command line to 'False'
[0.860s] Level 5:colcon.colcon_core.verb:set package 'ydlidar_ros2_driver' build argument 'ament_cmake_args' from command line to 'None'
[0.860s] Level 5:colcon.colcon_core.verb:set package 'ydlidar_ros2_driver' build argument 'catkin_cmake_args' from command line to 'None'
[0.860s] Level 5:colcon.colcon_core.verb:set package 'ydlidar_ros2_driver' build argument 'catkin_skip_building_tests' from command line to 'False'
[0.860s] DEBUG:colcon.colcon_core.verb:Building package 'ydlidar_ros2_driver' with the following arguments: {'ament_cmake_args': None, 'build_base': '/home/npd/Desktop/amr_bot/build/ydlidar_ros2_driver', 'catkin_cmake_args': None, 'catkin_skip_building_tests': False, 'cmake_args': None, 'cmake_clean_cache': False, 'cmake_clean_first': False, 'cmake_force_configure': False, 'cmake_target': None, 'cmake_target_skip_unavailable': False, 'install_base': '/home/npd/Desktop/amr_bot/install/ydlidar_ros2_driver', 'merge_install': False, 'path': '/home/npd/Desktop/amr_bot/src/ydlidar_ros2_driver', 'symlink_install': False, 'test_result_base': None}
[0.861s] Level 5:colcon.colcon_core.verb:set package 'amr_py_examples' build argument 'cmake_args' from command line to 'None'
[0.861s] Level 5:colcon.colcon_core.verb:set package 'amr_py_examples' build argument 'cmake_target' from command line to 'None'
[0.861s] Level 5:colcon.colcon_core.verb:set package 'amr_py_examples' build argument 'cmake_target_skip_unavailable' from command line to 'False'
[0.861s] Level 5:colcon.colcon_core.verb:set package 'amr_py_examples' build argument 'cmake_clean_cache' from command line to 'False'
[0.861s] Level 5:colcon.colcon_core.verb:set package 'amr_py_examples' build argument 'cmake_clean_first' from command line to 'False'
[0.861s] Level 5:colcon.colcon_core.verb:set package 'amr_py_examples' build argument 'cmake_force_configure' from command line to 'False'
[0.862s] Level 5:colcon.colcon_core.verb:set package 'amr_py_examples' build argument 'ament_cmake_args' from command line to 'None'
[0.862s] Level 5:colcon.colcon_core.verb:set package 'amr_py_examples' build argument 'catkin_cmake_args' from command line to 'None'
[0.862s] Level 5:colcon.colcon_core.verb:set package 'amr_py_examples' build argument 'catkin_skip_building_tests' from command line to 'False'
[0.862s] DEBUG:colcon.colcon_core.verb:Building package 'amr_py_examples' with the following arguments: {'ament_cmake_args': None, 'build_base': '/home/npd/Desktop/amr_bot/build/amr_py_examples', 'catkin_cmake_args': None, 'catkin_skip_building_tests': False, 'cmake_args': None, 'cmake_clean_cache': False, 'cmake_clean_first': False, 'cmake_force_configure': False, 'cmake_target': None, 'cmake_target_skip_unavailable': False, 'install_base': '/home/npd/Desktop/amr_bot/install/amr_py_examples', 'merge_install': False, 'path': '/home/npd/Desktop/amr_bot/src/amr_py_examples', 'symlink_install': False, 'test_result_base': None}
[0.862s] INFO:colcon.colcon_core.executor:Executing jobs using 'parallel' executor
[0.865s] DEBUG:colcon.colcon_parallel_executor.executor.parallel:run_until_complete
[0.866s] INFO:colcon.colcon_ros.task.ament_cmake.build:Building ROS package in '/home/npd/Desktop/amr_bot/src/amr_msgs' with build type 'ament_cmake'
[0.866s] INFO:colcon.colcon_cmake.task.cmake.build:Building CMake package in '/home/npd/Desktop/amr_bot/src/amr_msgs'
[0.875s] INFO:colcon.colcon_core.plugin_system:Skipping extension 'colcon_core.shell.bat': Not used on non-Windows systems
[0.876s] INFO:colcon.colcon_core.shell:Skip shell extension 'powershell' for command environment: Not usable outside of PowerShell
[0.876s] DEBUG:colcon.colcon_core.shell:Skip shell extension 'dsv' for command environment
[0.885s] INFO:colcon.colcon_ros.task.ament_cmake.build:Building ROS package in '/home/npd/Desktop/amr_bot/src/amr_controller' with build type 'ament_cmake'
[0.887s] INFO:colcon.colcon_cmake.task.cmake.build:Building CMake package in '/home/npd/Desktop/amr_bot/src/amr_controller'
[0.888s] INFO:colcon.colcon_core.shell:Skip shell extension 'powershell' for command environment: Not usable outside of PowerShell
[0.889s] DEBUG:colcon.colcon_core.shell:Skip shell extension 'dsv' for command environment
[0.899s] INFO:colcon.colcon_ros.task.ament_cmake.build:Building ROS package in '/home/npd/Desktop/amr_bot/src/amr_cpp_examples' with build type 'ament_cmake'
[0.900s] INFO:colcon.colcon_cmake.task.cmake.build:Building CMake package in '/home/npd/Desktop/amr_bot/src/amr_cpp_examples'
[0.900s] INFO:colcon.colcon_core.shell:Skip shell extension 'powershell' for command environment: Not usable outside of PowerShell
[0.901s] DEBUG:colcon.colcon_core.shell:Skip shell extension 'dsv' for command environment
[0.913s] INFO:colcon.colcon_ros.task.ament_cmake.build:Building ROS package in '/home/npd/Desktop/amr_bot/src/amr_description' with build type 'ament_cmake'
[0.914s] INFO:colcon.colcon_cmake.task.cmake.build:Building CMake package in '/home/npd/Desktop/amr_bot/src/amr_description'
[0.915s] INFO:colcon.colcon_core.shell:Skip shell extension 'powershell' for command environment: Not usable outside of PowerShell
[0.915s] DEBUG:colcon.colcon_core.shell:Skip shell extension 'dsv' for command environment
[0.938s] DEBUG:colcon.colcon_core.event_handler.log_command:Invoking command in '/home/npd/Desktop/amr_bot/build/amr_msgs': CMAKE_PREFIX_PATH=${CMAKE_PREFIX_PATH}:/home/npd/Desktop/amr_bot/install/amr_py_examples:/opt/ros/humble /usr/bin/cmake --build /home/npd/Desktop/amr_bot/build/amr_msgs -- -j4 -l4
[0.951s] DEBUG:colcon.colcon_core.event_handler.log_command:Invoking command in '/home/npd/Desktop/amr_bot/build/amr_controller': CMAKE_PREFIX_PATH=${CMAKE_PREFIX_PATH}:/home/npd/Desktop/amr_bot/install/amr_py_examples:/opt/ros/humble /usr/bin/cmake --build /home/npd/Desktop/amr_bot/build/amr_controller -- -j4 -l4
[0.958s] DEBUG:colcon.colcon_core.event_handler.log_command:Invoking command in '/home/npd/Desktop/amr_bot/build/amr_cpp_examples': CMAKE_PREFIX_PATH=${CMAKE_PREFIX_PATH}:/home/npd/Desktop/amr_bot/install/amr_py_examples:/opt/ros/humble /usr/bin/cmake --build /home/npd/Desktop/amr_bot/build/amr_cpp_examples -- -j4 -l4
[0.978s] DEBUG:colcon.colcon_core.event_handler.log_command:Invoking command in '/home/npd/Desktop/amr_bot/build/amr_description': CMAKE_PREFIX_PATH=${CMAKE_PREFIX_PATH}:/home/npd/Desktop/amr_bot/install/amr_py_examples:/opt/ros/humble /usr/bin/cmake --build /home/npd/Desktop/amr_bot/build/amr_description -- -j4 -l4
[1.112s] DEBUG:colcon.colcon_core.event_handler.log_command:Invoked command in '/home/npd/Desktop/amr_bot/build/amr_cpp_examples' returned '0': CMAKE_PREFIX_PATH=${CMAKE_PREFIX_PATH}:/home/npd/Desktop/amr_bot/install/amr_py_examples:/opt/ros/humble /usr/bin/cmake --build /home/npd/Desktop/amr_bot/build/amr_cpp_examples -- -j4 -l4
[1.196s] DEBUG:colcon.colcon_core.event_handler.log_command:Invoking command in '/home/npd/Desktop/amr_bot/build/amr_cpp_examples': CMAKE_PREFIX_PATH=${CMAKE_PREFIX_PATH}:/home/npd/Desktop/amr_bot/install/amr_py_examples:/opt/ros/humble /usr/bin/cmake --install /home/npd/Desktop/amr_bot/build/amr_cpp_examples
[1.226s] DEBUG:colcon.colcon_core.event_handler.log_command:Invoked command in '/home/npd/Desktop/amr_bot/build/amr_description' returned '0': CMAKE_PREFIX_PATH=${CMAKE_PREFIX_PATH}:/home/npd/Desktop/amr_bot/install/amr_py_examples:/opt/ros/humble /usr/bin/cmake --build /home/npd/Desktop/amr_bot/build/amr_description -- -j4 -l4
[1.228s] DEBUG:colcon.colcon_core.event_handler.log_command:Invoking command in '/home/npd/Desktop/amr_bot/build/amr_description': CMAKE_PREFIX_PATH=${CMAKE_PREFIX_PATH}:/home/npd/Desktop/amr_bot/install/amr_py_examples:/opt/ros/humble /usr/bin/cmake --install /home/npd/Desktop/amr_bot/build/amr_description
[1.328s] Level 1:colcon.colcon_core.environment:create_environment_scripts_only(amr_cpp_examples)
[1.365s] DEBUG:colcon.colcon_core.event_handler.log_command:Invoked command in '/home/npd/Desktop/amr_bot/build/amr_cpp_examples' returned '0': CMAKE_PREFIX_PATH=${CMAKE_PREFIX_PATH}:/home/npd/Desktop/amr_bot/install/amr_py_examples:/opt/ros/humble /usr/bin/cmake --install /home/npd/Desktop/amr_bot/build/amr_cpp_examples
[1.419s] Level 1:colcon.colcon_core.environment:checking '/home/npd/Desktop/amr_bot/install/amr_cpp_examples' for CMake module files
[1.422s] Level 1:colcon.colcon_core.environment:checking '/home/npd/Desktop/amr_bot/install/amr_cpp_examples' for CMake config files
[1.432s] Level 1:colcon.colcon_core.shell:create_environment_hook('amr_cpp_examples', 'cmake_prefix_path')
[1.435s] INFO:colcon.colcon_core.shell:Creating environment hook '/home/npd/Desktop/amr_bot/install/amr_cpp_examples/share/amr_cpp_examples/hook/cmake_prefix_path.ps1'
[1.444s] INFO:colcon.colcon_core.shell:Creating environment descriptor '/home/npd/Desktop/amr_bot/install/amr_cpp_examples/share/amr_cpp_examples/hook/cmake_prefix_path.dsv'
[1.461s] INFO:colcon.colcon_core.shell:Creating environment hook '/home/npd/Desktop/amr_bot/install/amr_cpp_examples/share/amr_cpp_examples/hook/cmake_prefix_path.sh'
[1.489s] Level 1:colcon.colcon_core.environment:checking '/home/npd/Desktop/amr_bot/install/amr_cpp_examples/bin'
[1.500s] Level 1:colcon.colcon_core.environment:checking '/home/npd/Desktop/amr_bot/install/amr_cpp_examples/lib/pkgconfig/amr_cpp_examples.pc'
[1.503s] Level 1:colcon.colcon_core.environment:checking '/home/npd/Desktop/amr_bot/install/amr_cpp_examples/lib/python3.10/site-packages'
[1.507s] Level 1:colcon.colcon_core.environment:checking '/home/npd/Desktop/amr_bot/install/amr_cpp_examples/bin'
[1.513s] INFO:colcon.colcon_core.shell:Creating package script '/home/npd/Desktop/amr_bot/install/amr_cpp_examples/share/amr_cpp_examples/package.ps1'
[1.538s] INFO:colcon.colcon_core.shell:Creating package descriptor '/home/npd/Desktop/amr_bot/install/amr_cpp_examples/share/amr_cpp_examples/package.dsv'
[1.546s] INFO:colcon.colcon_core.shell:Creating package script '/home/npd/Desktop/amr_bot/install/amr_cpp_examples/share/amr_cpp_examples/package.sh'
[1.581s] INFO:colcon.colcon_core.shell:Creating package script '/home/npd/Desktop/amr_bot/install/amr_cpp_examples/share/amr_cpp_examples/package.bash'
[1.584s] INFO:colcon.colcon_core.shell:Creating package script '/home/npd/Desktop/amr_bot/install/amr_cpp_examples/share/amr_cpp_examples/package.zsh'
[1.595s] Level 1:colcon.colcon_core.environment:create_file_with_runtime_dependencies(/home/npd/Desktop/amr_bot/install/amr_cpp_examples/share/colcon-core/packages/amr_cpp_examples)
[1.597s] Level 1:colcon.colcon_core.environment:create_environment_scripts_only(amr_cpp_examples)
[1.598s] Level 1:colcon.colcon_core.environment:checking '/home/npd/Desktop/amr_bot/install/amr_cpp_examples' for CMake module files
[1.603s] Level 1:colcon.colcon_core.environment:checking '/home/npd/Desktop/amr_bot/install/amr_cpp_examples' for CMake config files
[1.604s] Level 1:colcon.colcon_core.shell:create_environment_hook('amr_cpp_examples', 'cmake_prefix_path')
[1.605s] INFO:colcon.colcon_core.shell:Creating environment hook '/home/npd/Desktop/amr_bot/install/amr_cpp_examples/share/amr_cpp_examples/hook/cmake_prefix_path.ps1'
[1.611s] INFO:colcon.colcon_core.shell:Creating environment descriptor '/home/npd/Desktop/amr_bot/install/amr_cpp_examples/share/amr_cpp_examples/hook/cmake_prefix_path.dsv'
[1.613s] INFO:colcon.colcon_core.shell:Creating environment hook '/home/npd/Desktop/amr_bot/install/amr_cpp_examples/share/amr_cpp_examples/hook/cmake_prefix_path.sh'
[1.618s] Level 1:colcon.colcon_core.environment:checking '/home/npd/Desktop/amr_bot/install/amr_cpp_examples/bin'
[1.618s] Level 1:colcon.colcon_core.environment:checking '/home/npd/Desktop/amr_bot/install/amr_cpp_examples/lib/pkgconfig/amr_cpp_examples.pc'
[1.619s] Level 1:colcon.colcon_core.environment:checking '/home/npd/Desktop/amr_bot/install/amr_cpp_examples/lib/python3.10/site-packages'
[1.619s] Level 1:colcon.colcon_core.environment:checking '/home/npd/Desktop/amr_bot/install/amr_cpp_examples/bin'
[1.625s] INFO:colcon.colcon_core.shell:Creating package script '/home/npd/Desktop/amr_bot/install/amr_cpp_examples/share/amr_cpp_examples/package.ps1'
[1.634s] INFO:colcon.colcon_core.shell:Creating package descriptor '/home/npd/Desktop/amr_bot/install/amr_cpp_examples/share/amr_cpp_examples/package.dsv'
[1.638s] INFO:colcon.colcon_core.shell:Creating package script '/home/npd/Desktop/amr_bot/install/amr_cpp_examples/share/amr_cpp_examples/package.sh'
[1.640s] INFO:colcon.colcon_core.shell:Creating package script '/home/npd/Desktop/amr_bot/install/amr_cpp_examples/share/amr_cpp_examples/package.bash'
[1.653s] INFO:colcon.colcon_core.shell:Creating package script '/home/npd/Desktop/amr_bot/install/amr_cpp_examples/share/amr_cpp_examples/package.zsh'
[1.658s] Level 1:colcon.colcon_core.environment:create_file_with_runtime_dependencies(/home/npd/Desktop/amr_bot/install/amr_cpp_examples/share/colcon-core/packages/amr_cpp_examples)
[1.661s] INFO:colcon.colcon_ros.task.ament_cmake.build:Building ROS package in '/home/npd/Desktop/amr_bot/src/amr_localization' with build type 'ament_cmake'
[1.673s] INFO:colcon.colcon_cmake.task.cmake.build:Building CMake package in '/home/npd/Desktop/amr_bot/src/amr_localization'
[1.674s] INFO:colcon.colcon_core.shell:Skip shell extension 'powershell' for command environment: Not usable outside of PowerShell
[1.674s] DEBUG:colcon.colcon_core.shell:Skip shell extension 'dsv' for command environment
[1.771s] Level 1:colcon.colcon_core.environment:create_environment_scripts_only(amr_description)
[1.776s] Level 1:colcon.colcon_core.environment:checking '/home/npd/Desktop/amr_bot/install/amr_description' for CMake module files
[1.804s] Level 1:colcon.colcon_core.environment:checking '/home/npd/Desktop/amr_bot/install/amr_description' for CMake config files
[2.073s] Level 1:colcon.colcon_core.shell:create_environment_hook('amr_description', 'cmake_prefix_path')
[2.073s] INFO:colcon.colcon_core.shell:Creating environment hook '/home/npd/Desktop/amr_bot/install/amr_description/share/amr_description/hook/cmake_prefix_path.ps1'
[2.075s] INFO:colcon.colcon_core.shell:Creating environment descriptor '/home/npd/Desktop/amr_bot/install/amr_description/share/amr_description/hook/cmake_prefix_path.dsv'
[2.076s] INFO:colcon.colcon_core.shell:Creating environment hook '/home/npd/Desktop/amr_bot/install/amr_description/share/amr_description/hook/cmake_prefix_path.sh'
[2.077s] Level 1:colcon.colcon_core.environment:checking '/home/npd/Desktop/amr_bot/install/amr_description/bin'
[2.078s] Level 1:colcon.colcon_core.environment:checking '/home/npd/Desktop/amr_bot/install/amr_description/lib/pkgconfig/amr_description.pc'
[2.078s] Level 1:colcon.colcon_core.environment:checking '/home/npd/Desktop/amr_bot/install/amr_description/lib/python3.10/site-packages'
[2.079s] Level 1:colcon.colcon_core.environment:checking '/home/npd/Desktop/amr_bot/install/amr_description/bin'
[2.080s] INFO:colcon.colcon_core.shell:Creating package script '/home/npd/Desktop/amr_bot/install/amr_description/share/amr_description/package.ps1'
[2.082s] INFO:colcon.colcon_core.shell:Creating package descriptor '/home/npd/Desktop/amr_bot/install/amr_description/share/amr_description/package.dsv'
[2.086s] INFO:colcon.colcon_core.shell:Creating package script '/home/npd/Desktop/amr_bot/install/amr_description/share/amr_description/package.sh'
[2.088s] INFO:colcon.colcon_core.shell:Creating package script '/home/npd/Desktop/amr_bot/install/amr_description/share/amr_description/package.bash'
[2.092s] INFO:colcon.colcon_core.shell:Creating package script '/home/npd/Desktop/amr_bot/install/amr_description/share/amr_description/package.zsh'
[2.094s] Level 1:colcon.colcon_core.environment:create_file_with_runtime_dependencies(/home/npd/Desktop/amr_bot/install/amr_description/share/colcon-core/packages/amr_description)
[2.098s] Level 1:colcon.colcon_core.environment:create_environment_scripts_only(amr_description)
[2.098s] Level 1:colcon.colcon_core.environment:checking '/home/npd/Desktop/amr_bot/install/amr_description' for CMake module files
[2.108s] Level 1:colcon.colcon_core.environment:checking '/home/npd/Desktop/amr_bot/install/amr_description' for CMake config files
[2.157s] Level 1:colcon.colcon_core.shell:create_environment_hook('amr_description', 'cmake_prefix_path')
[2.158s] INFO:colcon.colcon_core.shell:Creating environment hook '/home/npd/Desktop/amr_bot/install/amr_description/share/amr_description/hook/cmake_prefix_path.ps1'
[2.165s] INFO:colcon.colcon_core.shell:Creating environment descriptor '/home/npd/Desktop/amr_bot/install/amr_description/share/amr_description/hook/cmake_prefix_path.dsv'
[2.169s] INFO:colcon.colcon_core.shell:Creating environment hook '/home/npd/Desktop/amr_bot/install/amr_description/share/amr_description/hook/cmake_prefix_path.sh'
[2.172s] DEBUG:colcon.colcon_core.event_handler.log_command:Invoking command in '/home/npd/Desktop/amr_bot/build/amr_localization': CMAKE_PREFIX_PATH=${CMAKE_PREFIX_PATH}:/home/npd/Desktop/amr_bot/install/amr_py_examples:/opt/ros/humble /usr/bin/cmake --build /home/npd/Desktop/amr_bot/build/amr_localization -- -j4 -l4
[2.173s] DEBUG:colcon.colcon_core.event_handler.log_command:Invoked command in '/home/npd/Desktop/amr_bot/build/amr_description' returned '0': CMAKE_PREFIX_PATH=${CMAKE_PREFIX_PATH}:/home/npd/Desktop/amr_bot/install/amr_py_examples:/opt/ros/humble /usr/bin/cmake --install /home/npd/Desktop/amr_bot/build/amr_description
[2.177s] Level 1:colcon.colcon_core.environment:checking '/home/npd/Desktop/amr_bot/install/amr_description/bin'
[2.182s] Level 1:colcon.colcon_core.environment:checking '/home/npd/Desktop/amr_bot/install/amr_description/lib/pkgconfig/amr_description.pc'
[2.183s] Level 1:colcon.colcon_core.environment:checking '/home/npd/Desktop/amr_bot/install/amr_description/lib/python3.10/site-packages'
[2.184s] Level 1:colcon.colcon_core.environment:checking '/home/npd/Desktop/amr_bot/install/amr_description/bin'
[2.202s] INFO:colcon.colcon_core.shell:Creating package script '/home/npd/Desktop/amr_bot/install/amr_description/share/amr_description/package.ps1'
[2.203s] INFO:colcon.colcon_core.shell:Creating package descriptor '/home/npd/Desktop/amr_bot/install/amr_description/share/amr_description/package.dsv'
[2.219s] INFO:colcon.colcon_core.shell:Creating package script '/home/npd/Desktop/amr_bot/install/amr_description/share/amr_description/package.sh'
[2.232s] INFO:colcon.colcon_core.shell:Creating package script '/home/npd/Desktop/amr_bot/install/amr_description/share/amr_description/package.bash'
[2.238s] INFO:colcon.colcon_core.shell:Creating package script '/home/npd/Desktop/amr_bot/install/amr_description/share/amr_description/package.zsh'
[2.247s] Level 1:colcon.colcon_core.environment:create_file_with_runtime_dependencies(/home/npd/Desktop/amr_bot/install/amr_description/share/colcon-core/packages/amr_description)
[2.256s] INFO:colcon.colcon_ros.task.ament_cmake.build:Building ROS package in '/home/npd/Desktop/amr_bot/src/ydlidar_ros2_driver' with build type 'ament_cmake'
[2.256s] INFO:colcon.colcon_cmake.task.cmake.build:Building CMake package in '/home/npd/Desktop/amr_bot/src/ydlidar_ros2_driver'
[2.257s] INFO:colcon.colcon_core.shell:Skip shell extension 'powershell' for command environment: Not usable outside of PowerShell
[2.257s] DEBUG:colcon.colcon_core.shell:Skip shell extension 'dsv' for command environment
[2.359s] DEBUG:colcon.colcon_core.event_handler.log_command:Invoking command in '/home/npd/Desktop/amr_bot/build/ydlidar_ros2_driver': CMAKE_PREFIX_PATH=${CMAKE_PREFIX_PATH}:/home/npd/Desktop/amr_bot/install/amr_py_examples:/opt/ros/humble /usr/bin/cmake --build /home/npd/Desktop/amr_bot/build/ydlidar_ros2_driver -- -j4 -l4
[2.876s] DEBUG:colcon.colcon_core.event_handler.log_command:Invoked command in '/home/npd/Desktop/amr_bot/build/ydlidar_ros2_driver' returned '0': CMAKE_PREFIX_PATH=${CMAKE_PREFIX_PATH}:/home/npd/Desktop/amr_bot/install/amr_py_examples:/opt/ros/humble /usr/bin/cmake --build /home/npd/Desktop/amr_bot/build/ydlidar_ros2_driver -- -j4 -l4
[2.877s] DEBUG:colcon.colcon_core.event_handler.log_command:Invoking command in '/home/npd/Desktop/amr_bot/build/ydlidar_ros2_driver': CMAKE_PREFIX_PATH=${CMAKE_PREFIX_PATH}:/home/npd/Desktop/amr_bot/install/amr_py_examples:/opt/ros/humble /usr/bin/cmake --install /home/npd/Desktop/amr_bot/build/ydlidar_ros2_driver
[2.985s] Level 1:colcon.colcon_core.environment:create_environment_scripts_only(ydlidar_ros2_driver)
[2.986s] Level 1:colcon.colcon_core.environment:checking '/home/npd/Desktop/amr_bot/install/ydlidar_ros2_driver' for CMake module files
[3.000s] DEBUG:colcon.colcon_core.event_handler.log_command:Invoked command in '/home/npd/Desktop/amr_bot/build/ydlidar_ros2_driver' returned '0': CMAKE_PREFIX_PATH=${CMAKE_PREFIX_PATH}:/home/npd/Desktop/amr_bot/install/amr_py_examples:/opt/ros/humble /usr/bin/cmake --install /home/npd/Desktop/amr_bot/build/ydlidar_ros2_driver
[3.000s] Level 1:colcon.colcon_core.environment:checking '/home/npd/Desktop/amr_bot/install/ydlidar_ros2_driver' for CMake config files
[3.005s] Level 1:colcon.colcon_core.shell:create_environment_hook('ydlidar_ros2_driver', 'cmake_prefix_path')
[3.006s] INFO:colcon.colcon_core.shell:Creating environment hook '/home/npd/Desktop/amr_bot/install/ydlidar_ros2_driver/share/ydlidar_ros2_driver/hook/cmake_prefix_path.ps1'
[3.007s] INFO:colcon.colcon_core.shell:Creating environment descriptor '/home/npd/Desktop/amr_bot/install/ydlidar_ros2_driver/share/ydlidar_ros2_driver/hook/cmake_prefix_path.dsv'
[3.008s] INFO:colcon.colcon_core.shell:Creating environment hook '/home/npd/Desktop/amr_bot/install/ydlidar_ros2_driver/share/ydlidar_ros2_driver/hook/cmake_prefix_path.sh'
[3.013s] Level 1:colcon.colcon_core.environment:checking '/home/npd/Desktop/amr_bot/install/ydlidar_ros2_driver/lib'
[3.015s] Level 1:colcon.colcon_core.environment:checking '/home/npd/Desktop/amr_bot/install/ydlidar_ros2_driver/bin'
[3.016s] Level 1:colcon.colcon_core.environment:checking '/home/npd/Desktop/amr_bot/install/ydlidar_ros2_driver/lib/pkgconfig/ydlidar_ros2_driver.pc'
[3.016s] Level 1:colcon.colcon_core.environment:checking '/home/npd/Desktop/amr_bot/install/ydlidar_ros2_driver/lib/python3.10/site-packages'
[3.017s] Level 1:colcon.colcon_core.environment:checking '/home/npd/Desktop/amr_bot/install/ydlidar_ros2_driver/bin'
[3.022s] INFO:colcon.colcon_core.shell:Creating package script '/home/npd/Desktop/amr_bot/install/ydlidar_ros2_driver/share/ydlidar_ros2_driver/package.ps1'
[3.024s] INFO:colcon.colcon_core.shell:Creating package descriptor '/home/npd/Desktop/amr_bot/install/ydlidar_ros2_driver/share/ydlidar_ros2_driver/package.dsv'
[3.025s] INFO:colcon.colcon_core.shell:Creating package script '/home/npd/Desktop/amr_bot/install/ydlidar_ros2_driver/share/ydlidar_ros2_driver/package.sh'
[3.026s] INFO:colcon.colcon_core.shell:Creating package script '/home/npd/Desktop/amr_bot/install/ydlidar_ros2_driver/share/ydlidar_ros2_driver/package.bash'
[3.032s] INFO:colcon.colcon_core.shell:Creating package script '/home/npd/Desktop/amr_bot/install/ydlidar_ros2_driver/share/ydlidar_ros2_driver/package.zsh'
[3.033s] Level 1:colcon.colcon_core.environment:create_file_with_runtime_dependencies(/home/npd/Desktop/amr_bot/install/ydlidar_ros2_driver/share/colcon-core/packages/ydlidar_ros2_driver)
[3.039s] Level 1:colcon.colcon_core.environment:create_environment_scripts_only(ydlidar_ros2_driver)
[3.039s] Level 1:colcon.colcon_core.environment:checking '/home/npd/Desktop/amr_bot/install/ydlidar_ros2_driver' for CMake module files
[3.050s] Level 1:colcon.colcon_core.environment:checking '/home/npd/Desktop/amr_bot/install/ydlidar_ros2_driver' for CMake config files
[3.052s] Level 1:colcon.colcon_core.shell:create_environment_hook('ydlidar_ros2_driver', 'cmake_prefix_path')
[3.055s] INFO:colcon.colcon_core.shell:Creating environment hook '/home/npd/Desktop/amr_bot/install/ydlidar_ros2_driver/share/ydlidar_ros2_driver/hook/cmake_prefix_path.ps1'
[3.056s] INFO:colcon.colcon_core.shell:Creating environment descriptor '/home/npd/Desktop/amr_bot/install/ydlidar_ros2_driver/share/ydlidar_ros2_driver/hook/cmake_prefix_path.dsv'
[3.059s] INFO:colcon.colcon_core.shell:Creating environment hook '/home/npd/Desktop/amr_bot/install/ydlidar_ros2_driver/share/ydlidar_ros2_driver/hook/cmake_prefix_path.sh'
[3.066s] Level 1:colcon.colcon_core.environment:checking '/home/npd/Desktop/amr_bot/install/ydlidar_ros2_driver/lib'
[3.066s] Level 1:colcon.colcon_core.environment:checking '/home/npd/Desktop/amr_bot/install/ydlidar_ros2_driver/bin'
[3.066s] Level 1:colcon.colcon_core.environment:checking '/home/npd/Desktop/amr_bot/install/ydlidar_ros2_driver/lib/pkgconfig/ydlidar_ros2_driver.pc'
[3.067s] Level 1:colcon.colcon_core.environment:checking '/home/npd/Desktop/amr_bot/install/ydlidar_ros2_driver/lib/python3.10/site-packages'
[3.069s] Level 1:colcon.colcon_core.environment:checking '/home/npd/Desktop/amr_bot/install/ydlidar_ros2_driver/bin'
[3.072s] INFO:colcon.colcon_core.shell:Creating package script '/home/npd/Desktop/amr_bot/install/ydlidar_ros2_driver/share/ydlidar_ros2_driver/package.ps1'
[3.077s] INFO:colcon.colcon_core.shell:Creating package descriptor '/home/npd/Desktop/amr_bot/install/ydlidar_ros2_driver/share/ydlidar_ros2_driver/package.dsv'
[3.079s] INFO:colcon.colcon_core.shell:Creating package script '/home/npd/Desktop/amr_bot/install/ydlidar_ros2_driver/share/ydlidar_ros2_driver/package.sh'
[3.084s] INFO:colcon.colcon_core.shell:Creating package script '/home/npd/Desktop/amr_bot/install/ydlidar_ros2_driver/share/ydlidar_ros2_driver/package.bash'
[3.085s] INFO:colcon.colcon_core.shell:Creating package script '/home/npd/Desktop/amr_bot/install/ydlidar_ros2_driver/share/ydlidar_ros2_driver/package.zsh'
[3.089s] Level 1:colcon.colcon_core.environment:create_file_with_runtime_dependencies(/home/npd/Desktop/amr_bot/install/ydlidar_ros2_driver/share/colcon-core/packages/ydlidar_ros2_driver)
[3.189s] DEBUG:colcon.colcon_core.event_handler.log_command:Invoked command in '/home/npd/Desktop/amr_bot/build/amr_controller' returned '0': CMAKE_PREFIX_PATH=${CMAKE_PREFIX_PATH}:/home/npd/Desktop/amr_bot/install/amr_py_examples:/opt/ros/humble /usr/bin/cmake --build /home/npd/Desktop/amr_bot/build/amr_controller -- -j4 -l4
[3.190s] DEBUG:colcon.colcon_core.event_handler.log_command:Invoking command in '/home/npd/Desktop/amr_bot/build/amr_controller': CMAKE_PREFIX_PATH=${CMAKE_PREFIX_PATH}:/home/npd/Desktop/amr_bot/install/amr_py_examples:/opt/ros/humble /usr/bin/cmake --install /home/npd/Desktop/amr_bot/build/amr_controller
[3.503s] Level 1:colcon.colcon_core.environment:create_environment_scripts_only(amr_controller)
[3.504s] Level 1:colcon.colcon_core.environment:checking '/home/npd/Desktop/amr_bot/install/amr_controller' for CMake module files
[3.506s] Level 1:colcon.colcon_core.environment:checking '/home/npd/Desktop/amr_bot/install/amr_controller' for CMake config files
[3.509s] DEBUG:colcon.colcon_core.event_handler.log_command:Invoked command in '/home/npd/Desktop/amr_bot/build/amr_controller' returned '0': CMAKE_PREFIX_PATH=${CMAKE_PREFIX_PATH}:/home/npd/Desktop/amr_bot/install/amr_py_examples:/opt/ros/humble /usr/bin/cmake --install /home/npd/Desktop/amr_bot/build/amr_controller
[3.515s] Level 1:colcon.colcon_core.shell:create_environment_hook('amr_controller', 'cmake_prefix_path')
[3.516s] INFO:colcon.colcon_core.shell:Creating environment hook '/home/npd/Desktop/amr_bot/install/amr_controller/share/amr_controller/hook/cmake_prefix_path.ps1'
[3.520s] INFO:colcon.colcon_core.shell:Creating environment descriptor '/home/npd/Desktop/amr_bot/install/amr_controller/share/amr_controller/hook/cmake_prefix_path.dsv'
[3.524s] INFO:colcon.colcon_core.shell:Creating environment hook '/home/npd/Desktop/amr_bot/install/amr_controller/share/amr_controller/hook/cmake_prefix_path.sh'
[3.527s] Level 1:colcon.colcon_core.environment:checking '/home/npd/Desktop/amr_bot/install/amr_controller/lib'
[3.527s] Level 1:colcon.colcon_core.environment:checking '/home/npd/Desktop/amr_bot/install/amr_controller/bin'
[3.527s] Level 1:colcon.colcon_core.environment:checking '/home/npd/Desktop/amr_bot/install/amr_controller/lib/pkgconfig/amr_controller.pc'
[3.528s] Level 1:colcon.colcon_core.environment:checking '/home/npd/Desktop/amr_bot/install/amr_controller/lib/python3.10/site-packages'
[3.528s] Level 1:colcon.colcon_core.environment:checking '/home/npd/Desktop/amr_bot/install/amr_controller/bin'
[3.529s] INFO:colcon.colcon_core.shell:Creating package script '/home/npd/Desktop/amr_bot/install/amr_controller/share/amr_controller/package.ps1'
[3.535s] INFO:colcon.colcon_core.shell:Creating package descriptor '/home/npd/Desktop/amr_bot/install/amr_controller/share/amr_controller/package.dsv'
[3.538s] INFO:colcon.colcon_core.shell:Creating package script '/home/npd/Desktop/amr_bot/install/amr_controller/share/amr_controller/package.sh'
[3.542s] INFO:colcon.colcon_core.shell:Creating package script '/home/npd/Desktop/amr_bot/install/amr_controller/share/amr_controller/package.bash'
[3.548s] INFO:colcon.colcon_core.shell:Creating package script '/home/npd/Desktop/amr_bot/install/amr_controller/share/amr_controller/package.zsh'
[3.549s] Level 1:colcon.colcon_core.environment:create_file_with_runtime_dependencies(/home/npd/Desktop/amr_bot/install/amr_controller/share/colcon-core/packages/amr_controller)
[3.551s] Level 1:colcon.colcon_core.environment:create_environment_scripts_only(amr_controller)
[3.552s] Level 1:colcon.colcon_core.environment:checking '/home/npd/Desktop/amr_bot/install/amr_controller' for CMake module files
[3.557s] Level 1:colcon.colcon_core.environment:checking '/home/npd/Desktop/amr_bot/install/amr_controller' for CMake config files
[3.558s] Level 1:colcon.colcon_core.shell:create_environment_hook('amr_controller', 'cmake_prefix_path')
[3.559s] INFO:colcon.colcon_core.shell:Creating environment hook '/home/npd/Desktop/amr_bot/install/amr_controller/share/amr_controller/hook/cmake_prefix_path.ps1'
[3.564s] INFO:colcon.colcon_core.shell:Creating environment descriptor '/home/npd/Desktop/amr_bot/install/amr_controller/share/amr_controller/hook/cmake_prefix_path.dsv'
[3.567s] INFO:colcon.colcon_core.shell:Creating environment hook '/home/npd/Desktop/amr_bot/install/amr_controller/share/amr_controller/hook/cmake_prefix_path.sh'
[3.573s] Level 1:colcon.colcon_core.environment:checking '/home/npd/Desktop/amr_bot/install/amr_controller/lib'
[3.573s] Level 1:colcon.colcon_core.environment:checking '/home/npd/Desktop/amr_bot/install/amr_controller/bin'
[3.573s] Level 1:colcon.colcon_core.environment:checking '/home/npd/Desktop/amr_bot/install/amr_controller/lib/pkgconfig/amr_controller.pc'
[3.574s] Level 1:colcon.colcon_core.environment:checking '/home/npd/Desktop/amr_bot/install/amr_controller/lib/python3.10/site-packages'
[3.575s] Level 1:colcon.colcon_core.environment:checking '/home/npd/Desktop/amr_bot/install/amr_controller/bin'
[3.576s] INFO:colcon.colcon_core.shell:Creating package script '/home/npd/Desktop/amr_bot/install/amr_controller/share/amr_controller/package.ps1'
[3.580s] INFO:colcon.colcon_core.shell:Creating package descriptor '/home/npd/Desktop/amr_bot/install/amr_controller/share/amr_controller/package.dsv'
[3.584s] INFO:colcon.colcon_core.shell:Creating package script '/home/npd/Desktop/amr_bot/install/amr_controller/share/amr_controller/package.sh'
[3.589s] INFO:colcon.colcon_core.shell:Creating package script '/home/npd/Desktop/amr_bot/install/amr_controller/share/amr_controller/package.bash'
[3.591s] INFO:colcon.colcon_core.shell:Creating package script '/home/npd/Desktop/amr_bot/install/amr_controller/share/amr_controller/package.zsh'
[3.595s] Level 1:colcon.colcon_core.environment:create_file_with_runtime_dependencies(/home/npd/Desktop/amr_bot/install/amr_controller/share/colcon-core/packages/amr_controller)
[3.700s] DEBUG:colcon.colcon_core.event_handler.log_command:Invoked command in '/home/npd/Desktop/amr_bot/build/amr_msgs' returned '0': CMAKE_PREFIX_PATH=${CMAKE_PREFIX_PATH}:/home/npd/Desktop/amr_bot/install/amr_py_examples:/opt/ros/humble /usr/bin/cmake --build /home/npd/Desktop/amr_bot/build/amr_msgs -- -j4 -l4
[3.704s] DEBUG:colcon.colcon_core.event_handler.log_command:Invoking command in '/home/npd/Desktop/amr_bot/build/amr_msgs': CMAKE_PREFIX_PATH=${CMAKE_PREFIX_PATH}:/home/npd/Desktop/amr_bot/install/amr_py_examples:/opt/ros/humble /usr/bin/cmake --install /home/npd/Desktop/amr_bot/build/amr_msgs
[3.978s] Level 1:colcon.colcon_core.environment:create_environment_scripts_only(amr_msgs)
[3.979s] Level 1:colcon.colcon_core.environment:checking '/home/npd/Desktop/amr_bot/install/amr_msgs' for CMake module files
[3.982s] Level 1:colcon.colcon_core.environment:checking '/home/npd/Desktop/amr_bot/install/amr_msgs' for CMake config files
[3.984s] DEBUG:colcon.colcon_core.event_handler.log_command:Invoked command in '/home/npd/Desktop/amr_bot/build/amr_msgs' returned '0': CMAKE_PREFIX_PATH=${CMAKE_PREFIX_PATH}:/home/npd/Desktop/amr_bot/install/amr_py_examples:/opt/ros/humble /usr/bin/cmake --install /home/npd/Desktop/amr_bot/build/amr_msgs
[3.987s] Level 1:colcon.colcon_core.shell:create_environment_hook('amr_msgs', 'cmake_prefix_path')
[3.988s] INFO:colcon.colcon_core.shell:Creating environment hook '/home/npd/Desktop/amr_bot/install/amr_msgs/share/amr_msgs/hook/cmake_prefix_path.ps1'
[3.990s] INFO:colcon.colcon_core.shell:Creating environment descriptor '/home/npd/Desktop/amr_bot/install/amr_msgs/share/amr_msgs/hook/cmake_prefix_path.dsv'
[3.992s] INFO:colcon.colcon_core.shell:Creating environment hook '/home/npd/Desktop/amr_bot/install/amr_msgs/share/amr_msgs/hook/cmake_prefix_path.sh'
[3.995s] Level 1:colcon.colcon_core.environment:checking '/home/npd/Desktop/amr_bot/install/amr_msgs/lib'
[3.995s] Level 1:colcon.colcon_core.shell:create_environment_hook('amr_msgs', 'ld_library_path_lib')
[3.997s] INFO:colcon.colcon_core.shell:Creating environment hook '/home/npd/Desktop/amr_bot/install/amr_msgs/share/amr_msgs/hook/ld_library_path_lib.ps1'
[3.999s] INFO:colcon.colcon_core.shell:Creating environment descriptor '/home/npd/Desktop/amr_bot/install/amr_msgs/share/amr_msgs/hook/ld_library_path_lib.dsv'
[4.000s] INFO:colcon.colcon_core.shell:Creating environment hook '/home/npd/Desktop/amr_bot/install/amr_msgs/share/amr_msgs/hook/ld_library_path_lib.sh'
[4.003s] Level 1:colcon.colcon_core.environment:checking '/home/npd/Desktop/amr_bot/install/amr_msgs/bin'
[4.003s] Level 1:colcon.colcon_core.environment:checking '/home/npd/Desktop/amr_bot/install/amr_msgs/lib/pkgconfig/amr_msgs.pc'
[4.004s] Level 1:colcon.colcon_core.environment:checking '/home/npd/Desktop/amr_bot/install/amr_msgs/lib/python3.10/site-packages'
[4.005s] Level 1:colcon.colcon_core.environment:checking '/home/npd/Desktop/amr_bot/install/amr_msgs/bin'
[4.006s] INFO:colcon.colcon_core.shell:Creating package script '/home/npd/Desktop/amr_bot/install/amr_msgs/share/amr_msgs/package.ps1'
[4.008s] INFO:colcon.colcon_core.shell:Creating package descriptor '/home/npd/Desktop/amr_bot/install/amr_msgs/share/amr_msgs/package.dsv'
[4.010s] INFO:colcon.colcon_core.shell:Creating package script '/home/npd/Desktop/amr_bot/install/amr_msgs/share/amr_msgs/package.sh'
[4.014s] INFO:colcon.colcon_core.shell:Creating package script '/home/npd/Desktop/amr_bot/install/amr_msgs/share/amr_msgs/package.bash'
[4.016s] INFO:colcon.colcon_core.shell:Creating package script '/home/npd/Desktop/amr_bot/install/amr_msgs/share/amr_msgs/package.zsh'
[4.017s] Level 1:colcon.colcon_core.environment:create_file_with_runtime_dependencies(/home/npd/Desktop/amr_bot/install/amr_msgs/share/colcon-core/packages/amr_msgs)
[4.019s] Level 1:colcon.colcon_core.environment:create_environment_scripts_only(amr_msgs)
[4.020s] Level 1:colcon.colcon_core.environment:checking '/home/npd/Desktop/amr_bot/install/amr_msgs' for CMake module files
[4.022s] Level 1:colcon.colcon_core.environment:checking '/home/npd/Desktop/amr_bot/install/amr_msgs' for CMake config files
[4.025s] Level 1:colcon.colcon_core.shell:create_environment_hook('amr_msgs', 'cmake_prefix_path')
[4.026s] INFO:colcon.colcon_core.shell:Creating environment hook '/home/npd/Desktop/amr_bot/install/amr_msgs/share/amr_msgs/hook/cmake_prefix_path.ps1'
[4.027s] INFO:colcon.colcon_core.shell:Creating environment descriptor '/home/npd/Desktop/amr_bot/install/amr_msgs/share/amr_msgs/hook/cmake_prefix_path.dsv'
[4.028s] INFO:colcon.colcon_core.shell:Creating environment hook '/home/npd/Desktop/amr_bot/install/amr_msgs/share/amr_msgs/hook/cmake_prefix_path.sh'
[4.030s] Level 1:colcon.colcon_core.environment:checking '/home/npd/Desktop/amr_bot/install/amr_msgs/lib'
[4.030s] Level 1:colcon.colcon_core.shell:create_environment_hook('amr_msgs', 'ld_library_path_lib')
[4.031s] INFO:colcon.colcon_core.shell:Creating environment hook '/home/npd/Desktop/amr_bot/install/amr_msgs/share/amr_msgs/hook/ld_library_path_lib.ps1'
[4.035s] INFO:colcon.colcon_core.shell:Creating environment descriptor '/home/npd/Desktop/amr_bot/install/amr_msgs/share/amr_msgs/hook/ld_library_path_lib.dsv'
[4.036s] INFO:colcon.colcon_core.shell:Creating environment hook '/home/npd/Desktop/amr_bot/install/amr_msgs/share/amr_msgs/hook/ld_library_path_lib.sh'
[4.038s] Level 1:colcon.colcon_core.environment:checking '/home/npd/Desktop/amr_bot/install/amr_msgs/bin'
[4.038s] Level 1:colcon.colcon_core.environment:checking '/home/npd/Desktop/amr_bot/install/amr_msgs/lib/pkgconfig/amr_msgs.pc'
[4.039s] Level 1:colcon.colcon_core.environment:checking '/home/npd/Desktop/amr_bot/install/amr_msgs/lib/python3.10/site-packages'
[4.041s] Level 1:colcon.colcon_core.environment:checking '/home/npd/Desktop/amr_bot/install/amr_msgs/bin'
[4.042s] INFO:colcon.colcon_core.shell:Creating package script '/home/npd/Desktop/amr_bot/install/amr_msgs/share/amr_msgs/package.ps1'
[4.044s] INFO:colcon.colcon_core.shell:Creating package descriptor '/home/npd/Desktop/amr_bot/install/amr_msgs/share/amr_msgs/package.dsv'
[4.046s] INFO:colcon.colcon_core.shell:Creating package script '/home/npd/Desktop/amr_bot/install/amr_msgs/share/amr_msgs/package.sh'
[4.047s] INFO:colcon.colcon_core.shell:Creating package script '/home/npd/Desktop/amr_bot/install/amr_msgs/share/amr_msgs/package.bash'
[4.050s] INFO:colcon.colcon_core.shell:Creating package script '/home/npd/Desktop/amr_bot/install/amr_msgs/share/amr_msgs/package.zsh'
[4.052s] Level 1:colcon.colcon_core.environment:create_file_with_runtime_dependencies(/home/npd/Desktop/amr_bot/install/amr_msgs/share/colcon-core/packages/amr_msgs)
[4.055s] INFO:colcon.colcon_ros.task.ament_python.build:Building ROS package in '/home/npd/Desktop/amr_bot/src/amr_py_examples' with build type 'ament_python'
[4.056s] Level 1:colcon.colcon_core.shell:create_environment_hook('amr_py_examples', 'ament_prefix_path')
[4.057s] INFO:colcon.colcon_core.shell:Creating environment hook '/home/npd/Desktop/amr_bot/install/amr_py_examples/share/amr_py_examples/hook/ament_prefix_path.ps1'
[4.059s] INFO:colcon.colcon_core.shell:Creating environment descriptor '/home/npd/Desktop/amr_bot/install/amr_py_examples/share/amr_py_examples/hook/ament_prefix_path.dsv'
[4.060s] INFO:colcon.colcon_core.shell:Creating environment hook '/home/npd/Desktop/amr_bot/install/amr_py_examples/share/amr_py_examples/hook/ament_prefix_path.sh'
[4.065s] INFO:colcon.colcon_core.shell:Skip shell extension 'powershell' for command environment: Not usable outside of PowerShell
[4.065s] DEBUG:colcon.colcon_core.shell:Skip shell extension 'dsv' for command environment
[4.089s] DEBUG:colcon.colcon_core.event_handler.log_command:Invoked command in '/home/npd/Desktop/amr_bot/build/amr_localization' returned '0': CMAKE_PREFIX_PATH=${CMAKE_PREFIX_PATH}:/home/npd/Desktop/amr_bot/install/amr_py_examples:/opt/ros/humble /usr/bin/cmake --build /home/npd/Desktop/amr_bot/build/amr_localization -- -j4 -l4
[4.101s] DEBUG:colcon.colcon_core.event_handler.log_command:Invoking command in '/home/npd/Desktop/amr_bot/build/amr_localization': CMAKE_PREFIX_PATH=${CMAKE_PREFIX_PATH}:/home/npd/Desktop/amr_bot/install/amr_py_examples:/opt/ros/humble /usr/bin/cmake --install /home/npd/Desktop/amr_bot/build/amr_localization
[4.763s] INFO:colcon.colcon_core.task.python.build:Building Python package in '/home/npd/Desktop/amr_bot/src/amr_py_examples'
[4.764s] INFO:colcon.colcon_core.shell:Skip shell extension 'powershell' for command environment: Not usable outside of PowerShell
[4.764s] DEBUG:colcon.colcon_core.shell:Skip shell extension 'dsv' for command environment
[4.779s] Level 1:colcon.colcon_core.environment:create_environment_scripts_only(amr_localization)
[4.780s] Level 1:colcon.colcon_core.environment:checking '/home/npd/Desktop/amr_bot/install/amr_localization' for CMake module files
[4.782s] DEBUG:colcon.colcon_core.event_handler.log_command:Invoked command in '/home/npd/Desktop/amr_bot/build/amr_localization' returned '0': CMAKE_PREFIX_PATH=${CMAKE_PREFIX_PATH}:/home/npd/Desktop/amr_bot/install/amr_py_examples:/opt/ros/humble /usr/bin/cmake --install /home/npd/Desktop/amr_bot/build/amr_localization
[4.783s] Level 1:colcon.colcon_core.environment:checking '/home/npd/Desktop/amr_bot/install/amr_localization' for CMake config files
[4.784s] Level 1:colcon.colcon_core.shell:create_environment_hook('amr_localization', 'cmake_prefix_path')
[4.787s] INFO:colcon.colcon_core.shell:Creating environment hook '/home/npd/Desktop/amr_bot/install/amr_localization/share/amr_localization/hook/cmake_prefix_path.ps1'
[4.788s] INFO:colcon.colcon_core.shell:Creating environment descriptor '/home/npd/Desktop/amr_bot/install/amr_localization/share/amr_localization/hook/cmake_prefix_path.dsv'
[4.789s] INFO:colcon.colcon_core.shell:Creating environment hook '/home/npd/Desktop/amr_bot/install/amr_localization/share/amr_localization/hook/cmake_prefix_path.sh'
[4.790s] Level 1:colcon.colcon_core.environment:checking '/home/npd/Desktop/amr_bot/install/amr_localization/lib'
[4.791s] Level 1:colcon.colcon_core.environment:checking '/home/npd/Desktop/amr_bot/install/amr_localization/bin'
[4.791s] Level 1:colcon.colcon_core.environment:checking '/home/npd/Desktop/amr_bot/install/amr_localization/lib/pkgconfig/amr_localization.pc'
[4.791s] Level 1:colcon.colcon_core.environment:checking '/home/npd/Desktop/amr_bot/install/amr_localization/lib/python3.10/site-packages'
[4.792s] Level 1:colcon.colcon_core.environment:checking '/home/npd/Desktop/amr_bot/install/amr_localization/bin'
[4.793s] INFO:colcon.colcon_core.shell:Creating package script '/home/npd/Desktop/amr_bot/install/amr_localization/share/amr_localization/package.ps1'
[4.794s] INFO:colcon.colcon_core.shell:Creating package descriptor '/home/npd/Desktop/amr_bot/install/amr_localization/share/amr_localization/package.dsv'
[4.795s] INFO:colcon.colcon_core.shell:Creating package script '/home/npd/Desktop/amr_bot/install/amr_localization/share/amr_localization/package.sh'
[4.796s] INFO:colcon.colcon_core.shell:Creating package script '/home/npd/Desktop/amr_bot/install/amr_localization/share/amr_localization/package.bash'
[4.798s] INFO:colcon.colcon_core.shell:Creating package script '/home/npd/Desktop/amr_bot/install/amr_localization/share/amr_localization/package.zsh'
[4.799s] Level 1:colcon.colcon_core.environment:create_file_with_runtime_dependencies(/home/npd/Desktop/amr_bot/install/amr_localization/share/colcon-core/packages/amr_localization)
[4.800s] Level 1:colcon.colcon_core.environment:create_environment_scripts_only(amr_localization)
[4.801s] Level 1:colcon.colcon_core.environment:checking '/home/npd/Desktop/amr_bot/install/amr_localization' for CMake module files
[4.803s] Level 1:colcon.colcon_core.environment:checking '/home/npd/Desktop/amr_bot/install/amr_localization' for CMake config files
[4.804s] Level 1:colcon.colcon_core.shell:create_environment_hook('amr_localization', 'cmake_prefix_path')
[4.804s] INFO:colcon.colcon_core.shell:Creating environment hook '/home/npd/Desktop/amr_bot/install/amr_localization/share/amr_localization/hook/cmake_prefix_path.ps1'
[4.806s] INFO:colcon.colcon_core.shell:Creating environment descriptor '/home/npd/Desktop/amr_bot/install/amr_localization/share/amr_localization/hook/cmake_prefix_path.dsv'
[4.807s] INFO:colcon.colcon_core.shell:Creating environment hook '/home/npd/Desktop/amr_bot/install/amr_localization/share/amr_localization/hook/cmake_prefix_path.sh'
[4.808s] Level 1:colcon.colcon_core.environment:checking '/home/npd/Desktop/amr_bot/install/amr_localization/lib'
[4.808s] Level 1:colcon.colcon_core.environment:checking '/home/npd/Desktop/amr_bot/install/amr_localization/bin'
[4.808s] Level 1:colcon.colcon_core.environment:checking '/home/npd/Desktop/amr_bot/install/amr_localization/lib/pkgconfig/amr_localization.pc'
[4.809s] Level 1:colcon.colcon_core.environment:checking '/home/npd/Desktop/amr_bot/install/amr_localization/lib/python3.10/site-packages'
[4.810s] Level 1:colcon.colcon_core.environment:checking '/home/npd/Desktop/amr_bot/install/amr_localization/bin'
[4.810s] INFO:colcon.colcon_core.shell:Creating package script '/home/npd/Desktop/amr_bot/install/amr_localization/share/amr_localization/package.ps1'
[4.812s] INFO:colcon.colcon_core.shell:Creating package descriptor '/home/npd/Desktop/amr_bot/install/amr_localization/share/amr_localization/package.dsv'
[4.814s] INFO:colcon.colcon_core.shell:Creating package script '/home/npd/Desktop/amr_bot/install/amr_localization/share/amr_localization/package.sh'
[4.816s] INFO:colcon.colcon_core.shell:Creating package script '/home/npd/Desktop/amr_bot/install/amr_localization/share/amr_localization/package.bash'
[4.817s] INFO:colcon.colcon_core.shell:Creating package script '/home/npd/Desktop/amr_bot/install/amr_localization/share/amr_localization/package.zsh'
[4.818s] Level 1:colcon.colcon_core.environment:create_file_with_runtime_dependencies(/home/npd/Desktop/amr_bot/install/amr_localization/share/colcon-core/packages/amr_localization)
[5.762s] DEBUG:colcon.colcon_core.event_handler.log_command:Invoking command in '/home/npd/Desktop/amr_bot/src/amr_py_examples': CMAKE_PREFIX_PATH=/home/npd/Desktop/amr_bot/install/amr_msgs:/home/npd/Desktop/amr_bot/install/ydlidar_ros2_driver:/home/npd/Desktop/amr_bot/install/amr_localization:/home/npd/Desktop/amr_bot/install/amr_description:/home/npd/Desktop/amr_bot/install/amr_cpp_examples:/home/npd/Desktop/amr_bot/install/amr_controller LD_LIBRARY_PATH=/home/npd/Desktop/amr_bot/install/amr_msgs/lib:/usr/lib/x86_64-linux-gnu/gazebo-11/plugins:/opt/ros/humble/opt/rviz_ogre_vendor/lib:/opt/ros/humble/lib/x86_64-linux-gnu:/opt/ros/humble/lib:/usr/share/gazebo/../../lib/x86_64-linux-gnu/gazebo-11/plugins:/opt/ros/humble/lib PYTHONPATH=/home/npd/Desktop/amr_bot/build/amr_py_examples/prefix_override:/usr/lib/python3/dist-packages/colcon_core/task/python/colcon_distutils_commands:/home/npd/Desktop/amr_bot/install/amr_py_examples/lib/python3.10/site-packages:${PYTHONPATH} /usr/bin/python3 -W ignore:setup.py install is deprecated -W ignore:easy_install command is deprecated setup.py egg_info --egg-base ../../build/amr_py_examples build --build-base /home/npd/Desktop/amr_bot/build/amr_py_examples/build install --record /home/npd/Desktop/amr_bot/build/amr_py_examples/install.log --single-version-externally-managed install_data
[6.459s] Level 1:colcon.colcon_core.environment:checking '/home/npd/Desktop/amr_bot/install/amr_py_examples' for CMake module files
[6.461s] DEBUG:colcon.colcon_core.event_handler.log_command:Invoked command in '/home/npd/Desktop/amr_bot/src/amr_py_examples' returned '0': CMAKE_PREFIX_PATH=/home/npd/Desktop/amr_bot/install/amr_msgs:/home/npd/Desktop/amr_bot/install/ydlidar_ros2_driver:/home/npd/Desktop/amr_bot/install/amr_localization:/home/npd/Desktop/amr_bot/install/amr_description:/home/npd/Desktop/amr_bot/install/amr_cpp_examples:/home/npd/Desktop/amr_bot/install/amr_controller LD_LIBRARY_PATH=/home/npd/Desktop/amr_bot/install/amr_msgs/lib:/usr/lib/x86_64-linux-gnu/gazebo-11/plugins:/opt/ros/humble/opt/rviz_ogre_vendor/lib:/opt/ros/humble/lib/x86_64-linux-gnu:/opt/ros/humble/lib:/usr/share/gazebo/../../lib/x86_64-linux-gnu/gazebo-11/plugins:/opt/ros/humble/lib PYTHONPATH=/home/npd/Desktop/amr_bot/build/amr_py_examples/prefix_override:/usr/lib/python3/dist-packages/colcon_core/task/python/colcon_distutils_commands:/home/npd/Desktop/amr_bot/install/amr_py_examples/lib/python3.10/site-packages:${PYTHONPATH} /usr/bin/python3 -W ignore:setup.py install is deprecated -W ignore:easy_install command is deprecated setup.py egg_info --egg-base ../../build/amr_py_examples build --build-base /home/npd/Desktop/amr_bot/build/amr_py_examples/build install --record /home/npd/Desktop/amr_bot/build/amr_py_examples/install.log --single-version-externally-managed install_data
[6.462s] Level 1:colcon.colcon_core.environment:checking '/home/npd/Desktop/amr_bot/install/amr_py_examples' for CMake config files
[6.464s] Level 1:colcon.colcon_core.environment:checking '/home/npd/Desktop/amr_bot/install/amr_py_examples/lib'
[6.464s] Level 1:colcon.colcon_core.environment:checking '/home/npd/Desktop/amr_bot/install/amr_py_examples/bin'
[6.464s] Level 1:colcon.colcon_core.environment:checking '/home/npd/Desktop/amr_bot/install/amr_py_examples/lib/pkgconfig/amr_py_examples.pc'
[6.465s] Level 1:colcon.colcon_core.environment:checking '/home/npd/Desktop/amr_bot/install/amr_py_examples/lib/python3.10/site-packages'
[6.466s] Level 1:colcon.colcon_core.shell:create_environment_hook('amr_py_examples', 'pythonpath')
[6.466s] INFO:colcon.colcon_core.shell:Creating environment hook '/home/npd/Desktop/amr_bot/install/amr_py_examples/share/amr_py_examples/hook/pythonpath.ps1'
[6.468s] INFO:colcon.colcon_core.shell:Creating environment descriptor '/home/npd/Desktop/amr_bot/install/amr_py_examples/share/amr_py_examples/hook/pythonpath.dsv'
[6.469s] INFO:colcon.colcon_core.shell:Creating environment hook '/home/npd/Desktop/amr_bot/install/amr_py_examples/share/amr_py_examples/hook/pythonpath.sh'
[6.470s] Level 1:colcon.colcon_core.environment:checking '/home/npd/Desktop/amr_bot/install/amr_py_examples/bin'
[6.470s] Level 1:colcon.colcon_core.environment:create_environment_scripts_only(amr_py_examples)
[6.471s] INFO:colcon.colcon_core.shell:Creating package script '/home/npd/Desktop/amr_bot/install/amr_py_examples/share/amr_py_examples/package.ps1'
[6.472s] INFO:colcon.colcon_core.shell:Creating package descriptor '/home/npd/Desktop/amr_bot/install/amr_py_examples/share/amr_py_examples/package.dsv'
[6.473s] INFO:colcon.colcon_core.shell:Creating package script '/home/npd/Desktop/amr_bot/install/amr_py_examples/share/amr_py_examples/package.sh'
[6.474s] INFO:colcon.colcon_core.shell:Creating package script '/home/npd/Desktop/amr_bot/install/amr_py_examples/share/amr_py_examples/package.bash'
[6.475s] INFO:colcon.colcon_core.shell:Creating package script '/home/npd/Desktop/amr_bot/install/amr_py_examples/share/amr_py_examples/package.zsh'
[6.477s] Level 1:colcon.colcon_core.environment:create_file_with_runtime_dependencies(/home/npd/Desktop/amr_bot/install/amr_py_examples/share/colcon-core/packages/amr_py_examples)
[6.477s] DEBUG:colcon.colcon_parallel_executor.executor.parallel:closing loop
[6.478s] DEBUG:colcon.colcon_parallel_executor.executor.parallel:loop closed
[6.478s] DEBUG:colcon.colcon_parallel_executor.executor.parallel:run_until_complete finished with '0'
[6.478s] DEBUG:colcon.colcon_core.event_reactor:joining thread
[6.498s] INFO:colcon.colcon_core.plugin_system:Skipping extension 'colcon_notification.desktop_notification.terminal_notifier': Not used on non-Darwin systems
[6.498s] INFO:colcon.colcon_core.plugin_system:Skipping extension 'colcon_notification.desktop_notification.win32': Not used on non-Windows systems
[6.498s] INFO:colcon.colcon_notification.desktop_notification:Sending desktop notification using 'notify2'
[6.525s] DEBUG:colcon.colcon_core.event_reactor:joined thread
[6.526s] INFO:colcon.colcon_core.shell:Creating prefix script '/home/npd/Desktop/amr_bot/install/local_setup.ps1'
[6.529s] INFO:colcon.colcon_core.shell:Creating prefix util module '/home/npd/Desktop/amr_bot/install/_local_setup_util_ps1.py'
[6.534s] INFO:colcon.colcon_core.shell:Creating prefix chain script '/home/npd/Desktop/amr_bot/install/setup.ps1'
[6.537s] INFO:colcon.colcon_core.shell:Creating prefix script '/home/npd/Desktop/amr_bot/install/local_setup.sh'
[6.539s] INFO:colcon.colcon_core.shell:Creating prefix util module '/home/npd/Desktop/amr_bot/install/_local_setup_util_sh.py'
[6.540s] INFO:colcon.colcon_core.shell:Creating prefix chain script '/home/npd/Desktop/amr_bot/install/setup.sh'
[6.543s] INFO:colcon.colcon_core.shell:Creating prefix script '/home/npd/Desktop/amr_bot/install/local_setup.bash'
[6.544s] INFO:colcon.colcon_core.shell:Creating prefix chain script '/home/npd/Desktop/amr_bot/install/setup.bash'
[6.548s] INFO:colcon.colcon_core.shell:Creating prefix script '/home/npd/Desktop/amr_bot/install/local_setup.zsh'
[6.550s] INFO:colcon.colcon_core.shell:Creating prefix chain script '/home/npd/Desktop/amr_bot/install/setup.zsh'
