[3.913s] Invoking command in '/home/npd/Desktop/amr_bot/src/amr_sensors': PYTHONPATH=/home/npd/Desktop/amr_bot/build/amr_sensors/prefix_override:/usr/lib/python3/dist-packages/colcon_core/task/python/colcon_distutils_commands:/home/npd/Desktop/amr_bot/install/amr_sensors/lib/python3.10/site-packages:${PYTHONPATH} /usr/bin/python3 -W ignore:setup.py install is deprecated -W ignore:easy_install command is deprecated setup.py egg_info --egg-base ../../build/amr_sensors build --build-base /home/npd/Desktop/amr_bot/build/amr_sensors/build install --record /home/npd/Desktop/amr_bot/build/amr_sensors/install.log --single-version-externally-managed install_data
[5.130s] running egg_info
[5.132s] writing ../../build/amr_sensors/amr_sensors.egg-info/PKG-INFO
[5.136s] writing dependency_links to ../../build/amr_sensors/amr_sensors.egg-info/dependency_links.txt
[5.137s] writing entry points to ../../build/amr_sensors/amr_sensors.egg-info/entry_points.txt
[5.137s] writing requirements to ../../build/amr_sensors/amr_sensors.egg-info/requires.txt
[5.137s] writing top-level names to ../../build/amr_sensors/amr_sensors.egg-info/top_level.txt
[5.144s] reading manifest file '../../build/amr_sensors/amr_sensors.egg-info/SOURCES.txt'
[5.145s] writing manifest file '../../build/amr_sensors/amr_sensors.egg-info/SOURCES.txt'
[5.146s] running build
[5.147s] running build_py
[5.151s] running install
[5.152s] running install_lib
[5.154s] running install_data
[5.154s] running install_egg_info
[5.159s] removing '/home/npd/Desktop/amr_bot/install/amr_sensors/lib/python3.10/site-packages/amr_sensors-0.0.0-py3.10.egg-info' (and everything under it)
[5.160s] Copying ../../build/amr_sensors/amr_sensors.egg-info to /home/npd/Desktop/amr_bot/install/amr_sensors/lib/python3.10/site-packages/amr_sensors-0.0.0-py3.10.egg-info
[5.164s] running install_scripts
[5.254s] Installing front_lidar_reader script to /home/npd/Desktop/amr_bot/install/amr_sensors/lib/amr_sensors
[5.255s] writing list of installed files to '/home/npd/Desktop/amr_bot/build/amr_sensors/install.log'
[5.367s] Invoked command in '/home/npd/Desktop/amr_bot/src/amr_sensors' returned '0': PYTHONPATH=/home/npd/Desktop/amr_bot/build/amr_sensors/prefix_override:/usr/lib/python3/dist-packages/colcon_core/task/python/colcon_distutils_commands:/home/npd/Desktop/amr_bot/install/amr_sensors/lib/python3.10/site-packages:${PYTHONPATH} /usr/bin/python3 -W ignore:setup.py install is deprecated -W ignore:easy_install command is deprecated setup.py egg_info --egg-base ../../build/amr_sensors build --build-base /home/npd/Desktop/amr_bot/build/amr_sensors/build install --record /home/npd/Desktop/amr_bot/build/amr_sensors/install.log --single-version-externally-managed install_data
