[0.337s] DEBUG:colcon:Command line arguments: ['/usr/bin/colcon', 'build']
[0.338s] DEBUG:colcon:Parsed command line arguments: Namespace(log_base=None, log_level=None, verb_name='build', build_base='build', install_base='install', merge_install=False, symlink_install=False, test_result_base=None, continue_on_error=False, executor='parallel', parallel_workers=4, event_handlers=None, ignore_user_meta=False, metas=['./colcon.meta'], base_paths=['.'], packages_ignore=None, packages_ignore_regex=None, paths=None, packages_up_to=None, packages_up_to_regex=None, packages_above=None, packages_above_and_dependencies=None, packages_above_depth=None, packages_select_by_dep=None, packages_skip_by_dep=None, packages_skip_up_to=None, packages_select_build_failed=False, packages_skip_build_finished=False, packages_select_test_failures=False, packages_skip_test_passed=False, packages_select=None, packages_skip=None, packages_select_regex=None, packages_skip_regex=None, packages_start=None, packages_end=None, allow_overriding=[], cmake_args=None, cmake_target=None, cmake_target_skip_unavailable=False, cmake_clean_cache=False, cmake_clean_first=False, cmake_force_configure=False, ament_cmake_args=None, catkin_cmake_args=None, catkin_skip_building_tests=False, verb_parser=<colcon_defaults.argument_parser.defaults.DefaultArgumentsDecorator object at 0x7564bcc68910>, verb_extension=<colcon_core.verb.build.BuildVerb object at 0x7564bcc683a0>, main=<bound method BuildVerb.main of <colcon_core.verb.build.BuildVerb object at 0x7564bcc683a0>>)
[0.893s] Level 1:colcon.colcon_core.package_discovery:discover_packages(colcon_meta) check parameters
[0.893s] Level 1:colcon.colcon_core.package_discovery:discover_packages(recursive) check parameters
[0.893s] Level 1:colcon.colcon_core.package_discovery:discover_packages(ignore) check parameters
[0.893s] Level 1:colcon.colcon_core.package_discovery:discover_packages(path) check parameters
[0.893s] Level 1:colcon.colcon_core.package_discovery:discover_packages(colcon_meta) discover
[0.893s] Level 1:colcon.colcon_core.package_discovery:discover_packages(recursive) discover
[0.894s] INFO:colcon.colcon_core.package_discovery:Crawling recursively for packages in '/home/npd/Desktop/amr_bot'
[0.894s] Level 1:colcon.colcon_core.package_identification:_identify(.) by extensions ['ignore', 'ignore_ament_install']
[0.894s] Level 1:colcon.colcon_core.package_identification:_identify(.) by extension 'ignore'
[0.894s] Level 1:colcon.colcon_core.package_identification:_identify(.) by extension 'ignore_ament_install'
[0.895s] Level 1:colcon.colcon_core.package_identification:_identify(.) by extensions ['colcon_pkg']
[0.895s] Level 1:colcon.colcon_core.package_identification:_identify(.) by extension 'colcon_pkg'
[0.895s] Level 1:colcon.colcon_core.package_identification:_identify(.) by extensions ['colcon_meta']
[0.895s] Level 1:colcon.colcon_core.package_identification:_identify(.) by extension 'colcon_meta'
[0.895s] Level 1:colcon.colcon_core.package_identification:_identify(.) by extensions ['ros']
[0.895s] Level 1:colcon.colcon_core.package_identification:_identify(.) by extension 'ros'
[0.928s] Level 1:colcon.colcon_core.package_identification:_identify(.) by extensions ['cmake', 'python']
[0.928s] Level 1:colcon.colcon_core.package_identification:_identify(.) by extension 'cmake'
[0.928s] Level 1:colcon.colcon_core.package_identification:_identify(.) by extension 'python'
[0.928s] Level 1:colcon.colcon_core.package_identification:_identify(.) by extensions ['python_setup_py']
[0.929s] Level 1:colcon.colcon_core.package_identification:_identify(.) by extension 'python_setup_py'
[0.929s] Level 1:colcon.colcon_core.package_identification:_identify(build) by extensions ['ignore', 'ignore_ament_install']
[0.929s] Level 1:colcon.colcon_core.package_identification:_identify(build) by extension 'ignore'
[0.929s] Level 1:colcon.colcon_core.package_identification:_identify(build) ignored
[0.930s] Level 1:colcon.colcon_core.package_identification:_identify(install) by extensions ['ignore', 'ignore_ament_install']
[0.930s] Level 1:colcon.colcon_core.package_identification:_identify(install) by extension 'ignore'
[0.930s] Level 1:colcon.colcon_core.package_identification:_identify(install) ignored
[0.930s] Level 1:colcon.colcon_core.package_identification:_identify(log) by extensions ['ignore', 'ignore_ament_install']
[0.931s] Level 1:colcon.colcon_core.package_identification:_identify(log) by extension 'ignore'
[0.931s] Level 1:colcon.colcon_core.package_identification:_identify(log) ignored
[0.931s] Level 1:colcon.colcon_core.package_identification:_identify(src) by extensions ['ignore', 'ignore_ament_install']
[0.931s] Level 1:colcon.colcon_core.package_identification:_identify(src) by extension 'ignore'
[0.932s] Level 1:colcon.colcon_core.package_identification:_identify(src) by extension 'ignore_ament_install'
[0.932s] Level 1:colcon.colcon_core.package_identification:_identify(src) by extensions ['colcon_pkg']
[0.932s] Level 1:colcon.colcon_core.package_identification:_identify(src) by extension 'colcon_pkg'
[0.932s] Level 1:colcon.colcon_core.package_identification:_identify(src) by extensions ['colcon_meta']
[0.932s] Level 1:colcon.colcon_core.package_identification:_identify(src) by extension 'colcon_meta'
[0.932s] Level 1:colcon.colcon_core.package_identification:_identify(src) by extensions ['ros']
[0.932s] Level 1:colcon.colcon_core.package_identification:_identify(src) by extension 'ros'
[0.932s] Level 1:colcon.colcon_core.package_identification:_identify(src) by extensions ['cmake', 'python']
[0.933s] Level 1:colcon.colcon_core.package_identification:_identify(src) by extension 'cmake'
[0.933s] Level 1:colcon.colcon_core.package_identification:_identify(src) by extension 'python'
[0.933s] Level 1:colcon.colcon_core.package_identification:_identify(src) by extensions ['python_setup_py']
[0.933s] Level 1:colcon.colcon_core.package_identification:_identify(src) by extension 'python_setup_py'
[0.933s] Level 1:colcon.colcon_core.package_identification:_identify(src/amr_controller) by extensions ['ignore', 'ignore_ament_install']
[0.933s] Level 1:colcon.colcon_core.package_identification:_identify(src/amr_controller) by extension 'ignore'
[0.934s] Level 1:colcon.colcon_core.package_identification:_identify(src/amr_controller) by extension 'ignore_ament_install'
[0.934s] Level 1:colcon.colcon_core.package_identification:_identify(src/amr_controller) by extensions ['colcon_pkg']
[0.934s] Level 1:colcon.colcon_core.package_identification:_identify(src/amr_controller) by extension 'colcon_pkg'
[0.935s] Level 1:colcon.colcon_core.package_identification:_identify(src/amr_controller) by extensions ['colcon_meta']
[0.935s] Level 1:colcon.colcon_core.package_identification:_identify(src/amr_controller) by extension 'colcon_meta'
[0.936s] Level 1:colcon.colcon_core.package_identification:_identify(src/amr_controller) by extensions ['ros']
[0.936s] Level 1:colcon.colcon_core.package_identification:_identify(src/amr_controller) by extension 'ros'
[0.944s] DEBUG:colcon.colcon_core.package_identification:Package 'src/amr_controller' with type 'ros.ament_cmake' and name 'amr_controller'
[0.944s] Level 1:colcon.colcon_core.package_identification:_identify(src/amr_cpp_examples) by extensions ['ignore', 'ignore_ament_install']
[0.945s] Level 1:colcon.colcon_core.package_identification:_identify(src/amr_cpp_examples) by extension 'ignore'
[0.945s] Level 1:colcon.colcon_core.package_identification:_identify(src/amr_cpp_examples) by extension 'ignore_ament_install'
[0.945s] Level 1:colcon.colcon_core.package_identification:_identify(src/amr_cpp_examples) by extensions ['colcon_pkg']
[0.945s] Level 1:colcon.colcon_core.package_identification:_identify(src/amr_cpp_examples) by extension 'colcon_pkg'
[0.945s] Level 1:colcon.colcon_core.package_identification:_identify(src/amr_cpp_examples) by extensions ['colcon_meta']
[0.945s] Level 1:colcon.colcon_core.package_identification:_identify(src/amr_cpp_examples) by extension 'colcon_meta'
[0.945s] Level 1:colcon.colcon_core.package_identification:_identify(src/amr_cpp_examples) by extensions ['ros']
[0.945s] Level 1:colcon.colcon_core.package_identification:_identify(src/amr_cpp_examples) by extension 'ros'
[0.947s] DEBUG:colcon.colcon_core.package_identification:Package 'src/amr_cpp_examples' with type 'ros.ament_cmake' and name 'amr_cpp_examples'
[0.948s] Level 1:colcon.colcon_core.package_identification:_identify(src/amr_description) by extensions ['ignore', 'ignore_ament_install']
[0.949s] Level 1:colcon.colcon_core.package_identification:_identify(src/amr_description) by extension 'ignore'
[0.949s] Level 1:colcon.colcon_core.package_identification:_identify(src/amr_description) by extension 'ignore_ament_install'
[0.949s] Level 1:colcon.colcon_core.package_identification:_identify(src/amr_description) by extensions ['colcon_pkg']
[0.949s] Level 1:colcon.colcon_core.package_identification:_identify(src/amr_description) by extension 'colcon_pkg'
[0.949s] Level 1:colcon.colcon_core.package_identification:_identify(src/amr_description) by extensions ['colcon_meta']
[0.950s] Level 1:colcon.colcon_core.package_identification:_identify(src/amr_description) by extension 'colcon_meta'
[0.950s] Level 1:colcon.colcon_core.package_identification:_identify(src/amr_description) by extensions ['ros']
[0.950s] Level 1:colcon.colcon_core.package_identification:_identify(src/amr_description) by extension 'ros'
[0.956s] DEBUG:colcon.colcon_core.package_identification:Package 'src/amr_description' with type 'ros.ament_cmake' and name 'amr_description'
[0.957s] Level 1:colcon.colcon_core.package_identification:_identify(src/amr_msgs) by extensions ['ignore', 'ignore_ament_install']
[0.957s] Level 1:colcon.colcon_core.package_identification:_identify(src/amr_msgs) by extension 'ignore'
[0.957s] Level 1:colcon.colcon_core.package_identification:_identify(src/amr_msgs) by extension 'ignore_ament_install'
[0.957s] Level 1:colcon.colcon_core.package_identification:_identify(src/amr_msgs) by extensions ['colcon_pkg']
[0.957s] Level 1:colcon.colcon_core.package_identification:_identify(src/amr_msgs) by extension 'colcon_pkg'
[0.958s] Level 1:colcon.colcon_core.package_identification:_identify(src/amr_msgs) by extensions ['colcon_meta']
[0.958s] Level 1:colcon.colcon_core.package_identification:_identify(src/amr_msgs) by extension 'colcon_meta'
[0.958s] Level 1:colcon.colcon_core.package_identification:_identify(src/amr_msgs) by extensions ['ros']
[0.958s] Level 1:colcon.colcon_core.package_identification:_identify(src/amr_msgs) by extension 'ros'
[0.960s] DEBUG:colcon.colcon_core.package_identification:Package 'src/amr_msgs' with type 'ros.ament_cmake' and name 'amr_msgs'
[0.961s] Level 1:colcon.colcon_core.package_identification:_identify(src/amr_py_examples) by extensions ['ignore', 'ignore_ament_install']
[0.961s] Level 1:colcon.colcon_core.package_identification:_identify(src/amr_py_examples) by extension 'ignore'
[0.961s] Level 1:colcon.colcon_core.package_identification:_identify(src/amr_py_examples) by extension 'ignore_ament_install'
[0.961s] Level 1:colcon.colcon_core.package_identification:_identify(src/amr_py_examples) by extensions ['colcon_pkg']
[0.961s] Level 1:colcon.colcon_core.package_identification:_identify(src/amr_py_examples) by extension 'colcon_pkg'
[0.962s] Level 1:colcon.colcon_core.package_identification:_identify(src/amr_py_examples) by extensions ['colcon_meta']
[0.962s] Level 1:colcon.colcon_core.package_identification:_identify(src/amr_py_examples) by extension 'colcon_meta'
[0.962s] Level 1:colcon.colcon_core.package_identification:_identify(src/amr_py_examples) by extensions ['ros']
[0.962s] Level 1:colcon.colcon_core.package_identification:_identify(src/amr_py_examples) by extension 'ros'
[0.964s] DEBUG:colcon.colcon_core.package_identification:Package 'src/amr_py_examples' with type 'ros.ament_python' and name 'amr_py_examples'
[0.964s] Level 1:colcon.colcon_core.package_identification:_identify(src/build) by extensions ['ignore', 'ignore_ament_install']
[0.964s] Level 1:colcon.colcon_core.package_identification:_identify(src/build) by extension 'ignore'
[0.965s] Level 1:colcon.colcon_core.package_identification:_identify(src/build) ignored
[0.965s] Level 1:colcon.colcon_core.package_identification:_identify(src/install) by extensions ['ignore', 'ignore_ament_install']
[0.965s] Level 1:colcon.colcon_core.package_identification:_identify(src/install) by extension 'ignore'
[0.965s] Level 1:colcon.colcon_core.package_identification:_identify(src/install) ignored
[0.966s] Level 1:colcon.colcon_core.package_identification:_identify(src/log) by extensions ['ignore', 'ignore_ament_install']
[0.966s] Level 1:colcon.colcon_core.package_identification:_identify(src/log) by extension 'ignore'
[0.966s] Level 1:colcon.colcon_core.package_identification:_identify(src/log) ignored
[0.966s] Level 1:colcon.colcon_core.package_discovery:discover_packages(recursive) using defaults
[0.966s] Level 1:colcon.colcon_core.package_discovery:discover_packages(ignore) discover
[0.966s] Level 1:colcon.colcon_core.package_discovery:discover_packages(ignore) using defaults
[0.966s] Level 1:colcon.colcon_core.package_discovery:discover_packages(path) discover
[0.966s] Level 1:colcon.colcon_core.package_discovery:discover_packages(path) using defaults
[1.049s] Level 1:colcon.colcon_core.package_discovery:discover_packages(prefix_path) check parameters
[1.049s] Level 1:colcon.colcon_core.package_discovery:discover_packages(prefix_path) discover
[1.056s] DEBUG:colcon.colcon_installed_package_information.package_discovery:Found 5 installed packages in /home/npd/Desktop/amr_bot/install
[1.061s] DEBUG:colcon.colcon_installed_package_information.package_discovery:Found 365 installed packages in /opt/ros/humble
[1.068s] Level 1:colcon.colcon_core.package_discovery:discover_packages(prefix_path) using defaults
[1.239s] Level 5:colcon.colcon_core.verb:set package 'amr_controller' build argument 'cmake_args' from command line to 'None'
[1.239s] Level 5:colcon.colcon_core.verb:set package 'amr_controller' build argument 'cmake_target' from command line to 'None'
[1.239s] Level 5:colcon.colcon_core.verb:set package 'amr_controller' build argument 'cmake_target_skip_unavailable' from command line to 'False'
[1.239s] Level 5:colcon.colcon_core.verb:set package 'amr_controller' build argument 'cmake_clean_cache' from command line to 'False'
[1.239s] Level 5:colcon.colcon_core.verb:set package 'amr_controller' build argument 'cmake_clean_first' from command line to 'False'
[1.240s] Level 5:colcon.colcon_core.verb:set package 'amr_controller' build argument 'cmake_force_configure' from command line to 'False'
[1.240s] Level 5:colcon.colcon_core.verb:set package 'amr_controller' build argument 'ament_cmake_args' from command line to 'None'
[1.240s] Level 5:colcon.colcon_core.verb:set package 'amr_controller' build argument 'catkin_cmake_args' from command line to 'None'
[1.240s] Level 5:colcon.colcon_core.verb:set package 'amr_controller' build argument 'catkin_skip_building_tests' from command line to 'False'
[1.240s] DEBUG:colcon.colcon_core.verb:Building package 'amr_controller' with the following arguments: {'ament_cmake_args': None, 'build_base': '/home/npd/Desktop/amr_bot/build/amr_controller', 'catkin_cmake_args': None, 'catkin_skip_building_tests': False, 'cmake_args': None, 'cmake_clean_cache': False, 'cmake_clean_first': False, 'cmake_force_configure': False, 'cmake_target': None, 'cmake_target_skip_unavailable': False, 'install_base': '/home/npd/Desktop/amr_bot/install/amr_controller', 'merge_install': False, 'path': '/home/npd/Desktop/amr_bot/src/amr_controller', 'symlink_install': False, 'test_result_base': None}
[1.241s] Level 5:colcon.colcon_core.verb:set package 'amr_cpp_examples' build argument 'cmake_args' from command line to 'None'
[1.242s] Level 5:colcon.colcon_core.verb:set package 'amr_cpp_examples' build argument 'cmake_target' from command line to 'None'
[1.242s] Level 5:colcon.colcon_core.verb:set package 'amr_cpp_examples' build argument 'cmake_target_skip_unavailable' from command line to 'False'
[1.242s] Level 5:colcon.colcon_core.verb:set package 'amr_cpp_examples' build argument 'cmake_clean_cache' from command line to 'False'
[1.242s] Level 5:colcon.colcon_core.verb:set package 'amr_cpp_examples' build argument 'cmake_clean_first' from command line to 'False'
[1.242s] Level 5:colcon.colcon_core.verb:set package 'amr_cpp_examples' build argument 'cmake_force_configure' from command line to 'False'
[1.242s] Level 5:colcon.colcon_core.verb:set package 'amr_cpp_examples' build argument 'ament_cmake_args' from command line to 'None'
[1.242s] Level 5:colcon.colcon_core.verb:set package 'amr_cpp_examples' build argument 'catkin_cmake_args' from command line to 'None'
[1.242s] Level 5:colcon.colcon_core.verb:set package 'amr_cpp_examples' build argument 'catkin_skip_building_tests' from command line to 'False'
[1.242s] DEBUG:colcon.colcon_core.verb:Building package 'amr_cpp_examples' with the following arguments: {'ament_cmake_args': None, 'build_base': '/home/npd/Desktop/amr_bot/build/amr_cpp_examples', 'catkin_cmake_args': None, 'catkin_skip_building_tests': False, 'cmake_args': None, 'cmake_clean_cache': False, 'cmake_clean_first': False, 'cmake_force_configure': False, 'cmake_target': None, 'cmake_target_skip_unavailable': False, 'install_base': '/home/npd/Desktop/amr_bot/install/amr_cpp_examples', 'merge_install': False, 'path': '/home/npd/Desktop/amr_bot/src/amr_cpp_examples', 'symlink_install': False, 'test_result_base': None}
[1.243s] Level 5:colcon.colcon_core.verb:set package 'amr_description' build argument 'cmake_args' from command line to 'None'
[1.244s] Level 5:colcon.colcon_core.verb:set package 'amr_description' build argument 'cmake_target' from command line to 'None'
[1.244s] Level 5:colcon.colcon_core.verb:set package 'amr_description' build argument 'cmake_target_skip_unavailable' from command line to 'False'
[1.244s] Level 5:colcon.colcon_core.verb:set package 'amr_description' build argument 'cmake_clean_cache' from command line to 'False'
[1.244s] Level 5:colcon.colcon_core.verb:set package 'amr_description' build argument 'cmake_clean_first' from command line to 'False'
[1.244s] Level 5:colcon.colcon_core.verb:set package 'amr_description' build argument 'cmake_force_configure' from command line to 'False'
[1.244s] Level 5:colcon.colcon_core.verb:set package 'amr_description' build argument 'ament_cmake_args' from command line to 'None'
[1.244s] Level 5:colcon.colcon_core.verb:set package 'amr_description' build argument 'catkin_cmake_args' from command line to 'None'
[1.244s] Level 5:colcon.colcon_core.verb:set package 'amr_description' build argument 'catkin_skip_building_tests' from command line to 'False'
[1.245s] DEBUG:colcon.colcon_core.verb:Building package 'amr_description' with the following arguments: {'ament_cmake_args': None, 'build_base': '/home/npd/Desktop/amr_bot/build/amr_description', 'catkin_cmake_args': None, 'catkin_skip_building_tests': False, 'cmake_args': None, 'cmake_clean_cache': False, 'cmake_clean_first': False, 'cmake_force_configure': False, 'cmake_target': None, 'cmake_target_skip_unavailable': False, 'install_base': '/home/npd/Desktop/amr_bot/install/amr_description', 'merge_install': False, 'path': '/home/npd/Desktop/amr_bot/src/amr_description', 'symlink_install': False, 'test_result_base': None}
[1.246s] Level 5:colcon.colcon_core.verb:set package 'amr_msgs' build argument 'cmake_args' from command line to 'None'
[1.246s] Level 5:colcon.colcon_core.verb:set package 'amr_msgs' build argument 'cmake_target' from command line to 'None'
[1.246s] Level 5:colcon.colcon_core.verb:set package 'amr_msgs' build argument 'cmake_target_skip_unavailable' from command line to 'False'
[1.246s] Level 5:colcon.colcon_core.verb:set package 'amr_msgs' build argument 'cmake_clean_cache' from command line to 'False'
[1.246s] Level 5:colcon.colcon_core.verb:set package 'amr_msgs' build argument 'cmake_clean_first' from command line to 'False'
[1.246s] Level 5:colcon.colcon_core.verb:set package 'amr_msgs' build argument 'cmake_force_configure' from command line to 'False'
[1.246s] Level 5:colcon.colcon_core.verb:set package 'amr_msgs' build argument 'ament_cmake_args' from command line to 'None'
[1.246s] Level 5:colcon.colcon_core.verb:set package 'amr_msgs' build argument 'catkin_cmake_args' from command line to 'None'
[1.246s] Level 5:colcon.colcon_core.verb:set package 'amr_msgs' build argument 'catkin_skip_building_tests' from command line to 'False'
[1.247s] DEBUG:colcon.colcon_core.verb:Building package 'amr_msgs' with the following arguments: {'ament_cmake_args': None, 'build_base': '/home/npd/Desktop/amr_bot/build/amr_msgs', 'catkin_cmake_args': None, 'catkin_skip_building_tests': False, 'cmake_args': None, 'cmake_clean_cache': False, 'cmake_clean_first': False, 'cmake_force_configure': False, 'cmake_target': None, 'cmake_target_skip_unavailable': False, 'install_base': '/home/npd/Desktop/amr_bot/install/amr_msgs', 'merge_install': False, 'path': '/home/npd/Desktop/amr_bot/src/amr_msgs', 'symlink_install': False, 'test_result_base': None}
[1.248s] Level 5:colcon.colcon_core.verb:set package 'amr_py_examples' build argument 'cmake_args' from command line to 'None'
[1.248s] Level 5:colcon.colcon_core.verb:set package 'amr_py_examples' build argument 'cmake_target' from command line to 'None'
[1.248s] Level 5:colcon.colcon_core.verb:set package 'amr_py_examples' build argument 'cmake_target_skip_unavailable' from command line to 'False'
[1.248s] Level 5:colcon.colcon_core.verb:set package 'amr_py_examples' build argument 'cmake_clean_cache' from command line to 'False'
[1.248s] Level 5:colcon.colcon_core.verb:set package 'amr_py_examples' build argument 'cmake_clean_first' from command line to 'False'
[1.248s] Level 5:colcon.colcon_core.verb:set package 'amr_py_examples' build argument 'cmake_force_configure' from command line to 'False'
[1.248s] Level 5:colcon.colcon_core.verb:set package 'amr_py_examples' build argument 'ament_cmake_args' from command line to 'None'
[1.248s] Level 5:colcon.colcon_core.verb:set package 'amr_py_examples' build argument 'catkin_cmake_args' from command line to 'None'
[1.248s] Level 5:colcon.colcon_core.verb:set package 'amr_py_examples' build argument 'catkin_skip_building_tests' from command line to 'False'
[1.248s] DEBUG:colcon.colcon_core.verb:Building package 'amr_py_examples' with the following arguments: {'ament_cmake_args': None, 'build_base': '/home/npd/Desktop/amr_bot/build/amr_py_examples', 'catkin_cmake_args': None, 'catkin_skip_building_tests': False, 'cmake_args': None, 'cmake_clean_cache': False, 'cmake_clean_first': False, 'cmake_force_configure': False, 'cmake_target': None, 'cmake_target_skip_unavailable': False, 'install_base': '/home/npd/Desktop/amr_bot/install/amr_py_examples', 'merge_install': False, 'path': '/home/npd/Desktop/amr_bot/src/amr_py_examples', 'symlink_install': False, 'test_result_base': None}
[1.249s] INFO:colcon.colcon_core.executor:Executing jobs using 'parallel' executor
[1.251s] DEBUG:colcon.colcon_parallel_executor.executor.parallel:run_until_complete
[1.252s] INFO:colcon.colcon_ros.task.ament_cmake.build:Building ROS package in '/home/npd/Desktop/amr_bot/src/amr_msgs' with build type 'ament_cmake'
[1.253s] INFO:colcon.colcon_cmake.task.cmake.build:Building CMake package in '/home/npd/Desktop/amr_bot/src/amr_msgs'
[1.262s] INFO:colcon.colcon_core.plugin_system:Skipping extension 'colcon_core.shell.bat': Not used on non-Windows systems
[1.262s] INFO:colcon.colcon_core.shell:Skip shell extension 'powershell' for command environment: Not usable outside of PowerShell
[1.262s] DEBUG:colcon.colcon_core.shell:Skip shell extension 'dsv' for command environment
[1.274s] INFO:colcon.colcon_ros.task.ament_cmake.build:Building ROS package in '/home/npd/Desktop/amr_bot/src/amr_controller' with build type 'ament_cmake'
[1.275s] INFO:colcon.colcon_cmake.task.cmake.build:Building CMake package in '/home/npd/Desktop/amr_bot/src/amr_controller'
[1.276s] INFO:colcon.colcon_core.shell:Skip shell extension 'powershell' for command environment: Not usable outside of PowerShell
[1.277s] DEBUG:colcon.colcon_core.shell:Skip shell extension 'dsv' for command environment
[1.288s] INFO:colcon.colcon_ros.task.ament_cmake.build:Building ROS package in '/home/npd/Desktop/amr_bot/src/amr_cpp_examples' with build type 'ament_cmake'
[1.289s] INFO:colcon.colcon_cmake.task.cmake.build:Building CMake package in '/home/npd/Desktop/amr_bot/src/amr_cpp_examples'
[1.290s] INFO:colcon.colcon_core.shell:Skip shell extension 'powershell' for command environment: Not usable outside of PowerShell
[1.290s] DEBUG:colcon.colcon_core.shell:Skip shell extension 'dsv' for command environment
[1.302s] INFO:colcon.colcon_ros.task.ament_cmake.build:Building ROS package in '/home/npd/Desktop/amr_bot/src/amr_description' with build type 'ament_cmake'
[1.304s] INFO:colcon.colcon_cmake.task.cmake.build:Building CMake package in '/home/npd/Desktop/amr_bot/src/amr_description'
[1.305s] INFO:colcon.colcon_core.shell:Skip shell extension 'powershell' for command environment: Not usable outside of PowerShell
[1.305s] DEBUG:colcon.colcon_core.shell:Skip shell extension 'dsv' for command environment
[1.341s] DEBUG:colcon.colcon_core.event_handler.log_command:Invoking command in '/home/npd/Desktop/amr_bot/build/amr_msgs': CMAKE_PREFIX_PATH=${CMAKE_PREFIX_PATH}:/home/npd/Desktop/amr_bot/install/amr_py_examples:/opt/ros/humble /usr/bin/cmake --build /home/npd/Desktop/amr_bot/build/amr_msgs -- -j4 -l4
[1.363s] DEBUG:colcon.colcon_core.event_handler.log_command:Invoking command in '/home/npd/Desktop/amr_bot/build/amr_controller': CMAKE_PREFIX_PATH=${CMAKE_PREFIX_PATH}:/home/npd/Desktop/amr_bot/install/amr_py_examples:/opt/ros/humble /usr/bin/cmake --build /home/npd/Desktop/amr_bot/build/amr_controller -- -j4 -l4
[1.376s] DEBUG:colcon.colcon_core.event_handler.log_command:Invoking command in '/home/npd/Desktop/amr_bot/build/amr_cpp_examples': CMAKE_PREFIX_PATH=${CMAKE_PREFIX_PATH}:/home/npd/Desktop/amr_bot/install/amr_py_examples:/opt/ros/humble /usr/bin/cmake --build /home/npd/Desktop/amr_bot/build/amr_cpp_examples -- -j4 -l4
[1.412s] DEBUG:colcon.colcon_core.event_handler.log_command:Invoking command in '/home/npd/Desktop/amr_bot/build/amr_description': CMAKE_PREFIX_PATH=${CMAKE_PREFIX_PATH}:/home/npd/Desktop/amr_bot/install/amr_py_examples:/opt/ros/humble /usr/bin/cmake --build /home/npd/Desktop/amr_bot/build/amr_description -- -j4 -l4
[1.590s] DEBUG:colcon.colcon_core.event_handler.log_command:Invoked command in '/home/npd/Desktop/amr_bot/build/amr_cpp_examples' returned '0': CMAKE_PREFIX_PATH=${CMAKE_PREFIX_PATH}:/home/npd/Desktop/amr_bot/install/amr_py_examples:/opt/ros/humble /usr/bin/cmake --build /home/npd/Desktop/amr_bot/build/amr_cpp_examples -- -j4 -l4
[1.663s] DEBUG:colcon.colcon_core.event_handler.log_command:Invoking command in '/home/npd/Desktop/amr_bot/build/amr_cpp_examples': CMAKE_PREFIX_PATH=${CMAKE_PREFIX_PATH}:/home/npd/Desktop/amr_bot/install/amr_py_examples:/opt/ros/humble /usr/bin/cmake --install /home/npd/Desktop/amr_bot/build/amr_cpp_examples
[1.686s] DEBUG:colcon.colcon_core.event_handler.log_command:Invoked command in '/home/npd/Desktop/amr_bot/build/amr_description' returned '0': CMAKE_PREFIX_PATH=${CMAKE_PREFIX_PATH}:/home/npd/Desktop/amr_bot/install/amr_py_examples:/opt/ros/humble /usr/bin/cmake --build /home/npd/Desktop/amr_bot/build/amr_description -- -j4 -l4
[1.698s] DEBUG:colcon.colcon_core.event_handler.log_command:Invoking command in '/home/npd/Desktop/amr_bot/build/amr_description': CMAKE_PREFIX_PATH=${CMAKE_PREFIX_PATH}:/home/npd/Desktop/amr_bot/install/amr_py_examples:/opt/ros/humble /usr/bin/cmake --install /home/npd/Desktop/amr_bot/build/amr_description
[1.732s] Level 1:colcon.colcon_core.environment:create_environment_scripts_only(amr_cpp_examples)
[1.739s] DEBUG:colcon.colcon_core.event_handler.log_command:Invoked command in '/home/npd/Desktop/amr_bot/build/amr_cpp_examples' returned '0': CMAKE_PREFIX_PATH=${CMAKE_PREFIX_PATH}:/home/npd/Desktop/amr_bot/install/amr_py_examples:/opt/ros/humble /usr/bin/cmake --install /home/npd/Desktop/amr_bot/build/amr_cpp_examples
[1.756s] Level 1:colcon.colcon_core.environment:checking '/home/npd/Desktop/amr_bot/install/amr_cpp_examples' for CMake module files
[1.763s] Level 1:colcon.colcon_core.environment:checking '/home/npd/Desktop/amr_bot/install/amr_cpp_examples' for CMake config files
[1.764s] Level 1:colcon.colcon_core.shell:create_environment_hook('amr_cpp_examples', 'cmake_prefix_path')
[1.773s] INFO:colcon.colcon_core.shell:Creating environment hook '/home/npd/Desktop/amr_bot/install/amr_cpp_examples/share/amr_cpp_examples/hook/cmake_prefix_path.ps1'
[1.778s] INFO:colcon.colcon_core.shell:Creating environment descriptor '/home/npd/Desktop/amr_bot/install/amr_cpp_examples/share/amr_cpp_examples/hook/cmake_prefix_path.dsv'
[1.786s] INFO:colcon.colcon_core.shell:Creating environment hook '/home/npd/Desktop/amr_bot/install/amr_cpp_examples/share/amr_cpp_examples/hook/cmake_prefix_path.sh'
[1.794s] Level 1:colcon.colcon_core.environment:checking '/home/npd/Desktop/amr_bot/install/amr_cpp_examples/bin'
[1.794s] Level 1:colcon.colcon_core.environment:checking '/home/npd/Desktop/amr_bot/install/amr_cpp_examples/lib/pkgconfig/amr_cpp_examples.pc'
[1.802s] Level 1:colcon.colcon_core.environment:checking '/home/npd/Desktop/amr_bot/install/amr_cpp_examples/lib/python3.10/site-packages'
[1.804s] Level 1:colcon.colcon_core.environment:checking '/home/npd/Desktop/amr_bot/install/amr_cpp_examples/bin'
[1.808s] INFO:colcon.colcon_core.shell:Creating package script '/home/npd/Desktop/amr_bot/install/amr_cpp_examples/share/amr_cpp_examples/package.ps1'
[1.818s] INFO:colcon.colcon_core.shell:Creating package descriptor '/home/npd/Desktop/amr_bot/install/amr_cpp_examples/share/amr_cpp_examples/package.dsv'
[1.834s] INFO:colcon.colcon_core.shell:Creating package script '/home/npd/Desktop/amr_bot/install/amr_cpp_examples/share/amr_cpp_examples/package.sh'
[1.846s] INFO:colcon.colcon_core.shell:Creating package script '/home/npd/Desktop/amr_bot/install/amr_cpp_examples/share/amr_cpp_examples/package.bash'
[1.859s] INFO:colcon.colcon_core.shell:Creating package script '/home/npd/Desktop/amr_bot/install/amr_cpp_examples/share/amr_cpp_examples/package.zsh'
[1.869s] Level 1:colcon.colcon_core.environment:create_file_with_runtime_dependencies(/home/npd/Desktop/amr_bot/install/amr_cpp_examples/share/colcon-core/packages/amr_cpp_examples)
[1.875s] Level 1:colcon.colcon_core.environment:create_environment_scripts_only(amr_cpp_examples)
[1.878s] Level 1:colcon.colcon_core.environment:checking '/home/npd/Desktop/amr_bot/install/amr_cpp_examples' for CMake module files
[1.892s] Level 1:colcon.colcon_core.environment:checking '/home/npd/Desktop/amr_bot/install/amr_cpp_examples' for CMake config files
[1.895s] Level 1:colcon.colcon_core.shell:create_environment_hook('amr_cpp_examples', 'cmake_prefix_path')
[1.897s] INFO:colcon.colcon_core.shell:Creating environment hook '/home/npd/Desktop/amr_bot/install/amr_cpp_examples/share/amr_cpp_examples/hook/cmake_prefix_path.ps1'
[1.901s] INFO:colcon.colcon_core.shell:Creating environment descriptor '/home/npd/Desktop/amr_bot/install/amr_cpp_examples/share/amr_cpp_examples/hook/cmake_prefix_path.dsv'
[1.910s] INFO:colcon.colcon_core.shell:Creating environment hook '/home/npd/Desktop/amr_bot/install/amr_cpp_examples/share/amr_cpp_examples/hook/cmake_prefix_path.sh'
[1.921s] Level 1:colcon.colcon_core.environment:checking '/home/npd/Desktop/amr_bot/install/amr_cpp_examples/bin'
[1.922s] Level 1:colcon.colcon_core.environment:checking '/home/npd/Desktop/amr_bot/install/amr_cpp_examples/lib/pkgconfig/amr_cpp_examples.pc'
[1.923s] Level 1:colcon.colcon_core.environment:checking '/home/npd/Desktop/amr_bot/install/amr_cpp_examples/lib/python3.10/site-packages'
[1.924s] Level 1:colcon.colcon_core.environment:checking '/home/npd/Desktop/amr_bot/install/amr_cpp_examples/bin'
[1.928s] INFO:colcon.colcon_core.shell:Creating package script '/home/npd/Desktop/amr_bot/install/amr_cpp_examples/share/amr_cpp_examples/package.ps1'
[1.931s] INFO:colcon.colcon_core.shell:Creating package descriptor '/home/npd/Desktop/amr_bot/install/amr_cpp_examples/share/amr_cpp_examples/package.dsv'
[1.946s] INFO:colcon.colcon_core.shell:Creating package script '/home/npd/Desktop/amr_bot/install/amr_cpp_examples/share/amr_cpp_examples/package.sh'
[1.949s] INFO:colcon.colcon_core.shell:Creating package script '/home/npd/Desktop/amr_bot/install/amr_cpp_examples/share/amr_cpp_examples/package.bash'
[1.959s] INFO:colcon.colcon_core.shell:Creating package script '/home/npd/Desktop/amr_bot/install/amr_cpp_examples/share/amr_cpp_examples/package.zsh'
[1.965s] Level 1:colcon.colcon_core.environment:create_file_with_runtime_dependencies(/home/npd/Desktop/amr_bot/install/amr_cpp_examples/share/colcon-core/packages/amr_cpp_examples)
[1.969s] Level 1:colcon.colcon_core.environment:create_environment_scripts_only(amr_description)
[1.970s] Level 1:colcon.colcon_core.environment:checking '/home/npd/Desktop/amr_bot/install/amr_description' for CMake module files
[1.986s] DEBUG:colcon.colcon_core.event_handler.log_command:Invoked command in '/home/npd/Desktop/amr_bot/build/amr_description' returned '0': CMAKE_PREFIX_PATH=${CMAKE_PREFIX_PATH}:/home/npd/Desktop/amr_bot/install/amr_py_examples:/opt/ros/humble /usr/bin/cmake --install /home/npd/Desktop/amr_bot/build/amr_description
[1.986s] Level 1:colcon.colcon_core.environment:checking '/home/npd/Desktop/amr_bot/install/amr_description' for CMake config files
[1.989s] Level 1:colcon.colcon_core.shell:create_environment_hook('amr_description', 'cmake_prefix_path')
[1.994s] INFO:colcon.colcon_core.shell:Creating environment hook '/home/npd/Desktop/amr_bot/install/amr_description/share/amr_description/hook/cmake_prefix_path.ps1'
[2.000s] INFO:colcon.colcon_core.shell:Creating environment descriptor '/home/npd/Desktop/amr_bot/install/amr_description/share/amr_description/hook/cmake_prefix_path.dsv'
[2.004s] INFO:colcon.colcon_core.shell:Creating environment hook '/home/npd/Desktop/amr_bot/install/amr_description/share/amr_description/hook/cmake_prefix_path.sh'
[2.011s] Level 1:colcon.colcon_core.environment:checking '/home/npd/Desktop/amr_bot/install/amr_description/bin'
[2.011s] Level 1:colcon.colcon_core.environment:checking '/home/npd/Desktop/amr_bot/install/amr_description/lib/pkgconfig/amr_description.pc'
[2.012s] Level 1:colcon.colcon_core.environment:checking '/home/npd/Desktop/amr_bot/install/amr_description/lib/python3.10/site-packages'
[2.013s] Level 1:colcon.colcon_core.environment:checking '/home/npd/Desktop/amr_bot/install/amr_description/bin'
[2.014s] INFO:colcon.colcon_core.shell:Creating package script '/home/npd/Desktop/amr_bot/install/amr_description/share/amr_description/package.ps1'
[2.016s] INFO:colcon.colcon_core.shell:Creating package descriptor '/home/npd/Desktop/amr_bot/install/amr_description/share/amr_description/package.dsv'
[2.017s] INFO:colcon.colcon_core.shell:Creating package script '/home/npd/Desktop/amr_bot/install/amr_description/share/amr_description/package.sh'
[2.018s] INFO:colcon.colcon_core.shell:Creating package script '/home/npd/Desktop/amr_bot/install/amr_description/share/amr_description/package.bash'
[2.020s] INFO:colcon.colcon_core.shell:Creating package script '/home/npd/Desktop/amr_bot/install/amr_description/share/amr_description/package.zsh'
[2.021s] Level 1:colcon.colcon_core.environment:create_file_with_runtime_dependencies(/home/npd/Desktop/amr_bot/install/amr_description/share/colcon-core/packages/amr_description)
[2.024s] Level 1:colcon.colcon_core.environment:create_environment_scripts_only(amr_description)
[2.025s] Level 1:colcon.colcon_core.environment:checking '/home/npd/Desktop/amr_bot/install/amr_description' for CMake module files
[2.032s] Level 1:colcon.colcon_core.environment:checking '/home/npd/Desktop/amr_bot/install/amr_description' for CMake config files
[2.032s] Level 1:colcon.colcon_core.shell:create_environment_hook('amr_description', 'cmake_prefix_path')
[2.033s] INFO:colcon.colcon_core.shell:Creating environment hook '/home/npd/Desktop/amr_bot/install/amr_description/share/amr_description/hook/cmake_prefix_path.ps1'
[2.038s] INFO:colcon.colcon_core.shell:Creating environment descriptor '/home/npd/Desktop/amr_bot/install/amr_description/share/amr_description/hook/cmake_prefix_path.dsv'
[2.040s] INFO:colcon.colcon_core.shell:Creating environment hook '/home/npd/Desktop/amr_bot/install/amr_description/share/amr_description/hook/cmake_prefix_path.sh'
[2.042s] Level 1:colcon.colcon_core.environment:checking '/home/npd/Desktop/amr_bot/install/amr_description/bin'
[2.043s] Level 1:colcon.colcon_core.environment:checking '/home/npd/Desktop/amr_bot/install/amr_description/lib/pkgconfig/amr_description.pc'
[2.046s] Level 1:colcon.colcon_core.environment:checking '/home/npd/Desktop/amr_bot/install/amr_description/lib/python3.10/site-packages'
[2.047s] Level 1:colcon.colcon_core.environment:checking '/home/npd/Desktop/amr_bot/install/amr_description/bin'
[2.048s] INFO:colcon.colcon_core.shell:Creating package script '/home/npd/Desktop/amr_bot/install/amr_description/share/amr_description/package.ps1'
[2.051s] INFO:colcon.colcon_core.shell:Creating package descriptor '/home/npd/Desktop/amr_bot/install/amr_description/share/amr_description/package.dsv'
[2.053s] INFO:colcon.colcon_core.shell:Creating package script '/home/npd/Desktop/amr_bot/install/amr_description/share/amr_description/package.sh'
[2.056s] INFO:colcon.colcon_core.shell:Creating package script '/home/npd/Desktop/amr_bot/install/amr_description/share/amr_description/package.bash'
[2.062s] INFO:colcon.colcon_core.shell:Creating package script '/home/npd/Desktop/amr_bot/install/amr_description/share/amr_description/package.zsh'
[2.063s] Level 1:colcon.colcon_core.environment:create_file_with_runtime_dependencies(/home/npd/Desktop/amr_bot/install/amr_description/share/colcon-core/packages/amr_description)
[2.920s] DEBUG:colcon.colcon_core.event_handler.log_command:Invoked command in '/home/npd/Desktop/amr_bot/build/amr_controller' returned '0': CMAKE_PREFIX_PATH=${CMAKE_PREFIX_PATH}:/home/npd/Desktop/amr_bot/install/amr_py_examples:/opt/ros/humble /usr/bin/cmake --build /home/npd/Desktop/amr_bot/build/amr_controller -- -j4 -l4
[2.924s] DEBUG:colcon.colcon_core.event_handler.log_command:Invoking command in '/home/npd/Desktop/amr_bot/build/amr_controller': CMAKE_PREFIX_PATH=${CMAKE_PREFIX_PATH}:/home/npd/Desktop/amr_bot/install/amr_py_examples:/opt/ros/humble /usr/bin/cmake --install /home/npd/Desktop/amr_bot/build/amr_controller
[3.324s] Level 1:colcon.colcon_core.environment:create_environment_scripts_only(amr_controller)
[3.327s] Level 1:colcon.colcon_core.environment:checking '/home/npd/Desktop/amr_bot/install/amr_controller' for CMake module files
[3.328s] DEBUG:colcon.colcon_core.event_handler.log_command:Invoked command in '/home/npd/Desktop/amr_bot/build/amr_controller' returned '0': CMAKE_PREFIX_PATH=${CMAKE_PREFIX_PATH}:/home/npd/Desktop/amr_bot/install/amr_py_examples:/opt/ros/humble /usr/bin/cmake --install /home/npd/Desktop/amr_bot/build/amr_controller
[3.332s] Level 1:colcon.colcon_core.environment:checking '/home/npd/Desktop/amr_bot/install/amr_controller' for CMake config files
[3.336s] Level 1:colcon.colcon_core.shell:create_environment_hook('amr_controller', 'cmake_prefix_path')
[3.337s] INFO:colcon.colcon_core.shell:Creating environment hook '/home/npd/Desktop/amr_bot/install/amr_controller/share/amr_controller/hook/cmake_prefix_path.ps1'
[3.340s] INFO:colcon.colcon_core.shell:Creating environment descriptor '/home/npd/Desktop/amr_bot/install/amr_controller/share/amr_controller/hook/cmake_prefix_path.dsv'
[3.343s] INFO:colcon.colcon_core.shell:Creating environment hook '/home/npd/Desktop/amr_bot/install/amr_controller/share/amr_controller/hook/cmake_prefix_path.sh'
[3.347s] Level 1:colcon.colcon_core.environment:checking '/home/npd/Desktop/amr_bot/install/amr_controller/lib'
[3.349s] Level 1:colcon.colcon_core.environment:checking '/home/npd/Desktop/amr_bot/install/amr_controller/bin'
[3.349s] Level 1:colcon.colcon_core.environment:checking '/home/npd/Desktop/amr_bot/install/amr_controller/lib/pkgconfig/amr_controller.pc'
[3.349s] Level 1:colcon.colcon_core.environment:checking '/home/npd/Desktop/amr_bot/install/amr_controller/lib/python3.10/site-packages'
[3.351s] Level 1:colcon.colcon_core.environment:checking '/home/npd/Desktop/amr_bot/install/amr_controller/bin'
[3.354s] INFO:colcon.colcon_core.shell:Creating package script '/home/npd/Desktop/amr_bot/install/amr_controller/share/amr_controller/package.ps1'
[3.358s] INFO:colcon.colcon_core.shell:Creating package descriptor '/home/npd/Desktop/amr_bot/install/amr_controller/share/amr_controller/package.dsv'
[3.361s] INFO:colcon.colcon_core.shell:Creating package script '/home/npd/Desktop/amr_bot/install/amr_controller/share/amr_controller/package.sh'
[3.367s] INFO:colcon.colcon_core.shell:Creating package script '/home/npd/Desktop/amr_bot/install/amr_controller/share/amr_controller/package.bash'
[3.369s] INFO:colcon.colcon_core.shell:Creating package script '/home/npd/Desktop/amr_bot/install/amr_controller/share/amr_controller/package.zsh'
[3.372s] Level 1:colcon.colcon_core.environment:create_file_with_runtime_dependencies(/home/npd/Desktop/amr_bot/install/amr_controller/share/colcon-core/packages/amr_controller)
[3.375s] Level 1:colcon.colcon_core.environment:create_environment_scripts_only(amr_controller)
[3.378s] Level 1:colcon.colcon_core.environment:checking '/home/npd/Desktop/amr_bot/install/amr_controller' for CMake module files
[3.379s] Level 1:colcon.colcon_core.environment:checking '/home/npd/Desktop/amr_bot/install/amr_controller' for CMake config files
[3.383s] Level 1:colcon.colcon_core.shell:create_environment_hook('amr_controller', 'cmake_prefix_path')
[3.388s] INFO:colcon.colcon_core.shell:Creating environment hook '/home/npd/Desktop/amr_bot/install/amr_controller/share/amr_controller/hook/cmake_prefix_path.ps1'
[3.391s] INFO:colcon.colcon_core.shell:Creating environment descriptor '/home/npd/Desktop/amr_bot/install/amr_controller/share/amr_controller/hook/cmake_prefix_path.dsv'
[3.397s] INFO:colcon.colcon_core.shell:Creating environment hook '/home/npd/Desktop/amr_bot/install/amr_controller/share/amr_controller/hook/cmake_prefix_path.sh'
[3.403s] Level 1:colcon.colcon_core.environment:checking '/home/npd/Desktop/amr_bot/install/amr_controller/lib'
[3.403s] Level 1:colcon.colcon_core.environment:checking '/home/npd/Desktop/amr_bot/install/amr_controller/bin'
[3.404s] Level 1:colcon.colcon_core.environment:checking '/home/npd/Desktop/amr_bot/install/amr_controller/lib/pkgconfig/amr_controller.pc'
[3.405s] Level 1:colcon.colcon_core.environment:checking '/home/npd/Desktop/amr_bot/install/amr_controller/lib/python3.10/site-packages'
[3.408s] Level 1:colcon.colcon_core.environment:checking '/home/npd/Desktop/amr_bot/install/amr_controller/bin'
[3.410s] INFO:colcon.colcon_core.shell:Creating package script '/home/npd/Desktop/amr_bot/install/amr_controller/share/amr_controller/package.ps1'
[3.415s] INFO:colcon.colcon_core.shell:Creating package descriptor '/home/npd/Desktop/amr_bot/install/amr_controller/share/amr_controller/package.dsv'
[3.418s] INFO:colcon.colcon_core.shell:Creating package script '/home/npd/Desktop/amr_bot/install/amr_controller/share/amr_controller/package.sh'
[3.421s] INFO:colcon.colcon_core.shell:Creating package script '/home/npd/Desktop/amr_bot/install/amr_controller/share/amr_controller/package.bash'
[3.424s] INFO:colcon.colcon_core.shell:Creating package script '/home/npd/Desktop/amr_bot/install/amr_controller/share/amr_controller/package.zsh'
[3.426s] Level 1:colcon.colcon_core.environment:create_file_with_runtime_dependencies(/home/npd/Desktop/amr_bot/install/amr_controller/share/colcon-core/packages/amr_controller)
[3.960s] DEBUG:colcon.colcon_core.event_handler.log_command:Invoked command in '/home/npd/Desktop/amr_bot/build/amr_msgs' returned '0': CMAKE_PREFIX_PATH=${CMAKE_PREFIX_PATH}:/home/npd/Desktop/amr_bot/install/amr_py_examples:/opt/ros/humble /usr/bin/cmake --build /home/npd/Desktop/amr_bot/build/amr_msgs -- -j4 -l4
[3.966s] DEBUG:colcon.colcon_core.event_handler.log_command:Invoking command in '/home/npd/Desktop/amr_bot/build/amr_msgs': CMAKE_PREFIX_PATH=${CMAKE_PREFIX_PATH}:/home/npd/Desktop/amr_bot/install/amr_py_examples:/opt/ros/humble /usr/bin/cmake --install /home/npd/Desktop/amr_bot/build/amr_msgs
[4.261s] Level 1:colcon.colcon_core.environment:create_environment_scripts_only(amr_msgs)
[4.262s] Level 1:colcon.colcon_core.environment:checking '/home/npd/Desktop/amr_bot/install/amr_msgs' for CMake module files
[4.266s] Level 1:colcon.colcon_core.environment:checking '/home/npd/Desktop/amr_bot/install/amr_msgs' for CMake config files
[4.267s] DEBUG:colcon.colcon_core.event_handler.log_command:Invoked command in '/home/npd/Desktop/amr_bot/build/amr_msgs' returned '0': CMAKE_PREFIX_PATH=${CMAKE_PREFIX_PATH}:/home/npd/Desktop/amr_bot/install/amr_py_examples:/opt/ros/humble /usr/bin/cmake --install /home/npd/Desktop/amr_bot/build/amr_msgs
[4.270s] Level 1:colcon.colcon_core.shell:create_environment_hook('amr_msgs', 'cmake_prefix_path')
[4.271s] INFO:colcon.colcon_core.shell:Creating environment hook '/home/npd/Desktop/amr_bot/install/amr_msgs/share/amr_msgs/hook/cmake_prefix_path.ps1'
[4.273s] INFO:colcon.colcon_core.shell:Creating environment descriptor '/home/npd/Desktop/amr_bot/install/amr_msgs/share/amr_msgs/hook/cmake_prefix_path.dsv'
[4.275s] INFO:colcon.colcon_core.shell:Creating environment hook '/home/npd/Desktop/amr_bot/install/amr_msgs/share/amr_msgs/hook/cmake_prefix_path.sh'
[4.277s] Level 1:colcon.colcon_core.environment:checking '/home/npd/Desktop/amr_bot/install/amr_msgs/lib'
[4.277s] Level 1:colcon.colcon_core.shell:create_environment_hook('amr_msgs', 'ld_library_path_lib')
[4.278s] INFO:colcon.colcon_core.shell:Creating environment hook '/home/npd/Desktop/amr_bot/install/amr_msgs/share/amr_msgs/hook/ld_library_path_lib.ps1'
[4.280s] INFO:colcon.colcon_core.shell:Creating environment descriptor '/home/npd/Desktop/amr_bot/install/amr_msgs/share/amr_msgs/hook/ld_library_path_lib.dsv'
[4.282s] INFO:colcon.colcon_core.shell:Creating environment hook '/home/npd/Desktop/amr_bot/install/amr_msgs/share/amr_msgs/hook/ld_library_path_lib.sh'
[4.284s] Level 1:colcon.colcon_core.environment:checking '/home/npd/Desktop/amr_bot/install/amr_msgs/bin'
[4.284s] Level 1:colcon.colcon_core.environment:checking '/home/npd/Desktop/amr_bot/install/amr_msgs/lib/pkgconfig/amr_msgs.pc'
[4.285s] Level 1:colcon.colcon_core.environment:checking '/home/npd/Desktop/amr_bot/install/amr_msgs/lib/python3.10/site-packages'
[4.286s] Level 1:colcon.colcon_core.environment:checking '/home/npd/Desktop/amr_bot/install/amr_msgs/bin'
[4.288s] INFO:colcon.colcon_core.shell:Creating package script '/home/npd/Desktop/amr_bot/install/amr_msgs/share/amr_msgs/package.ps1'
[4.289s] INFO:colcon.colcon_core.shell:Creating package descriptor '/home/npd/Desktop/amr_bot/install/amr_msgs/share/amr_msgs/package.dsv'
[4.291s] INFO:colcon.colcon_core.shell:Creating package script '/home/npd/Desktop/amr_bot/install/amr_msgs/share/amr_msgs/package.sh'
[4.293s] INFO:colcon.colcon_core.shell:Creating package script '/home/npd/Desktop/amr_bot/install/amr_msgs/share/amr_msgs/package.bash'
[4.294s] INFO:colcon.colcon_core.shell:Creating package script '/home/npd/Desktop/amr_bot/install/amr_msgs/share/amr_msgs/package.zsh'
[4.296s] Level 1:colcon.colcon_core.environment:create_file_with_runtime_dependencies(/home/npd/Desktop/amr_bot/install/amr_msgs/share/colcon-core/packages/amr_msgs)
[4.298s] Level 1:colcon.colcon_core.environment:create_environment_scripts_only(amr_msgs)
[4.298s] Level 1:colcon.colcon_core.environment:checking '/home/npd/Desktop/amr_bot/install/amr_msgs' for CMake module files
[4.300s] Level 1:colcon.colcon_core.environment:checking '/home/npd/Desktop/amr_bot/install/amr_msgs' for CMake config files
[4.303s] Level 1:colcon.colcon_core.shell:create_environment_hook('amr_msgs', 'cmake_prefix_path')
[4.303s] INFO:colcon.colcon_core.shell:Creating environment hook '/home/npd/Desktop/amr_bot/install/amr_msgs/share/amr_msgs/hook/cmake_prefix_path.ps1'
[4.307s] INFO:colcon.colcon_core.shell:Creating environment descriptor '/home/npd/Desktop/amr_bot/install/amr_msgs/share/amr_msgs/hook/cmake_prefix_path.dsv'
[4.309s] INFO:colcon.colcon_core.shell:Creating environment hook '/home/npd/Desktop/amr_bot/install/amr_msgs/share/amr_msgs/hook/cmake_prefix_path.sh'
[4.312s] Level 1:colcon.colcon_core.environment:checking '/home/npd/Desktop/amr_bot/install/amr_msgs/lib'
[4.312s] Level 1:colcon.colcon_core.shell:create_environment_hook('amr_msgs', 'ld_library_path_lib')
[4.314s] INFO:colcon.colcon_core.shell:Creating environment hook '/home/npd/Desktop/amr_bot/install/amr_msgs/share/amr_msgs/hook/ld_library_path_lib.ps1'
[4.317s] INFO:colcon.colcon_core.shell:Creating environment descriptor '/home/npd/Desktop/amr_bot/install/amr_msgs/share/amr_msgs/hook/ld_library_path_lib.dsv'
[4.319s] INFO:colcon.colcon_core.shell:Creating environment hook '/home/npd/Desktop/amr_bot/install/amr_msgs/share/amr_msgs/hook/ld_library_path_lib.sh'
[4.320s] Level 1:colcon.colcon_core.environment:checking '/home/npd/Desktop/amr_bot/install/amr_msgs/bin'
[4.321s] Level 1:colcon.colcon_core.environment:checking '/home/npd/Desktop/amr_bot/install/amr_msgs/lib/pkgconfig/amr_msgs.pc'
[4.321s] Level 1:colcon.colcon_core.environment:checking '/home/npd/Desktop/amr_bot/install/amr_msgs/lib/python3.10/site-packages'
[4.323s] Level 1:colcon.colcon_core.environment:checking '/home/npd/Desktop/amr_bot/install/amr_msgs/bin'
[4.325s] INFO:colcon.colcon_core.shell:Creating package script '/home/npd/Desktop/amr_bot/install/amr_msgs/share/amr_msgs/package.ps1'
[4.327s] INFO:colcon.colcon_core.shell:Creating package descriptor '/home/npd/Desktop/amr_bot/install/amr_msgs/share/amr_msgs/package.dsv'
[4.329s] INFO:colcon.colcon_core.shell:Creating package script '/home/npd/Desktop/amr_bot/install/amr_msgs/share/amr_msgs/package.sh'
[4.331s] INFO:colcon.colcon_core.shell:Creating package script '/home/npd/Desktop/amr_bot/install/amr_msgs/share/amr_msgs/package.bash'
[4.332s] INFO:colcon.colcon_core.shell:Creating package script '/home/npd/Desktop/amr_bot/install/amr_msgs/share/amr_msgs/package.zsh'
[4.334s] Level 1:colcon.colcon_core.environment:create_file_with_runtime_dependencies(/home/npd/Desktop/amr_bot/install/amr_msgs/share/colcon-core/packages/amr_msgs)
[4.336s] INFO:colcon.colcon_ros.task.ament_python.build:Building ROS package in '/home/npd/Desktop/amr_bot/src/amr_py_examples' with build type 'ament_python'
[4.337s] Level 1:colcon.colcon_core.shell:create_environment_hook('amr_py_examples', 'ament_prefix_path')
[4.339s] INFO:colcon.colcon_core.shell:Creating environment hook '/home/npd/Desktop/amr_bot/install/amr_py_examples/share/amr_py_examples/hook/ament_prefix_path.ps1'
[4.342s] INFO:colcon.colcon_core.shell:Creating environment descriptor '/home/npd/Desktop/amr_bot/install/amr_py_examples/share/amr_py_examples/hook/ament_prefix_path.dsv'
[4.343s] INFO:colcon.colcon_core.shell:Creating environment hook '/home/npd/Desktop/amr_bot/install/amr_py_examples/share/amr_py_examples/hook/ament_prefix_path.sh'
[4.345s] INFO:colcon.colcon_core.shell:Skip shell extension 'powershell' for command environment: Not usable outside of PowerShell
[4.345s] DEBUG:colcon.colcon_core.shell:Skip shell extension 'dsv' for command environment
[5.403s] INFO:colcon.colcon_core.task.python.build:Building Python package in '/home/npd/Desktop/amr_bot/src/amr_py_examples'
[5.404s] INFO:colcon.colcon_core.shell:Skip shell extension 'powershell' for command environment: Not usable outside of PowerShell
[5.404s] DEBUG:colcon.colcon_core.shell:Skip shell extension 'dsv' for command environment
[6.689s] DEBUG:colcon.colcon_core.event_handler.log_command:Invoking command in '/home/npd/Desktop/amr_bot/src/amr_py_examples': LD_LIBRARY_PATH=/home/npd/Desktop/amr_bot/install/amr_msgs/lib:/usr/lib/x86_64-linux-gnu/gazebo-11/plugins:/opt/ros/humble/opt/rviz_ogre_vendor/lib:/opt/ros/humble/lib/x86_64-linux-gnu:/opt/ros/humble/lib:/usr/share/gazebo/../../lib/x86_64-linux-gnu/gazebo-11/plugins:/opt/ros/humble/lib PYTHONPATH=/home/npd/Desktop/amr_bot/build/amr_py_examples/prefix_override:/usr/lib/python3/dist-packages/colcon_core/task/python/colcon_distutils_commands:/home/npd/Desktop/amr_bot/install/amr_py_examples/lib/python3.10/site-packages:${PYTHONPATH} /usr/bin/python3 -W ignore:setup.py install is deprecated -W ignore:easy_install command is deprecated setup.py egg_info --egg-base ../../build/amr_py_examples build --build-base /home/npd/Desktop/amr_bot/build/amr_py_examples/build install --record /home/npd/Desktop/amr_bot/build/amr_py_examples/install.log --single-version-externally-managed install_data
[7.779s] Level 1:colcon.colcon_core.environment:checking '/home/npd/Desktop/amr_bot/install/amr_py_examples' for CMake module files
[7.781s] DEBUG:colcon.colcon_core.event_handler.log_command:Invoked command in '/home/npd/Desktop/amr_bot/src/amr_py_examples' returned '0': LD_LIBRARY_PATH=/home/npd/Desktop/amr_bot/install/amr_msgs/lib:/usr/lib/x86_64-linux-gnu/gazebo-11/plugins:/opt/ros/humble/opt/rviz_ogre_vendor/lib:/opt/ros/humble/lib/x86_64-linux-gnu:/opt/ros/humble/lib:/usr/share/gazebo/../../lib/x86_64-linux-gnu/gazebo-11/plugins:/opt/ros/humble/lib PYTHONPATH=/home/npd/Desktop/amr_bot/build/amr_py_examples/prefix_override:/usr/lib/python3/dist-packages/colcon_core/task/python/colcon_distutils_commands:/home/npd/Desktop/amr_bot/install/amr_py_examples/lib/python3.10/site-packages:${PYTHONPATH} /usr/bin/python3 -W ignore:setup.py install is deprecated -W ignore:easy_install command is deprecated setup.py egg_info --egg-base ../../build/amr_py_examples build --build-base /home/npd/Desktop/amr_bot/build/amr_py_examples/build install --record /home/npd/Desktop/amr_bot/build/amr_py_examples/install.log --single-version-externally-managed install_data
[7.783s] Level 1:colcon.colcon_core.environment:checking '/home/npd/Desktop/amr_bot/install/amr_py_examples' for CMake config files
[7.785s] Level 1:colcon.colcon_core.environment:checking '/home/npd/Desktop/amr_bot/install/amr_py_examples/lib'
[7.785s] Level 1:colcon.colcon_core.environment:checking '/home/npd/Desktop/amr_bot/install/amr_py_examples/bin'
[7.785s] Level 1:colcon.colcon_core.environment:checking '/home/npd/Desktop/amr_bot/install/amr_py_examples/lib/pkgconfig/amr_py_examples.pc'
[7.786s] Level 1:colcon.colcon_core.environment:checking '/home/npd/Desktop/amr_bot/install/amr_py_examples/lib/python3.10/site-packages'
[7.786s] Level 1:colcon.colcon_core.shell:create_environment_hook('amr_py_examples', 'pythonpath')
[7.787s] INFO:colcon.colcon_core.shell:Creating environment hook '/home/npd/Desktop/amr_bot/install/amr_py_examples/share/amr_py_examples/hook/pythonpath.ps1'
[7.788s] INFO:colcon.colcon_core.shell:Creating environment descriptor '/home/npd/Desktop/amr_bot/install/amr_py_examples/share/amr_py_examples/hook/pythonpath.dsv'
[7.790s] INFO:colcon.colcon_core.shell:Creating environment hook '/home/npd/Desktop/amr_bot/install/amr_py_examples/share/amr_py_examples/hook/pythonpath.sh'
[7.793s] Level 1:colcon.colcon_core.environment:checking '/home/npd/Desktop/amr_bot/install/amr_py_examples/bin'
[7.794s] Level 1:colcon.colcon_core.environment:create_environment_scripts_only(amr_py_examples)
[7.795s] INFO:colcon.colcon_core.shell:Creating package script '/home/npd/Desktop/amr_bot/install/amr_py_examples/share/amr_py_examples/package.ps1'
[7.797s] INFO:colcon.colcon_core.shell:Creating package descriptor '/home/npd/Desktop/amr_bot/install/amr_py_examples/share/amr_py_examples/package.dsv'
[7.799s] INFO:colcon.colcon_core.shell:Creating package script '/home/npd/Desktop/amr_bot/install/amr_py_examples/share/amr_py_examples/package.sh'
[7.802s] INFO:colcon.colcon_core.shell:Creating package script '/home/npd/Desktop/amr_bot/install/amr_py_examples/share/amr_py_examples/package.bash'
[7.803s] INFO:colcon.colcon_core.shell:Creating package script '/home/npd/Desktop/amr_bot/install/amr_py_examples/share/amr_py_examples/package.zsh'
[7.804s] Level 1:colcon.colcon_core.environment:create_file_with_runtime_dependencies(/home/npd/Desktop/amr_bot/install/amr_py_examples/share/colcon-core/packages/amr_py_examples)
[7.807s] DEBUG:colcon.colcon_parallel_executor.executor.parallel:closing loop
[7.808s] DEBUG:colcon.colcon_parallel_executor.executor.parallel:loop closed
[7.808s] DEBUG:colcon.colcon_parallel_executor.executor.parallel:run_until_complete finished with '0'
[7.808s] DEBUG:colcon.colcon_core.event_reactor:joining thread
[7.831s] INFO:colcon.colcon_core.plugin_system:Skipping extension 'colcon_notification.desktop_notification.terminal_notifier': Not used on non-Darwin systems
[7.832s] INFO:colcon.colcon_core.plugin_system:Skipping extension 'colcon_notification.desktop_notification.win32': Not used on non-Windows systems
[7.832s] INFO:colcon.colcon_notification.desktop_notification:Sending desktop notification using 'notify2'
[7.899s] DEBUG:colcon.colcon_core.event_reactor:joined thread
[7.900s] INFO:colcon.colcon_core.shell:Creating prefix script '/home/npd/Desktop/amr_bot/install/local_setup.ps1'
[7.908s] INFO:colcon.colcon_core.shell:Creating prefix util module '/home/npd/Desktop/amr_bot/install/_local_setup_util_ps1.py'
[7.917s] INFO:colcon.colcon_core.shell:Creating prefix chain script '/home/npd/Desktop/amr_bot/install/setup.ps1'
[7.923s] INFO:colcon.colcon_core.shell:Creating prefix script '/home/npd/Desktop/amr_bot/install/local_setup.sh'
[7.927s] INFO:colcon.colcon_core.shell:Creating prefix util module '/home/npd/Desktop/amr_bot/install/_local_setup_util_sh.py'
[7.931s] INFO:colcon.colcon_core.shell:Creating prefix chain script '/home/npd/Desktop/amr_bot/install/setup.sh'
[7.939s] INFO:colcon.colcon_core.shell:Creating prefix script '/home/npd/Desktop/amr_bot/install/local_setup.bash'
[7.941s] INFO:colcon.colcon_core.shell:Creating prefix chain script '/home/npd/Desktop/amr_bot/install/setup.bash'
[7.945s] INFO:colcon.colcon_core.shell:Creating prefix script '/home/npd/Desktop/amr_bot/install/local_setup.zsh'
[7.948s] INFO:colcon.colcon_core.shell:Creating prefix chain script '/home/npd/Desktop/amr_bot/install/setup.zsh'
