[0.662s] Invoking command in '/home/npd/Desktop/amr_bot/build/amr_description': CMAKE_PREFIX_PATH=${CMAKE_PREFIX_PATH}:/home/npd/Desktop/amr_bot/install/amr_py_examples:/home/npd/Desktop/amr_bot/install/amr_controller:/opt/ros/humble /usr/bin/cmake --build /home/npd/Desktop/amr_bot/build/amr_description -- -j4 -l4
[1.327s] Invoked command in '/home/npd/Desktop/amr_bot/build/amr_description' returned '0': CMAKE_PREFIX_PATH=${CMAKE_PREFIX_PATH}:/home/npd/Desktop/amr_bot/install/amr_py_examples:/home/npd/Desktop/amr_bot/install/amr_controller:/opt/ros/humble /usr/bin/cmake --build /home/npd/Desktop/amr_bot/build/amr_description -- -j4 -l4
[1.332s] Invoking command in '/home/npd/Desktop/amr_bot/build/amr_description': CMAKE_PREFIX_PATH=${CMAKE_PREFIX_PATH}:/home/npd/Desktop/amr_bot/install/amr_py_examples:/home/npd/Desktop/amr_bot/install/amr_controller:/opt/ros/humble /usr/bin/cmake --install /home/npd/Desktop/amr_bot/build/amr_description
[1.367s] -- Install configuration: ""
[1.367s] -- Up-to-date: /home/npd/Desktop/amr_bot/install/amr_description/share/amr_description//urdf
[1.367s] -- Up-to-date: /home/npd/Desktop/amr_bot/install/amr_description/share/amr_description//urdf/amr_gazebo.xacro
[1.367s] -- Up-to-date: /home/npd/Desktop/amr_bot/install/amr_description/share/amr_description//urdf/amr_ros2_control.xacro
[1.367s] -- Up-to-date: /home/npd/Desktop/amr_bot/install/amr_description/share/amr_description//urdf/amr.urdf.xacro
[1.368s] -- Up-to-date: /home/npd/Desktop/amr_bot/install/amr_description/share/amr_description//launch
[1.368s] -- Up-to-date: /home/npd/Desktop/amr_bot/install/amr_description/share/amr_description//launch/__pycache__
[1.368s] -- Up-to-date: /home/npd/Desktop/amr_bot/install/amr_description/share/amr_description//launch/__pycache__/display_fixed.launch.cpython-310.pyc
[1.368s] -- Up-to-date: /home/npd/Desktop/amr_bot/install/amr_description/share/amr_description//launch/__pycache__/display.launch.cpython-310.pyc
[1.368s] -- Up-to-date: /home/npd/Desktop/amr_bot/install/amr_description/share/amr_description//launch/display_fixed.launch.py
[1.369s] -- Up-to-date: /home/npd/Desktop/amr_bot/install/amr_description/share/amr_description//launch/gazebo.launch.py
[1.369s] -- Up-to-date: /home/npd/Desktop/amr_bot/install/amr_description/share/ament_index/resource_index/package_run_dependencies/amr_description
[1.369s] -- Up-to-date: /home/npd/Desktop/amr_bot/install/amr_description/share/ament_index/resource_index/parent_prefix_path/amr_description
[1.369s] -- Up-to-date: /home/npd/Desktop/amr_bot/install/amr_description/share/amr_description/environment/ament_prefix_path.sh
[1.369s] -- Up-to-date: /home/npd/Desktop/amr_bot/install/amr_description/share/amr_description/environment/ament_prefix_path.dsv
[1.370s] -- Up-to-date: /home/npd/Desktop/amr_bot/install/amr_description/share/amr_description/environment/path.sh
[1.370s] -- Up-to-date: /home/npd/Desktop/amr_bot/install/amr_description/share/amr_description/environment/path.dsv
[1.370s] -- Up-to-date: /home/npd/Desktop/amr_bot/install/amr_description/share/amr_description/local_setup.bash
[1.370s] -- Up-to-date: /home/npd/Desktop/amr_bot/install/amr_description/share/amr_description/local_setup.sh
[1.370s] -- Up-to-date: /home/npd/Desktop/amr_bot/install/amr_description/share/amr_description/local_setup.zsh
[1.371s] -- Up-to-date: /home/npd/Desktop/amr_bot/install/amr_description/share/amr_description/local_setup.dsv
[1.371s] -- Installing: /home/npd/Desktop/amr_bot/install/amr_description/share/amr_description/package.dsv
[1.376s] -- Up-to-date: /home/npd/Desktop/amr_bot/install/amr_description/share/ament_index/resource_index/packages/amr_description
[1.377s] -- Up-to-date: /home/npd/Desktop/amr_bot/install/amr_description/share/amr_description/cmake/amr_descriptionConfig.cmake
[1.377s] -- Up-to-date: /home/npd/Desktop/amr_bot/install/amr_description/share/amr_description/cmake/amr_descriptionConfig-version.cmake
[1.377s] -- Up-to-date: /home/npd/Desktop/amr_bot/install/amr_description/share/amr_description/package.xml
[1.464s] Invoked command in '/home/npd/Desktop/amr_bot/build/amr_description' returned '0': CMAKE_PREFIX_PATH=${CMAKE_PREFIX_PATH}:/home/npd/Desktop/amr_bot/install/amr_py_examples:/home/npd/Desktop/amr_bot/install/amr_controller:/opt/ros/humble /usr/bin/cmake --install /home/npd/Desktop/amr_bot/build/amr_description
