[0.125s] Invoking command in '/home/npd/Desktop/amr_bot/build/amr_controller': CMAKE_PREFIX_PATH=${CMAKE_PREFIX_PATH}:/home/npd/Desktop/amr_bot/install/amr_sensors:/home/npd/Desktop/amr_bot/install/amr_py_examples:/opt/ros/humble /usr/bin/cmake --build /home/npd/Desktop/amr_bot/build/amr_controller -- -j4 -l4
[0.928s] Built target ament_cmake_python_copy_amr_controller_setup
[1.166s] Built target ament_cmake_python_copy_amr_controller
[2.747s] running egg_info
[2.747s] writing amr_controller.egg-info/PKG-INFO
[2.748s] writing dependency_links to amr_controller.egg-info/dependency_links.txt
[2.749s] writing top-level names to amr_controller.egg-info/top_level.txt
[2.751s] reading manifest file 'amr_controller.egg-info/SOURCES.txt'
[2.751s] writing manifest file 'amr_controller.egg-info/SOURCES.txt'
[2.760s] Built target ament_cmake_python_build_amr_controller_egg
[4.992s] Invoked command in '/home/npd/Desktop/amr_bot/build/amr_controller' returned '0': CMAKE_PREFIX_PATH=${CMAKE_PREFIX_PATH}:/home/npd/Desktop/amr_bot/install/amr_sensors:/home/npd/Desktop/amr_bot/install/amr_py_examples:/opt/ros/humble /usr/bin/cmake --build /home/npd/Desktop/amr_bot/build/amr_controller -- -j4 -l4
[5.009s] Invoking command in '/home/npd/Desktop/amr_bot/build/amr_controller': CMAKE_PREFIX_PATH=${CMAKE_PREFIX_PATH}:/home/npd/Desktop/amr_bot/install/amr_sensors:/home/npd/Desktop/amr_bot/install/amr_py_examples:/opt/ros/humble /usr/bin/cmake --install /home/npd/Desktop/amr_bot/build/amr_controller
[5.069s] -- Install configuration: ""
[5.069s] -- Up-to-date: /home/npd/Desktop/amr_bot/install/amr_controller/share/amr_controller/environment/pythonpath.sh
[5.069s] -- Up-to-date: /home/npd/Desktop/amr_bot/install/amr_controller/share/amr_controller/environment/pythonpath.dsv
[5.070s] -- Up-to-date: /home/npd/Desktop/amr_bot/install/amr_controller/local/lib/python3.10/dist-packages/amr_controller-0.0.0-py3.10.egg-info
[5.070s] -- Installing: /home/npd/Desktop/amr_bot/install/amr_controller/local/lib/python3.10/dist-packages/amr_controller-0.0.0-py3.10.egg-info/PKG-INFO
[5.074s] -- Installing: /home/npd/Desktop/amr_bot/install/amr_controller/local/lib/python3.10/dist-packages/amr_controller-0.0.0-py3.10.egg-info/top_level.txt
[5.074s] -- Installing: /home/npd/Desktop/amr_bot/install/amr_controller/local/lib/python3.10/dist-packages/amr_controller-0.0.0-py3.10.egg-info/SOURCES.txt
[5.088s] -- Installing: /home/npd/Desktop/amr_bot/install/amr_controller/local/lib/python3.10/dist-packages/amr_controller-0.0.0-py3.10.egg-info/dependency_links.txt
[5.089s] -- Up-to-date: /home/npd/Desktop/amr_bot/install/amr_controller/local/lib/python3.10/dist-packages/amr_controller
[5.089s] -- Up-to-date: /home/npd/Desktop/amr_bot/install/amr_controller/local/lib/python3.10/dist-packages/amr_controller/noisy_controller.py
[5.089s] -- Up-to-date: /home/npd/Desktop/amr_bot/install/amr_controller/local/lib/python3.10/dist-packages/amr_controller/simple_controller.py
[5.089s] -- Up-to-date: /home/npd/Desktop/amr_bot/install/amr_controller/local/lib/python3.10/dist-packages/amr_controller/twist_relay.py
[5.089s] -- Up-to-date: /home/npd/Desktop/amr_bot/install/amr_controller/local/lib/python3.10/dist-packages/amr_controller/__init__.py
[5.451s] Listing '/home/npd/Desktop/amr_bot/install/amr_controller/local/lib/python3.10/dist-packages/amr_controller'...
[5.493s] -- Up-to-date: /home/npd/Desktop/amr_bot/install/amr_controller/share/amr_controller/config
[5.494s] -- Up-to-date: /home/npd/Desktop/amr_bot/install/amr_controller/share/amr_controller/config/amr_controllers.yaml
[5.494s] -- Up-to-date: /home/npd/Desktop/amr_bot/install/amr_controller/share/amr_controller/config/joy_teleop.yaml
[5.495s] -- Up-to-date: /home/npd/Desktop/amr_bot/install/amr_controller/share/amr_controller/config/twist_mux_joy.yaml
[5.495s] -- Up-to-date: /home/npd/Desktop/amr_bot/install/amr_controller/share/amr_controller/config/slam.yaml
[5.495s] -- Up-to-date: /home/npd/Desktop/amr_bot/install/amr_controller/share/amr_controller/config/twist_mux_locks.yaml
[5.495s] -- Up-to-date: /home/npd/Desktop/amr_bot/install/amr_controller/share/amr_controller/config/twist_mux_topics.yaml
[5.495s] -- Up-to-date: /home/npd/Desktop/amr_bot/install/amr_controller/share/amr_controller/config/joy_config.yaml
[5.521s] -- Up-to-date: /home/npd/Desktop/amr_bot/install/amr_controller/share/amr_controller/launch
[5.521s] -- Up-to-date: /home/npd/Desktop/amr_bot/install/amr_controller/share/amr_controller/launch/slam.launch.py
[5.522s] -- Installing: /home/npd/Desktop/amr_bot/install/amr_controller/share/amr_controller/launch/joystick_teleop.launch.py
[5.522s] -- Up-to-date: /home/npd/Desktop/amr_bot/install/amr_controller/share/amr_controller/launch/controller.launch.py
[5.522s] -- Up-to-date: /home/npd/Desktop/amr_bot/install/amr_controller/lib/amr_controller/simple_controller.py
[5.522s] -- Up-to-date: /home/npd/Desktop/amr_bot/install/amr_controller/lib/amr_controller/noisy_controller.py
[5.524s] -- Up-to-date: /home/npd/Desktop/amr_bot/install/amr_controller/lib/amr_controller/twist_relay.py
[5.524s] -- Up-to-date: /home/npd/Desktop/amr_bot/install/amr_controller/share/ament_index/resource_index/package_run_dependencies/amr_controller
[5.524s] -- Up-to-date: /home/npd/Desktop/amr_bot/install/amr_controller/share/ament_index/resource_index/parent_prefix_path/amr_controller
[5.524s] -- Up-to-date: /home/npd/Desktop/amr_bot/install/amr_controller/share/amr_controller/environment/ament_prefix_path.sh
[5.529s] -- Up-to-date: /home/npd/Desktop/amr_bot/install/amr_controller/share/amr_controller/environment/ament_prefix_path.dsv
[5.529s] -- Up-to-date: /home/npd/Desktop/amr_bot/install/amr_controller/share/amr_controller/environment/path.sh
[5.530s] -- Up-to-date: /home/npd/Desktop/amr_bot/install/amr_controller/share/amr_controller/environment/path.dsv
[5.530s] -- Up-to-date: /home/npd/Desktop/amr_bot/install/amr_controller/share/amr_controller/local_setup.bash
[5.530s] -- Up-to-date: /home/npd/Desktop/amr_bot/install/amr_controller/share/amr_controller/local_setup.sh
[5.547s] -- Up-to-date: /home/npd/Desktop/amr_bot/install/amr_controller/share/amr_controller/local_setup.zsh
[5.548s] -- Up-to-date: /home/npd/Desktop/amr_bot/install/amr_controller/share/amr_controller/local_setup.dsv
[5.548s] -- Installing: /home/npd/Desktop/amr_bot/install/amr_controller/share/amr_controller/package.dsv
[5.548s] -- Up-to-date: /home/npd/Desktop/amr_bot/install/amr_controller/share/ament_index/resource_index/packages/amr_controller
[5.548s] -- Up-to-date: /home/npd/Desktop/amr_bot/install/amr_controller/share/amr_controller/cmake/amr_controllerConfig.cmake
[5.550s] -- Up-to-date: /home/npd/Desktop/amr_bot/install/amr_controller/share/amr_controller/cmake/amr_controllerConfig-version.cmake
[5.550s] -- Up-to-date: /home/npd/Desktop/amr_bot/install/amr_controller/share/amr_controller/package.xml
[5.667s] Invoked command in '/home/npd/Desktop/amr_bot/build/amr_controller' returned '0': CMAKE_PREFIX_PATH=${CMAKE_PREFIX_PATH}:/home/npd/Desktop/amr_bot/install/amr_sensors:/home/npd/Desktop/amr_bot/install/amr_py_examples:/opt/ros/humble /usr/bin/cmake --install /home/npd/Desktop/amr_bot/build/amr_controller
