[0.067s] Invoking command in '/home/npd/Desktop/amr_bot/build/amr_description': CMAKE_PREFIX_PATH=${CMAKE_PREFIX_PATH}:/home/npd/Desktop/amr_bot/install/amr_py_examples:/opt/ros/humble /usr/bin/cmake --build /home/npd/Desktop/amr_bot/build/amr_description -- -j4 -l4
[0.865s] Invoked command in '/home/npd/Desktop/amr_bot/build/amr_description' returned '0': CMAKE_PREFIX_PATH=${CMAKE_PREFIX_PATH}:/home/npd/Desktop/amr_bot/install/amr_py_examples:/opt/ros/humble /usr/bin/cmake --build /home/npd/Desktop/amr_bot/build/amr_description -- -j4 -l4
[0.887s] Invoking command in '/home/npd/Desktop/amr_bot/build/amr_description': CMAKE_PREFIX_PATH=${CMAKE_PREFIX_PATH}:/home/npd/Desktop/amr_bot/install/amr_py_examples:/opt/ros/humble /usr/bin/cmake --install /home/npd/Desktop/amr_bot/build/amr_description
[0.916s] -- Install configuration: ""
[0.916s] -- Execute custom install script
[0.916s] -- Up-to-date symlink: /home/npd/Desktop/amr_bot/install/amr_description/share/amr_description/urdf/amr.urdf.xacro
[0.918s] -- Up-to-date symlink: /home/npd/Desktop/amr_bot/install/amr_description/share/amr_description/urdf/amr_gazebo.xacro
[0.918s] -- Up-to-date symlink: /home/npd/Desktop/amr_bot/install/amr_description/share/amr_description/urdf/amr_ros2_control.xacro
[0.919s] -- Up-to-date symlink: /home/npd/Desktop/amr_bot/install/amr_description/share/amr_description/launch/display_fixed.launch.py
[0.920s] -- Up-to-date symlink: /home/npd/Desktop/amr_bot/install/amr_description/share/amr_description/launch/gazebo.launch.py
[0.921s] -- Up-to-date symlink: /home/npd/Desktop/amr_bot/install/amr_description/share/amr_description/rviz/amr_rviz.rviz
[0.924s] -- Up-to-date symlink: /home/npd/Desktop/amr_bot/install/amr_description/share/ament_index/resource_index/package_run_dependencies/amr_description
[0.926s] -- Up-to-date symlink: /home/npd/Desktop/amr_bot/install/amr_description/share/ament_index/resource_index/parent_prefix_path/amr_description
[0.929s] -- Up-to-date symlink: /home/npd/Desktop/amr_bot/install/amr_description/share/amr_description/environment/ament_prefix_path.sh
[0.929s] -- Up-to-date symlink: /home/npd/Desktop/amr_bot/install/amr_description/share/amr_description/environment/ament_prefix_path.dsv
[0.930s] -- Up-to-date symlink: /home/npd/Desktop/amr_bot/install/amr_description/share/amr_description/environment/path.sh
[0.930s] -- Up-to-date symlink: /home/npd/Desktop/amr_bot/install/amr_description/share/amr_description/environment/path.dsv
[0.941s] -- Up-to-date symlink: /home/npd/Desktop/amr_bot/install/amr_description/share/amr_description/local_setup.bash
[0.941s] -- Up-to-date symlink: /home/npd/Desktop/amr_bot/install/amr_description/share/amr_description/local_setup.sh
[0.944s] -- Up-to-date symlink: /home/npd/Desktop/amr_bot/install/amr_description/share/amr_description/local_setup.zsh
[0.946s] -- Up-to-date symlink: /home/npd/Desktop/amr_bot/install/amr_description/share/amr_description/local_setup.dsv
[0.946s] -- Symlinking: /home/npd/Desktop/amr_bot/install/amr_description/share/amr_description/package.dsv
[1.032s] -- Up-to-date symlink: /home/npd/Desktop/amr_bot/install/amr_description/share/ament_index/resource_index/packages/amr_description
[1.035s] -- Up-to-date symlink: /home/npd/Desktop/amr_bot/install/amr_description/share/amr_description/cmake/amr_descriptionConfig.cmake
[1.036s] -- Up-to-date symlink: /home/npd/Desktop/amr_bot/install/amr_description/share/amr_description/cmake/amr_descriptionConfig-version.cmake
[1.037s] -- Up-to-date symlink: /home/npd/Desktop/amr_bot/install/amr_description/share/amr_description/package.xml
[1.096s] Invoked command in '/home/npd/Desktop/amr_bot/build/amr_description' returned '0': CMAKE_PREFIX_PATH=${CMAKE_PREFIX_PATH}:/home/npd/Desktop/amr_bot/install/amr_py_examples:/opt/ros/humble /usr/bin/cmake --install /home/npd/Desktop/amr_bot/build/amr_description
