[0.044s] Invoking command in '/home/npd/Desktop/amr_bot/build/amr_controller': CMAKE_PREFIX_PATH=${CMAKE_PREFIX_PATH}:/home/npd/Desktop/amr_bot/install/amr_py_examples:/opt/ros/humble /usr/bin/cmake --build /home/npd/Desktop/amr_bot/build/amr_controller -- -j4 -l4
[0.287s] Built target ament_cmake_python_symlink_amr_controller
[0.972s] running egg_info
[0.973s] writing amr_controller.egg-info/PKG-INFO
[0.973s] writing dependency_links to amr_controller.egg-info/dependency_links.txt
[0.974s] writing top-level names to amr_controller.egg-info/top_level.txt
[0.979s] reading manifest file 'amr_controller.egg-info/SOURCES.txt'
[0.980s] writing manifest file 'amr_controller.egg-info/SOURCES.txt'
[1.030s] Built target ament_cmake_python_build_amr_controller_egg
[1.052s] Invoked command in '/home/npd/Desktop/amr_bot/build/amr_controller' returned '0': CMAKE_PREFIX_PATH=${CMAKE_PREFIX_PATH}:/home/npd/Desktop/amr_bot/install/amr_py_examples:/opt/ros/humble /usr/bin/cmake --build /home/npd/Desktop/amr_bot/build/amr_controller -- -j4 -l4
[1.057s] Invoking command in '/home/npd/Desktop/amr_bot/build/amr_controller': CMAKE_PREFIX_PATH=${CMAKE_PREFIX_PATH}:/home/npd/Desktop/amr_bot/install/amr_py_examples:/opt/ros/humble /usr/bin/cmake --install /home/npd/Desktop/amr_bot/build/amr_controller
[1.073s] -- Install configuration: ""
[1.074s] -- Execute custom install script
[1.075s] -- Up-to-date symlink: /home/npd/Desktop/amr_bot/install/amr_controller/share/amr_controller/environment/pythonpath.sh
[1.075s] -- Up-to-date symlink: /home/npd/Desktop/amr_bot/install/amr_controller/share/amr_controller/environment/pythonpath.dsv
[1.076s] -- Up-to-date symlink: /home/npd/Desktop/amr_bot/install/amr_controller/local/lib/python3.10/dist-packages/amr_controller-0.0.0-py3.10.egg-info/PKG-INFO
[1.077s] -- Up-to-date symlink: /home/npd/Desktop/amr_bot/install/amr_controller/local/lib/python3.10/dist-packages/amr_controller-0.0.0-py3.10.egg-info/SOURCES.txt
[1.077s] -- Up-to-date symlink: /home/npd/Desktop/amr_bot/install/amr_controller/local/lib/python3.10/dist-packages/amr_controller-0.0.0-py3.10.egg-info/dependency_links.txt
[1.078s] -- Up-to-date symlink: /home/npd/Desktop/amr_bot/install/amr_controller/local/lib/python3.10/dist-packages/amr_controller-0.0.0-py3.10.egg-info/top_level.txt
[1.079s] -- Up-to-date symlink: /home/npd/Desktop/amr_bot/install/amr_controller/local/lib/python3.10/dist-packages/amr_controller/__init__.py
[1.080s] -- Up-to-date symlink: /home/npd/Desktop/amr_bot/install/amr_controller/local/lib/python3.10/dist-packages/amr_controller/simple_controller.py
[1.081s] -- Up-to-date symlink: /home/npd/Desktop/amr_bot/install/amr_controller/share/amr_controller/config/amr_controllers.yaml
[1.082s] -- Up-to-date symlink: /home/npd/Desktop/amr_bot/install/amr_controller/share/amr_controller/config/joy_config.yaml
[1.083s] -- Up-to-date symlink: /home/npd/Desktop/amr_bot/install/amr_controller/share/amr_controller/config/joy_teleop.yaml
[1.084s] -- Up-to-date symlink: /home/npd/Desktop/amr_bot/install/amr_controller/share/amr_controller/launch/controller.launch.py
[1.085s] -- Up-to-date symlink: /home/npd/Desktop/amr_bot/install/amr_controller/share/amr_controller/launch/joystick_teleop.launch.py
[1.086s] -- Up-to-date symlink: /home/npd/Desktop/amr_bot/install/amr_controller/lib/amr_controller/simple_controller.py
[1.086s] -- Up-to-date symlink: /home/npd/Desktop/amr_bot/install/amr_controller/share/ament_index/resource_index/package_run_dependencies/amr_controller
[1.088s] -- Up-to-date symlink: /home/npd/Desktop/amr_bot/install/amr_controller/share/ament_index/resource_index/parent_prefix_path/amr_controller
[1.088s] -- Up-to-date symlink: /home/npd/Desktop/amr_bot/install/amr_controller/share/amr_controller/environment/ament_prefix_path.sh
[1.089s] -- Up-to-date symlink: /home/npd/Desktop/amr_bot/install/amr_controller/share/amr_controller/environment/ament_prefix_path.dsv
[1.090s] -- Up-to-date symlink: /home/npd/Desktop/amr_bot/install/amr_controller/share/amr_controller/environment/path.sh
[1.090s] -- Up-to-date symlink: /home/npd/Desktop/amr_bot/install/amr_controller/share/amr_controller/environment/path.dsv
[1.091s] -- Up-to-date symlink: /home/npd/Desktop/amr_bot/install/amr_controller/share/amr_controller/local_setup.bash
[1.091s] -- Up-to-date symlink: /home/npd/Desktop/amr_bot/install/amr_controller/share/amr_controller/local_setup.sh
[1.092s] -- Up-to-date symlink: /home/npd/Desktop/amr_bot/install/amr_controller/share/amr_controller/local_setup.zsh
[1.093s] -- Up-to-date symlink: /home/npd/Desktop/amr_bot/install/amr_controller/share/amr_controller/local_setup.dsv
[1.093s] -- Symlinking: /home/npd/Desktop/amr_bot/install/amr_controller/share/amr_controller/package.dsv
[1.112s] -- Up-to-date symlink: /home/npd/Desktop/amr_bot/install/amr_controller/share/ament_index/resource_index/packages/amr_controller
[1.112s] -- Up-to-date symlink: /home/npd/Desktop/amr_bot/install/amr_controller/share/amr_controller/cmake/amr_controllerConfig.cmake
[1.113s] -- Up-to-date symlink: /home/npd/Desktop/amr_bot/install/amr_controller/share/amr_controller/cmake/amr_controllerConfig-version.cmake
[1.113s] -- Up-to-date symlink: /home/npd/Desktop/amr_bot/install/amr_controller/share/amr_controller/package.xml
[1.186s] Listing '/home/npd/Desktop/amr_bot/install/amr_controller/local/lib/python3.10/dist-packages/amr_controller'...
[1.201s] Invoked command in '/home/npd/Desktop/amr_bot/build/amr_controller' returned '0': CMAKE_PREFIX_PATH=${CMAKE_PREFIX_PATH}:/home/npd/Desktop/amr_bot/install/amr_py_examples:/opt/ros/humble /usr/bin/cmake --install /home/npd/Desktop/amr_bot/build/amr_controller
