[4.008s] Invoking command in '/home/npd/Desktop/amr_bot/src/amr_sensors': PYTHONPATH=/home/npd/Desktop/amr_bot/build/amr_sensors/prefix_override:/usr/lib/python3/dist-packages/colcon_core/task/python/colcon_distutils_commands:/home/npd/Desktop/amr_bot/install/amr_sensors/lib/python3.10/site-packages:${PYTHONPATH} /usr/bin/python3 -W ignore:setup.py install is deprecated -W ignore:easy_install command is deprecated setup.py egg_info --egg-base ../../build/amr_sensors build --build-base /home/npd/Desktop/amr_bot/build/amr_sensors/build install --record /home/npd/Desktop/amr_bot/build/amr_sensors/install.log --single-version-externally-managed install_data
[5.114s] running egg_info
[5.124s] writing ../../build/amr_sensors/amr_sensors.egg-info/PKG-INFO
[5.124s] writing dependency_links to ../../build/amr_sensors/amr_sensors.egg-info/dependency_links.txt
[5.124s] writing entry points to ../../build/amr_sensors/amr_sensors.egg-info/entry_points.txt
[5.125s] writing requirements to ../../build/amr_sensors/amr_sensors.egg-info/requires.txt
[5.125s] writing top-level names to ../../build/amr_sensors/amr_sensors.egg-info/top_level.txt
[5.133s] reading manifest file '../../build/amr_sensors/amr_sensors.egg-info/SOURCES.txt'
[5.138s] writing manifest file '../../build/amr_sensors/amr_sensors.egg-info/SOURCES.txt'
[5.139s] running build
[5.139s] running build_py
[5.141s] copying amr_sensors/front_lidar_reader.py -> /home/npd/Desktop/amr_bot/build/amr_sensors/build/lib/amr_sensors
[5.146s] running install
[5.146s] running install_lib
[5.153s] copying /home/npd/Desktop/amr_bot/build/amr_sensors/build/lib/amr_sensors/front_lidar_reader.py -> /home/npd/Desktop/amr_bot/install/amr_sensors/lib/python3.10/site-packages/amr_sensors
[5.154s] byte-compiling /home/npd/Desktop/amr_bot/install/amr_sensors/lib/python3.10/site-packages/amr_sensors/front_lidar_reader.py to front_lidar_reader.cpython-310.pyc
[5.166s] running install_data
[5.166s] running install_egg_info
[5.166s] removing '/home/npd/Desktop/amr_bot/install/amr_sensors/lib/python3.10/site-packages/amr_sensors-0.0.0-py3.10.egg-info' (and everything under it)
[5.170s] Copying ../../build/amr_sensors/amr_sensors.egg-info to /home/npd/Desktop/amr_bot/install/amr_sensors/lib/python3.10/site-packages/amr_sensors-0.0.0-py3.10.egg-info
[5.175s] running install_scripts
[5.250s] Installing front_lidar_reader script to /home/npd/Desktop/amr_bot/install/amr_sensors/lib/amr_sensors
[5.251s] writing list of installed files to '/home/npd/Desktop/amr_bot/build/amr_sensors/install.log'
[5.333s] Invoked command in '/home/npd/Desktop/amr_bot/src/amr_sensors' returned '0': PYTHONPATH=/home/npd/Desktop/amr_bot/build/amr_sensors/prefix_override:/usr/lib/python3/dist-packages/colcon_core/task/python/colcon_distutils_commands:/home/npd/Desktop/amr_bot/install/amr_sensors/lib/python3.10/site-packages:${PYTHONPATH} /usr/bin/python3 -W ignore:setup.py install is deprecated -W ignore:easy_install command is deprecated setup.py egg_info --egg-base ../../build/amr_sensors build --build-base /home/npd/Desktop/amr_bot/build/amr_sensors/build install --record /home/npd/Desktop/amr_bot/build/amr_sensors/install.log --single-version-externally-managed install_data
