[2.156s] Invoking command in '/home/npd/Desktop/amr_bot/src/amr_py_examples': PYTHONPATH=/home/npd/Desktop/amr_bot/build/amr_py_examples/prefix_override:/usr/lib/python3/dist-packages/colcon_core/task/python/colcon_distutils_commands:/home/npd/Desktop/amr_bot/install/amr_py_examples/lib/python3.10/site-packages:${PYTHONPATH} /usr/bin/python3 -W ignore:setup.py install is deprecated -W ignore:easy_install command is deprecated setup.py egg_info --egg-base ../../build/amr_py_examples build --build-base /home/npd/Desktop/amr_bot/build/amr_py_examples/build install --record /home/npd/Desktop/amr_bot/build/amr_py_examples/install.log --single-version-externally-managed install_data
[2.885s] running egg_info
[2.887s] writing ../../build/amr_py_examples/amr_py_examples.egg-info/PKG-INFO
[2.890s] writing dependency_links to ../../build/amr_py_examples/amr_py_examples.egg-info/dependency_links.txt
[2.890s] writing entry points to ../../build/amr_py_examples/amr_py_examples.egg-info/entry_points.txt
[2.891s] writing requirements to ../../build/amr_py_examples/amr_py_examples.egg-info/requires.txt
[2.892s] writing top-level names to ../../build/amr_py_examples/amr_py_examples.egg-info/top_level.txt
[2.893s] reading manifest file '../../build/amr_py_examples/amr_py_examples.egg-info/SOURCES.txt'
[2.896s] writing manifest file '../../build/amr_py_examples/amr_py_examples.egg-info/SOURCES.txt'
[2.896s] running build
[2.896s] running build_py
[2.900s] running install
[2.901s] running install_lib
[2.904s] running install_data
[2.905s] running install_egg_info
[2.910s] removing '/home/npd/Desktop/amr_bot/install/amr_py_examples/lib/python3.10/site-packages/amr_py_examples-0.0.1-py3.10.egg-info' (and everything under it)
[2.910s] Copying ../../build/amr_py_examples/amr_py_examples.egg-info to /home/npd/Desktop/amr_bot/install/amr_py_examples/lib/python3.10/site-packages/amr_py_examples-0.0.1-py3.10.egg-info
[2.913s] running install_scripts
[2.971s] Installing simple_parameter script to /home/npd/Desktop/amr_bot/install/amr_py_examples/lib/amr_py_examples
[2.972s] Installing simple_publisher script to /home/npd/Desktop/amr_bot/install/amr_py_examples/lib/amr_py_examples
[2.972s] Installing simple_subscriber script to /home/npd/Desktop/amr_bot/install/amr_py_examples/lib/amr_py_examples
[2.972s] Installing simple_turtlesim_kinematics script to /home/npd/Desktop/amr_bot/install/amr_py_examples/lib/amr_py_examples
[2.973s] writing list of installed files to '/home/npd/Desktop/amr_bot/build/amr_py_examples/install.log'
[3.035s] Invoked command in '/home/npd/Desktop/amr_bot/src/amr_py_examples' returned '0': PYTHONPATH=/home/npd/Desktop/amr_bot/build/amr_py_examples/prefix_override:/usr/lib/python3/dist-packages/colcon_core/task/python/colcon_distutils_commands:/home/npd/Desktop/amr_bot/install/amr_py_examples/lib/python3.10/site-packages:${PYTHONPATH} /usr/bin/python3 -W ignore:setup.py install is deprecated -W ignore:easy_install command is deprecated setup.py egg_info --egg-base ../../build/amr_py_examples build --build-base /home/npd/Desktop/amr_bot/build/amr_py_examples/build install --record /home/npd/Desktop/amr_bot/build/amr_py_examples/install.log --single-version-externally-managed install_data
