[0.056s] Invoking command in '/home/npd/Desktop/amr_bot/build/amr_bringup': CMAKE_PREFIX_PATH=${CMAKE_PREFIX_PATH}:/home/npd/Desktop/amr_bot/install/amr_sensors:/home/npd/Desktop/amr_bot/install/amr_py_examples:/opt/ros/humble /usr/bin/cmake --build /home/npd/Desktop/amr_bot/build/amr_bringup -- -j4 -l4
[0.220s] Invoked command in '/home/npd/Desktop/amr_bot/build/amr_bringup' returned '0': CMAKE_PREFIX_PATH=${CMAKE_PREFIX_PATH}:/home/npd/Desktop/amr_bot/install/amr_sensors:/home/npd/Desktop/amr_bot/install/amr_py_examples:/opt/ros/humble /usr/bin/cmake --build /home/npd/Desktop/amr_bot/build/amr_bringup -- -j4 -l4
[0.298s] Invoking command in '/home/npd/Desktop/amr_bot/build/amr_bringup': CMAKE_PREFIX_PATH=${CMAKE_PREFIX_PATH}:/home/npd/Desktop/amr_bot/install/amr_sensors:/home/npd/Desktop/amr_bot/install/amr_py_examples:/opt/ros/humble /usr/bin/cmake --install /home/npd/Desktop/amr_bot/build/amr_bringup
[0.392s] -- Install configuration: ""
[0.394s] -- Up-to-date: /home/npd/Desktop/amr_bot/install/amr_bringup/share/amr_bringup/launch
[0.397s] -- Up-to-date: /home/npd/Desktop/amr_bot/install/amr_bringup/share/amr_bringup/launch/simulated_robot.launch.py
[0.406s] -- Up-to-date: /home/npd/Desktop/amr_bot/install/amr_bringup/share/ament_index/resource_index/package_run_dependencies/amr_bringup
[0.407s] -- Up-to-date: /home/npd/Desktop/amr_bot/install/amr_bringup/share/ament_index/resource_index/parent_prefix_path/amr_bringup
[0.408s] -- Up-to-date: /home/npd/Desktop/amr_bot/install/amr_bringup/share/amr_bringup/environment/ament_prefix_path.sh
[0.408s] -- Up-to-date: /home/npd/Desktop/amr_bot/install/amr_bringup/share/amr_bringup/environment/ament_prefix_path.dsv
[0.408s] -- Up-to-date: /home/npd/Desktop/amr_bot/install/amr_bringup/share/amr_bringup/environment/path.sh
[0.424s] -- Up-to-date: /home/npd/Desktop/amr_bot/install/amr_bringup/share/amr_bringup/environment/path.dsv
[0.424s] -- Up-to-date: /home/npd/Desktop/amr_bot/install/amr_bringup/share/amr_bringup/local_setup.bash
[0.424s] -- Up-to-date: /home/npd/Desktop/amr_bot/install/amr_bringup/share/amr_bringup/local_setup.sh
[0.424s] -- Up-to-date: /home/npd/Desktop/amr_bot/install/amr_bringup/share/amr_bringup/local_setup.zsh
[0.425s] -- Up-to-date: /home/npd/Desktop/amr_bot/install/amr_bringup/share/amr_bringup/local_setup.dsv
[0.427s] -- Installing: /home/npd/Desktop/amr_bot/install/amr_bringup/share/amr_bringup/package.dsv
[0.428s] -- Up-to-date: /home/npd/Desktop/amr_bot/install/amr_bringup/share/ament_index/resource_index/packages/amr_bringup
[0.428s] -- Up-to-date: /home/npd/Desktop/amr_bot/install/amr_bringup/share/amr_bringup/cmake/amr_bringupConfig.cmake
[0.432s] -- Up-to-date: /home/npd/Desktop/amr_bot/install/amr_bringup/share/amr_bringup/cmake/amr_bringupConfig-version.cmake
[0.440s] -- Up-to-date: /home/npd/Desktop/amr_bot/install/amr_bringup/share/amr_bringup/package.xml
[0.457s] Invoked command in '/home/npd/Desktop/amr_bot/build/amr_bringup' returned '0': CMAKE_PREFIX_PATH=${CMAKE_PREFIX_PATH}:/home/npd/Desktop/amr_bot/install/amr_sensors:/home/npd/Desktop/amr_bot/install/amr_py_examples:/opt/ros/humble /usr/bin/cmake --install /home/npd/Desktop/amr_bot/build/amr_bringup
