[0.047s] Invoking command in '/home/npd/Desktop/amr_bot/build/amr_controller': CMAKE_PREFIX_PATH=${CMAKE_PREFIX_PATH}:/home/npd/Desktop/amr_bot/install/amr_py_examples:/opt/ros/humble /usr/bin/cmake --build /home/npd/Desktop/amr_bot/build/amr_controller -- -j4 -l4
[0.303s] Built target ament_cmake_python_symlink_amr_controller
[1.388s] running egg_info
[1.390s] writing amr_controller.egg-info/PKG-INFO
[1.390s] writing dependency_links to amr_controller.egg-info/dependency_links.txt
[1.391s] writing top-level names to amr_controller.egg-info/top_level.txt
[1.403s] reading manifest file 'amr_controller.egg-info/SOURCES.txt'
[1.403s] writing manifest file 'amr_controller.egg-info/SOURCES.txt'
[1.481s] Built target ament_cmake_python_build_amr_controller_egg
[1.512s] Invoked command in '/home/npd/Desktop/amr_bot/build/amr_controller' returned '0': CMAKE_PREFIX_PATH=${CMAKE_PREFIX_PATH}:/home/npd/Desktop/amr_bot/install/amr_py_examples:/opt/ros/humble /usr/bin/cmake --build /home/npd/Desktop/amr_bot/build/amr_controller -- -j4 -l4
[1.527s] Invoking command in '/home/npd/Desktop/amr_bot/build/amr_controller': CMAKE_PREFIX_PATH=${CMAKE_PREFIX_PATH}:/home/npd/Desktop/amr_bot/install/amr_py_examples:/opt/ros/humble /usr/bin/cmake --install /home/npd/Desktop/amr_bot/build/amr_controller
[1.562s] -- Install configuration: ""
[1.563s] -- Execute custom install script
[1.567s] -- Up-to-date symlink: /home/npd/Desktop/amr_bot/install/amr_controller/share/amr_controller/environment/pythonpath.sh
[1.575s] -- Up-to-date symlink: /home/npd/Desktop/amr_bot/install/amr_controller/share/amr_controller/environment/pythonpath.dsv
[1.577s] -- Up-to-date symlink: /home/npd/Desktop/amr_bot/install/amr_controller/local/lib/python3.10/dist-packages/amr_controller-0.0.0-py3.10.egg-info/PKG-INFO
[1.577s] -- Up-to-date symlink: /home/npd/Desktop/amr_bot/install/amr_controller/local/lib/python3.10/dist-packages/amr_controller-0.0.0-py3.10.egg-info/SOURCES.txt
[1.577s] -- Up-to-date symlink: /home/npd/Desktop/amr_bot/install/amr_controller/local/lib/python3.10/dist-packages/amr_controller-0.0.0-py3.10.egg-info/dependency_links.txt
[1.578s] -- Up-to-date symlink: /home/npd/Desktop/amr_bot/install/amr_controller/local/lib/python3.10/dist-packages/amr_controller-0.0.0-py3.10.egg-info/top_level.txt
[1.578s] -- Up-to-date symlink: /home/npd/Desktop/amr_bot/install/amr_controller/local/lib/python3.10/dist-packages/amr_controller/__init__.py
[1.579s] -- Up-to-date symlink: /home/npd/Desktop/amr_bot/install/amr_controller/local/lib/python3.10/dist-packages/amr_controller/simple_controller.py
[1.581s] -- Up-to-date symlink: /home/npd/Desktop/amr_bot/install/amr_controller/share/amr_controller/config/amr_controllers.yaml
[1.590s] -- Up-to-date symlink: /home/npd/Desktop/amr_bot/install/amr_controller/share/amr_controller/config/joy_config.yaml
[1.591s] -- Up-to-date symlink: /home/npd/Desktop/amr_bot/install/amr_controller/share/amr_controller/config/joy_teleop.yaml
[1.591s] -- Up-to-date symlink: /home/npd/Desktop/amr_bot/install/amr_controller/share/amr_controller/launch/controller.launch.py
[1.591s] -- Up-to-date symlink: /home/npd/Desktop/amr_bot/install/amr_controller/share/amr_controller/launch/joystick_teleop.launch.py
[1.591s] -- Up-to-date symlink: /home/npd/Desktop/amr_bot/install/amr_controller/lib/amr_controller/simple_controller.py
[1.591s] -- Up-to-date symlink: /home/npd/Desktop/amr_bot/install/amr_controller/share/ament_index/resource_index/package_run_dependencies/amr_controller
[1.591s] -- Up-to-date symlink: /home/npd/Desktop/amr_bot/install/amr_controller/share/ament_index/resource_index/parent_prefix_path/amr_controller
[1.592s] -- Up-to-date symlink: /home/npd/Desktop/amr_bot/install/amr_controller/share/amr_controller/environment/ament_prefix_path.sh
[1.592s] -- Up-to-date symlink: /home/npd/Desktop/amr_bot/install/amr_controller/share/amr_controller/environment/ament_prefix_path.dsv
[1.592s] -- Up-to-date symlink: /home/npd/Desktop/amr_bot/install/amr_controller/share/amr_controller/environment/path.sh
[1.593s] -- Up-to-date symlink: /home/npd/Desktop/amr_bot/install/amr_controller/share/amr_controller/environment/path.dsv
[1.597s] -- Up-to-date symlink: /home/npd/Desktop/amr_bot/install/amr_controller/share/amr_controller/local_setup.bash
[1.598s] -- Up-to-date symlink: /home/npd/Desktop/amr_bot/install/amr_controller/share/amr_controller/local_setup.sh
[1.599s] -- Up-to-date symlink: /home/npd/Desktop/amr_bot/install/amr_controller/share/amr_controller/local_setup.zsh
[1.600s] -- Up-to-date symlink: /home/npd/Desktop/amr_bot/install/amr_controller/share/amr_controller/local_setup.dsv
[1.601s] -- Symlinking: /home/npd/Desktop/amr_bot/install/amr_controller/share/amr_controller/package.dsv
[1.644s] -- Up-to-date symlink: /home/npd/Desktop/amr_bot/install/amr_controller/share/ament_index/resource_index/packages/amr_controller
[1.644s] -- Up-to-date symlink: /home/npd/Desktop/amr_bot/install/amr_controller/share/amr_controller/cmake/amr_controllerConfig.cmake
[1.645s] -- Up-to-date symlink: /home/npd/Desktop/amr_bot/install/amr_controller/share/amr_controller/cmake/amr_controllerConfig-version.cmake
[1.645s] -- Up-to-date symlink: /home/npd/Desktop/amr_bot/install/amr_controller/share/amr_controller/package.xml
[1.806s] Listing '/home/npd/Desktop/amr_bot/install/amr_controller/local/lib/python3.10/dist-packages/amr_controller'...
[1.818s] Invoked command in '/home/npd/Desktop/amr_bot/build/amr_controller' returned '0': CMAKE_PREFIX_PATH=${CMAKE_PREFIX_PATH}:/home/npd/Desktop/amr_bot/install/amr_py_examples:/opt/ros/humble /usr/bin/cmake --install /home/npd/Desktop/amr_bot/build/amr_controller
