[0.049s] Invoking command in '/home/npd/Desktop/amr_bot/build/amr_controller': CMAKE_PREFIX_PATH=${CMAKE_PREFIX_PATH}:/home/npd/Desktop/amr_bot/install/amr_py_examples:/opt/ros/humble /usr/bin/cmake --build /home/npd/Desktop/amr_bot/build/amr_controller -- -j4 -l4
[0.273s] Built target ament_cmake_python_symlink_amr_controller
[1.334s] running egg_info
[1.335s] writing amr_controller.egg-info/PKG-INFO
[1.336s] writing dependency_links to amr_controller.egg-info/dependency_links.txt
[1.336s] writing top-level names to amr_controller.egg-info/top_level.txt
[1.348s] reading manifest file 'amr_controller.egg-info/SOURCES.txt'
[1.353s] writing manifest file 'amr_controller.egg-info/SOURCES.txt'
[1.430s] Built target ament_cmake_python_build_amr_controller_egg
[1.461s] Invoked command in '/home/npd/Desktop/amr_bot/build/amr_controller' returned '0': CMAKE_PREFIX_PATH=${CMAKE_PREFIX_PATH}:/home/npd/Desktop/amr_bot/install/amr_py_examples:/opt/ros/humble /usr/bin/cmake --build /home/npd/Desktop/amr_bot/build/amr_controller -- -j4 -l4
[1.465s] Invoking command in '/home/npd/Desktop/amr_bot/build/amr_controller': CMAKE_PREFIX_PATH=${CMAKE_PREFIX_PATH}:/home/npd/Desktop/amr_bot/install/amr_py_examples:/opt/ros/humble /usr/bin/cmake --install /home/npd/Desktop/amr_bot/build/amr_controller
[1.496s] -- Install configuration: ""
[1.496s] -- Execute custom install script
[1.497s] -- Up-to-date symlink: /home/npd/Desktop/amr_bot/install/amr_controller/share/amr_controller/environment/pythonpath.sh
[1.499s] -- Up-to-date symlink: /home/npd/Desktop/amr_bot/install/amr_controller/share/amr_controller/environment/pythonpath.dsv
[1.501s] -- Up-to-date symlink: /home/npd/Desktop/amr_bot/install/amr_controller/local/lib/python3.10/dist-packages/amr_controller-0.0.0-py3.10.egg-info/PKG-INFO
[1.502s] -- Up-to-date symlink: /home/npd/Desktop/amr_bot/install/amr_controller/local/lib/python3.10/dist-packages/amr_controller-0.0.0-py3.10.egg-info/SOURCES.txt
[1.503s] -- Up-to-date symlink: /home/npd/Desktop/amr_bot/install/amr_controller/local/lib/python3.10/dist-packages/amr_controller-0.0.0-py3.10.egg-info/dependency_links.txt
[1.504s] -- Up-to-date symlink: /home/npd/Desktop/amr_bot/install/amr_controller/local/lib/python3.10/dist-packages/amr_controller-0.0.0-py3.10.egg-info/top_level.txt
[1.505s] -- Up-to-date symlink: /home/npd/Desktop/amr_bot/install/amr_controller/local/lib/python3.10/dist-packages/amr_controller/__init__.py
[1.507s] -- Up-to-date symlink: /home/npd/Desktop/amr_bot/install/amr_controller/local/lib/python3.10/dist-packages/amr_controller/simple_controller.py
[1.508s] -- Up-to-date symlink: /home/npd/Desktop/amr_bot/install/amr_controller/share/amr_controller/config/amr_controllers.yaml
[1.509s] -- Up-to-date symlink: /home/npd/Desktop/amr_bot/install/amr_controller/share/amr_controller/config/joy_config.yaml
[1.510s] -- Up-to-date symlink: /home/npd/Desktop/amr_bot/install/amr_controller/share/amr_controller/config/joy_teleop.yaml
[1.511s] -- Up-to-date symlink: /home/npd/Desktop/amr_bot/install/amr_controller/share/amr_controller/launch/controller.launch.py
[1.512s] -- Up-to-date symlink: /home/npd/Desktop/amr_bot/install/amr_controller/share/amr_controller/launch/joystick_teleop.launch.py
[1.512s] -- Up-to-date symlink: /home/npd/Desktop/amr_bot/install/amr_controller/lib/amr_controller/simple_controller.py
[1.514s] -- Up-to-date symlink: /home/npd/Desktop/amr_bot/install/amr_controller/share/ament_index/resource_index/package_run_dependencies/amr_controller
[1.514s] -- Up-to-date symlink: /home/npd/Desktop/amr_bot/install/amr_controller/share/ament_index/resource_index/parent_prefix_path/amr_controller
[1.516s] -- Up-to-date symlink: /home/npd/Desktop/amr_bot/install/amr_controller/share/amr_controller/environment/ament_prefix_path.sh
[1.517s] -- Up-to-date symlink: /home/npd/Desktop/amr_bot/install/amr_controller/share/amr_controller/environment/ament_prefix_path.dsv
[1.518s] -- Up-to-date symlink: /home/npd/Desktop/amr_bot/install/amr_controller/share/amr_controller/environment/path.sh
[1.519s] -- Up-to-date symlink: /home/npd/Desktop/amr_bot/install/amr_controller/share/amr_controller/environment/path.dsv
[1.519s] -- Up-to-date symlink: /home/npd/Desktop/amr_bot/install/amr_controller/share/amr_controller/local_setup.bash
[1.520s] -- Up-to-date symlink: /home/npd/Desktop/amr_bot/install/amr_controller/share/amr_controller/local_setup.sh
[1.522s] -- Up-to-date symlink: /home/npd/Desktop/amr_bot/install/amr_controller/share/amr_controller/local_setup.zsh
[1.522s] -- Up-to-date symlink: /home/npd/Desktop/amr_bot/install/amr_controller/share/amr_controller/local_setup.dsv
[1.523s] -- Symlinking: /home/npd/Desktop/amr_bot/install/amr_controller/share/amr_controller/package.dsv
[1.558s] -- Up-to-date symlink: /home/npd/Desktop/amr_bot/install/amr_controller/share/ament_index/resource_index/packages/amr_controller
[1.559s] -- Up-to-date symlink: /home/npd/Desktop/amr_bot/install/amr_controller/share/amr_controller/cmake/amr_controllerConfig.cmake
[1.561s] -- Up-to-date symlink: /home/npd/Desktop/amr_bot/install/amr_controller/share/amr_controller/cmake/amr_controllerConfig-version.cmake
[1.561s] -- Up-to-date symlink: /home/npd/Desktop/amr_bot/install/amr_controller/share/amr_controller/package.xml
[1.690s] Listing '/home/npd/Desktop/amr_bot/install/amr_controller/local/lib/python3.10/dist-packages/amr_controller'...
[1.693s] Invoked command in '/home/npd/Desktop/amr_bot/build/amr_controller' returned '0': CMAKE_PREFIX_PATH=${CMAKE_PREFIX_PATH}:/home/npd/Desktop/amr_bot/install/amr_py_examples:/opt/ros/humble /usr/bin/cmake --install /home/npd/Desktop/amr_bot/build/amr_controller
