[6.431s] Invoking command in '/home/npd/Desktop/amr_bot/src/amr_sensors': PYTHONPATH=/home/npd/Desktop/amr_bot/build/amr_sensors/prefix_override:/usr/lib/python3/dist-packages/colcon_core/task/python/colcon_distutils_commands:/home/npd/Desktop/amr_bot/install/amr_sensors/lib/python3.10/site-packages:${PYTHONPATH} /usr/bin/python3 -W ignore:setup.py install is deprecated -W ignore:easy_install command is deprecated setup.py egg_info --egg-base ../../build/amr_sensors build --build-base /home/npd/Desktop/amr_bot/build/amr_sensors/build install --record /home/npd/Desktop/amr_bot/build/amr_sensors/install.log --single-version-externally-managed install_data
[8.069s] running egg_info
[8.072s] writing ../../build/amr_sensors/amr_sensors.egg-info/PKG-INFO
[8.074s] writing dependency_links to ../../build/amr_sensors/amr_sensors.egg-info/dependency_links.txt
[8.075s] writing entry points to ../../build/amr_sensors/amr_sensors.egg-info/entry_points.txt
[8.077s] writing requirements to ../../build/amr_sensors/amr_sensors.egg-info/requires.txt
[8.080s] writing top-level names to ../../build/amr_sensors/amr_sensors.egg-info/top_level.txt
[8.085s] reading manifest file '../../build/amr_sensors/amr_sensors.egg-info/SOURCES.txt'
[8.088s] writing manifest file '../../build/amr_sensors/amr_sensors.egg-info/SOURCES.txt'
[8.093s] running build
[8.094s] running build_py
[8.095s] running install
[8.097s] running install_lib
[8.104s] running install_data
[8.105s] running install_egg_info
[8.113s] removing '/home/npd/Desktop/amr_bot/install/amr_sensors/lib/python3.10/site-packages/amr_sensors-0.0.0-py3.10.egg-info' (and everything under it)
[8.116s] Copying ../../build/amr_sensors/amr_sensors.egg-info to /home/npd/Desktop/amr_bot/install/amr_sensors/lib/python3.10/site-packages/amr_sensors-0.0.0-py3.10.egg-info
[8.119s] running install_scripts
[8.214s] Installing front_lidar_reader script to /home/npd/Desktop/amr_bot/install/amr_sensors/lib/amr_sensors
[8.216s] writing list of installed files to '/home/npd/Desktop/amr_bot/build/amr_sensors/install.log'
[8.317s] Invoked command in '/home/npd/Desktop/amr_bot/src/amr_sensors' returned '0': PYTHONPATH=/home/npd/Desktop/amr_bot/build/amr_sensors/prefix_override:/usr/lib/python3/dist-packages/colcon_core/task/python/colcon_distutils_commands:/home/npd/Desktop/amr_bot/install/amr_sensors/lib/python3.10/site-packages:${PYTHONPATH} /usr/bin/python3 -W ignore:setup.py install is deprecated -W ignore:easy_install command is deprecated setup.py egg_info --egg-base ../../build/amr_sensors build --build-base /home/npd/Desktop/amr_bot/build/amr_sensors/build install --record /home/npd/Desktop/amr_bot/build/amr_sensors/install.log --single-version-externally-managed install_data
