[0.190s] DEBUG:colcon:Command line arguments: ['/usr/bin/colcon', 'build']
[0.190s] DEBUG:colcon:Parsed command line arguments: Namespace(log_base=None, log_level=None, verb_name='build', build_base='build', install_base='install', merge_install=False, symlink_install=False, test_result_base=None, continue_on_error=False, executor='parallel', parallel_workers=4, event_handlers=None, ignore_user_meta=False, metas=['./colcon.meta'], base_paths=['.'], packages_ignore=None, packages_ignore_regex=None, paths=None, packages_up_to=None, packages_up_to_regex=None, packages_above=None, packages_above_and_dependencies=None, packages_above_depth=None, packages_select_by_dep=None, packages_skip_by_dep=None, packages_skip_up_to=None, packages_select_build_failed=False, packages_skip_build_finished=False, packages_select_test_failures=False, packages_skip_test_passed=False, packages_select=None, packages_skip=None, packages_select_regex=None, packages_skip_regex=None, packages_start=None, packages_end=None, allow_overriding=[], cmake_args=None, cmake_target=None, cmake_target_skip_unavailable=False, cmake_clean_cache=False, cmake_clean_first=False, cmake_force_configure=False, ament_cmake_args=None, catkin_cmake_args=None, catkin_skip_building_tests=False, verb_parser=<colcon_defaults.argument_parser.defaults.DefaultArgumentsDecorator object at 0x76337da23f70>, verb_extension=<colcon_core.verb.build.BuildVerb object at 0x76337da233d0>, main=<bound method BuildVerb.main of <colcon_core.verb.build.BuildVerb object at 0x76337da233d0>>)
[0.501s] Level 1:colcon.colcon_core.package_discovery:discover_packages(colcon_meta) check parameters
[0.502s] Level 1:colcon.colcon_core.package_discovery:discover_packages(recursive) check parameters
[0.502s] Level 1:colcon.colcon_core.package_discovery:discover_packages(ignore) check parameters
[0.502s] Level 1:colcon.colcon_core.package_discovery:discover_packages(path) check parameters
[0.502s] Level 1:colcon.colcon_core.package_discovery:discover_packages(colcon_meta) discover
[0.502s] Level 1:colcon.colcon_core.package_discovery:discover_packages(recursive) discover
[0.502s] INFO:colcon.colcon_core.package_discovery:Crawling recursively for packages in '/home/npd/Desktop/amr_bot'
[0.502s] Level 1:colcon.colcon_core.package_identification:_identify(.) by extensions ['ignore', 'ignore_ament_install']
[0.502s] Level 1:colcon.colcon_core.package_identification:_identify(.) by extension 'ignore'
[0.503s] Level 1:colcon.colcon_core.package_identification:_identify(.) by extension 'ignore_ament_install'
[0.503s] Level 1:colcon.colcon_core.package_identification:_identify(.) by extensions ['colcon_pkg']
[0.503s] Level 1:colcon.colcon_core.package_identification:_identify(.) by extension 'colcon_pkg'
[0.503s] Level 1:colcon.colcon_core.package_identification:_identify(.) by extensions ['colcon_meta']
[0.503s] Level 1:colcon.colcon_core.package_identification:_identify(.) by extension 'colcon_meta'
[0.503s] Level 1:colcon.colcon_core.package_identification:_identify(.) by extensions ['ros']
[0.503s] Level 1:colcon.colcon_core.package_identification:_identify(.) by extension 'ros'
[0.522s] Level 1:colcon.colcon_core.package_identification:_identify(.) by extensions ['cmake', 'python']
[0.522s] Level 1:colcon.colcon_core.package_identification:_identify(.) by extension 'cmake'
[0.522s] Level 1:colcon.colcon_core.package_identification:_identify(.) by extension 'python'
[0.522s] Level 1:colcon.colcon_core.package_identification:_identify(.) by extensions ['python_setup_py']
[0.522s] Level 1:colcon.colcon_core.package_identification:_identify(.) by extension 'python_setup_py'
[0.523s] Level 1:colcon.colcon_core.package_identification:_identify(build) by extensions ['ignore', 'ignore_ament_install']
[0.523s] Level 1:colcon.colcon_core.package_identification:_identify(build) by extension 'ignore'
[0.523s] Level 1:colcon.colcon_core.package_identification:_identify(build) ignored
[0.523s] Level 1:colcon.colcon_core.package_identification:_identify(install) by extensions ['ignore', 'ignore_ament_install']
[0.523s] Level 1:colcon.colcon_core.package_identification:_identify(install) by extension 'ignore'
[0.524s] Level 1:colcon.colcon_core.package_identification:_identify(install) ignored
[0.524s] Level 1:colcon.colcon_core.package_identification:_identify(log) by extensions ['ignore', 'ignore_ament_install']
[0.524s] Level 1:colcon.colcon_core.package_identification:_identify(log) by extension 'ignore'
[0.524s] Level 1:colcon.colcon_core.package_identification:_identify(log) ignored
[0.524s] Level 1:colcon.colcon_core.package_identification:_identify(src) by extensions ['ignore', 'ignore_ament_install']
[0.524s] Level 1:colcon.colcon_core.package_identification:_identify(src) by extension 'ignore'
[0.524s] Level 1:colcon.colcon_core.package_identification:_identify(src) by extension 'ignore_ament_install'
[0.525s] Level 1:colcon.colcon_core.package_identification:_identify(src) by extensions ['colcon_pkg']
[0.525s] Level 1:colcon.colcon_core.package_identification:_identify(src) by extension 'colcon_pkg'
[0.525s] Level 1:colcon.colcon_core.package_identification:_identify(src) by extensions ['colcon_meta']
[0.525s] Level 1:colcon.colcon_core.package_identification:_identify(src) by extension 'colcon_meta'
[0.525s] Level 1:colcon.colcon_core.package_identification:_identify(src) by extensions ['ros']
[0.525s] Level 1:colcon.colcon_core.package_identification:_identify(src) by extension 'ros'
[0.525s] Level 1:colcon.colcon_core.package_identification:_identify(src) by extensions ['cmake', 'python']
[0.525s] Level 1:colcon.colcon_core.package_identification:_identify(src) by extension 'cmake'
[0.525s] Level 1:colcon.colcon_core.package_identification:_identify(src) by extension 'python'
[0.525s] Level 1:colcon.colcon_core.package_identification:_identify(src) by extensions ['python_setup_py']
[0.525s] Level 1:colcon.colcon_core.package_identification:_identify(src) by extension 'python_setup_py'
[0.525s] Level 1:colcon.colcon_core.package_identification:_identify(src/amr_controller) by extensions ['ignore', 'ignore_ament_install']
[0.526s] Level 1:colcon.colcon_core.package_identification:_identify(src/amr_controller) by extension 'ignore'
[0.526s] Level 1:colcon.colcon_core.package_identification:_identify(src/amr_controller) by extension 'ignore_ament_install'
[0.526s] Level 1:colcon.colcon_core.package_identification:_identify(src/amr_controller) by extensions ['colcon_pkg']
[0.526s] Level 1:colcon.colcon_core.package_identification:_identify(src/amr_controller) by extension 'colcon_pkg'
[0.526s] Level 1:colcon.colcon_core.package_identification:_identify(src/amr_controller) by extensions ['colcon_meta']
[0.526s] Level 1:colcon.colcon_core.package_identification:_identify(src/amr_controller) by extension 'colcon_meta'
[0.526s] Level 1:colcon.colcon_core.package_identification:_identify(src/amr_controller) by extensions ['ros']
[0.526s] Level 1:colcon.colcon_core.package_identification:_identify(src/amr_controller) by extension 'ros'
[0.530s] DEBUG:colcon.colcon_core.package_identification:Package 'src/amr_controller' with type 'ros.ament_cmake' and name 'amr_controller'
[0.531s] Level 1:colcon.colcon_core.package_identification:_identify(src/amr_cpp_examples) by extensions ['ignore', 'ignore_ament_install']
[0.531s] Level 1:colcon.colcon_core.package_identification:_identify(src/amr_cpp_examples) by extension 'ignore'
[0.531s] Level 1:colcon.colcon_core.package_identification:_identify(src/amr_cpp_examples) by extension 'ignore_ament_install'
[0.531s] Level 1:colcon.colcon_core.package_identification:_identify(src/amr_cpp_examples) by extensions ['colcon_pkg']
[0.531s] Level 1:colcon.colcon_core.package_identification:_identify(src/amr_cpp_examples) by extension 'colcon_pkg'
[0.531s] Level 1:colcon.colcon_core.package_identification:_identify(src/amr_cpp_examples) by extensions ['colcon_meta']
[0.531s] Level 1:colcon.colcon_core.package_identification:_identify(src/amr_cpp_examples) by extension 'colcon_meta'
[0.531s] Level 1:colcon.colcon_core.package_identification:_identify(src/amr_cpp_examples) by extensions ['ros']
[0.531s] Level 1:colcon.colcon_core.package_identification:_identify(src/amr_cpp_examples) by extension 'ros'
[0.532s] DEBUG:colcon.colcon_core.package_identification:Package 'src/amr_cpp_examples' with type 'ros.ament_cmake' and name 'amr_cpp_examples'
[0.533s] Level 1:colcon.colcon_core.package_identification:_identify(src/amr_description) by extensions ['ignore', 'ignore_ament_install']
[0.533s] Level 1:colcon.colcon_core.package_identification:_identify(src/amr_description) by extension 'ignore'
[0.533s] Level 1:colcon.colcon_core.package_identification:_identify(src/amr_description) by extension 'ignore_ament_install'
[0.533s] Level 1:colcon.colcon_core.package_identification:_identify(src/amr_description) by extensions ['colcon_pkg']
[0.533s] Level 1:colcon.colcon_core.package_identification:_identify(src/amr_description) by extension 'colcon_pkg'
[0.533s] Level 1:colcon.colcon_core.package_identification:_identify(src/amr_description) by extensions ['colcon_meta']
[0.533s] Level 1:colcon.colcon_core.package_identification:_identify(src/amr_description) by extension 'colcon_meta'
[0.534s] Level 1:colcon.colcon_core.package_identification:_identify(src/amr_description) by extensions ['ros']
[0.534s] Level 1:colcon.colcon_core.package_identification:_identify(src/amr_description) by extension 'ros'
[0.538s] DEBUG:colcon.colcon_core.package_identification:Package 'src/amr_description' with type 'ros.ament_cmake' and name 'amr_description'
[0.538s] Level 1:colcon.colcon_core.package_identification:_identify(src/amr_py_examples) by extensions ['ignore', 'ignore_ament_install']
[0.538s] Level 1:colcon.colcon_core.package_identification:_identify(src/amr_py_examples) by extension 'ignore'
[0.538s] Level 1:colcon.colcon_core.package_identification:_identify(src/amr_py_examples) by extension 'ignore_ament_install'
[0.538s] Level 1:colcon.colcon_core.package_identification:_identify(src/amr_py_examples) by extensions ['colcon_pkg']
[0.538s] Level 1:colcon.colcon_core.package_identification:_identify(src/amr_py_examples) by extension 'colcon_pkg'
[0.539s] Level 1:colcon.colcon_core.package_identification:_identify(src/amr_py_examples) by extensions ['colcon_meta']
[0.539s] Level 1:colcon.colcon_core.package_identification:_identify(src/amr_py_examples) by extension 'colcon_meta'
[0.539s] Level 1:colcon.colcon_core.package_identification:_identify(src/amr_py_examples) by extensions ['ros']
[0.539s] Level 1:colcon.colcon_core.package_identification:_identify(src/amr_py_examples) by extension 'ros'
[0.540s] DEBUG:colcon.colcon_core.package_identification:Package 'src/amr_py_examples' with type 'ros.ament_python' and name 'amr_py_examples'
[0.540s] Level 1:colcon.colcon_core.package_identification:_identify(src/build) by extensions ['ignore', 'ignore_ament_install']
[0.540s] Level 1:colcon.colcon_core.package_identification:_identify(src/build) by extension 'ignore'
[0.540s] Level 1:colcon.colcon_core.package_identification:_identify(src/build) ignored
[0.541s] Level 1:colcon.colcon_core.package_identification:_identify(src/install) by extensions ['ignore', 'ignore_ament_install']
[0.541s] Level 1:colcon.colcon_core.package_identification:_identify(src/install) by extension 'ignore'
[0.541s] Level 1:colcon.colcon_core.package_identification:_identify(src/install) ignored
[0.541s] Level 1:colcon.colcon_core.package_identification:_identify(src/log) by extensions ['ignore', 'ignore_ament_install']
[0.541s] Level 1:colcon.colcon_core.package_identification:_identify(src/log) by extension 'ignore'
[0.541s] Level 1:colcon.colcon_core.package_identification:_identify(src/log) ignored
[0.541s] Level 1:colcon.colcon_core.package_discovery:discover_packages(recursive) using defaults
[0.541s] Level 1:colcon.colcon_core.package_discovery:discover_packages(ignore) discover
[0.541s] Level 1:colcon.colcon_core.package_discovery:discover_packages(ignore) using defaults
[0.541s] Level 1:colcon.colcon_core.package_discovery:discover_packages(path) discover
[0.541s] Level 1:colcon.colcon_core.package_discovery:discover_packages(path) using defaults
[0.590s] Level 1:colcon.colcon_core.package_discovery:discover_packages(prefix_path) check parameters
[0.590s] Level 1:colcon.colcon_core.package_discovery:discover_packages(prefix_path) discover
[0.594s] DEBUG:colcon.colcon_installed_package_information.package_discovery:Found 4 installed packages in /home/npd/Desktop/amr_bot/install
[0.597s] DEBUG:colcon.colcon_installed_package_information.package_discovery:Found 364 installed packages in /opt/ros/humble
[0.600s] Level 1:colcon.colcon_core.package_discovery:discover_packages(prefix_path) using defaults
[0.683s] Level 5:colcon.colcon_core.verb:set package 'amr_controller' build argument 'cmake_args' from command line to 'None'
[0.683s] Level 5:colcon.colcon_core.verb:set package 'amr_controller' build argument 'cmake_target' from command line to 'None'
[0.683s] Level 5:colcon.colcon_core.verb:set package 'amr_controller' build argument 'cmake_target_skip_unavailable' from command line to 'False'
[0.684s] Level 5:colcon.colcon_core.verb:set package 'amr_controller' build argument 'cmake_clean_cache' from command line to 'False'
[0.684s] Level 5:colcon.colcon_core.verb:set package 'amr_controller' build argument 'cmake_clean_first' from command line to 'False'
[0.684s] Level 5:colcon.colcon_core.verb:set package 'amr_controller' build argument 'cmake_force_configure' from command line to 'False'
[0.684s] Level 5:colcon.colcon_core.verb:set package 'amr_controller' build argument 'ament_cmake_args' from command line to 'None'
[0.684s] Level 5:colcon.colcon_core.verb:set package 'amr_controller' build argument 'catkin_cmake_args' from command line to 'None'
[0.684s] Level 5:colcon.colcon_core.verb:set package 'amr_controller' build argument 'catkin_skip_building_tests' from command line to 'False'
[0.684s] DEBUG:colcon.colcon_core.verb:Building package 'amr_controller' with the following arguments: {'ament_cmake_args': None, 'build_base': '/home/npd/Desktop/amr_bot/build/amr_controller', 'catkin_cmake_args': None, 'catkin_skip_building_tests': False, 'cmake_args': None, 'cmake_clean_cache': False, 'cmake_clean_first': False, 'cmake_force_configure': False, 'cmake_target': None, 'cmake_target_skip_unavailable': False, 'install_base': '/home/npd/Desktop/amr_bot/install/amr_controller', 'merge_install': False, 'path': '/home/npd/Desktop/amr_bot/src/amr_controller', 'symlink_install': False, 'test_result_base': None}
[0.685s] Level 5:colcon.colcon_core.verb:set package 'amr_cpp_examples' build argument 'cmake_args' from command line to 'None'
[0.685s] Level 5:colcon.colcon_core.verb:set package 'amr_cpp_examples' build argument 'cmake_target' from command line to 'None'
[0.685s] Level 5:colcon.colcon_core.verb:set package 'amr_cpp_examples' build argument 'cmake_target_skip_unavailable' from command line to 'False'
[0.685s] Level 5:colcon.colcon_core.verb:set package 'amr_cpp_examples' build argument 'cmake_clean_cache' from command line to 'False'
[0.685s] Level 5:colcon.colcon_core.verb:set package 'amr_cpp_examples' build argument 'cmake_clean_first' from command line to 'False'
[0.685s] Level 5:colcon.colcon_core.verb:set package 'amr_cpp_examples' build argument 'cmake_force_configure' from command line to 'False'
[0.685s] Level 5:colcon.colcon_core.verb:set package 'amr_cpp_examples' build argument 'ament_cmake_args' from command line to 'None'
[0.685s] Level 5:colcon.colcon_core.verb:set package 'amr_cpp_examples' build argument 'catkin_cmake_args' from command line to 'None'
[0.685s] Level 5:colcon.colcon_core.verb:set package 'amr_cpp_examples' build argument 'catkin_skip_building_tests' from command line to 'False'
[0.685s] DEBUG:colcon.colcon_core.verb:Building package 'amr_cpp_examples' with the following arguments: {'ament_cmake_args': None, 'build_base': '/home/npd/Desktop/amr_bot/build/amr_cpp_examples', 'catkin_cmake_args': None, 'catkin_skip_building_tests': False, 'cmake_args': None, 'cmake_clean_cache': False, 'cmake_clean_first': False, 'cmake_force_configure': False, 'cmake_target': None, 'cmake_target_skip_unavailable': False, 'install_base': '/home/npd/Desktop/amr_bot/install/amr_cpp_examples', 'merge_install': False, 'path': '/home/npd/Desktop/amr_bot/src/amr_cpp_examples', 'symlink_install': False, 'test_result_base': None}
[0.686s] Level 5:colcon.colcon_core.verb:set package 'amr_description' build argument 'cmake_args' from command line to 'None'
[0.686s] Level 5:colcon.colcon_core.verb:set package 'amr_description' build argument 'cmake_target' from command line to 'None'
[0.686s] Level 5:colcon.colcon_core.verb:set package 'amr_description' build argument 'cmake_target_skip_unavailable' from command line to 'False'
[0.686s] Level 5:colcon.colcon_core.verb:set package 'amr_description' build argument 'cmake_clean_cache' from command line to 'False'
[0.686s] Level 5:colcon.colcon_core.verb:set package 'amr_description' build argument 'cmake_clean_first' from command line to 'False'
[0.686s] Level 5:colcon.colcon_core.verb:set package 'amr_description' build argument 'cmake_force_configure' from command line to 'False'
[0.686s] Level 5:colcon.colcon_core.verb:set package 'amr_description' build argument 'ament_cmake_args' from command line to 'None'
[0.686s] Level 5:colcon.colcon_core.verb:set package 'amr_description' build argument 'catkin_cmake_args' from command line to 'None'
[0.686s] Level 5:colcon.colcon_core.verb:set package 'amr_description' build argument 'catkin_skip_building_tests' from command line to 'False'
[0.686s] DEBUG:colcon.colcon_core.verb:Building package 'amr_description' with the following arguments: {'ament_cmake_args': None, 'build_base': '/home/npd/Desktop/amr_bot/build/amr_description', 'catkin_cmake_args': None, 'catkin_skip_building_tests': False, 'cmake_args': None, 'cmake_clean_cache': False, 'cmake_clean_first': False, 'cmake_force_configure': False, 'cmake_target': None, 'cmake_target_skip_unavailable': False, 'install_base': '/home/npd/Desktop/amr_bot/install/amr_description', 'merge_install': False, 'path': '/home/npd/Desktop/amr_bot/src/amr_description', 'symlink_install': False, 'test_result_base': None}
[0.687s] Level 5:colcon.colcon_core.verb:set package 'amr_py_examples' build argument 'cmake_args' from command line to 'None'
[0.687s] Level 5:colcon.colcon_core.verb:set package 'amr_py_examples' build argument 'cmake_target' from command line to 'None'
[0.687s] Level 5:colcon.colcon_core.verb:set package 'amr_py_examples' build argument 'cmake_target_skip_unavailable' from command line to 'False'
[0.687s] Level 5:colcon.colcon_core.verb:set package 'amr_py_examples' build argument 'cmake_clean_cache' from command line to 'False'
[0.687s] Level 5:colcon.colcon_core.verb:set package 'amr_py_examples' build argument 'cmake_clean_first' from command line to 'False'
[0.687s] Level 5:colcon.colcon_core.verb:set package 'amr_py_examples' build argument 'cmake_force_configure' from command line to 'False'
[0.687s] Level 5:colcon.colcon_core.verb:set package 'amr_py_examples' build argument 'ament_cmake_args' from command line to 'None'
[0.687s] Level 5:colcon.colcon_core.verb:set package 'amr_py_examples' build argument 'catkin_cmake_args' from command line to 'None'
[0.687s] Level 5:colcon.colcon_core.verb:set package 'amr_py_examples' build argument 'catkin_skip_building_tests' from command line to 'False'
[0.688s] DEBUG:colcon.colcon_core.verb:Building package 'amr_py_examples' with the following arguments: {'ament_cmake_args': None, 'build_base': '/home/npd/Desktop/amr_bot/build/amr_py_examples', 'catkin_cmake_args': None, 'catkin_skip_building_tests': False, 'cmake_args': None, 'cmake_clean_cache': False, 'cmake_clean_first': False, 'cmake_force_configure': False, 'cmake_target': None, 'cmake_target_skip_unavailable': False, 'install_base': '/home/npd/Desktop/amr_bot/install/amr_py_examples', 'merge_install': False, 'path': '/home/npd/Desktop/amr_bot/src/amr_py_examples', 'symlink_install': False, 'test_result_base': None}
[0.688s] INFO:colcon.colcon_core.executor:Executing jobs using 'parallel' executor
[0.689s] DEBUG:colcon.colcon_parallel_executor.executor.parallel:run_until_complete
[0.690s] INFO:colcon.colcon_ros.task.ament_cmake.build:Building ROS package in '/home/npd/Desktop/amr_bot/src/amr_controller' with build type 'ament_cmake'
[0.690s] INFO:colcon.colcon_cmake.task.cmake.build:Building CMake package in '/home/npd/Desktop/amr_bot/src/amr_controller'
[0.694s] INFO:colcon.colcon_core.plugin_system:Skipping extension 'colcon_core.shell.bat': Not used on non-Windows systems
[0.694s] INFO:colcon.colcon_core.shell:Skip shell extension 'powershell' for command environment: Not usable outside of PowerShell
[0.694s] DEBUG:colcon.colcon_core.shell:Skip shell extension 'dsv' for command environment
[0.701s] INFO:colcon.colcon_ros.task.ament_cmake.build:Building ROS package in '/home/npd/Desktop/amr_bot/src/amr_cpp_examples' with build type 'ament_cmake'
[0.702s] INFO:colcon.colcon_cmake.task.cmake.build:Building CMake package in '/home/npd/Desktop/amr_bot/src/amr_cpp_examples'
[0.702s] INFO:colcon.colcon_core.shell:Skip shell extension 'powershell' for command environment: Not usable outside of PowerShell
[0.702s] DEBUG:colcon.colcon_core.shell:Skip shell extension 'dsv' for command environment
[0.710s] INFO:colcon.colcon_ros.task.ament_cmake.build:Building ROS package in '/home/npd/Desktop/amr_bot/src/amr_description' with build type 'ament_cmake'
[0.710s] INFO:colcon.colcon_cmake.task.cmake.build:Building CMake package in '/home/npd/Desktop/amr_bot/src/amr_description'
[0.711s] INFO:colcon.colcon_core.shell:Skip shell extension 'powershell' for command environment: Not usable outside of PowerShell
[0.711s] DEBUG:colcon.colcon_core.shell:Skip shell extension 'dsv' for command environment
[0.718s] INFO:colcon.colcon_ros.task.ament_python.build:Building ROS package in '/home/npd/Desktop/amr_bot/src/amr_py_examples' with build type 'ament_python'
[0.719s] Level 1:colcon.colcon_core.shell:create_environment_hook('amr_py_examples', 'ament_prefix_path')
[0.719s] INFO:colcon.colcon_core.shell:Creating environment hook '/home/npd/Desktop/amr_bot/install/amr_py_examples/share/amr_py_examples/hook/ament_prefix_path.ps1'
[0.722s] INFO:colcon.colcon_core.shell:Creating environment descriptor '/home/npd/Desktop/amr_bot/install/amr_py_examples/share/amr_py_examples/hook/ament_prefix_path.dsv'
[0.723s] INFO:colcon.colcon_core.shell:Creating environment hook '/home/npd/Desktop/amr_bot/install/amr_py_examples/share/amr_py_examples/hook/ament_prefix_path.sh'
[0.725s] INFO:colcon.colcon_core.shell:Skip shell extension 'powershell' for command environment: Not usable outside of PowerShell
[0.725s] DEBUG:colcon.colcon_core.shell:Skip shell extension 'dsv' for command environment
[0.743s] DEBUG:colcon.colcon_core.event_handler.log_command:Invoking command in '/home/npd/Desktop/amr_bot/build/amr_controller': CMAKE_PREFIX_PATH=${CMAKE_PREFIX_PATH}:/home/npd/Desktop/amr_bot/install/amr_py_examples:/opt/ros/humble /usr/bin/cmake --build /home/npd/Desktop/amr_bot/build/amr_controller -- -j4 -l4
[0.755s] DEBUG:colcon.colcon_core.event_handler.log_command:Invoking command in '/home/npd/Desktop/amr_bot/build/amr_cpp_examples': CMAKE_PREFIX_PATH=${CMAKE_PREFIX_PATH}:/home/npd/Desktop/amr_bot/install/amr_py_examples:/opt/ros/humble /usr/bin/cmake --build /home/npd/Desktop/amr_bot/build/amr_cpp_examples -- -j4 -l4
[0.761s] DEBUG:colcon.colcon_core.event_handler.log_command:Invoking command in '/home/npd/Desktop/amr_bot/build/amr_description': CMAKE_PREFIX_PATH=${CMAKE_PREFIX_PATH}:/home/npd/Desktop/amr_bot/install/amr_py_examples:/opt/ros/humble /usr/bin/cmake --build /home/npd/Desktop/amr_bot/build/amr_description -- -j4 -l4
[1.347s] INFO:colcon.colcon_core.task.python.build:Building Python package in '/home/npd/Desktop/amr_bot/src/amr_py_examples'
[1.348s] INFO:colcon.colcon_core.shell:Skip shell extension 'powershell' for command environment: Not usable outside of PowerShell
[1.348s] DEBUG:colcon.colcon_core.shell:Skip shell extension 'dsv' for command environment
[1.362s] DEBUG:colcon.colcon_core.event_handler.log_command:Invoked command in '/home/npd/Desktop/amr_bot/build/amr_cpp_examples' returned '0': CMAKE_PREFIX_PATH=${CMAKE_PREFIX_PATH}:/home/npd/Desktop/amr_bot/install/amr_py_examples:/opt/ros/humble /usr/bin/cmake --build /home/npd/Desktop/amr_bot/build/amr_cpp_examples -- -j4 -l4
[1.382s] DEBUG:colcon.colcon_core.event_handler.log_command:Invoking command in '/home/npd/Desktop/amr_bot/build/amr_cpp_examples': CMAKE_PREFIX_PATH=${CMAKE_PREFIX_PATH}:/home/npd/Desktop/amr_bot/install/amr_py_examples:/opt/ros/humble /usr/bin/cmake --install /home/npd/Desktop/amr_bot/build/amr_cpp_examples
[1.384s] DEBUG:colcon.colcon_core.event_handler.log_command:Invoked command in '/home/npd/Desktop/amr_bot/build/amr_description' returned '0': CMAKE_PREFIX_PATH=${CMAKE_PREFIX_PATH}:/home/npd/Desktop/amr_bot/install/amr_py_examples:/opt/ros/humble /usr/bin/cmake --build /home/npd/Desktop/amr_bot/build/amr_description -- -j4 -l4
[1.391s] DEBUG:colcon.colcon_core.event_handler.log_command:Invoking command in '/home/npd/Desktop/amr_bot/build/amr_description': CMAKE_PREFIX_PATH=${CMAKE_PREFIX_PATH}:/home/npd/Desktop/amr_bot/install/amr_py_examples:/opt/ros/humble /usr/bin/cmake --install /home/npd/Desktop/amr_bot/build/amr_description
[1.451s] Level 1:colcon.colcon_core.environment:create_environment_scripts_only(amr_cpp_examples)
[1.453s] DEBUG:colcon.colcon_core.event_handler.log_command:Invoked command in '/home/npd/Desktop/amr_bot/build/amr_cpp_examples' returned '0': CMAKE_PREFIX_PATH=${CMAKE_PREFIX_PATH}:/home/npd/Desktop/amr_bot/install/amr_py_examples:/opt/ros/humble /usr/bin/cmake --install /home/npd/Desktop/amr_bot/build/amr_cpp_examples
[1.458s] Level 1:colcon.colcon_core.environment:checking '/home/npd/Desktop/amr_bot/install/amr_cpp_examples' for CMake module files
[1.459s] Level 1:colcon.colcon_core.environment:checking '/home/npd/Desktop/amr_bot/install/amr_cpp_examples' for CMake config files
[1.460s] Level 1:colcon.colcon_core.shell:create_environment_hook('amr_cpp_examples', 'cmake_prefix_path')
[1.461s] INFO:colcon.colcon_core.shell:Creating environment hook '/home/npd/Desktop/amr_bot/install/amr_cpp_examples/share/amr_cpp_examples/hook/cmake_prefix_path.ps1'
[1.462s] INFO:colcon.colcon_core.shell:Creating environment descriptor '/home/npd/Desktop/amr_bot/install/amr_cpp_examples/share/amr_cpp_examples/hook/cmake_prefix_path.dsv'
[1.463s] INFO:colcon.colcon_core.shell:Creating environment hook '/home/npd/Desktop/amr_bot/install/amr_cpp_examples/share/amr_cpp_examples/hook/cmake_prefix_path.sh'
[1.464s] Level 1:colcon.colcon_core.environment:checking '/home/npd/Desktop/amr_bot/install/amr_cpp_examples/bin'
[1.465s] Level 1:colcon.colcon_core.environment:checking '/home/npd/Desktop/amr_bot/install/amr_cpp_examples/lib/pkgconfig/amr_cpp_examples.pc'
[1.465s] Level 1:colcon.colcon_core.environment:checking '/home/npd/Desktop/amr_bot/install/amr_cpp_examples/lib/python3.10/site-packages'
[1.466s] Level 1:colcon.colcon_core.environment:checking '/home/npd/Desktop/amr_bot/install/amr_cpp_examples/bin'
[1.467s] INFO:colcon.colcon_core.shell:Creating package script '/home/npd/Desktop/amr_bot/install/amr_cpp_examples/share/amr_cpp_examples/package.ps1'
[1.468s] INFO:colcon.colcon_core.shell:Creating package descriptor '/home/npd/Desktop/amr_bot/install/amr_cpp_examples/share/amr_cpp_examples/package.dsv'
[1.469s] INFO:colcon.colcon_core.shell:Creating package script '/home/npd/Desktop/amr_bot/install/amr_cpp_examples/share/amr_cpp_examples/package.sh'
[1.471s] INFO:colcon.colcon_core.shell:Creating package script '/home/npd/Desktop/amr_bot/install/amr_cpp_examples/share/amr_cpp_examples/package.bash'
[1.473s] INFO:colcon.colcon_core.shell:Creating package script '/home/npd/Desktop/amr_bot/install/amr_cpp_examples/share/amr_cpp_examples/package.zsh'
[1.474s] Level 1:colcon.colcon_core.environment:create_file_with_runtime_dependencies(/home/npd/Desktop/amr_bot/install/amr_cpp_examples/share/colcon-core/packages/amr_cpp_examples)
[1.476s] Level 1:colcon.colcon_core.environment:create_environment_scripts_only(amr_cpp_examples)
[1.476s] Level 1:colcon.colcon_core.environment:checking '/home/npd/Desktop/amr_bot/install/amr_cpp_examples' for CMake module files
[1.477s] Level 1:colcon.colcon_core.environment:checking '/home/npd/Desktop/amr_bot/install/amr_cpp_examples' for CMake config files
[1.478s] Level 1:colcon.colcon_core.shell:create_environment_hook('amr_cpp_examples', 'cmake_prefix_path')
[1.478s] INFO:colcon.colcon_core.shell:Creating environment hook '/home/npd/Desktop/amr_bot/install/amr_cpp_examples/share/amr_cpp_examples/hook/cmake_prefix_path.ps1'
[1.479s] INFO:colcon.colcon_core.shell:Creating environment descriptor '/home/npd/Desktop/amr_bot/install/amr_cpp_examples/share/amr_cpp_examples/hook/cmake_prefix_path.dsv'
[1.480s] INFO:colcon.colcon_core.shell:Creating environment hook '/home/npd/Desktop/amr_bot/install/amr_cpp_examples/share/amr_cpp_examples/hook/cmake_prefix_path.sh'
[1.482s] Level 1:colcon.colcon_core.environment:checking '/home/npd/Desktop/amr_bot/install/amr_cpp_examples/bin'
[1.482s] Level 1:colcon.colcon_core.environment:checking '/home/npd/Desktop/amr_bot/install/amr_cpp_examples/lib/pkgconfig/amr_cpp_examples.pc'
[1.483s] Level 1:colcon.colcon_core.environment:checking '/home/npd/Desktop/amr_bot/install/amr_cpp_examples/lib/python3.10/site-packages'
[1.483s] Level 1:colcon.colcon_core.environment:checking '/home/npd/Desktop/amr_bot/install/amr_cpp_examples/bin'
[1.484s] INFO:colcon.colcon_core.shell:Creating package script '/home/npd/Desktop/amr_bot/install/amr_cpp_examples/share/amr_cpp_examples/package.ps1'
[1.485s] INFO:colcon.colcon_core.shell:Creating package descriptor '/home/npd/Desktop/amr_bot/install/amr_cpp_examples/share/amr_cpp_examples/package.dsv'
[1.486s] INFO:colcon.colcon_core.shell:Creating package script '/home/npd/Desktop/amr_bot/install/amr_cpp_examples/share/amr_cpp_examples/package.sh'
[1.487s] INFO:colcon.colcon_core.shell:Creating package script '/home/npd/Desktop/amr_bot/install/amr_cpp_examples/share/amr_cpp_examples/package.bash'
[1.488s] INFO:colcon.colcon_core.shell:Creating package script '/home/npd/Desktop/amr_bot/install/amr_cpp_examples/share/amr_cpp_examples/package.zsh'
[1.489s] Level 1:colcon.colcon_core.environment:create_file_with_runtime_dependencies(/home/npd/Desktop/amr_bot/install/amr_cpp_examples/share/colcon-core/packages/amr_cpp_examples)
[1.490s] Level 1:colcon.colcon_core.environment:create_environment_scripts_only(amr_description)
[1.491s] Level 1:colcon.colcon_core.environment:checking '/home/npd/Desktop/amr_bot/install/amr_description' for CMake module files
[1.493s] Level 1:colcon.colcon_core.environment:checking '/home/npd/Desktop/amr_bot/install/amr_description' for CMake config files
[1.494s] DEBUG:colcon.colcon_core.event_handler.log_command:Invoked command in '/home/npd/Desktop/amr_bot/build/amr_description' returned '0': CMAKE_PREFIX_PATH=${CMAKE_PREFIX_PATH}:/home/npd/Desktop/amr_bot/install/amr_py_examples:/opt/ros/humble /usr/bin/cmake --install /home/npd/Desktop/amr_bot/build/amr_description
[1.495s] Level 1:colcon.colcon_core.shell:create_environment_hook('amr_description', 'cmake_prefix_path')
[1.496s] INFO:colcon.colcon_core.shell:Creating environment hook '/home/npd/Desktop/amr_bot/install/amr_description/share/amr_description/hook/cmake_prefix_path.ps1'
[1.497s] INFO:colcon.colcon_core.shell:Creating environment descriptor '/home/npd/Desktop/amr_bot/install/amr_description/share/amr_description/hook/cmake_prefix_path.dsv'
[1.498s] INFO:colcon.colcon_core.shell:Creating environment hook '/home/npd/Desktop/amr_bot/install/amr_description/share/amr_description/hook/cmake_prefix_path.sh'
[1.500s] Level 1:colcon.colcon_core.environment:checking '/home/npd/Desktop/amr_bot/install/amr_description/bin'
[1.500s] Level 1:colcon.colcon_core.environment:checking '/home/npd/Desktop/amr_bot/install/amr_description/lib/pkgconfig/amr_description.pc'
[1.501s] Level 1:colcon.colcon_core.environment:checking '/home/npd/Desktop/amr_bot/install/amr_description/lib/python3.10/site-packages'
[1.502s] Level 1:colcon.colcon_core.environment:checking '/home/npd/Desktop/amr_bot/install/amr_description/bin'
[1.503s] INFO:colcon.colcon_core.shell:Creating package script '/home/npd/Desktop/amr_bot/install/amr_description/share/amr_description/package.ps1'
[1.504s] INFO:colcon.colcon_core.shell:Creating package descriptor '/home/npd/Desktop/amr_bot/install/amr_description/share/amr_description/package.dsv'
[1.506s] INFO:colcon.colcon_core.shell:Creating package script '/home/npd/Desktop/amr_bot/install/amr_description/share/amr_description/package.sh'
[1.507s] INFO:colcon.colcon_core.shell:Creating package script '/home/npd/Desktop/amr_bot/install/amr_description/share/amr_description/package.bash'
[1.508s] INFO:colcon.colcon_core.shell:Creating package script '/home/npd/Desktop/amr_bot/install/amr_description/share/amr_description/package.zsh'
[1.509s] Level 1:colcon.colcon_core.environment:create_file_with_runtime_dependencies(/home/npd/Desktop/amr_bot/install/amr_description/share/colcon-core/packages/amr_description)
[1.511s] Level 1:colcon.colcon_core.environment:create_environment_scripts_only(amr_description)
[1.512s] Level 1:colcon.colcon_core.environment:checking '/home/npd/Desktop/amr_bot/install/amr_description' for CMake module files
[1.513s] Level 1:colcon.colcon_core.environment:checking '/home/npd/Desktop/amr_bot/install/amr_description' for CMake config files
[1.514s] Level 1:colcon.colcon_core.shell:create_environment_hook('amr_description', 'cmake_prefix_path')
[1.515s] INFO:colcon.colcon_core.shell:Creating environment hook '/home/npd/Desktop/amr_bot/install/amr_description/share/amr_description/hook/cmake_prefix_path.ps1'
[1.516s] INFO:colcon.colcon_core.shell:Creating environment descriptor '/home/npd/Desktop/amr_bot/install/amr_description/share/amr_description/hook/cmake_prefix_path.dsv'
[1.517s] INFO:colcon.colcon_core.shell:Creating environment hook '/home/npd/Desktop/amr_bot/install/amr_description/share/amr_description/hook/cmake_prefix_path.sh'
[1.519s] Level 1:colcon.colcon_core.environment:checking '/home/npd/Desktop/amr_bot/install/amr_description/bin'
[1.519s] Level 1:colcon.colcon_core.environment:checking '/home/npd/Desktop/amr_bot/install/amr_description/lib/pkgconfig/amr_description.pc'
[1.519s] Level 1:colcon.colcon_core.environment:checking '/home/npd/Desktop/amr_bot/install/amr_description/lib/python3.10/site-packages'
[1.520s] Level 1:colcon.colcon_core.environment:checking '/home/npd/Desktop/amr_bot/install/amr_description/bin'
[1.521s] INFO:colcon.colcon_core.shell:Creating package script '/home/npd/Desktop/amr_bot/install/amr_description/share/amr_description/package.ps1'
[1.523s] INFO:colcon.colcon_core.shell:Creating package descriptor '/home/npd/Desktop/amr_bot/install/amr_description/share/amr_description/package.dsv'
[1.525s] INFO:colcon.colcon_core.shell:Creating package script '/home/npd/Desktop/amr_bot/install/amr_description/share/amr_description/package.sh'
[1.526s] INFO:colcon.colcon_core.shell:Creating package script '/home/npd/Desktop/amr_bot/install/amr_description/share/amr_description/package.bash'
[1.528s] INFO:colcon.colcon_core.shell:Creating package script '/home/npd/Desktop/amr_bot/install/amr_description/share/amr_description/package.zsh'
[1.529s] Level 1:colcon.colcon_core.environment:create_file_with_runtime_dependencies(/home/npd/Desktop/amr_bot/install/amr_description/share/colcon-core/packages/amr_description)
[1.586s] DEBUG:colcon.colcon_core.event_handler.log_command:Invoked command in '/home/npd/Desktop/amr_bot/build/amr_controller' returned '0': CMAKE_PREFIX_PATH=${CMAKE_PREFIX_PATH}:/home/npd/Desktop/amr_bot/install/amr_py_examples:/opt/ros/humble /usr/bin/cmake --build /home/npd/Desktop/amr_bot/build/amr_controller -- -j4 -l4
[1.591s] DEBUG:colcon.colcon_core.event_handler.log_command:Invoking command in '/home/npd/Desktop/amr_bot/build/amr_controller': CMAKE_PREFIX_PATH=${CMAKE_PREFIX_PATH}:/home/npd/Desktop/amr_bot/install/amr_py_examples:/opt/ros/humble /usr/bin/cmake --install /home/npd/Desktop/amr_bot/build/amr_controller
[1.735s] Level 1:colcon.colcon_core.environment:create_environment_scripts_only(amr_controller)
[1.736s] Level 1:colcon.colcon_core.environment:checking '/home/npd/Desktop/amr_bot/install/amr_controller' for CMake module files
[1.738s] Level 1:colcon.colcon_core.environment:checking '/home/npd/Desktop/amr_bot/install/amr_controller' for CMake config files
[1.740s] DEBUG:colcon.colcon_core.event_handler.log_command:Invoked command in '/home/npd/Desktop/amr_bot/build/amr_controller' returned '0': CMAKE_PREFIX_PATH=${CMAKE_PREFIX_PATH}:/home/npd/Desktop/amr_bot/install/amr_py_examples:/opt/ros/humble /usr/bin/cmake --install /home/npd/Desktop/amr_bot/build/amr_controller
[1.740s] Level 1:colcon.colcon_core.shell:create_environment_hook('amr_controller', 'cmake_prefix_path')
[1.741s] INFO:colcon.colcon_core.shell:Creating environment hook '/home/npd/Desktop/amr_bot/install/amr_controller/share/amr_controller/hook/cmake_prefix_path.ps1'
[1.742s] INFO:colcon.colcon_core.shell:Creating environment descriptor '/home/npd/Desktop/amr_bot/install/amr_controller/share/amr_controller/hook/cmake_prefix_path.dsv'
[1.743s] INFO:colcon.colcon_core.shell:Creating environment hook '/home/npd/Desktop/amr_bot/install/amr_controller/share/amr_controller/hook/cmake_prefix_path.sh'
[1.744s] Level 1:colcon.colcon_core.environment:checking '/home/npd/Desktop/amr_bot/install/amr_controller/lib'
[1.745s] Level 1:colcon.colcon_core.environment:checking '/home/npd/Desktop/amr_bot/install/amr_controller/bin'
[1.745s] Level 1:colcon.colcon_core.environment:checking '/home/npd/Desktop/amr_bot/install/amr_controller/lib/pkgconfig/amr_controller.pc'
[1.745s] Level 1:colcon.colcon_core.environment:checking '/home/npd/Desktop/amr_bot/install/amr_controller/lib/python3.10/site-packages'
[1.746s] Level 1:colcon.colcon_core.environment:checking '/home/npd/Desktop/amr_bot/install/amr_controller/bin'
[1.747s] INFO:colcon.colcon_core.shell:Creating package script '/home/npd/Desktop/amr_bot/install/amr_controller/share/amr_controller/package.ps1'
[1.748s] INFO:colcon.colcon_core.shell:Creating package descriptor '/home/npd/Desktop/amr_bot/install/amr_controller/share/amr_controller/package.dsv'
[1.749s] INFO:colcon.colcon_core.shell:Creating package script '/home/npd/Desktop/amr_bot/install/amr_controller/share/amr_controller/package.sh'
[1.750s] INFO:colcon.colcon_core.shell:Creating package script '/home/npd/Desktop/amr_bot/install/amr_controller/share/amr_controller/package.bash'
[1.751s] INFO:colcon.colcon_core.shell:Creating package script '/home/npd/Desktop/amr_bot/install/amr_controller/share/amr_controller/package.zsh'
[1.752s] Level 1:colcon.colcon_core.environment:create_file_with_runtime_dependencies(/home/npd/Desktop/amr_bot/install/amr_controller/share/colcon-core/packages/amr_controller)
[1.753s] Level 1:colcon.colcon_core.environment:create_environment_scripts_only(amr_controller)
[1.754s] Level 1:colcon.colcon_core.environment:checking '/home/npd/Desktop/amr_bot/install/amr_controller' for CMake module files
[1.755s] Level 1:colcon.colcon_core.environment:checking '/home/npd/Desktop/amr_bot/install/amr_controller' for CMake config files
[1.756s] Level 1:colcon.colcon_core.shell:create_environment_hook('amr_controller', 'cmake_prefix_path')
[1.757s] INFO:colcon.colcon_core.shell:Creating environment hook '/home/npd/Desktop/amr_bot/install/amr_controller/share/amr_controller/hook/cmake_prefix_path.ps1'
[1.758s] INFO:colcon.colcon_core.shell:Creating environment descriptor '/home/npd/Desktop/amr_bot/install/amr_controller/share/amr_controller/hook/cmake_prefix_path.dsv'
[1.759s] INFO:colcon.colcon_core.shell:Creating environment hook '/home/npd/Desktop/amr_bot/install/amr_controller/share/amr_controller/hook/cmake_prefix_path.sh'
[1.760s] Level 1:colcon.colcon_core.environment:checking '/home/npd/Desktop/amr_bot/install/amr_controller/lib'
[1.760s] Level 1:colcon.colcon_core.environment:checking '/home/npd/Desktop/amr_bot/install/amr_controller/bin'
[1.761s] Level 1:colcon.colcon_core.environment:checking '/home/npd/Desktop/amr_bot/install/amr_controller/lib/pkgconfig/amr_controller.pc'
[1.761s] Level 1:colcon.colcon_core.environment:checking '/home/npd/Desktop/amr_bot/install/amr_controller/lib/python3.10/site-packages'
[1.762s] Level 1:colcon.colcon_core.environment:checking '/home/npd/Desktop/amr_bot/install/amr_controller/bin'
[1.762s] INFO:colcon.colcon_core.shell:Creating package script '/home/npd/Desktop/amr_bot/install/amr_controller/share/amr_controller/package.ps1'
[1.763s] INFO:colcon.colcon_core.shell:Creating package descriptor '/home/npd/Desktop/amr_bot/install/amr_controller/share/amr_controller/package.dsv'
[1.765s] INFO:colcon.colcon_core.shell:Creating package script '/home/npd/Desktop/amr_bot/install/amr_controller/share/amr_controller/package.sh'
[1.766s] INFO:colcon.colcon_core.shell:Creating package script '/home/npd/Desktop/amr_bot/install/amr_controller/share/amr_controller/package.bash'
[1.767s] INFO:colcon.colcon_core.shell:Creating package script '/home/npd/Desktop/amr_bot/install/amr_controller/share/amr_controller/package.zsh'
[1.768s] Level 1:colcon.colcon_core.environment:create_file_with_runtime_dependencies(/home/npd/Desktop/amr_bot/install/amr_controller/share/colcon-core/packages/amr_controller)
[2.344s] DEBUG:colcon.colcon_core.event_handler.log_command:Invoking command in '/home/npd/Desktop/amr_bot/src/amr_py_examples': PYTHONPATH=/home/npd/Desktop/amr_bot/build/amr_py_examples/prefix_override:/usr/lib/python3/dist-packages/colcon_core/task/python/colcon_distutils_commands:/home/npd/Desktop/amr_bot/install/amr_py_examples/lib/python3.10/site-packages:${PYTHONPATH} /usr/bin/python3 -W ignore:setup.py install is deprecated -W ignore:easy_install command is deprecated setup.py egg_info --egg-base ../../build/amr_py_examples build --build-base /home/npd/Desktop/amr_bot/build/amr_py_examples/build install --record /home/npd/Desktop/amr_bot/build/amr_py_examples/install.log --single-version-externally-managed install_data
[3.072s] Level 1:colcon.colcon_core.environment:checking '/home/npd/Desktop/amr_bot/install/amr_py_examples' for CMake module files
[3.074s] DEBUG:colcon.colcon_core.event_handler.log_command:Invoked command in '/home/npd/Desktop/amr_bot/src/amr_py_examples' returned '0': PYTHONPATH=/home/npd/Desktop/amr_bot/build/amr_py_examples/prefix_override:/usr/lib/python3/dist-packages/colcon_core/task/python/colcon_distutils_commands:/home/npd/Desktop/amr_bot/install/amr_py_examples/lib/python3.10/site-packages:${PYTHONPATH} /usr/bin/python3 -W ignore:setup.py install is deprecated -W ignore:easy_install command is deprecated setup.py egg_info --egg-base ../../build/amr_py_examples build --build-base /home/npd/Desktop/amr_bot/build/amr_py_examples/build install --record /home/npd/Desktop/amr_bot/build/amr_py_examples/install.log --single-version-externally-managed install_data
[3.074s] Level 1:colcon.colcon_core.environment:checking '/home/npd/Desktop/amr_bot/install/amr_py_examples' for CMake config files
[3.076s] Level 1:colcon.colcon_core.environment:checking '/home/npd/Desktop/amr_bot/install/amr_py_examples/lib'
[3.076s] Level 1:colcon.colcon_core.environment:checking '/home/npd/Desktop/amr_bot/install/amr_py_examples/bin'
[3.076s] Level 1:colcon.colcon_core.environment:checking '/home/npd/Desktop/amr_bot/install/amr_py_examples/lib/pkgconfig/amr_py_examples.pc'
[3.077s] Level 1:colcon.colcon_core.environment:checking '/home/npd/Desktop/amr_bot/install/amr_py_examples/lib/python3.10/site-packages'
[3.077s] Level 1:colcon.colcon_core.shell:create_environment_hook('amr_py_examples', 'pythonpath')
[3.078s] INFO:colcon.colcon_core.shell:Creating environment hook '/home/npd/Desktop/amr_bot/install/amr_py_examples/share/amr_py_examples/hook/pythonpath.ps1'
[3.079s] INFO:colcon.colcon_core.shell:Creating environment descriptor '/home/npd/Desktop/amr_bot/install/amr_py_examples/share/amr_py_examples/hook/pythonpath.dsv'
[3.081s] INFO:colcon.colcon_core.shell:Creating environment hook '/home/npd/Desktop/amr_bot/install/amr_py_examples/share/amr_py_examples/hook/pythonpath.sh'
[3.082s] Level 1:colcon.colcon_core.environment:checking '/home/npd/Desktop/amr_bot/install/amr_py_examples/bin'
[3.083s] Level 1:colcon.colcon_core.environment:create_environment_scripts_only(amr_py_examples)
[3.084s] INFO:colcon.colcon_core.shell:Creating package script '/home/npd/Desktop/amr_bot/install/amr_py_examples/share/amr_py_examples/package.ps1'
[3.085s] INFO:colcon.colcon_core.shell:Creating package descriptor '/home/npd/Desktop/amr_bot/install/amr_py_examples/share/amr_py_examples/package.dsv'
[3.086s] INFO:colcon.colcon_core.shell:Creating package script '/home/npd/Desktop/amr_bot/install/amr_py_examples/share/amr_py_examples/package.sh'
[3.086s] INFO:colcon.colcon_core.shell:Creating package script '/home/npd/Desktop/amr_bot/install/amr_py_examples/share/amr_py_examples/package.bash'
[3.087s] INFO:colcon.colcon_core.shell:Creating package script '/home/npd/Desktop/amr_bot/install/amr_py_examples/share/amr_py_examples/package.zsh'
[3.088s] Level 1:colcon.colcon_core.environment:create_file_with_runtime_dependencies(/home/npd/Desktop/amr_bot/install/amr_py_examples/share/colcon-core/packages/amr_py_examples)
[3.090s] DEBUG:colcon.colcon_parallel_executor.executor.parallel:closing loop
[3.090s] DEBUG:colcon.colcon_parallel_executor.executor.parallel:loop closed
[3.091s] DEBUG:colcon.colcon_parallel_executor.executor.parallel:run_until_complete finished with '0'
[3.091s] DEBUG:colcon.colcon_core.event_reactor:joining thread
[3.105s] INFO:colcon.colcon_core.plugin_system:Skipping extension 'colcon_notification.desktop_notification.terminal_notifier': Not used on non-Darwin systems
[3.106s] INFO:colcon.colcon_core.plugin_system:Skipping extension 'colcon_notification.desktop_notification.win32': Not used on non-Windows systems
[3.106s] INFO:colcon.colcon_notification.desktop_notification:Sending desktop notification using 'notify2'
[3.143s] DEBUG:colcon.colcon_core.event_reactor:joined thread
[3.144s] INFO:colcon.colcon_core.shell:Creating prefix script '/home/npd/Desktop/amr_bot/install/local_setup.ps1'
[3.146s] INFO:colcon.colcon_core.shell:Creating prefix util module '/home/npd/Desktop/amr_bot/install/_local_setup_util_ps1.py'
[3.152s] INFO:colcon.colcon_core.shell:Creating prefix chain script '/home/npd/Desktop/amr_bot/install/setup.ps1'
[3.157s] INFO:colcon.colcon_core.shell:Creating prefix script '/home/npd/Desktop/amr_bot/install/local_setup.sh'
[3.160s] INFO:colcon.colcon_core.shell:Creating prefix util module '/home/npd/Desktop/amr_bot/install/_local_setup_util_sh.py'
[3.162s] INFO:colcon.colcon_core.shell:Creating prefix chain script '/home/npd/Desktop/amr_bot/install/setup.sh'
[3.166s] INFO:colcon.colcon_core.shell:Creating prefix script '/home/npd/Desktop/amr_bot/install/local_setup.bash'
[3.167s] INFO:colcon.colcon_core.shell:Creating prefix chain script '/home/npd/Desktop/amr_bot/install/setup.bash'
[3.173s] INFO:colcon.colcon_core.shell:Creating prefix script '/home/npd/Desktop/amr_bot/install/local_setup.zsh'
[3.174s] INFO:colcon.colcon_core.shell:Creating prefix chain script '/home/npd/Desktop/amr_bot/install/setup.zsh'
