[0.053s] Invoking command in '/home/npd/Desktop/amr_bot/build/amr_description': CMAKE_PREFIX_PATH=${CMAKE_PREFIX_PATH}:/home/npd/Desktop/amr_bot/install/amr_py_examples:/opt/ros/humble /usr/bin/cmake --build /home/npd/Desktop/amr_bot/build/amr_description -- -j4 -l4
[0.845s] Invoked command in '/home/npd/Desktop/amr_bot/build/amr_description' returned '0': CMAKE_PREFIX_PATH=${CMAKE_PREFIX_PATH}:/home/npd/Desktop/amr_bot/install/amr_py_examples:/opt/ros/humble /usr/bin/cmake --build /home/npd/Desktop/amr_bot/build/amr_description -- -j4 -l4
[0.851s] Invoking command in '/home/npd/Desktop/amr_bot/build/amr_description': CMAKE_PREFIX_PATH=${CMAKE_PREFIX_PATH}:/home/npd/Desktop/amr_bot/install/amr_py_examples:/opt/ros/humble /usr/bin/cmake --install /home/npd/Desktop/amr_bot/build/amr_description
[0.893s] -- Install configuration: ""
[0.898s] -- Execute custom install script
[0.899s] -- Up-to-date symlink: /home/npd/Desktop/amr_bot/install/amr_description/share/amr_description/urdf/amr.urdf.xacro
[0.902s] -- Up-to-date symlink: /home/npd/Desktop/amr_bot/install/amr_description/share/amr_description/urdf/amr_gazebo.xacro
[0.903s] -- Up-to-date symlink: /home/npd/Desktop/amr_bot/install/amr_description/share/amr_description/urdf/amr_ros2_control.xacro
[0.907s] -- Up-to-date symlink: /home/npd/Desktop/amr_bot/install/amr_description/share/amr_description/launch/display_fixed.launch.py
[0.908s] -- Up-to-date symlink: /home/npd/Desktop/amr_bot/install/amr_description/share/amr_description/launch/gazebo.launch.py
[0.912s] -- Up-to-date symlink: /home/npd/Desktop/amr_bot/install/amr_description/share/amr_description/rviz/amr_rviz.rviz
[0.912s] -- Up-to-date symlink: /home/npd/Desktop/amr_bot/install/amr_description/share/ament_index/resource_index/package_run_dependencies/amr_description
[0.913s] -- Up-to-date symlink: /home/npd/Desktop/amr_bot/install/amr_description/share/ament_index/resource_index/parent_prefix_path/amr_description
[0.917s] -- Up-to-date symlink: /home/npd/Desktop/amr_bot/install/amr_description/share/amr_description/environment/ament_prefix_path.sh
[0.919s] -- Up-to-date symlink: /home/npd/Desktop/amr_bot/install/amr_description/share/amr_description/environment/ament_prefix_path.dsv
[0.920s] -- Up-to-date symlink: /home/npd/Desktop/amr_bot/install/amr_description/share/amr_description/environment/path.sh
[0.920s] -- Up-to-date symlink: /home/npd/Desktop/amr_bot/install/amr_description/share/amr_description/environment/path.dsv
[0.924s] -- Up-to-date symlink: /home/npd/Desktop/amr_bot/install/amr_description/share/amr_description/local_setup.bash
[0.924s] -- Up-to-date symlink: /home/npd/Desktop/amr_bot/install/amr_description/share/amr_description/local_setup.sh
[0.927s] -- Up-to-date symlink: /home/npd/Desktop/amr_bot/install/amr_description/share/amr_description/local_setup.zsh
[0.933s] -- Up-to-date symlink: /home/npd/Desktop/amr_bot/install/amr_description/share/amr_description/local_setup.dsv
[0.936s] -- Symlinking: /home/npd/Desktop/amr_bot/install/amr_description/share/amr_description/package.dsv
[0.954s] -- Up-to-date symlink: /home/npd/Desktop/amr_bot/install/amr_description/share/ament_index/resource_index/packages/amr_description
[0.954s] -- Up-to-date symlink: /home/npd/Desktop/amr_bot/install/amr_description/share/amr_description/cmake/amr_descriptionConfig.cmake
[0.957s] -- Up-to-date symlink: /home/npd/Desktop/amr_bot/install/amr_description/share/amr_description/cmake/amr_descriptionConfig-version.cmake
[0.957s] -- Up-to-date symlink: /home/npd/Desktop/amr_bot/install/amr_description/share/amr_description/package.xml
[1.008s] Invoked command in '/home/npd/Desktop/amr_bot/build/amr_description' returned '0': CMAKE_PREFIX_PATH=${CMAKE_PREFIX_PATH}:/home/npd/Desktop/amr_bot/install/amr_py_examples:/opt/ros/humble /usr/bin/cmake --install /home/npd/Desktop/amr_bot/build/amr_description
