[0.060s] Invoking command in '/home/npd/Desktop/amr_bot/build/amr_msgs': CMAKE_PREFIX_PATH=${CMAKE_PREFIX_PATH}:/home/npd/Desktop/amr_bot/install/amr_py_examples:/opt/ros/humble /usr/bin/cmake --build /home/npd/Desktop/amr_bot/build/amr_msgs -- -j4 -l4
[0.271s] [  2%] Built target amr_msgs__cpp
[0.363s] [ 12%] Built target amr_msgs__rosidl_generator_c
[0.404s] [ 12%] Built target ament_cmake_python_copy_amr_msgs
[0.458s] [ 23%] Built target amr_msgs__rosidl_typesupport_cpp
[0.496s] [ 33%] Built target amr_msgs__rosidl_typesupport_fastrtps_cpp
[0.554s] [ 43%] Built target amr_msgs__rosidl_typesupport_introspection_cpp
[0.572s] [ 53%] Built target amr_msgs__rosidl_typesupport_fastrtps_c
[0.652s] [ 64%] Built target amr_msgs__rosidl_typesupport_c
[0.704s] [ 74%] Built target amr_msgs__rosidl_typesupport_introspection_c
[0.794s] [ 74%] Built target amr_msgs
[0.907s] [ 76%] Built target amr_msgs__py
[1.098s] [ 84%] Built target amr_msgs__rosidl_generator_py
[1.286s] [ 89%] Built target amr_msgs__rosidl_typesupport_introspection_c__pyext
[1.292s] [ 94%] Built target amr_msgs__rosidl_typesupport_fastrtps_c__pyext
[1.445s] [100%] Built target amr_msgs__rosidl_typesupport_c__pyext
[1.929s] running egg_info
[1.931s] writing amr_msgs.egg-info/PKG-INFO
[1.932s] writing dependency_links to amr_msgs.egg-info/dependency_links.txt
[1.932s] writing top-level names to amr_msgs.egg-info/top_level.txt
[1.939s] reading manifest file 'amr_msgs.egg-info/SOURCES.txt'
[1.942s] writing manifest file 'amr_msgs.egg-info/SOURCES.txt'
[2.051s] [100%] Built target ament_cmake_python_build_amr_msgs_egg
[2.108s] Invoked command in '/home/npd/Desktop/amr_bot/build/amr_msgs' returned '0': CMAKE_PREFIX_PATH=${CMAKE_PREFIX_PATH}:/home/npd/Desktop/amr_bot/install/amr_py_examples:/opt/ros/humble /usr/bin/cmake --build /home/npd/Desktop/amr_bot/build/amr_msgs -- -j4 -l4
[2.112s] Invoking command in '/home/npd/Desktop/amr_bot/build/amr_msgs': CMAKE_PREFIX_PATH=${CMAKE_PREFIX_PATH}:/home/npd/Desktop/amr_bot/install/amr_py_examples:/opt/ros/humble /usr/bin/cmake --install /home/npd/Desktop/amr_bot/build/amr_msgs
[2.138s] -- Install configuration: ""
[2.138s] -- Up-to-date: /home/npd/Desktop/amr_bot/install/amr_msgs/share/ament_index/resource_index/rosidl_interfaces/amr_msgs
[2.139s] -- Up-to-date: /home/npd/Desktop/amr_bot/install/amr_msgs/include/amr_msgs/amr_msgs
[2.140s] -- Up-to-date: /home/npd/Desktop/amr_bot/install/amr_msgs/include/amr_msgs/amr_msgs/msg
[2.141s] -- Up-to-date: /home/npd/Desktop/amr_bot/install/amr_msgs/include/amr_msgs/amr_msgs/msg/rosidl_generator_c__visibility_control.h
[2.142s] -- Up-to-date: /home/npd/Desktop/amr_bot/install/amr_msgs/include/amr_msgs/amr_msgs/srv
[2.142s] -- Up-to-date: /home/npd/Desktop/amr_bot/install/amr_msgs/include/amr_msgs/amr_msgs/srv/add_twoints.h
[2.143s] -- Up-to-date: /home/npd/Desktop/amr_bot/install/amr_msgs/include/amr_msgs/amr_msgs/srv/detail
[2.144s] -- Up-to-date: /home/npd/Desktop/amr_bot/install/amr_msgs/include/amr_msgs/amr_msgs/srv/detail/add_twoints__functions.h
[2.145s] -- Up-to-date: /home/npd/Desktop/amr_bot/install/amr_msgs/include/amr_msgs/amr_msgs/srv/detail/get_transform__functions.c
[2.145s] -- Up-to-date: /home/npd/Desktop/amr_bot/install/amr_msgs/include/amr_msgs/amr_msgs/srv/detail/add_twoints__functions.c
[2.147s] -- Up-to-date: /home/npd/Desktop/amr_bot/install/amr_msgs/include/amr_msgs/amr_msgs/srv/detail/add_twoints__type_support.h
[2.147s] -- Up-to-date: /home/npd/Desktop/amr_bot/install/amr_msgs/include/amr_msgs/amr_msgs/srv/detail/get_transform__type_support.h
[2.149s] -- Up-to-date: /home/npd/Desktop/amr_bot/install/amr_msgs/include/amr_msgs/amr_msgs/srv/detail/get_transform__functions.h
[2.149s] -- Up-to-date: /home/npd/Desktop/amr_bot/install/amr_msgs/include/amr_msgs/amr_msgs/srv/detail/add_twoints__struct.h
[2.150s] -- Up-to-date: /home/npd/Desktop/amr_bot/install/amr_msgs/include/amr_msgs/amr_msgs/srv/detail/get_transform__struct.h
[2.150s] -- Up-to-date: /home/npd/Desktop/amr_bot/install/amr_msgs/include/amr_msgs/amr_msgs/srv/get_transform.h
[2.151s] -- Up-to-date: /home/npd/Desktop/amr_bot/install/amr_msgs/share/amr_msgs/environment/library_path.sh
[2.152s] -- Up-to-date: /home/npd/Desktop/amr_bot/install/amr_msgs/share/amr_msgs/environment/library_path.dsv
[2.153s] -- Up-to-date: /home/npd/Desktop/amr_bot/install/amr_msgs/lib/libamr_msgs__rosidl_generator_c.so
[2.154s] -- Up-to-date: /home/npd/Desktop/amr_bot/install/amr_msgs/include/amr_msgs/amr_msgs
[2.156s] -- Up-to-date: /home/npd/Desktop/amr_bot/install/amr_msgs/include/amr_msgs/amr_msgs/msg
[2.157s] -- Up-to-date: /home/npd/Desktop/amr_bot/install/amr_msgs/include/amr_msgs/amr_msgs/msg/rosidl_typesupport_fastrtps_c__visibility_control.h
[2.157s] -- Up-to-date: /home/npd/Desktop/amr_bot/install/amr_msgs/include/amr_msgs/amr_msgs/srv
[2.157s] -- Up-to-date: /home/npd/Desktop/amr_bot/install/amr_msgs/include/amr_msgs/amr_msgs/srv/detail
[2.157s] -- Up-to-date: /home/npd/Desktop/amr_bot/install/amr_msgs/include/amr_msgs/amr_msgs/srv/detail/get_transform__rosidl_typesupport_fastrtps_c.h
[2.157s] -- Up-to-date: /home/npd/Desktop/amr_bot/install/amr_msgs/include/amr_msgs/amr_msgs/srv/detail/add_twoints__rosidl_typesupport_fastrtps_c.h
[2.158s] -- Up-to-date: /home/npd/Desktop/amr_bot/install/amr_msgs/lib/libamr_msgs__rosidl_typesupport_fastrtps_c.so
[2.158s] -- Up-to-date: /home/npd/Desktop/amr_bot/install/amr_msgs/include/amr_msgs/amr_msgs
[2.158s] -- Up-to-date: /home/npd/Desktop/amr_bot/install/amr_msgs/include/amr_msgs/amr_msgs/msg
[2.158s] -- Up-to-date: /home/npd/Desktop/amr_bot/install/amr_msgs/include/amr_msgs/amr_msgs/msg/rosidl_generator_cpp__visibility_control.hpp
[2.158s] -- Up-to-date: /home/npd/Desktop/amr_bot/install/amr_msgs/include/amr_msgs/amr_msgs/srv
[2.159s] -- Up-to-date: /home/npd/Desktop/amr_bot/install/amr_msgs/include/amr_msgs/amr_msgs/srv/add_twoints.hpp
[2.162s] -- Up-to-date: /home/npd/Desktop/amr_bot/install/amr_msgs/include/amr_msgs/amr_msgs/srv/get_transform.hpp
[2.162s] -- Up-to-date: /home/npd/Desktop/amr_bot/install/amr_msgs/include/amr_msgs/amr_msgs/srv/detail
[2.166s] -- Up-to-date: /home/npd/Desktop/amr_bot/install/amr_msgs/include/amr_msgs/amr_msgs/srv/detail/get_transform__type_support.hpp
[2.166s] -- Up-to-date: /home/npd/Desktop/amr_bot/install/amr_msgs/include/amr_msgs/amr_msgs/srv/detail/add_twoints__traits.hpp
[2.166s] -- Up-to-date: /home/npd/Desktop/amr_bot/install/amr_msgs/include/amr_msgs/amr_msgs/srv/detail/add_twoints__struct.hpp
[2.167s] -- Up-to-date: /home/npd/Desktop/amr_bot/install/amr_msgs/include/amr_msgs/amr_msgs/srv/detail/get_transform__builder.hpp
[2.167s] -- Up-to-date: /home/npd/Desktop/amr_bot/install/amr_msgs/include/amr_msgs/amr_msgs/srv/detail/add_twoints__builder.hpp
[2.167s] -- Up-to-date: /home/npd/Desktop/amr_bot/install/amr_msgs/include/amr_msgs/amr_msgs/srv/detail/add_twoints__type_support.hpp
[2.167s] -- Up-to-date: /home/npd/Desktop/amr_bot/install/amr_msgs/include/amr_msgs/amr_msgs/srv/detail/get_transform__struct.hpp
[2.172s] -- Up-to-date: /home/npd/Desktop/amr_bot/install/amr_msgs/include/amr_msgs/amr_msgs/srv/detail/get_transform__traits.hpp
[2.172s] -- Up-to-date: /home/npd/Desktop/amr_bot/install/amr_msgs/include/amr_msgs/amr_msgs
[2.172s] -- Up-to-date: /home/npd/Desktop/amr_bot/install/amr_msgs/include/amr_msgs/amr_msgs/msg
[2.173s] -- Up-to-date: /home/npd/Desktop/amr_bot/install/amr_msgs/include/amr_msgs/amr_msgs/msg/rosidl_typesupport_fastrtps_cpp__visibility_control.h
[2.176s] -- Up-to-date: /home/npd/Desktop/amr_bot/install/amr_msgs/include/amr_msgs/amr_msgs/srv
[2.176s] -- Up-to-date: /home/npd/Desktop/amr_bot/install/amr_msgs/include/amr_msgs/amr_msgs/srv/detail
[2.176s] -- Up-to-date: /home/npd/Desktop/amr_bot/install/amr_msgs/include/amr_msgs/amr_msgs/srv/detail/add_twoints__rosidl_typesupport_fastrtps_cpp.hpp
[2.176s] -- Up-to-date: /home/npd/Desktop/amr_bot/install/amr_msgs/include/amr_msgs/amr_msgs/srv/detail/get_transform__rosidl_typesupport_fastrtps_cpp.hpp
[2.177s] -- Up-to-date: /home/npd/Desktop/amr_bot/install/amr_msgs/include/amr_msgs/amr_msgs/srv/detail/dds_fastrtps
[2.187s] -- Up-to-date: /home/npd/Desktop/amr_bot/install/amr_msgs/lib/libamr_msgs__rosidl_typesupport_fastrtps_cpp.so
[2.189s] -- Up-to-date: /home/npd/Desktop/amr_bot/install/amr_msgs/include/amr_msgs/amr_msgs
[2.189s] -- Up-to-date: /home/npd/Desktop/amr_bot/install/amr_msgs/include/amr_msgs/amr_msgs/msg
[2.189s] -- Up-to-date: /home/npd/Desktop/amr_bot/install/amr_msgs/include/amr_msgs/amr_msgs/msg/rosidl_typesupport_introspection_c__visibility_control.h
[2.189s] -- Up-to-date: /home/npd/Desktop/amr_bot/install/amr_msgs/include/amr_msgs/amr_msgs/srv
[2.192s] -- Up-to-date: /home/npd/Desktop/amr_bot/install/amr_msgs/include/amr_msgs/amr_msgs/srv/detail
[2.196s] -- Up-to-date: /home/npd/Desktop/amr_bot/install/amr_msgs/include/amr_msgs/amr_msgs/srv/detail/add_twoints__type_support.c
[2.196s] -- Up-to-date: /home/npd/Desktop/amr_bot/install/amr_msgs/include/amr_msgs/amr_msgs/srv/detail/get_transform__rosidl_typesupport_introspection_c.h
[2.196s] -- Up-to-date: /home/npd/Desktop/amr_bot/install/amr_msgs/include/amr_msgs/amr_msgs/srv/detail/add_twoints__rosidl_typesupport_introspection_c.h
[2.196s] -- Up-to-date: /home/npd/Desktop/amr_bot/install/amr_msgs/include/amr_msgs/amr_msgs/srv/detail/get_transform__type_support.c
[2.197s] -- Up-to-date: /home/npd/Desktop/amr_bot/install/amr_msgs/lib/libamr_msgs__rosidl_typesupport_introspection_c.so
[2.197s] -- Up-to-date: /home/npd/Desktop/amr_bot/install/amr_msgs/lib/libamr_msgs__rosidl_typesupport_c.so
[2.197s] -- Up-to-date: /home/npd/Desktop/amr_bot/install/amr_msgs/include/amr_msgs/amr_msgs
[2.197s] -- Up-to-date: /home/npd/Desktop/amr_bot/install/amr_msgs/include/amr_msgs/amr_msgs/srv
[2.198s] -- Up-to-date: /home/npd/Desktop/amr_bot/install/amr_msgs/include/amr_msgs/amr_msgs/srv/detail
[2.198s] -- Up-to-date: /home/npd/Desktop/amr_bot/install/amr_msgs/include/amr_msgs/amr_msgs/srv/detail/get_transform__type_support.cpp
[2.198s] -- Up-to-date: /home/npd/Desktop/amr_bot/install/amr_msgs/include/amr_msgs/amr_msgs/srv/detail/get_transform__rosidl_typesupport_introspection_cpp.hpp
[2.204s] -- Up-to-date: /home/npd/Desktop/amr_bot/install/amr_msgs/include/amr_msgs/amr_msgs/srv/detail/add_twoints__rosidl_typesupport_introspection_cpp.hpp
[2.204s] -- Up-to-date: /home/npd/Desktop/amr_bot/install/amr_msgs/include/amr_msgs/amr_msgs/srv/detail/add_twoints__type_support.cpp
[2.205s] -- Up-to-date: /home/npd/Desktop/amr_bot/install/amr_msgs/lib/libamr_msgs__rosidl_typesupport_introspection_cpp.so
[2.206s] -- Up-to-date: /home/npd/Desktop/amr_bot/install/amr_msgs/lib/libamr_msgs__rosidl_typesupport_cpp.so
[2.206s] -- Up-to-date: /home/npd/Desktop/amr_bot/install/amr_msgs/share/amr_msgs/environment/pythonpath.sh
[2.206s] -- Up-to-date: /home/npd/Desktop/amr_bot/install/amr_msgs/share/amr_msgs/environment/pythonpath.dsv
[2.206s] -- Up-to-date: /home/npd/Desktop/amr_bot/install/amr_msgs/local/lib/python3.10/dist-packages/amr_msgs-0.0.0-py3.10.egg-info
[2.207s] -- Installing: /home/npd/Desktop/amr_bot/install/amr_msgs/local/lib/python3.10/dist-packages/amr_msgs-0.0.0-py3.10.egg-info/PKG-INFO
[2.211s] -- Installing: /home/npd/Desktop/amr_bot/install/amr_msgs/local/lib/python3.10/dist-packages/amr_msgs-0.0.0-py3.10.egg-info/top_level.txt
[2.211s] -- Installing: /home/npd/Desktop/amr_bot/install/amr_msgs/local/lib/python3.10/dist-packages/amr_msgs-0.0.0-py3.10.egg-info/SOURCES.txt
[2.211s] -- Installing: /home/npd/Desktop/amr_bot/install/amr_msgs/local/lib/python3.10/dist-packages/amr_msgs-0.0.0-py3.10.egg-info/dependency_links.txt
[2.211s] -- Up-to-date: /home/npd/Desktop/amr_bot/install/amr_msgs/local/lib/python3.10/dist-packages/amr_msgs
[2.213s] -- Up-to-date: /home/npd/Desktop/amr_bot/install/amr_msgs/local/lib/python3.10/dist-packages/amr_msgs/libamr_msgs__rosidl_generator_py.so
[2.213s] -- Up-to-date: /home/npd/Desktop/amr_bot/install/amr_msgs/local/lib/python3.10/dist-packages/amr_msgs/amr_msgs_s__rosidl_typesupport_fastrtps_c.cpython-310-x86_64-linux-gnu.so
[2.213s] -- Up-to-date: /home/npd/Desktop/amr_bot/install/amr_msgs/local/lib/python3.10/dist-packages/amr_msgs/_amr_msgs_s.ep.rosidl_typesupport_introspection_c.c
[2.213s] -- Up-to-date: /home/npd/Desktop/amr_bot/install/amr_msgs/local/lib/python3.10/dist-packages/amr_msgs/amr_msgs_s__rosidl_typesupport_introspection_c.cpython-310-x86_64-linux-gnu.so
[2.214s] -- Up-to-date: /home/npd/Desktop/amr_bot/install/amr_msgs/local/lib/python3.10/dist-packages/amr_msgs/_amr_msgs_s.ep.rosidl_typesupport_c.c
[2.214s] -- Up-to-date: /home/npd/Desktop/amr_bot/install/amr_msgs/local/lib/python3.10/dist-packages/amr_msgs/__init__.py
[2.214s] -- Up-to-date: /home/npd/Desktop/amr_bot/install/amr_msgs/local/lib/python3.10/dist-packages/amr_msgs/srv
[2.214s] -- Up-to-date: /home/npd/Desktop/amr_bot/install/amr_msgs/local/lib/python3.10/dist-packages/amr_msgs/srv/_add_twoints.py
[2.214s] -- Up-to-date: /home/npd/Desktop/amr_bot/install/amr_msgs/local/lib/python3.10/dist-packages/amr_msgs/srv/_add_twoints_s.c
[2.215s] -- Up-to-date: /home/npd/Desktop/amr_bot/install/amr_msgs/local/lib/python3.10/dist-packages/amr_msgs/srv/_get_transform.py
[2.219s] -- Up-to-date: /home/npd/Desktop/amr_bot/install/amr_msgs/local/lib/python3.10/dist-packages/amr_msgs/srv/_get_transform_s.c
[2.219s] -- Up-to-date: /home/npd/Desktop/amr_bot/install/amr_msgs/local/lib/python3.10/dist-packages/amr_msgs/srv/__init__.py
[2.219s] -- Up-to-date: /home/npd/Desktop/amr_bot/install/amr_msgs/local/lib/python3.10/dist-packages/amr_msgs/_amr_msgs_s.ep.rosidl_typesupport_fastrtps_c.c
[2.220s] -- Up-to-date: /home/npd/Desktop/amr_bot/install/amr_msgs/local/lib/python3.10/dist-packages/amr_msgs/amr_msgs_s__rosidl_typesupport_c.cpython-310-x86_64-linux-gnu.so
[2.289s] Listing '/home/npd/Desktop/amr_bot/install/amr_msgs/local/lib/python3.10/dist-packages/amr_msgs'...
[2.289s] Listing '/home/npd/Desktop/amr_bot/install/amr_msgs/local/lib/python3.10/dist-packages/amr_msgs/srv'...
[2.317s] -- Up-to-date: /home/npd/Desktop/amr_bot/install/amr_msgs/local/lib/python3.10/dist-packages/amr_msgs/amr_msgs_s__rosidl_typesupport_fastrtps_c.cpython-310-x86_64-linux-gnu.so
[2.317s] -- Up-to-date: /home/npd/Desktop/amr_bot/install/amr_msgs/local/lib/python3.10/dist-packages/amr_msgs/amr_msgs_s__rosidl_typesupport_introspection_c.cpython-310-x86_64-linux-gnu.so
[2.318s] -- Up-to-date: /home/npd/Desktop/amr_bot/install/amr_msgs/local/lib/python3.10/dist-packages/amr_msgs/amr_msgs_s__rosidl_typesupport_c.cpython-310-x86_64-linux-gnu.so
[2.320s] -- Up-to-date: /home/npd/Desktop/amr_bot/install/amr_msgs/lib/libamr_msgs__rosidl_generator_py.so
[2.323s] -- Up-to-date: /home/npd/Desktop/amr_bot/install/amr_msgs/share/amr_msgs/srv/AddTwoints.idl
[2.324s] -- Up-to-date: /home/npd/Desktop/amr_bot/install/amr_msgs/share/amr_msgs/srv/GetTransform.idl
[2.324s] -- Up-to-date: /home/npd/Desktop/amr_bot/install/amr_msgs/share/amr_msgs/srv/AddTwoints.srv
[2.324s] -- Up-to-date: /home/npd/Desktop/amr_bot/install/amr_msgs/share/amr_msgs/srv/AddTwoints_Request.msg
[2.324s] -- Up-to-date: /home/npd/Desktop/amr_bot/install/amr_msgs/share/amr_msgs/srv/AddTwoints_Response.msg
[2.326s] -- Up-to-date: /home/npd/Desktop/amr_bot/install/amr_msgs/share/amr_msgs/srv/GetTransform.srv
[2.326s] -- Up-to-date: /home/npd/Desktop/amr_bot/install/amr_msgs/share/amr_msgs/srv/GetTransform_Request.msg
[2.326s] -- Up-to-date: /home/npd/Desktop/amr_bot/install/amr_msgs/share/amr_msgs/srv/GetTransform_Response.msg
[2.327s] -- Up-to-date: /home/npd/Desktop/amr_bot/install/amr_msgs/share/ament_index/resource_index/package_run_dependencies/amr_msgs
[2.328s] -- Up-to-date: /home/npd/Desktop/amr_bot/install/amr_msgs/share/ament_index/resource_index/parent_prefix_path/amr_msgs
[2.328s] -- Up-to-date: /home/npd/Desktop/amr_bot/install/amr_msgs/share/amr_msgs/environment/ament_prefix_path.sh
[2.329s] -- Up-to-date: /home/npd/Desktop/amr_bot/install/amr_msgs/share/amr_msgs/environment/ament_prefix_path.dsv
[2.329s] -- Up-to-date: /home/npd/Desktop/amr_bot/install/amr_msgs/share/amr_msgs/environment/path.sh
[2.330s] -- Up-to-date: /home/npd/Desktop/amr_bot/install/amr_msgs/share/amr_msgs/environment/path.dsv
[2.331s] -- Up-to-date: /home/npd/Desktop/amr_bot/install/amr_msgs/share/amr_msgs/local_setup.bash
[2.331s] -- Up-to-date: /home/npd/Desktop/amr_bot/install/amr_msgs/share/amr_msgs/local_setup.sh
[2.331s] -- Up-to-date: /home/npd/Desktop/amr_bot/install/amr_msgs/share/amr_msgs/local_setup.zsh
[2.333s] -- Up-to-date: /home/npd/Desktop/amr_bot/install/amr_msgs/share/amr_msgs/local_setup.dsv
[2.334s] -- Installing: /home/npd/Desktop/amr_bot/install/amr_msgs/share/amr_msgs/package.dsv
[2.335s] -- Up-to-date: /home/npd/Desktop/amr_bot/install/amr_msgs/share/ament_index/resource_index/packages/amr_msgs
[2.337s] -- Up-to-date: /home/npd/Desktop/amr_bot/install/amr_msgs/share/amr_msgs/cmake/export_amr_msgs__rosidl_generator_cExport.cmake
[2.337s] -- Up-to-date: /home/npd/Desktop/amr_bot/install/amr_msgs/share/amr_msgs/cmake/export_amr_msgs__rosidl_generator_cExport-noconfig.cmake
[2.337s] -- Up-to-date: /home/npd/Desktop/amr_bot/install/amr_msgs/share/amr_msgs/cmake/export_amr_msgs__rosidl_typesupport_fastrtps_cExport.cmake
[2.339s] -- Up-to-date: /home/npd/Desktop/amr_bot/install/amr_msgs/share/amr_msgs/cmake/export_amr_msgs__rosidl_typesupport_fastrtps_cExport-noconfig.cmake
[2.339s] -- Up-to-date: /home/npd/Desktop/amr_bot/install/amr_msgs/share/amr_msgs/cmake/export_amr_msgs__rosidl_generator_cppExport.cmake
[2.340s] -- Up-to-date: /home/npd/Desktop/amr_bot/install/amr_msgs/share/amr_msgs/cmake/export_amr_msgs__rosidl_typesupport_fastrtps_cppExport.cmake
[2.340s] -- Up-to-date: /home/npd/Desktop/amr_bot/install/amr_msgs/share/amr_msgs/cmake/export_amr_msgs__rosidl_typesupport_fastrtps_cppExport-noconfig.cmake
[2.340s] -- Up-to-date: /home/npd/Desktop/amr_bot/install/amr_msgs/share/amr_msgs/cmake/amr_msgs__rosidl_typesupport_introspection_cExport.cmake
[2.340s] -- Up-to-date: /home/npd/Desktop/amr_bot/install/amr_msgs/share/amr_msgs/cmake/amr_msgs__rosidl_typesupport_introspection_cExport-noconfig.cmake
[2.341s] -- Up-to-date: /home/npd/Desktop/amr_bot/install/amr_msgs/share/amr_msgs/cmake/amr_msgs__rosidl_typesupport_cExport.cmake
[2.341s] -- Up-to-date: /home/npd/Desktop/amr_bot/install/amr_msgs/share/amr_msgs/cmake/amr_msgs__rosidl_typesupport_cExport-noconfig.cmake
[2.344s] -- Up-to-date: /home/npd/Desktop/amr_bot/install/amr_msgs/share/amr_msgs/cmake/amr_msgs__rosidl_typesupport_introspection_cppExport.cmake
[2.344s] -- Up-to-date: /home/npd/Desktop/amr_bot/install/amr_msgs/share/amr_msgs/cmake/amr_msgs__rosidl_typesupport_introspection_cppExport-noconfig.cmake
[2.345s] -- Up-to-date: /home/npd/Desktop/amr_bot/install/amr_msgs/share/amr_msgs/cmake/amr_msgs__rosidl_typesupport_cppExport.cmake
[2.345s] -- Up-to-date: /home/npd/Desktop/amr_bot/install/amr_msgs/share/amr_msgs/cmake/amr_msgs__rosidl_typesupport_cppExport-noconfig.cmake
[2.346s] -- Up-to-date: /home/npd/Desktop/amr_bot/install/amr_msgs/share/amr_msgs/cmake/export_amr_msgs__rosidl_generator_pyExport.cmake
[2.346s] -- Up-to-date: /home/npd/Desktop/amr_bot/install/amr_msgs/share/amr_msgs/cmake/export_amr_msgs__rosidl_generator_pyExport-noconfig.cmake
[2.346s] -- Up-to-date: /home/npd/Desktop/amr_bot/install/amr_msgs/share/amr_msgs/cmake/rosidl_cmake-extras.cmake
[2.347s] -- Up-to-date: /home/npd/Desktop/amr_bot/install/amr_msgs/share/amr_msgs/cmake/ament_cmake_export_dependencies-extras.cmake
[2.347s] -- Up-to-date: /home/npd/Desktop/amr_bot/install/amr_msgs/share/amr_msgs/cmake/ament_cmake_export_include_directories-extras.cmake
[2.347s] -- Up-to-date: /home/npd/Desktop/amr_bot/install/amr_msgs/share/amr_msgs/cmake/ament_cmake_export_libraries-extras.cmake
[2.347s] -- Up-to-date: /home/npd/Desktop/amr_bot/install/amr_msgs/share/amr_msgs/cmake/ament_cmake_export_targets-extras.cmake
[2.347s] -- Up-to-date: /home/npd/Desktop/amr_bot/install/amr_msgs/share/amr_msgs/cmake/rosidl_cmake_export_typesupport_targets-extras.cmake
[2.348s] -- Up-to-date: /home/npd/Desktop/amr_bot/install/amr_msgs/share/amr_msgs/cmake/rosidl_cmake_export_typesupport_libraries-extras.cmake
[2.354s] -- Up-to-date: /home/npd/Desktop/amr_bot/install/amr_msgs/share/amr_msgs/cmake/amr_msgsConfig.cmake
[2.355s] -- Up-to-date: /home/npd/Desktop/amr_bot/install/amr_msgs/share/amr_msgs/cmake/amr_msgsConfig-version.cmake
[2.355s] -- Up-to-date: /home/npd/Desktop/amr_bot/install/amr_msgs/share/amr_msgs/package.xml
[2.360s] Invoked command in '/home/npd/Desktop/amr_bot/build/amr_msgs' returned '0': CMAKE_PREFIX_PATH=${CMAKE_PREFIX_PATH}:/home/npd/Desktop/amr_bot/install/amr_py_examples:/opt/ros/humble /usr/bin/cmake --install /home/npd/Desktop/amr_bot/build/amr_msgs
