[0.048s] Invoking command in '/home/npd/Desktop/amr_bot/build/amr_description': CMAKE_PREFIX_PATH=${CMAKE_PREFIX_PATH}:/home/npd/Desktop/amr_bot/install/amr_py_examples:/opt/ros/humble /usr/bin/cmake --build /home/npd/Desktop/amr_bot/build/amr_description -- -j4 -l4
[0.631s] Invoked command in '/home/npd/Desktop/amr_bot/build/amr_description' returned '0': CMAKE_PREFIX_PATH=${CMAKE_PREFIX_PATH}:/home/npd/Desktop/amr_bot/install/amr_py_examples:/opt/ros/humble /usr/bin/cmake --build /home/npd/Desktop/amr_bot/build/amr_description -- -j4 -l4
[0.652s] Invoking command in '/home/npd/Desktop/amr_bot/build/amr_description': CMAKE_PREFIX_PATH=${CMAKE_PREFIX_PATH}:/home/npd/Desktop/amr_bot/install/amr_py_examples:/opt/ros/humble /usr/bin/cmake --install /home/npd/Desktop/amr_bot/build/amr_description
[0.674s] -- Install configuration: ""
[0.676s] -- Execute custom install script
[0.679s] -- Up-to-date symlink: /home/npd/Desktop/amr_bot/install/amr_description/share/amr_description/urdf/amr.urdf.xacro
[0.680s] -- Up-to-date symlink: /home/npd/Desktop/amr_bot/install/amr_description/share/amr_description/urdf/amr_gazebo.xacro
[0.681s] -- Up-to-date symlink: /home/npd/Desktop/amr_bot/install/amr_description/share/amr_description/urdf/amr_ros2_control.xacro
[0.683s] -- Up-to-date symlink: /home/npd/Desktop/amr_bot/install/amr_description/share/amr_description/launch/display_fixed.launch.py
[0.684s] -- Up-to-date symlink: /home/npd/Desktop/amr_bot/install/amr_description/share/amr_description/launch/gazebo.launch.py
[0.687s] -- Up-to-date symlink: /home/npd/Desktop/amr_bot/install/amr_description/share/amr_description/rviz/amr_rviz.rviz
[0.687s] -- Up-to-date symlink: /home/npd/Desktop/amr_bot/install/amr_description/share/ament_index/resource_index/package_run_dependencies/amr_description
[0.690s] -- Up-to-date symlink: /home/npd/Desktop/amr_bot/install/amr_description/share/ament_index/resource_index/parent_prefix_path/amr_description
[0.692s] -- Up-to-date symlink: /home/npd/Desktop/amr_bot/install/amr_description/share/amr_description/environment/ament_prefix_path.sh
[0.693s] -- Up-to-date symlink: /home/npd/Desktop/amr_bot/install/amr_description/share/amr_description/environment/ament_prefix_path.dsv
[0.696s] -- Up-to-date symlink: /home/npd/Desktop/amr_bot/install/amr_description/share/amr_description/environment/path.sh
[0.696s] -- Up-to-date symlink: /home/npd/Desktop/amr_bot/install/amr_description/share/amr_description/environment/path.dsv
[0.696s] -- Up-to-date symlink: /home/npd/Desktop/amr_bot/install/amr_description/share/amr_description/local_setup.bash
[0.698s] -- Up-to-date symlink: /home/npd/Desktop/amr_bot/install/amr_description/share/amr_description/local_setup.sh
[0.699s] -- Up-to-date symlink: /home/npd/Desktop/amr_bot/install/amr_description/share/amr_description/local_setup.zsh
[0.699s] -- Up-to-date symlink: /home/npd/Desktop/amr_bot/install/amr_description/share/amr_description/local_setup.dsv
[0.699s] -- Symlinking: /home/npd/Desktop/amr_bot/install/amr_description/share/amr_description/package.dsv
[0.726s] -- Up-to-date symlink: /home/npd/Desktop/amr_bot/install/amr_description/share/ament_index/resource_index/packages/amr_description
[0.727s] -- Up-to-date symlink: /home/npd/Desktop/amr_bot/install/amr_description/share/amr_description/cmake/amr_descriptionConfig.cmake
[0.732s] -- Up-to-date symlink: /home/npd/Desktop/amr_bot/install/amr_description/share/amr_description/cmake/amr_descriptionConfig-version.cmake
[0.733s] -- Up-to-date symlink: /home/npd/Desktop/amr_bot/install/amr_description/share/amr_description/package.xml
[0.792s] Invoked command in '/home/npd/Desktop/amr_bot/build/amr_description' returned '0': CMAKE_PREFIX_PATH=${CMAKE_PREFIX_PATH}:/home/npd/Desktop/amr_bot/install/amr_py_examples:/opt/ros/humble /usr/bin/cmake --install /home/npd/Desktop/amr_bot/build/amr_description
