[3.569s] Invoking command in '/home/npd/Desktop/amr_bot/src/amr_sensors': PYTHONPATH=/home/npd/Desktop/amr_bot/build/amr_sensors/prefix_override:/usr/lib/python3/dist-packages/colcon_core/task/python/colcon_distutils_commands:/home/npd/Desktop/amr_bot/install/amr_sensors/lib/python3.10/site-packages:${PYTHONPATH} /usr/bin/python3 -W ignore:setup.py install is deprecated -W ignore:easy_install command is deprecated setup.py egg_info --egg-base ../../build/amr_sensors build --build-base /home/npd/Desktop/amr_bot/build/amr_sensors/build install --record /home/npd/Desktop/amr_bot/build/amr_sensors/install.log --single-version-externally-managed install_data
[4.648s] running egg_info
[4.650s] writing ../../build/amr_sensors/amr_sensors.egg-info/PKG-INFO
[4.651s] writing dependency_links to ../../build/amr_sensors/amr_sensors.egg-info/dependency_links.txt
[4.651s] writing entry points to ../../build/amr_sensors/amr_sensors.egg-info/entry_points.txt
[4.652s] writing requirements to ../../build/amr_sensors/amr_sensors.egg-info/requires.txt
[4.652s] writing top-level names to ../../build/amr_sensors/amr_sensors.egg-info/top_level.txt
[4.657s] reading manifest file '../../build/amr_sensors/amr_sensors.egg-info/SOURCES.txt'
[4.663s] writing manifest file '../../build/amr_sensors/amr_sensors.egg-info/SOURCES.txt'
[4.663s] running build
[4.664s] running build_py
[4.668s] copying amr_sensors/front_lidar_reader.py -> /home/npd/Desktop/amr_bot/build/amr_sensors/build/lib/amr_sensors
[4.668s] running install
[4.668s] running install_lib
[4.674s] copying /home/npd/Desktop/amr_bot/build/amr_sensors/build/lib/amr_sensors/front_lidar_reader.py -> /home/npd/Desktop/amr_bot/install/amr_sensors/lib/python3.10/site-packages/amr_sensors
[4.680s] byte-compiling /home/npd/Desktop/amr_bot/install/amr_sensors/lib/python3.10/site-packages/amr_sensors/front_lidar_reader.py to front_lidar_reader.cpython-310.pyc
[4.680s] running install_data
[4.684s] running install_egg_info
[4.692s] removing '/home/npd/Desktop/amr_bot/install/amr_sensors/lib/python3.10/site-packages/amr_sensors-0.0.0-py3.10.egg-info' (and everything under it)
[4.693s] Copying ../../build/amr_sensors/amr_sensors.egg-info to /home/npd/Desktop/amr_bot/install/amr_sensors/lib/python3.10/site-packages/amr_sensors-0.0.0-py3.10.egg-info
[4.696s] running install_scripts
[4.769s] Installing front_lidar_reader script to /home/npd/Desktop/amr_bot/install/amr_sensors/lib/amr_sensors
[4.769s] writing list of installed files to '/home/npd/Desktop/amr_bot/build/amr_sensors/install.log'
[4.837s] Invoked command in '/home/npd/Desktop/amr_bot/src/amr_sensors' returned '0': PYTHONPATH=/home/npd/Desktop/amr_bot/build/amr_sensors/prefix_override:/usr/lib/python3/dist-packages/colcon_core/task/python/colcon_distutils_commands:/home/npd/Desktop/amr_bot/install/amr_sensors/lib/python3.10/site-packages:${PYTHONPATH} /usr/bin/python3 -W ignore:setup.py install is deprecated -W ignore:easy_install command is deprecated setup.py egg_info --egg-base ../../build/amr_sensors build --build-base /home/npd/Desktop/amr_bot/build/amr_sensors/build install --record /home/npd/Desktop/amr_bot/build/amr_sensors/install.log --single-version-externally-managed install_data
