[0.050s] Invoking command in '/home/npd/Desktop/amr_bot/build/amr_controller': CMAKE_PREFIX_PATH=${CMAKE_PREFIX_PATH}:/home/npd/Desktop/amr_bot/install/amr_py_examples:/opt/ros/humble /usr/bin/cmake --build /home/npd/Desktop/amr_bot/build/amr_controller -- -j4 -l4
[0.418s] Built target ament_cmake_python_copy_amr_controller_setup
[0.419s] Built target ament_cmake_python_copy_amr_controller
[2.334s] running egg_info
[2.336s] writing amr_controller.egg-info/PKG-INFO
[2.337s] writing dependency_links to amr_controller.egg-info/dependency_links.txt
[2.341s] writing top-level names to amr_controller.egg-info/top_level.txt
[2.362s] reading manifest file 'amr_controller.egg-info/SOURCES.txt'
[2.363s] writing manifest file 'amr_controller.egg-info/SOURCES.txt'
[2.456s] Built target ament_cmake_python_build_amr_controller_egg
[2.608s] Invoked command in '/home/npd/Desktop/amr_bot/build/amr_controller' returned '0': CMAKE_PREFIX_PATH=${CMAKE_PREFIX_PATH}:/home/npd/Desktop/amr_bot/install/amr_py_examples:/opt/ros/humble /usr/bin/cmake --build /home/npd/Desktop/amr_bot/build/amr_controller -- -j4 -l4
[2.615s] Invoking command in '/home/npd/Desktop/amr_bot/build/amr_controller': CMAKE_PREFIX_PATH=${CMAKE_PREFIX_PATH}:/home/npd/Desktop/amr_bot/install/amr_py_examples:/opt/ros/humble /usr/bin/cmake --install /home/npd/Desktop/amr_bot/build/amr_controller
[2.677s] -- Install configuration: ""
[2.684s] -- Up-to-date: /home/npd/Desktop/amr_bot/install/amr_controller/share/amr_controller/environment/pythonpath.sh
[2.684s] -- Up-to-date: /home/npd/Desktop/amr_bot/install/amr_controller/share/amr_controller/environment/pythonpath.dsv
[2.685s] -- Up-to-date: /home/npd/Desktop/amr_bot/install/amr_controller/local/lib/python3.10/dist-packages/amr_controller-0.0.0-py3.10.egg-info
[2.685s] -- Installing: /home/npd/Desktop/amr_bot/install/amr_controller/local/lib/python3.10/dist-packages/amr_controller-0.0.0-py3.10.egg-info/PKG-INFO
[2.685s] -- Installing: /home/npd/Desktop/amr_bot/install/amr_controller/local/lib/python3.10/dist-packages/amr_controller-0.0.0-py3.10.egg-info/top_level.txt
[2.691s] -- Installing: /home/npd/Desktop/amr_bot/install/amr_controller/local/lib/python3.10/dist-packages/amr_controller-0.0.0-py3.10.egg-info/SOURCES.txt
[2.692s] -- Installing: /home/npd/Desktop/amr_bot/install/amr_controller/local/lib/python3.10/dist-packages/amr_controller-0.0.0-py3.10.egg-info/dependency_links.txt
[2.692s] -- Up-to-date: /home/npd/Desktop/amr_bot/install/amr_controller/local/lib/python3.10/dist-packages/amr_controller
[2.695s] -- Up-to-date: /home/npd/Desktop/amr_bot/install/amr_controller/local/lib/python3.10/dist-packages/amr_controller/noisy_controller.py
[2.695s] -- Up-to-date: /home/npd/Desktop/amr_bot/install/amr_controller/local/lib/python3.10/dist-packages/amr_controller/simple_controller.py
[2.695s] -- Up-to-date: /home/npd/Desktop/amr_bot/install/amr_controller/local/lib/python3.10/dist-packages/amr_controller/__init__.py
[2.866s] Listing '/home/npd/Desktop/amr_bot/install/amr_controller/local/lib/python3.10/dist-packages/amr_controller'...
[2.888s] -- Up-to-date: /home/npd/Desktop/amr_bot/install/amr_controller/share/amr_controller/config
[2.889s] -- Up-to-date: /home/npd/Desktop/amr_bot/install/amr_controller/share/amr_controller/config/amr_controllers.yaml
[2.889s] -- Up-to-date: /home/npd/Desktop/amr_bot/install/amr_controller/share/amr_controller/config/joy_teleop.yaml
[2.889s] -- Up-to-date: /home/npd/Desktop/amr_bot/install/amr_controller/share/amr_controller/config/slam.yaml
[2.889s] -- Up-to-date: /home/npd/Desktop/amr_bot/install/amr_controller/share/amr_controller/config/joy_config.yaml
[2.889s] -- Up-to-date: /home/npd/Desktop/amr_bot/install/amr_controller/share/amr_controller/launch
[2.890s] -- Up-to-date: /home/npd/Desktop/amr_bot/install/amr_controller/share/amr_controller/launch/slam.launch.py
[2.890s] -- Up-to-date: /home/npd/Desktop/amr_bot/install/amr_controller/share/amr_controller/launch/joystick_teleop.launch.py
[2.895s] -- Up-to-date: /home/npd/Desktop/amr_bot/install/amr_controller/share/amr_controller/launch/controller.launch.py
[2.896s] -- Up-to-date: /home/npd/Desktop/amr_bot/install/amr_controller/lib/amr_controller/simple_controller.py
[2.908s] -- Up-to-date: /home/npd/Desktop/amr_bot/install/amr_controller/lib/amr_controller/noisy_controller.py
[2.909s] -- Up-to-date: /home/npd/Desktop/amr_bot/install/amr_controller/share/ament_index/resource_index/package_run_dependencies/amr_controller
[2.909s] -- Up-to-date: /home/npd/Desktop/amr_bot/install/amr_controller/share/ament_index/resource_index/parent_prefix_path/amr_controller
[2.909s] -- Up-to-date: /home/npd/Desktop/amr_bot/install/amr_controller/share/amr_controller/environment/ament_prefix_path.sh
[2.909s] -- Up-to-date: /home/npd/Desktop/amr_bot/install/amr_controller/share/amr_controller/environment/ament_prefix_path.dsv
[2.909s] -- Up-to-date: /home/npd/Desktop/amr_bot/install/amr_controller/share/amr_controller/environment/path.sh
[2.910s] -- Up-to-date: /home/npd/Desktop/amr_bot/install/amr_controller/share/amr_controller/environment/path.dsv
[2.910s] -- Up-to-date: /home/npd/Desktop/amr_bot/install/amr_controller/share/amr_controller/local_setup.bash
[2.910s] -- Up-to-date: /home/npd/Desktop/amr_bot/install/amr_controller/share/amr_controller/local_setup.sh
[2.910s] -- Up-to-date: /home/npd/Desktop/amr_bot/install/amr_controller/share/amr_controller/local_setup.zsh
[2.910s] -- Up-to-date: /home/npd/Desktop/amr_bot/install/amr_controller/share/amr_controller/local_setup.dsv
[2.911s] -- Installing: /home/npd/Desktop/amr_bot/install/amr_controller/share/amr_controller/package.dsv
[2.911s] -- Up-to-date: /home/npd/Desktop/amr_bot/install/amr_controller/share/ament_index/resource_index/packages/amr_controller
[2.914s] -- Up-to-date: /home/npd/Desktop/amr_bot/install/amr_controller/share/amr_controller/cmake/amr_controllerConfig.cmake
[2.914s] -- Up-to-date: /home/npd/Desktop/amr_bot/install/amr_controller/share/amr_controller/cmake/amr_controllerConfig-version.cmake
[2.915s] -- Up-to-date: /home/npd/Desktop/amr_bot/install/amr_controller/share/amr_controller/package.xml
[2.933s] Invoked command in '/home/npd/Desktop/amr_bot/build/amr_controller' returned '0': CMAKE_PREFIX_PATH=${CMAKE_PREFIX_PATH}:/home/npd/Desktop/amr_bot/install/amr_py_examples:/opt/ros/humble /usr/bin/cmake --install /home/npd/Desktop/amr_bot/build/amr_controller
