[2.065s] Invoking command in '/home/npd/Desktop/amr_bot/src/amr_py_examples': PYTHONPATH=/home/npd/Desktop/amr_bot/build/amr_py_examples/prefix_override:/usr/lib/python3/dist-packages/colcon_core/task/python/colcon_distutils_commands:/home/npd/Desktop/amr_bot/install/amr_py_examples/lib/python3.10/site-packages:${PYTHONPATH} /usr/bin/python3 -W ignore:setup.py install is deprecated -W ignore:easy_install command is deprecated setup.py egg_info --egg-base ../../build/amr_py_examples build --build-base /home/npd/Desktop/amr_bot/build/amr_py_examples/build install --record /home/npd/Desktop/amr_bot/build/amr_py_examples/install.log --single-version-externally-managed install_data
[2.546s] running egg_info
[2.547s] writing ../../build/amr_py_examples/amr_py_examples.egg-info/PKG-INFO
[2.551s] writing dependency_links to ../../build/amr_py_examples/amr_py_examples.egg-info/dependency_links.txt
[2.551s] writing entry points to ../../build/amr_py_examples/amr_py_examples.egg-info/entry_points.txt
[2.552s] writing requirements to ../../build/amr_py_examples/amr_py_examples.egg-info/requires.txt
[2.552s] writing top-level names to ../../build/amr_py_examples/amr_py_examples.egg-info/top_level.txt
[2.556s] reading manifest file '../../build/amr_py_examples/amr_py_examples.egg-info/SOURCES.txt'
[2.558s] writing manifest file '../../build/amr_py_examples/amr_py_examples.egg-info/SOURCES.txt'
[2.558s] running build
[2.558s] running build_py
[2.561s] running install
[2.562s] running install_lib
[2.565s] running install_data
[2.566s] running install_egg_info
[2.569s] removing '/home/npd/Desktop/amr_bot/install/amr_py_examples/lib/python3.10/site-packages/amr_py_examples-0.0.1-py3.10.egg-info' (and everything under it)
[2.570s] Copying ../../build/amr_py_examples/amr_py_examples.egg-info to /home/npd/Desktop/amr_bot/install/amr_py_examples/lib/python3.10/site-packages/amr_py_examples-0.0.1-py3.10.egg-info
[2.572s] running install_scripts
[2.610s] Installing simple_parameter script to /home/npd/Desktop/amr_bot/install/amr_py_examples/lib/amr_py_examples
[2.611s] Installing simple_publisher script to /home/npd/Desktop/amr_bot/install/amr_py_examples/lib/amr_py_examples
[2.611s] Installing simple_subscriber script to /home/npd/Desktop/amr_bot/install/amr_py_examples/lib/amr_py_examples
[2.611s] Installing simple_turtlesim_kinematics script to /home/npd/Desktop/amr_bot/install/amr_py_examples/lib/amr_py_examples
[2.612s] writing list of installed files to '/home/npd/Desktop/amr_bot/build/amr_py_examples/install.log'
[2.654s] Invoked command in '/home/npd/Desktop/amr_bot/src/amr_py_examples' returned '0': PYTHONPATH=/home/npd/Desktop/amr_bot/build/amr_py_examples/prefix_override:/usr/lib/python3/dist-packages/colcon_core/task/python/colcon_distutils_commands:/home/npd/Desktop/amr_bot/install/amr_py_examples/lib/python3.10/site-packages:${PYTHONPATH} /usr/bin/python3 -W ignore:setup.py install is deprecated -W ignore:easy_install command is deprecated setup.py egg_info --egg-base ../../build/amr_py_examples build --build-base /home/npd/Desktop/amr_bot/build/amr_py_examples/build install --record /home/npd/Desktop/amr_bot/build/amr_py_examples/install.log --single-version-externally-managed install_data
