[0.047s] Invoking command in '/home/npd/Desktop/amr_bot/build/amr_msgs': CMAKE_PREFIX_PATH=${CMAKE_PREFIX_PATH}:/home/npd/Desktop/amr_bot/install/amr_py_examples:/opt/ros/humble /usr/bin/cmake --build /home/npd/Desktop/amr_bot/build/amr_msgs -- -j4 -l4
[0.185s] [35m[1mConsolidate compiler generated dependencies of target amr_msgs__rosidl_generator_c[0m
[0.246s] [ 10%] Built target amr_msgs__rosidl_generator_c
[0.264s] [ 12%] Built target amr_msgs__cpp
[0.322s] [ 12%] Built target ament_cmake_python_copy_amr_msgs
[0.322s] [35m[1mConsolidate compiler generated dependencies of target amr_msgs__rosidl_typesupport_introspection_c[0m
[0.342s] [35m[1mConsolidate compiler generated dependencies of target amr_msgs__rosidl_typesupport_fastrtps_c[0m
[0.355s] [35m[1mConsolidate compiler generated dependencies of target amr_msgs__rosidl_typesupport_c[0m
[0.392s] [35m[1mConsolidate compiler generated dependencies of target amr_msgs__rosidl_typesupport_introspection_cpp[0m
[0.399s] [ 23%] Built target amr_msgs__rosidl_typesupport_introspection_c
[0.425s] [ 33%] Built target amr_msgs__rosidl_typesupport_c
[0.482s] [ 43%] Built target amr_msgs__rosidl_typesupport_fastrtps_c
[0.502s] [ 53%] Built target amr_msgs__rosidl_typesupport_introspection_cpp
[0.526s] [35m[1mConsolidate compiler generated dependencies of target amr_msgs__rosidl_typesupport_cpp[0m
[0.560s] [35m[1mConsolidate compiler generated dependencies of target amr_msgs__rosidl_typesupport_fastrtps_cpp[0m
[0.617s] [ 64%] Built target amr_msgs__rosidl_typesupport_cpp
[0.636s] [ 74%] Built target amr_msgs__rosidl_typesupport_fastrtps_cpp
[0.690s] [ 74%] Built target amr_msgs
[0.756s] [ 76%] Built target amr_msgs__py
[0.786s] [35m[1mConsolidate compiler generated dependencies of target amr_msgs__rosidl_generator_py[0m
[0.837s] [ 84%] Built target amr_msgs__rosidl_generator_py
[0.888s] [35m[1mConsolidate compiler generated dependencies of target amr_msgs__rosidl_typesupport_c__pyext[0m
[0.889s] [35m[1mConsolidate compiler generated dependencies of target amr_msgs__rosidl_typesupport_fastrtps_c__pyext[0m
[0.912s] [35m[1mConsolidate compiler generated dependencies of target amr_msgs__rosidl_typesupport_introspection_c__pyext[0m
[0.943s] [ 89%] Built target amr_msgs__rosidl_typesupport_fastrtps_c__pyext
[0.975s] [ 94%] Built target amr_msgs__rosidl_typesupport_c__pyext
[0.983s] [100%] Built target amr_msgs__rosidl_typesupport_introspection_c__pyext
[1.360s] running egg_info
[1.364s] writing amr_msgs.egg-info/PKG-INFO
[1.364s] writing dependency_links to amr_msgs.egg-info/dependency_links.txt
[1.364s] writing top-level names to amr_msgs.egg-info/top_level.txt
[1.371s] reading manifest file 'amr_msgs.egg-info/SOURCES.txt'
[1.375s] writing manifest file 'amr_msgs.egg-info/SOURCES.txt'
[1.466s] [100%] Built target ament_cmake_python_build_amr_msgs_egg
[1.519s] Invoked command in '/home/npd/Desktop/amr_bot/build/amr_msgs' returned '0': CMAKE_PREFIX_PATH=${CMAKE_PREFIX_PATH}:/home/npd/Desktop/amr_bot/install/amr_py_examples:/opt/ros/humble /usr/bin/cmake --build /home/npd/Desktop/amr_bot/build/amr_msgs -- -j4 -l4
[1.520s] Invoking command in '/home/npd/Desktop/amr_bot/build/amr_msgs': CMAKE_PREFIX_PATH=${CMAKE_PREFIX_PATH}:/home/npd/Desktop/amr_bot/install/amr_py_examples:/opt/ros/humble /usr/bin/cmake --install /home/npd/Desktop/amr_bot/build/amr_msgs
[1.562s] -- Install configuration: ""
[1.563s] -- Up-to-date: /home/npd/Desktop/amr_bot/install/amr_msgs/share/ament_index/resource_index/rosidl_interfaces/amr_msgs
[1.563s] -- Up-to-date: /home/npd/Desktop/amr_bot/install/amr_msgs/include/amr_msgs/amr_msgs
[1.564s] -- Up-to-date: /home/npd/Desktop/amr_bot/install/amr_msgs/include/amr_msgs/amr_msgs/msg
[1.564s] -- Up-to-date: /home/npd/Desktop/amr_bot/install/amr_msgs/include/amr_msgs/amr_msgs/msg/rosidl_generator_c__visibility_control.h
[1.564s] -- Up-to-date: /home/npd/Desktop/amr_bot/install/amr_msgs/include/amr_msgs/amr_msgs/srv
[1.565s] -- Up-to-date: /home/npd/Desktop/amr_bot/install/amr_msgs/include/amr_msgs/amr_msgs/srv/add_twoints.h
[1.565s] -- Up-to-date: /home/npd/Desktop/amr_bot/install/amr_msgs/include/amr_msgs/amr_msgs/srv/detail
[1.565s] -- Up-to-date: /home/npd/Desktop/amr_bot/install/amr_msgs/include/amr_msgs/amr_msgs/srv/detail/add_twoints__functions.h
[1.566s] -- Up-to-date: /home/npd/Desktop/amr_bot/install/amr_msgs/include/amr_msgs/amr_msgs/srv/detail/get_transform__functions.c
[1.566s] -- Up-to-date: /home/npd/Desktop/amr_bot/install/amr_msgs/include/amr_msgs/amr_msgs/srv/detail/add_twoints__functions.c
[1.566s] -- Up-to-date: /home/npd/Desktop/amr_bot/install/amr_msgs/include/amr_msgs/amr_msgs/srv/detail/add_twoints__type_support.h
[1.566s] -- Up-to-date: /home/npd/Desktop/amr_bot/install/amr_msgs/include/amr_msgs/amr_msgs/srv/detail/get_transform__type_support.h
[1.567s] -- Up-to-date: /home/npd/Desktop/amr_bot/install/amr_msgs/include/amr_msgs/amr_msgs/srv/detail/get_transform__functions.h
[1.567s] -- Up-to-date: /home/npd/Desktop/amr_bot/install/amr_msgs/include/amr_msgs/amr_msgs/srv/detail/add_twoints__struct.h
[1.567s] -- Up-to-date: /home/npd/Desktop/amr_bot/install/amr_msgs/include/amr_msgs/amr_msgs/srv/detail/get_transform__struct.h
[1.568s] -- Up-to-date: /home/npd/Desktop/amr_bot/install/amr_msgs/include/amr_msgs/amr_msgs/srv/get_transform.h
[1.568s] -- Up-to-date: /home/npd/Desktop/amr_bot/install/amr_msgs/share/amr_msgs/environment/library_path.sh
[1.569s] -- Up-to-date: /home/npd/Desktop/amr_bot/install/amr_msgs/share/amr_msgs/environment/library_path.dsv
[1.569s] -- Up-to-date: /home/npd/Desktop/amr_bot/install/amr_msgs/lib/libamr_msgs__rosidl_generator_c.so
[1.570s] -- Up-to-date: /home/npd/Desktop/amr_bot/install/amr_msgs/include/amr_msgs/amr_msgs
[1.570s] -- Up-to-date: /home/npd/Desktop/amr_bot/install/amr_msgs/include/amr_msgs/amr_msgs/msg
[1.570s] -- Up-to-date: /home/npd/Desktop/amr_bot/install/amr_msgs/include/amr_msgs/amr_msgs/msg/rosidl_typesupport_fastrtps_c__visibility_control.h
[1.570s] -- Up-to-date: /home/npd/Desktop/amr_bot/install/amr_msgs/include/amr_msgs/amr_msgs/srv
[1.571s] -- Up-to-date: /home/npd/Desktop/amr_bot/install/amr_msgs/include/amr_msgs/amr_msgs/srv/detail
[1.571s] -- Up-to-date: /home/npd/Desktop/amr_bot/install/amr_msgs/include/amr_msgs/amr_msgs/srv/detail/get_transform__rosidl_typesupport_fastrtps_c.h
[1.572s] -- Up-to-date: /home/npd/Desktop/amr_bot/install/amr_msgs/include/amr_msgs/amr_msgs/srv/detail/add_twoints__rosidl_typesupport_fastrtps_c.h
[1.572s] -- Up-to-date: /home/npd/Desktop/amr_bot/install/amr_msgs/lib/libamr_msgs__rosidl_typesupport_fastrtps_c.so
[1.573s] -- Up-to-date: /home/npd/Desktop/amr_bot/install/amr_msgs/include/amr_msgs/amr_msgs
[1.573s] -- Up-to-date: /home/npd/Desktop/amr_bot/install/amr_msgs/include/amr_msgs/amr_msgs/msg
[1.573s] -- Up-to-date: /home/npd/Desktop/amr_bot/install/amr_msgs/include/amr_msgs/amr_msgs/msg/rosidl_generator_cpp__visibility_control.hpp
[1.575s] -- Up-to-date: /home/npd/Desktop/amr_bot/install/amr_msgs/include/amr_msgs/amr_msgs/srv
[1.575s] -- Up-to-date: /home/npd/Desktop/amr_bot/install/amr_msgs/include/amr_msgs/amr_msgs/srv/add_twoints.hpp
[1.575s] -- Up-to-date: /home/npd/Desktop/amr_bot/install/amr_msgs/include/amr_msgs/amr_msgs/srv/get_transform.hpp
[1.576s] -- Up-to-date: /home/npd/Desktop/amr_bot/install/amr_msgs/include/amr_msgs/amr_msgs/srv/detail
[1.576s] -- Up-to-date: /home/npd/Desktop/amr_bot/install/amr_msgs/include/amr_msgs/amr_msgs/srv/detail/get_transform__type_support.hpp
[1.576s] -- Up-to-date: /home/npd/Desktop/amr_bot/install/amr_msgs/include/amr_msgs/amr_msgs/srv/detail/add_twoints__traits.hpp
[1.577s] -- Up-to-date: /home/npd/Desktop/amr_bot/install/amr_msgs/include/amr_msgs/amr_msgs/srv/detail/add_twoints__struct.hpp
[1.577s] -- Up-to-date: /home/npd/Desktop/amr_bot/install/amr_msgs/include/amr_msgs/amr_msgs/srv/detail/get_transform__builder.hpp
[1.577s] -- Up-to-date: /home/npd/Desktop/amr_bot/install/amr_msgs/include/amr_msgs/amr_msgs/srv/detail/add_twoints__builder.hpp
[1.578s] -- Up-to-date: /home/npd/Desktop/amr_bot/install/amr_msgs/include/amr_msgs/amr_msgs/srv/detail/add_twoints__type_support.hpp
[1.578s] -- Up-to-date: /home/npd/Desktop/amr_bot/install/amr_msgs/include/amr_msgs/amr_msgs/srv/detail/get_transform__struct.hpp
[1.578s] -- Up-to-date: /home/npd/Desktop/amr_bot/install/amr_msgs/include/amr_msgs/amr_msgs/srv/detail/get_transform__traits.hpp
[1.579s] -- Up-to-date: /home/npd/Desktop/amr_bot/install/amr_msgs/include/amr_msgs/amr_msgs
[1.579s] -- Up-to-date: /home/npd/Desktop/amr_bot/install/amr_msgs/include/amr_msgs/amr_msgs/msg
[1.579s] -- Up-to-date: /home/npd/Desktop/amr_bot/install/amr_msgs/include/amr_msgs/amr_msgs/msg/rosidl_typesupport_fastrtps_cpp__visibility_control.h
[1.580s] -- Up-to-date: /home/npd/Desktop/amr_bot/install/amr_msgs/include/amr_msgs/amr_msgs/srv
[1.580s] -- Up-to-date: /home/npd/Desktop/amr_bot/install/amr_msgs/include/amr_msgs/amr_msgs/srv/detail
[1.580s] -- Up-to-date: /home/npd/Desktop/amr_bot/install/amr_msgs/include/amr_msgs/amr_msgs/srv/detail/add_twoints__rosidl_typesupport_fastrtps_cpp.hpp
[1.581s] -- Up-to-date: /home/npd/Desktop/amr_bot/install/amr_msgs/include/amr_msgs/amr_msgs/srv/detail/get_transform__rosidl_typesupport_fastrtps_cpp.hpp
[1.582s] -- Up-to-date: /home/npd/Desktop/amr_bot/install/amr_msgs/include/amr_msgs/amr_msgs/srv/detail/dds_fastrtps
[1.582s] -- Up-to-date: /home/npd/Desktop/amr_bot/install/amr_msgs/lib/libamr_msgs__rosidl_typesupport_fastrtps_cpp.so
[1.582s] -- Up-to-date: /home/npd/Desktop/amr_bot/install/amr_msgs/include/amr_msgs/amr_msgs
[1.582s] -- Up-to-date: /home/npd/Desktop/amr_bot/install/amr_msgs/include/amr_msgs/amr_msgs/msg
[1.583s] -- Up-to-date: /home/npd/Desktop/amr_bot/install/amr_msgs/include/amr_msgs/amr_msgs/msg/rosidl_typesupport_introspection_c__visibility_control.h
[1.583s] -- Up-to-date: /home/npd/Desktop/amr_bot/install/amr_msgs/include/amr_msgs/amr_msgs/srv
[1.583s] -- Up-to-date: /home/npd/Desktop/amr_bot/install/amr_msgs/include/amr_msgs/amr_msgs/srv/detail
[1.583s] -- Up-to-date: /home/npd/Desktop/amr_bot/install/amr_msgs/include/amr_msgs/amr_msgs/srv/detail/add_twoints__type_support.c
[1.584s] -- Up-to-date: /home/npd/Desktop/amr_bot/install/amr_msgs/include/amr_msgs/amr_msgs/srv/detail/get_transform__rosidl_typesupport_introspection_c.h
[1.584s] -- Up-to-date: /home/npd/Desktop/amr_bot/install/amr_msgs/include/amr_msgs/amr_msgs/srv/detail/add_twoints__rosidl_typesupport_introspection_c.h
[1.584s] -- Up-to-date: /home/npd/Desktop/amr_bot/install/amr_msgs/include/amr_msgs/amr_msgs/srv/detail/get_transform__type_support.c
[1.585s] -- Up-to-date: /home/npd/Desktop/amr_bot/install/amr_msgs/lib/libamr_msgs__rosidl_typesupport_introspection_c.so
[1.585s] -- Up-to-date: /home/npd/Desktop/amr_bot/install/amr_msgs/lib/libamr_msgs__rosidl_typesupport_c.so
[1.585s] -- Up-to-date: /home/npd/Desktop/amr_bot/install/amr_msgs/include/amr_msgs/amr_msgs
[1.585s] -- Up-to-date: /home/npd/Desktop/amr_bot/install/amr_msgs/include/amr_msgs/amr_msgs/srv
[1.585s] -- Up-to-date: /home/npd/Desktop/amr_bot/install/amr_msgs/include/amr_msgs/amr_msgs/srv/detail
[1.586s] -- Up-to-date: /home/npd/Desktop/amr_bot/install/amr_msgs/include/amr_msgs/amr_msgs/srv/detail/get_transform__type_support.cpp
[1.586s] -- Up-to-date: /home/npd/Desktop/amr_bot/install/amr_msgs/include/amr_msgs/amr_msgs/srv/detail/get_transform__rosidl_typesupport_introspection_cpp.hpp
[1.586s] -- Up-to-date: /home/npd/Desktop/amr_bot/install/amr_msgs/include/amr_msgs/amr_msgs/srv/detail/add_twoints__rosidl_typesupport_introspection_cpp.hpp
[1.586s] -- Up-to-date: /home/npd/Desktop/amr_bot/install/amr_msgs/include/amr_msgs/amr_msgs/srv/detail/add_twoints__type_support.cpp
[1.587s] -- Up-to-date: /home/npd/Desktop/amr_bot/install/amr_msgs/lib/libamr_msgs__rosidl_typesupport_introspection_cpp.so
[1.587s] -- Up-to-date: /home/npd/Desktop/amr_bot/install/amr_msgs/lib/libamr_msgs__rosidl_typesupport_cpp.so
[1.587s] -- Up-to-date: /home/npd/Desktop/amr_bot/install/amr_msgs/share/amr_msgs/environment/pythonpath.sh
[1.587s] -- Up-to-date: /home/npd/Desktop/amr_bot/install/amr_msgs/share/amr_msgs/environment/pythonpath.dsv
[1.588s] -- Up-to-date: /home/npd/Desktop/amr_bot/install/amr_msgs/local/lib/python3.10/dist-packages/amr_msgs-0.0.0-py3.10.egg-info
[1.588s] -- Installing: /home/npd/Desktop/amr_bot/install/amr_msgs/local/lib/python3.10/dist-packages/amr_msgs-0.0.0-py3.10.egg-info/PKG-INFO
[1.588s] -- Installing: /home/npd/Desktop/amr_bot/install/amr_msgs/local/lib/python3.10/dist-packages/amr_msgs-0.0.0-py3.10.egg-info/top_level.txt
[1.588s] -- Installing: /home/npd/Desktop/amr_bot/install/amr_msgs/local/lib/python3.10/dist-packages/amr_msgs-0.0.0-py3.10.egg-info/SOURCES.txt
[1.588s] -- Installing: /home/npd/Desktop/amr_bot/install/amr_msgs/local/lib/python3.10/dist-packages/amr_msgs-0.0.0-py3.10.egg-info/dependency_links.txt
[1.589s] -- Up-to-date: /home/npd/Desktop/amr_bot/install/amr_msgs/local/lib/python3.10/dist-packages/amr_msgs
[1.589s] -- Up-to-date: /home/npd/Desktop/amr_bot/install/amr_msgs/local/lib/python3.10/dist-packages/amr_msgs/libamr_msgs__rosidl_generator_py.so
[1.589s] -- Up-to-date: /home/npd/Desktop/amr_bot/install/amr_msgs/local/lib/python3.10/dist-packages/amr_msgs/amr_msgs_s__rosidl_typesupport_fastrtps_c.cpython-310-x86_64-linux-gnu.so
[1.589s] -- Up-to-date: /home/npd/Desktop/amr_bot/install/amr_msgs/local/lib/python3.10/dist-packages/amr_msgs/_amr_msgs_s.ep.rosidl_typesupport_introspection_c.c
[1.589s] -- Up-to-date: /home/npd/Desktop/amr_bot/install/amr_msgs/local/lib/python3.10/dist-packages/amr_msgs/amr_msgs_s__rosidl_typesupport_introspection_c.cpython-310-x86_64-linux-gnu.so
[1.590s] -- Up-to-date: /home/npd/Desktop/amr_bot/install/amr_msgs/local/lib/python3.10/dist-packages/amr_msgs/_amr_msgs_s.ep.rosidl_typesupport_c.c
[1.590s] -- Up-to-date: /home/npd/Desktop/amr_bot/install/amr_msgs/local/lib/python3.10/dist-packages/amr_msgs/__init__.py
[1.590s] -- Up-to-date: /home/npd/Desktop/amr_bot/install/amr_msgs/local/lib/python3.10/dist-packages/amr_msgs/srv
[1.590s] -- Up-to-date: /home/npd/Desktop/amr_bot/install/amr_msgs/local/lib/python3.10/dist-packages/amr_msgs/srv/_add_twoints.py
[1.590s] -- Up-to-date: /home/npd/Desktop/amr_bot/install/amr_msgs/local/lib/python3.10/dist-packages/amr_msgs/srv/_add_twoints_s.c
[1.591s] -- Up-to-date: /home/npd/Desktop/amr_bot/install/amr_msgs/local/lib/python3.10/dist-packages/amr_msgs/srv/_get_transform.py
[1.591s] -- Up-to-date: /home/npd/Desktop/amr_bot/install/amr_msgs/local/lib/python3.10/dist-packages/amr_msgs/srv/_get_transform_s.c
[1.591s] -- Up-to-date: /home/npd/Desktop/amr_bot/install/amr_msgs/local/lib/python3.10/dist-packages/amr_msgs/srv/__init__.py
[1.591s] -- Up-to-date: /home/npd/Desktop/amr_bot/install/amr_msgs/local/lib/python3.10/dist-packages/amr_msgs/_amr_msgs_s.ep.rosidl_typesupport_fastrtps_c.c
[1.591s] -- Up-to-date: /home/npd/Desktop/amr_bot/install/amr_msgs/local/lib/python3.10/dist-packages/amr_msgs/amr_msgs_s__rosidl_typesupport_c.cpython-310-x86_64-linux-gnu.so
[1.680s] Listing '/home/npd/Desktop/amr_bot/install/amr_msgs/local/lib/python3.10/dist-packages/amr_msgs'...
[1.680s] Listing '/home/npd/Desktop/amr_bot/install/amr_msgs/local/lib/python3.10/dist-packages/amr_msgs/srv'...
[1.694s] -- Up-to-date: /home/npd/Desktop/amr_bot/install/amr_msgs/local/lib/python3.10/dist-packages/amr_msgs/amr_msgs_s__rosidl_typesupport_fastrtps_c.cpython-310-x86_64-linux-gnu.so
[1.695s] -- Up-to-date: /home/npd/Desktop/amr_bot/install/amr_msgs/local/lib/python3.10/dist-packages/amr_msgs/amr_msgs_s__rosidl_typesupport_introspection_c.cpython-310-x86_64-linux-gnu.so
[1.696s] -- Up-to-date: /home/npd/Desktop/amr_bot/install/amr_msgs/local/lib/python3.10/dist-packages/amr_msgs/amr_msgs_s__rosidl_typesupport_c.cpython-310-x86_64-linux-gnu.so
[1.698s] -- Up-to-date: /home/npd/Desktop/amr_bot/install/amr_msgs/lib/libamr_msgs__rosidl_generator_py.so
[1.699s] -- Up-to-date: /home/npd/Desktop/amr_bot/install/amr_msgs/share/amr_msgs/srv/AddTwoints.idl
[1.700s] -- Up-to-date: /home/npd/Desktop/amr_bot/install/amr_msgs/share/amr_msgs/srv/GetTransform.idl
[1.700s] -- Up-to-date: /home/npd/Desktop/amr_bot/install/amr_msgs/share/amr_msgs/srv/AddTwoints.srv
[1.701s] -- Up-to-date: /home/npd/Desktop/amr_bot/install/amr_msgs/share/amr_msgs/srv/AddTwoints_Request.msg
[1.702s] -- Up-to-date: /home/npd/Desktop/amr_bot/install/amr_msgs/share/amr_msgs/srv/AddTwoints_Response.msg
[1.703s] -- Up-to-date: /home/npd/Desktop/amr_bot/install/amr_msgs/share/amr_msgs/srv/GetTransform.srv
[1.704s] -- Up-to-date: /home/npd/Desktop/amr_bot/install/amr_msgs/share/amr_msgs/srv/GetTransform_Request.msg
[1.704s] -- Up-to-date: /home/npd/Desktop/amr_bot/install/amr_msgs/share/amr_msgs/srv/GetTransform_Response.msg
[1.704s] -- Up-to-date: /home/npd/Desktop/amr_bot/install/amr_msgs/share/ament_index/resource_index/package_run_dependencies/amr_msgs
[1.705s] -- Up-to-date: /home/npd/Desktop/amr_bot/install/amr_msgs/share/ament_index/resource_index/parent_prefix_path/amr_msgs
[1.705s] -- Up-to-date: /home/npd/Desktop/amr_bot/install/amr_msgs/share/amr_msgs/environment/ament_prefix_path.sh
[1.706s] -- Up-to-date: /home/npd/Desktop/amr_bot/install/amr_msgs/share/amr_msgs/environment/ament_prefix_path.dsv
[1.707s] -- Up-to-date: /home/npd/Desktop/amr_bot/install/amr_msgs/share/amr_msgs/environment/path.sh
[1.707s] -- Up-to-date: /home/npd/Desktop/amr_bot/install/amr_msgs/share/amr_msgs/environment/path.dsv
[1.708s] -- Up-to-date: /home/npd/Desktop/amr_bot/install/amr_msgs/share/amr_msgs/local_setup.bash
[1.708s] -- Up-to-date: /home/npd/Desktop/amr_bot/install/amr_msgs/share/amr_msgs/local_setup.sh
[1.709s] -- Up-to-date: /home/npd/Desktop/amr_bot/install/amr_msgs/share/amr_msgs/local_setup.zsh
[1.709s] -- Up-to-date: /home/npd/Desktop/amr_bot/install/amr_msgs/share/amr_msgs/local_setup.dsv
[1.710s] -- Installing: /home/npd/Desktop/amr_bot/install/amr_msgs/share/amr_msgs/package.dsv
[1.711s] -- Up-to-date: /home/npd/Desktop/amr_bot/install/amr_msgs/share/ament_index/resource_index/packages/amr_msgs
[1.712s] -- Up-to-date: /home/npd/Desktop/amr_bot/install/amr_msgs/share/amr_msgs/cmake/export_amr_msgs__rosidl_generator_cExport.cmake
[1.712s] -- Up-to-date: /home/npd/Desktop/amr_bot/install/amr_msgs/share/amr_msgs/cmake/export_amr_msgs__rosidl_generator_cExport-noconfig.cmake
[1.713s] -- Up-to-date: /home/npd/Desktop/amr_bot/install/amr_msgs/share/amr_msgs/cmake/export_amr_msgs__rosidl_typesupport_fastrtps_cExport.cmake
[1.714s] -- Up-to-date: /home/npd/Desktop/amr_bot/install/amr_msgs/share/amr_msgs/cmake/export_amr_msgs__rosidl_typesupport_fastrtps_cExport-noconfig.cmake
[1.715s] -- Up-to-date: /home/npd/Desktop/amr_bot/install/amr_msgs/share/amr_msgs/cmake/export_amr_msgs__rosidl_generator_cppExport.cmake
[1.715s] -- Up-to-date: /home/npd/Desktop/amr_bot/install/amr_msgs/share/amr_msgs/cmake/export_amr_msgs__rosidl_typesupport_fastrtps_cppExport.cmake
[1.716s] -- Up-to-date: /home/npd/Desktop/amr_bot/install/amr_msgs/share/amr_msgs/cmake/export_amr_msgs__rosidl_typesupport_fastrtps_cppExport-noconfig.cmake
[1.717s] -- Up-to-date: /home/npd/Desktop/amr_bot/install/amr_msgs/share/amr_msgs/cmake/amr_msgs__rosidl_typesupport_introspection_cExport.cmake
[1.717s] -- Up-to-date: /home/npd/Desktop/amr_bot/install/amr_msgs/share/amr_msgs/cmake/amr_msgs__rosidl_typesupport_introspection_cExport-noconfig.cmake
[1.718s] -- Up-to-date: /home/npd/Desktop/amr_bot/install/amr_msgs/share/amr_msgs/cmake/amr_msgs__rosidl_typesupport_cExport.cmake
[1.719s] -- Up-to-date: /home/npd/Desktop/amr_bot/install/amr_msgs/share/amr_msgs/cmake/amr_msgs__rosidl_typesupport_cExport-noconfig.cmake
[1.719s] -- Up-to-date: /home/npd/Desktop/amr_bot/install/amr_msgs/share/amr_msgs/cmake/amr_msgs__rosidl_typesupport_introspection_cppExport.cmake
[1.720s] -- Up-to-date: /home/npd/Desktop/amr_bot/install/amr_msgs/share/amr_msgs/cmake/amr_msgs__rosidl_typesupport_introspection_cppExport-noconfig.cmake
[1.721s] -- Up-to-date: /home/npd/Desktop/amr_bot/install/amr_msgs/share/amr_msgs/cmake/amr_msgs__rosidl_typesupport_cppExport.cmake
[1.721s] -- Up-to-date: /home/npd/Desktop/amr_bot/install/amr_msgs/share/amr_msgs/cmake/amr_msgs__rosidl_typesupport_cppExport-noconfig.cmake
[1.722s] -- Up-to-date: /home/npd/Desktop/amr_bot/install/amr_msgs/share/amr_msgs/cmake/export_amr_msgs__rosidl_generator_pyExport.cmake
[1.723s] -- Up-to-date: /home/npd/Desktop/amr_bot/install/amr_msgs/share/amr_msgs/cmake/export_amr_msgs__rosidl_generator_pyExport-noconfig.cmake
[1.723s] -- Up-to-date: /home/npd/Desktop/amr_bot/install/amr_msgs/share/amr_msgs/cmake/rosidl_cmake-extras.cmake
[1.724s] -- Up-to-date: /home/npd/Desktop/amr_bot/install/amr_msgs/share/amr_msgs/cmake/ament_cmake_export_dependencies-extras.cmake
[1.725s] -- Up-to-date: /home/npd/Desktop/amr_bot/install/amr_msgs/share/amr_msgs/cmake/ament_cmake_export_include_directories-extras.cmake
[1.725s] -- Up-to-date: /home/npd/Desktop/amr_bot/install/amr_msgs/share/amr_msgs/cmake/ament_cmake_export_libraries-extras.cmake
[1.726s] -- Up-to-date: /home/npd/Desktop/amr_bot/install/amr_msgs/share/amr_msgs/cmake/ament_cmake_export_targets-extras.cmake
[1.726s] -- Up-to-date: /home/npd/Desktop/amr_bot/install/amr_msgs/share/amr_msgs/cmake/rosidl_cmake_export_typesupport_targets-extras.cmake
[1.727s] -- Up-to-date: /home/npd/Desktop/amr_bot/install/amr_msgs/share/amr_msgs/cmake/rosidl_cmake_export_typesupport_libraries-extras.cmake
[1.728s] -- Up-to-date: /home/npd/Desktop/amr_bot/install/amr_msgs/share/amr_msgs/cmake/amr_msgsConfig.cmake
[1.728s] -- Up-to-date: /home/npd/Desktop/amr_bot/install/amr_msgs/share/amr_msgs/cmake/amr_msgsConfig-version.cmake
[1.729s] -- Up-to-date: /home/npd/Desktop/amr_bot/install/amr_msgs/share/amr_msgs/package.xml
[1.737s] Invoked command in '/home/npd/Desktop/amr_bot/build/amr_msgs' returned '0': CMAKE_PREFIX_PATH=${CMAKE_PREFIX_PATH}:/home/npd/Desktop/amr_bot/install/amr_py_examples:/opt/ros/humble /usr/bin/cmake --install /home/npd/Desktop/amr_bot/build/amr_msgs
