[0.062s] Invoking command in '/home/npd/Desktop/amr_bot/build/amr_description': CMAKE_PREFIX_PATH=${CMAKE_PREFIX_PATH}:/home/npd/Desktop/amr_bot/install/amr_py_examples:/opt/ros/humble /usr/bin/cmake --build /home/npd/Desktop/amr_bot/build/amr_description -- -j4 -l4
[0.692s] Invoked command in '/home/npd/Desktop/amr_bot/build/amr_description' returned '0': CMAKE_PREFIX_PATH=${CMAKE_PREFIX_PATH}:/home/npd/Desktop/amr_bot/install/amr_py_examples:/opt/ros/humble /usr/bin/cmake --build /home/npd/Desktop/amr_bot/build/amr_description -- -j4 -l4
[0.698s] Invoking command in '/home/npd/Desktop/amr_bot/build/amr_description': CMAKE_PREFIX_PATH=${CMAKE_PREFIX_PATH}:/home/npd/Desktop/amr_bot/install/amr_py_examples:/opt/ros/humble /usr/bin/cmake --install /home/npd/Desktop/amr_bot/build/amr_description
[0.729s] -- Install configuration: ""
[0.731s] -- Up-to-date: /home/npd/Desktop/amr_bot/install/amr_description/share/amr_description/urdf
[0.731s] -- Installing: /home/npd/Desktop/amr_bot/install/amr_description/share/amr_description/urdf/amr_gazebo.xacro
[0.731s] -- Installing: /home/npd/Desktop/amr_bot/install/amr_description/share/amr_description/urdf/amr_ros2_control.xacro
[0.732s] -- Up-to-date: /home/npd/Desktop/amr_bot/install/amr_description/share/amr_description/urdf/amr.urdf.xacro
[0.732s] -- Up-to-date: /home/npd/Desktop/amr_bot/install/amr_description/share/amr_description/launch
[0.735s] -- Up-to-date: /home/npd/Desktop/amr_bot/install/amr_description/share/amr_description/launch/display_fixed.launch.py
[0.735s] -- Installing: /home/npd/Desktop/amr_bot/install/amr_description/share/amr_description/launch/gazebo.launch.py
[0.735s] -- Up-to-date: /home/npd/Desktop/amr_bot/install/amr_description/share/amr_description/rviz
[0.736s] -- Up-to-date: /home/npd/Desktop/amr_bot/install/amr_description/share/amr_description/rviz/amr_rviz.rviz
[0.736s] -- Up-to-date: /home/npd/Desktop/amr_bot/install/amr_description/share/ament_index/resource_index/package_run_dependencies/amr_description
[0.740s] -- Up-to-date: /home/npd/Desktop/amr_bot/install/amr_description/share/ament_index/resource_index/parent_prefix_path/amr_description
[0.740s] -- Up-to-date: /home/npd/Desktop/amr_bot/install/amr_description/share/amr_description/environment/ament_prefix_path.sh
[0.740s] -- Up-to-date: /home/npd/Desktop/amr_bot/install/amr_description/share/amr_description/environment/ament_prefix_path.dsv
[0.740s] -- Up-to-date: /home/npd/Desktop/amr_bot/install/amr_description/share/amr_description/environment/path.sh
[0.741s] -- Up-to-date: /home/npd/Desktop/amr_bot/install/amr_description/share/amr_description/environment/path.dsv
[0.742s] -- Up-to-date: /home/npd/Desktop/amr_bot/install/amr_description/share/amr_description/local_setup.bash
[0.742s] -- Up-to-date: /home/npd/Desktop/amr_bot/install/amr_description/share/amr_description/local_setup.sh
[0.743s] -- Up-to-date: /home/npd/Desktop/amr_bot/install/amr_description/share/amr_description/local_setup.zsh
[0.743s] -- Up-to-date: /home/npd/Desktop/amr_bot/install/amr_description/share/amr_description/local_setup.dsv
[0.743s] -- Installing: /home/npd/Desktop/amr_bot/install/amr_description/share/amr_description/package.dsv
[0.745s] -- Up-to-date: /home/npd/Desktop/amr_bot/install/amr_description/share/ament_index/resource_index/packages/amr_description
[0.746s] -- Up-to-date: /home/npd/Desktop/amr_bot/install/amr_description/share/amr_description/cmake/amr_descriptionConfig.cmake
[0.746s] -- Up-to-date: /home/npd/Desktop/amr_bot/install/amr_description/share/amr_description/cmake/amr_descriptionConfig-version.cmake
[0.746s] -- Up-to-date: /home/npd/Desktop/amr_bot/install/amr_description/share/amr_description/package.xml
[0.828s] Invoked command in '/home/npd/Desktop/amr_bot/build/amr_description' returned '0': CMAKE_PREFIX_PATH=${CMAKE_PREFIX_PATH}:/home/npd/Desktop/amr_bot/install/amr_py_examples:/opt/ros/humble /usr/bin/cmake --install /home/npd/Desktop/amr_bot/build/amr_description
