[0.002s] Invoking command in '/home/npd/Desktop/amr_bot/build/amr_mapping': CMAKE_PREFIX_PATH=${CMAKE_PREFIX_PATH}:/home/npd/Desktop/amr_bot/install/amr_sensors:/home/npd/Desktop/amr_bot/install/amr_py_examples:/opt/ros/humble /usr/bin/cmake --build /home/npd/Desktop/amr_bot/build/amr_mapping -- -j4 -l4
[0.244s] Built target ament_cmake_python_copy_amr_mapping
[1.995s] running egg_info
[1.997s] writing amr_mapping.egg-info/PKG-INFO
[1.997s] writing dependency_links to amr_mapping.egg-info/dependency_links.txt
[1.998s] writing top-level names to amr_mapping.egg-info/top_level.txt
[2.008s] reading manifest file 'amr_mapping.egg-info/SOURCES.txt'
[2.011s] writing manifest file 'amr_mapping.egg-info/SOURCES.txt'
[2.096s] Built target ament_cmake_python_build_amr_mapping_egg
[2.343s] Invoked command in '/home/npd/Desktop/amr_bot/build/amr_mapping' returned '0': CMAKE_PREFIX_PATH=${CMAKE_PREFIX_PATH}:/home/npd/Desktop/amr_bot/install/amr_sensors:/home/npd/Desktop/amr_bot/install/amr_py_examples:/opt/ros/humble /usr/bin/cmake --build /home/npd/Desktop/amr_bot/build/amr_mapping -- -j4 -l4
[2.349s] Invoking command in '/home/npd/Desktop/amr_bot/build/amr_mapping': CMAKE_PREFIX_PATH=${CMAKE_PREFIX_PATH}:/home/npd/Desktop/amr_bot/install/amr_sensors:/home/npd/Desktop/amr_bot/install/amr_py_examples:/opt/ros/humble /usr/bin/cmake --install /home/npd/Desktop/amr_bot/build/amr_mapping
[2.391s] -- Install configuration: ""
[2.392s] -- Up-to-date: /home/npd/Desktop/amr_bot/install/amr_mapping/share/amr_mapping/environment/pythonpath.sh
[2.393s] -- Up-to-date: /home/npd/Desktop/amr_bot/install/amr_mapping/share/amr_mapping/environment/pythonpath.dsv
[2.394s] -- Up-to-date: /home/npd/Desktop/amr_bot/install/amr_mapping/local/lib/python3.10/dist-packages/amr_mapping-0.0.0-py3.10.egg-info
[2.401s] -- Installing: /home/npd/Desktop/amr_bot/install/amr_mapping/local/lib/python3.10/dist-packages/amr_mapping-0.0.0-py3.10.egg-info/PKG-INFO
[2.402s] -- Installing: /home/npd/Desktop/amr_bot/install/amr_mapping/local/lib/python3.10/dist-packages/amr_mapping-0.0.0-py3.10.egg-info/top_level.txt
[2.404s] -- Installing: /home/npd/Desktop/amr_bot/install/amr_mapping/local/lib/python3.10/dist-packages/amr_mapping-0.0.0-py3.10.egg-info/SOURCES.txt
[2.420s] -- Installing: /home/npd/Desktop/amr_bot/install/amr_mapping/local/lib/python3.10/dist-packages/amr_mapping-0.0.0-py3.10.egg-info/dependency_links.txt
[2.455s] -- Up-to-date: /home/npd/Desktop/amr_bot/install/amr_mapping/local/lib/python3.10/dist-packages/amr_mapping
[2.455s] -- Installing: /home/npd/Desktop/amr_bot/install/amr_mapping/local/lib/python3.10/dist-packages/amr_mapping/mapping_with_known_poses.py
[2.456s] -- Up-to-date: /home/npd/Desktop/amr_bot/install/amr_mapping/local/lib/python3.10/dist-packages/amr_mapping/__init__.py
[2.601s] Listing '/home/npd/Desktop/amr_bot/install/amr_mapping/local/lib/python3.10/dist-packages/amr_mapping'...
[2.601s] Compiling '/home/npd/Desktop/amr_bot/install/amr_mapping/local/lib/python3.10/dist-packages/amr_mapping/mapping_with_known_poses.py'...
[2.647s] -- Installing: /home/npd/Desktop/amr_bot/install/amr_mapping/lib/amr_mapping/mapping_with_known_poses.py
[2.648s] -- Up-to-date: /home/npd/Desktop/amr_bot/install/amr_mapping/share/amr_mapping/maps
[2.648s] -- Up-to-date: /home/npd/Desktop/amr_bot/install/amr_mapping/share/amr_mapping/maps/small_house
[2.648s] -- Up-to-date: /home/npd/Desktop/amr_bot/install/amr_mapping/share/amr_mapping/maps/small_house/map.yaml
[2.648s] -- Up-to-date: /home/npd/Desktop/amr_bot/install/amr_mapping/share/amr_mapping/maps/small_house/map.pgm
[2.648s] -- Up-to-date: /home/npd/Desktop/amr_bot/install/amr_mapping/share/ament_index/resource_index/package_run_dependencies/amr_mapping
[2.649s] -- Up-to-date: /home/npd/Desktop/amr_bot/install/amr_mapping/share/ament_index/resource_index/parent_prefix_path/amr_mapping
[2.649s] -- Up-to-date: /home/npd/Desktop/amr_bot/install/amr_mapping/share/amr_mapping/environment/ament_prefix_path.sh
[2.649s] -- Up-to-date: /home/npd/Desktop/amr_bot/install/amr_mapping/share/amr_mapping/environment/ament_prefix_path.dsv
[2.649s] -- Up-to-date: /home/npd/Desktop/amr_bot/install/amr_mapping/share/amr_mapping/environment/path.sh
[2.649s] -- Up-to-date: /home/npd/Desktop/amr_bot/install/amr_mapping/share/amr_mapping/environment/path.dsv
[2.650s] -- Up-to-date: /home/npd/Desktop/amr_bot/install/amr_mapping/share/amr_mapping/local_setup.bash
[2.650s] -- Up-to-date: /home/npd/Desktop/amr_bot/install/amr_mapping/share/amr_mapping/local_setup.sh
[2.657s] -- Up-to-date: /home/npd/Desktop/amr_bot/install/amr_mapping/share/amr_mapping/local_setup.zsh
[2.657s] -- Up-to-date: /home/npd/Desktop/amr_bot/install/amr_mapping/share/amr_mapping/local_setup.dsv
[2.658s] -- Installing: /home/npd/Desktop/amr_bot/install/amr_mapping/share/amr_mapping/package.dsv
[2.658s] -- Up-to-date: /home/npd/Desktop/amr_bot/install/amr_mapping/share/ament_index/resource_index/packages/amr_mapping
[2.658s] -- Up-to-date: /home/npd/Desktop/amr_bot/install/amr_mapping/share/amr_mapping/cmake/amr_mappingConfig.cmake
[2.658s] -- Up-to-date: /home/npd/Desktop/amr_bot/install/amr_mapping/share/amr_mapping/cmake/amr_mappingConfig-version.cmake
[2.658s] -- Up-to-date: /home/npd/Desktop/amr_bot/install/amr_mapping/share/amr_mapping/package.xml
[2.677s] Invoked command in '/home/npd/Desktop/amr_bot/build/amr_mapping' returned '0': CMAKE_PREFIX_PATH=${CMAKE_PREFIX_PATH}:/home/npd/Desktop/amr_bot/install/amr_sensors:/home/npd/Desktop/amr_bot/install/amr_py_examples:/opt/ros/humble /usr/bin/cmake --install /home/npd/Desktop/amr_bot/build/amr_mapping
