[3.650s] Invoking command in '/home/npd/Desktop/amr_bot/src/amr_sensors': PYTHONPATH=/home/npd/Desktop/amr_bot/build/amr_sensors/prefix_override:/usr/lib/python3/dist-packages/colcon_core/task/python/colcon_distutils_commands:/home/npd/Desktop/amr_bot/install/amr_sensors/lib/python3.10/site-packages:${PYTHONPATH} /usr/bin/python3 -W ignore:setup.py install is deprecated -W ignore:easy_install command is deprecated setup.py egg_info --egg-base ../../build/amr_sensors build --build-base /home/npd/Desktop/amr_bot/build/amr_sensors/build install --record /home/npd/Desktop/amr_bot/build/amr_sensors/install.log --single-version-externally-managed install_data
[4.619s] running egg_info
[4.623s] writing ../../build/amr_sensors/amr_sensors.egg-info/PKG-INFO
[4.624s] writing dependency_links to ../../build/amr_sensors/amr_sensors.egg-info/dependency_links.txt
[4.628s] writing entry points to ../../build/amr_sensors/amr_sensors.egg-info/entry_points.txt
[4.629s] writing requirements to ../../build/amr_sensors/amr_sensors.egg-info/requires.txt
[4.634s] writing top-level names to ../../build/amr_sensors/amr_sensors.egg-info/top_level.txt
[4.635s] reading manifest file '../../build/amr_sensors/amr_sensors.egg-info/SOURCES.txt'
[4.639s] writing manifest file '../../build/amr_sensors/amr_sensors.egg-info/SOURCES.txt'
[4.639s] running build
[4.640s] running build_py
[4.642s] copying amr_sensors/front_lidar_reader.py -> /home/npd/Desktop/amr_bot/build/amr_sensors/build/lib/amr_sensors
[4.643s] running install
[4.644s] running install_lib
[4.650s] copying /home/npd/Desktop/amr_bot/build/amr_sensors/build/lib/amr_sensors/front_lidar_reader.py -> /home/npd/Desktop/amr_bot/install/amr_sensors/lib/python3.10/site-packages/amr_sensors
[4.655s] byte-compiling /home/npd/Desktop/amr_bot/install/amr_sensors/lib/python3.10/site-packages/amr_sensors/front_lidar_reader.py to front_lidar_reader.cpython-310.pyc
[4.655s] running install_data
[4.656s] running install_egg_info
[4.662s] removing '/home/npd/Desktop/amr_bot/install/amr_sensors/lib/python3.10/site-packages/amr_sensors-0.0.0-py3.10.egg-info' (and everything under it)
[4.669s] Copying ../../build/amr_sensors/amr_sensors.egg-info to /home/npd/Desktop/amr_bot/install/amr_sensors/lib/python3.10/site-packages/amr_sensors-0.0.0-py3.10.egg-info
[4.673s] running install_scripts
[4.754s] Installing front_lidar_reader script to /home/npd/Desktop/amr_bot/install/amr_sensors/lib/amr_sensors
[4.754s] writing list of installed files to '/home/npd/Desktop/amr_bot/build/amr_sensors/install.log'
[4.819s] Invoked command in '/home/npd/Desktop/amr_bot/src/amr_sensors' returned '0': PYTHONPATH=/home/npd/Desktop/amr_bot/build/amr_sensors/prefix_override:/usr/lib/python3/dist-packages/colcon_core/task/python/colcon_distutils_commands:/home/npd/Desktop/amr_bot/install/amr_sensors/lib/python3.10/site-packages:${PYTHONPATH} /usr/bin/python3 -W ignore:setup.py install is deprecated -W ignore:easy_install command is deprecated setup.py egg_info --egg-base ../../build/amr_sensors build --build-base /home/npd/Desktop/amr_bot/build/amr_sensors/build install --record /home/npd/Desktop/amr_bot/build/amr_sensors/install.log --single-version-externally-managed install_data
