[0.048s] Invoking command in '/home/npd/Desktop/amr_bot/build/amr_msgs': CMAKE_PREFIX_PATH=${CMAKE_PREFIX_PATH}:/home/npd/Desktop/amr_bot/install/amr_py_examples:/opt/ros/humble /usr/bin/cmake --build /home/npd/Desktop/amr_bot/build/amr_msgs -- -j4 -l4
[0.128s] -- Found ament_cmake: 1.3.11 (/opt/ros/humble/share/ament_cmake/cmake)
[0.503s] -- Found std_msgs: 4.2.4 (/opt/ros/humble/share/std_msgs/cmake)
[0.556s] -- Found rosidl_generator_c: 3.1.6 (/opt/ros/humble/share/rosidl_generator_c/cmake)
[0.562s] -- Found rosidl_adapter: 3.1.6 (/opt/ros/humble/share/rosidl_adapter/cmake)
[0.573s] -- Found rosidl_generator_cpp: 3.1.6 (/opt/ros/humble/share/rosidl_generator_cpp/cmake)
[0.591s] -- Using all available rosidl_typesupport_c: rosidl_typesupport_fastrtps_c;rosidl_typesupport_introspection_c
[0.616s] -- Using all available rosidl_typesupport_cpp: rosidl_typesupport_fastrtps_cpp;rosidl_typesupport_introspection_cpp
[0.662s] -- Found geometry_msgs: 4.2.4 (/opt/ros/humble/share/geometry_msgs/cmake)
[0.685s] -- Found rosidl_default_generators: 1.2.0 (/opt/ros/humble/share/rosidl_default_generators/cmake)
[1.358s] -- Found ament_cmake_ros: 0.10.0 (/opt/ros/humble/share/ament_cmake_ros/cmake)
[2.534s] -- Using all available rosidl_typesupport_c: rosidl_typesupport_fastrtps_c;rosidl_typesupport_introspection_c
[2.955s] -- Using all available rosidl_typesupport_cpp: rosidl_typesupport_fastrtps_cpp;rosidl_typesupport_introspection_cpp
[3.020s] -- Found python_cmake_module: 0.10.0 (/opt/ros/humble/share/python_cmake_module/cmake)
[3.085s] -- Using PYTHON_EXECUTABLE: /usr/bin/python3
[3.085s] -- Using PYTHON_INCLUDE_DIRS: /usr/include/python3.10
[3.085s] -- Using PYTHON_LIBRARIES: /usr/lib/x86_64-linux-gnu/libpython3.10.so
[3.205s] -- Found ament_lint_auto: 0.12.11 (/opt/ros/humble/share/ament_lint_auto/cmake)
[3.242s] -- Added test 'lint_cmake' to check CMake code style
[3.246s] -- Added test 'xmllint' to check XML markup files
[3.252s] -- Configuring done
[3.334s] -- Generating done
[3.359s] -- Build files have been written to: /home/npd/Desktop/amr_bot/build/amr_msgs
[3.420s] [  2%] [34m[1mGenerating C code for ROS interfaces[0m
[3.469s] [  5%] [34m[1mGenerating C++ code for ROS interfaces[0m
[3.487s] [  5%] Built target ament_cmake_python_copy_amr_msgs
[4.018s] running egg_info
[4.021s] writing amr_msgs.egg-info/PKG-INFO
[4.021s] writing dependency_links to amr_msgs.egg-info/dependency_links.txt
[4.022s] writing top-level names to amr_msgs.egg-info/top_level.txt
[4.026s] reading manifest file 'amr_msgs.egg-info/SOURCES.txt'
[4.029s] writing manifest file 'amr_msgs.egg-info/SOURCES.txt'
[4.085s] [  5%] Built target ament_cmake_python_build_amr_msgs_egg
[4.476s] [35m[1mConsolidate compiler generated dependencies of target amr_msgs__rosidl_generator_c[0m
[4.512s] [  7%] [32mBuilding C object CMakeFiles/amr_msgs__rosidl_generator_c.dir/rosidl_generator_c/amr_msgs/srv/detail/add_twoints__functions.c.o[0m
[4.520s] [ 10%] [32mBuilding C object CMakeFiles/amr_msgs__rosidl_generator_c.dir/rosidl_generator_c/amr_msgs/srv/detail/get_transform__functions.c.o[0m
[4.551s] [ 10%] Built target amr_msgs__cpp
[4.588s] [ 12%] [34m[1mGenerating C++ type support for eProsima Fast-RTPS[0m
[4.589s] [ 15%] [34m[1mGenerating C++ type support dispatch for ROS interfaces[0m
[4.685s] [ 17%] [34m[1mGenerating C++ introspection for ROS interfaces[0m
[4.706s] [ 20%] [32m[1mLinking C shared library libamr_msgs__rosidl_generator_c.so[0m
[4.835s] [ 20%] Built target amr_msgs__rosidl_generator_c
[4.866s] [ 23%] [34m[1mGenerating C type support for eProsima Fast-RTPS[0m
[5.706s] [35m[1mConsolidate compiler generated dependencies of target amr_msgs__rosidl_typesupport_cpp[0m
[5.837s] [ 25%] [32mBuilding CXX object CMakeFiles/amr_msgs__rosidl_typesupport_cpp.dir/rosidl_typesupport_cpp/amr_msgs/srv/add_twoints__type_support.cpp.o[0m
[5.976s] [35m[1mConsolidate compiler generated dependencies of target amr_msgs__rosidl_typesupport_introspection_cpp[0m
[6.044s] [ 28%] [32mBuilding CXX object CMakeFiles/amr_msgs__rosidl_typesupport_introspection_cpp.dir/rosidl_typesupport_introspection_cpp/amr_msgs/srv/detail/add_twoints__type_support.cpp.o[0m
[6.189s] [35m[1mConsolidate compiler generated dependencies of target amr_msgs__rosidl_typesupport_fastrtps_cpp[0m
[6.242s] [ 30%] [32mBuilding CXX object CMakeFiles/amr_msgs__rosidl_typesupport_fastrtps_cpp.dir/rosidl_typesupport_fastrtps_cpp/amr_msgs/srv/detail/dds_fastrtps/add_twoints__type_support.cpp.o[0m
[6.245s] [35m[1mConsolidate compiler generated dependencies of target amr_msgs__rosidl_typesupport_fastrtps_c[0m
[6.341s] [ 33%] [32mBuilding CXX object CMakeFiles/amr_msgs__rosidl_typesupport_fastrtps_c.dir/rosidl_typesupport_fastrtps_c/amr_msgs/srv/detail/add_twoints__type_support_c.cpp.o[0m
[7.290s] [ 35%] [32mBuilding CXX object CMakeFiles/amr_msgs__rosidl_typesupport_cpp.dir/rosidl_typesupport_cpp/amr_msgs/srv/get_transform__type_support.cpp.o[0m
[7.540s] [ 38%] [32mBuilding CXX object CMakeFiles/amr_msgs__rosidl_typesupport_introspection_cpp.dir/rosidl_typesupport_introspection_cpp/amr_msgs/srv/detail/get_transform__type_support.cpp.o[0m
[7.980s] [ 41%] [32mBuilding CXX object CMakeFiles/amr_msgs__rosidl_typesupport_fastrtps_c.dir/rosidl_typesupport_fastrtps_c/amr_msgs/srv/detail/get_transform__type_support_c.cpp.o[0m
[8.151s] [ 43%] [32mBuilding CXX object CMakeFiles/amr_msgs__rosidl_typesupport_fastrtps_cpp.dir/rosidl_typesupport_fastrtps_cpp/amr_msgs/srv/detail/dds_fastrtps/get_transform__type_support.cpp.o[0m
[8.569s] [ 46%] [32m[1mLinking CXX shared library libamr_msgs__rosidl_typesupport_cpp.so[0m
[8.811s] [ 46%] Built target amr_msgs__rosidl_typesupport_cpp
[8.846s] [ 48%] [34m[1mGenerating C introspection for ROS interfaces[0m
[8.957s] [ 51%] [32m[1mLinking CXX shared library libamr_msgs__rosidl_typesupport_introspection_cpp.so[0m
[9.310s] [ 51%] Built target amr_msgs__rosidl_typesupport_introspection_cpp
[9.346s] [ 53%] [32m[1mLinking CXX shared library libamr_msgs__rosidl_typesupport_fastrtps_c.so[0m
[9.381s] [ 56%] [34m[1mGenerating C type support dispatch for ROS interfaces[0m
[9.636s] [ 56%] Built target amr_msgs__rosidl_typesupport_fastrtps_c
[9.804s] [ 58%] [32m[1mLinking CXX shared library libamr_msgs__rosidl_typesupport_fastrtps_cpp.so[0m
[9.994s] [ 58%] Built target amr_msgs__rosidl_typesupport_fastrtps_cpp
[10.136s] [35m[1mConsolidate compiler generated dependencies of target amr_msgs__rosidl_typesupport_introspection_c[0m
[10.159s] [35m[1mConsolidate compiler generated dependencies of target amr_msgs__rosidl_typesupport_c[0m
[10.173s] [ 64%] [32mBuilding C object CMakeFiles/amr_msgs__rosidl_typesupport_introspection_c.dir/rosidl_typesupport_introspection_c/amr_msgs/srv/detail/get_transform__type_support.c.o[0m
[10.174s] [ 64%] [32mBuilding C object CMakeFiles/amr_msgs__rosidl_typesupport_introspection_c.dir/rosidl_typesupport_introspection_c/amr_msgs/srv/detail/add_twoints__type_support.c.o[0m
[10.194s] [ 69%] [32mBuilding CXX object CMakeFiles/amr_msgs__rosidl_typesupport_c.dir/rosidl_typesupport_c/amr_msgs/srv/get_transform__type_support.cpp.o[0m
[10.194s] [ 69%] [32mBuilding CXX object CMakeFiles/amr_msgs__rosidl_typesupport_c.dir/rosidl_typesupport_c/amr_msgs/srv/add_twoints__type_support.cpp.o[0m
[10.284s] [ 74%] [32m[1mLinking C shared library libamr_msgs__rosidl_typesupport_introspection_c.so[0m
[10.285s] [ 74%] [32m[1mLinking CXX shared library libamr_msgs__rosidl_typesupport_c.so[0m
[10.367s] [ 74%] Built target amr_msgs__rosidl_typesupport_introspection_c
[10.393s] [ 74%] Built target amr_msgs__rosidl_typesupport_c
[10.434s] [ 74%] Built target amr_msgs
[10.478s] [ 76%] [34m[1mGenerating Python code for ROS interfaces[0m
[11.526s] [ 76%] Built target amr_msgs__py
[11.549s] [35m[1mConsolidate compiler generated dependencies of target amr_msgs__rosidl_generator_py[0m
[11.576s] [ 82%] [32mBuilding C object CMakeFiles/amr_msgs__rosidl_generator_py.dir/rosidl_generator_py/amr_msgs/srv/_get_transform_s.c.o[0m
[11.577s] [ 82%] [32mBuilding C object CMakeFiles/amr_msgs__rosidl_generator_py.dir/rosidl_generator_py/amr_msgs/srv/_add_twoints_s.c.o[0m
[11.843s] [ 84%] [32m[1mLinking C shared library rosidl_generator_py/amr_msgs/libamr_msgs__rosidl_generator_py.so[0m
[11.929s] [ 84%] Built target amr_msgs__rosidl_generator_py
[11.955s] [35m[1mConsolidate compiler generated dependencies of target amr_msgs__rosidl_typesupport_introspection_c__pyext[0m
[11.957s] [35m[1mConsolidate compiler generated dependencies of target amr_msgs__rosidl_typesupport_c__pyext[0m
[11.961s] [35m[1mConsolidate compiler generated dependencies of target amr_msgs__rosidl_typesupport_fastrtps_c__pyext[0m
[11.998s] [ 87%] [32mBuilding C object CMakeFiles/amr_msgs__rosidl_typesupport_introspection_c__pyext.dir/rosidl_generator_py/amr_msgs/_amr_msgs_s.ep.rosidl_typesupport_introspection_c.c.o[0m
[12.001s] [ 89%] [32mBuilding C object CMakeFiles/amr_msgs__rosidl_typesupport_fastrtps_c__pyext.dir/rosidl_generator_py/amr_msgs/_amr_msgs_s.ep.rosidl_typesupport_fastrtps_c.c.o[0m
[12.010s] [ 92%] [32mBuilding C object CMakeFiles/amr_msgs__rosidl_typesupport_c__pyext.dir/rosidl_generator_py/amr_msgs/_amr_msgs_s.ep.rosidl_typesupport_c.c.o[0m
[12.332s] [ 94%] [32m[1mLinking C shared library rosidl_generator_py/amr_msgs/amr_msgs_s__rosidl_typesupport_introspection_c.cpython-310-x86_64-linux-gnu.so[0m
[12.350s] [ 97%] [32m[1mLinking C shared library rosidl_generator_py/amr_msgs/amr_msgs_s__rosidl_typesupport_fastrtps_c.cpython-310-x86_64-linux-gnu.so[0m
[12.394s] [100%] [32m[1mLinking C shared library rosidl_generator_py/amr_msgs/amr_msgs_s__rosidl_typesupport_c.cpython-310-x86_64-linux-gnu.so[0m
[12.451s] [100%] Built target amr_msgs__rosidl_typesupport_introspection_c__pyext
[12.464s] [100%] Built target amr_msgs__rosidl_typesupport_fastrtps_c__pyext
[12.496s] [100%] Built target amr_msgs__rosidl_typesupport_c__pyext
[12.519s] Invoked command in '/home/npd/Desktop/amr_bot/build/amr_msgs' returned '0': CMAKE_PREFIX_PATH=${CMAKE_PREFIX_PATH}:/home/npd/Desktop/amr_bot/install/amr_py_examples:/opt/ros/humble /usr/bin/cmake --build /home/npd/Desktop/amr_bot/build/amr_msgs -- -j4 -l4
[12.523s] Invoking command in '/home/npd/Desktop/amr_bot/build/amr_msgs': CMAKE_PREFIX_PATH=${CMAKE_PREFIX_PATH}:/home/npd/Desktop/amr_bot/install/amr_py_examples:/opt/ros/humble /usr/bin/cmake --install /home/npd/Desktop/amr_bot/build/amr_msgs
[12.539s] -- Install configuration: ""
[12.539s] -- Installing: /home/npd/Desktop/amr_bot/install/amr_msgs/share/ament_index/resource_index/rosidl_interfaces/amr_msgs
[12.540s] -- Up-to-date: /home/npd/Desktop/amr_bot/install/amr_msgs/include/amr_msgs/amr_msgs
[12.540s] -- Up-to-date: /home/npd/Desktop/amr_bot/install/amr_msgs/include/amr_msgs/amr_msgs/msg
[12.541s] -- Up-to-date: /home/npd/Desktop/amr_bot/install/amr_msgs/include/amr_msgs/amr_msgs/msg/rosidl_generator_c__visibility_control.h
[12.541s] -- Up-to-date: /home/npd/Desktop/amr_bot/install/amr_msgs/include/amr_msgs/amr_msgs/srv
[12.541s] -- Installing: /home/npd/Desktop/amr_bot/install/amr_msgs/include/amr_msgs/amr_msgs/srv/add_twoints.h
[12.541s] -- Up-to-date: /home/npd/Desktop/amr_bot/install/amr_msgs/include/amr_msgs/amr_msgs/srv/detail
[12.541s] -- Installing: /home/npd/Desktop/amr_bot/install/amr_msgs/include/amr_msgs/amr_msgs/srv/detail/add_twoints__functions.h
[12.542s] -- Installing: /home/npd/Desktop/amr_bot/install/amr_msgs/include/amr_msgs/amr_msgs/srv/detail/get_transform__functions.c
[12.542s] -- Installing: /home/npd/Desktop/amr_bot/install/amr_msgs/include/amr_msgs/amr_msgs/srv/detail/add_twoints__functions.c
[12.542s] -- Installing: /home/npd/Desktop/amr_bot/install/amr_msgs/include/amr_msgs/amr_msgs/srv/detail/add_twoints__type_support.h
[12.542s] -- Installing: /home/npd/Desktop/amr_bot/install/amr_msgs/include/amr_msgs/amr_msgs/srv/detail/get_transform__type_support.h
[12.542s] -- Installing: /home/npd/Desktop/amr_bot/install/amr_msgs/include/amr_msgs/amr_msgs/srv/detail/get_transform__functions.h
[12.543s] -- Installing: /home/npd/Desktop/amr_bot/install/amr_msgs/include/amr_msgs/amr_msgs/srv/detail/add_twoints__struct.h
[12.543s] -- Installing: /home/npd/Desktop/amr_bot/install/amr_msgs/include/amr_msgs/amr_msgs/srv/detail/get_transform__struct.h
[12.543s] -- Installing: /home/npd/Desktop/amr_bot/install/amr_msgs/include/amr_msgs/amr_msgs/srv/get_transform.h
[12.544s] -- Up-to-date: /home/npd/Desktop/amr_bot/install/amr_msgs/share/amr_msgs/environment/library_path.sh
[12.544s] -- Installing: /home/npd/Desktop/amr_bot/install/amr_msgs/share/amr_msgs/environment/library_path.dsv
[12.546s] -- Installing: /home/npd/Desktop/amr_bot/install/amr_msgs/lib/libamr_msgs__rosidl_generator_c.so
[12.547s] -- Set runtime path of "/home/npd/Desktop/amr_bot/install/amr_msgs/lib/libamr_msgs__rosidl_generator_c.so" to ""
[12.547s] -- Up-to-date: /home/npd/Desktop/amr_bot/install/amr_msgs/include/amr_msgs/amr_msgs
[12.548s] -- Up-to-date: /home/npd/Desktop/amr_bot/install/amr_msgs/include/amr_msgs/amr_msgs/msg
[12.548s] -- Up-to-date: /home/npd/Desktop/amr_bot/install/amr_msgs/include/amr_msgs/amr_msgs/msg/rosidl_typesupport_fastrtps_c__visibility_control.h
[12.548s] -- Up-to-date: /home/npd/Desktop/amr_bot/install/amr_msgs/include/amr_msgs/amr_msgs/srv
[12.548s] -- Up-to-date: /home/npd/Desktop/amr_bot/install/amr_msgs/include/amr_msgs/amr_msgs/srv/detail
[12.548s] -- Installing: /home/npd/Desktop/amr_bot/install/amr_msgs/include/amr_msgs/amr_msgs/srv/detail/get_transform__rosidl_typesupport_fastrtps_c.h
[12.549s] -- Installing: /home/npd/Desktop/amr_bot/install/amr_msgs/include/amr_msgs/amr_msgs/srv/detail/add_twoints__rosidl_typesupport_fastrtps_c.h
[12.549s] -- Installing: /home/npd/Desktop/amr_bot/install/amr_msgs/lib/libamr_msgs__rosidl_typesupport_fastrtps_c.so
[12.551s] -- Set runtime path of "/home/npd/Desktop/amr_bot/install/amr_msgs/lib/libamr_msgs__rosidl_typesupport_fastrtps_c.so" to ""
[12.551s] -- Up-to-date: /home/npd/Desktop/amr_bot/install/amr_msgs/include/amr_msgs/amr_msgs
[12.551s] -- Up-to-date: /home/npd/Desktop/amr_bot/install/amr_msgs/include/amr_msgs/amr_msgs/msg
[12.551s] -- Up-to-date: /home/npd/Desktop/amr_bot/install/amr_msgs/include/amr_msgs/amr_msgs/msg/rosidl_generator_cpp__visibility_control.hpp
[12.552s] -- Up-to-date: /home/npd/Desktop/amr_bot/install/amr_msgs/include/amr_msgs/amr_msgs/srv
[12.552s] -- Installing: /home/npd/Desktop/amr_bot/install/amr_msgs/include/amr_msgs/amr_msgs/srv/add_twoints.hpp
[12.552s] -- Installing: /home/npd/Desktop/amr_bot/install/amr_msgs/include/amr_msgs/amr_msgs/srv/get_transform.hpp
[12.552s] -- Up-to-date: /home/npd/Desktop/amr_bot/install/amr_msgs/include/amr_msgs/amr_msgs/srv/detail
[12.553s] -- Installing: /home/npd/Desktop/amr_bot/install/amr_msgs/include/amr_msgs/amr_msgs/srv/detail/get_transform__type_support.hpp
[12.553s] -- Installing: /home/npd/Desktop/amr_bot/install/amr_msgs/include/amr_msgs/amr_msgs/srv/detail/add_twoints__traits.hpp
[12.553s] -- Installing: /home/npd/Desktop/amr_bot/install/amr_msgs/include/amr_msgs/amr_msgs/srv/detail/add_twoints__struct.hpp
[12.553s] -- Installing: /home/npd/Desktop/amr_bot/install/amr_msgs/include/amr_msgs/amr_msgs/srv/detail/get_transform__builder.hpp
[12.554s] -- Installing: /home/npd/Desktop/amr_bot/install/amr_msgs/include/amr_msgs/amr_msgs/srv/detail/add_twoints__builder.hpp
[12.554s] -- Installing: /home/npd/Desktop/amr_bot/install/amr_msgs/include/amr_msgs/amr_msgs/srv/detail/add_twoints__type_support.hpp
[12.554s] -- Installing: /home/npd/Desktop/amr_bot/install/amr_msgs/include/amr_msgs/amr_msgs/srv/detail/get_transform__struct.hpp
[12.554s] -- Installing: /home/npd/Desktop/amr_bot/install/amr_msgs/include/amr_msgs/amr_msgs/srv/detail/get_transform__traits.hpp
[12.555s] -- Up-to-date: /home/npd/Desktop/amr_bot/install/amr_msgs/include/amr_msgs/amr_msgs
[12.555s] -- Up-to-date: /home/npd/Desktop/amr_bot/install/amr_msgs/include/amr_msgs/amr_msgs/msg
[12.555s] -- Up-to-date: /home/npd/Desktop/amr_bot/install/amr_msgs/include/amr_msgs/amr_msgs/msg/rosidl_typesupport_fastrtps_cpp__visibility_control.h
[12.556s] -- Up-to-date: /home/npd/Desktop/amr_bot/install/amr_msgs/include/amr_msgs/amr_msgs/srv
[12.556s] -- Up-to-date: /home/npd/Desktop/amr_bot/install/amr_msgs/include/amr_msgs/amr_msgs/srv/detail
[12.556s] -- Installing: /home/npd/Desktop/amr_bot/install/amr_msgs/include/amr_msgs/amr_msgs/srv/detail/add_twoints__rosidl_typesupport_fastrtps_cpp.hpp
[12.557s] -- Installing: /home/npd/Desktop/amr_bot/install/amr_msgs/include/amr_msgs/amr_msgs/srv/detail/get_transform__rosidl_typesupport_fastrtps_cpp.hpp
[12.557s] -- Up-to-date: /home/npd/Desktop/amr_bot/install/amr_msgs/include/amr_msgs/amr_msgs/srv/detail/dds_fastrtps
[12.558s] -- Installing: /home/npd/Desktop/amr_bot/install/amr_msgs/lib/libamr_msgs__rosidl_typesupport_fastrtps_cpp.so
[12.559s] -- Set runtime path of "/home/npd/Desktop/amr_bot/install/amr_msgs/lib/libamr_msgs__rosidl_typesupport_fastrtps_cpp.so" to ""
[12.559s] -- Up-to-date: /home/npd/Desktop/amr_bot/install/amr_msgs/include/amr_msgs/amr_msgs
[12.560s] -- Up-to-date: /home/npd/Desktop/amr_bot/install/amr_msgs/include/amr_msgs/amr_msgs/msg
[12.560s] -- Up-to-date: /home/npd/Desktop/amr_bot/install/amr_msgs/include/amr_msgs/amr_msgs/msg/rosidl_typesupport_introspection_c__visibility_control.h
[12.560s] -- Up-to-date: /home/npd/Desktop/amr_bot/install/amr_msgs/include/amr_msgs/amr_msgs/srv
[12.560s] -- Up-to-date: /home/npd/Desktop/amr_bot/install/amr_msgs/include/amr_msgs/amr_msgs/srv/detail
[12.560s] -- Installing: /home/npd/Desktop/amr_bot/install/amr_msgs/include/amr_msgs/amr_msgs/srv/detail/add_twoints__type_support.c
[12.561s] -- Installing: /home/npd/Desktop/amr_bot/install/amr_msgs/include/amr_msgs/amr_msgs/srv/detail/get_transform__rosidl_typesupport_introspection_c.h
[12.561s] -- Installing: /home/npd/Desktop/amr_bot/install/amr_msgs/include/amr_msgs/amr_msgs/srv/detail/add_twoints__rosidl_typesupport_introspection_c.h
[12.561s] -- Installing: /home/npd/Desktop/amr_bot/install/amr_msgs/include/amr_msgs/amr_msgs/srv/detail/get_transform__type_support.c
[12.562s] -- Installing: /home/npd/Desktop/amr_bot/install/amr_msgs/lib/libamr_msgs__rosidl_typesupport_introspection_c.so
[12.564s] -- Set runtime path of "/home/npd/Desktop/amr_bot/install/amr_msgs/lib/libamr_msgs__rosidl_typesupport_introspection_c.so" to ""
[12.564s] -- Installing: /home/npd/Desktop/amr_bot/install/amr_msgs/lib/libamr_msgs__rosidl_typesupport_c.so
[12.566s] -- Set runtime path of "/home/npd/Desktop/amr_bot/install/amr_msgs/lib/libamr_msgs__rosidl_typesupport_c.so" to ""
[12.566s] -- Up-to-date: /home/npd/Desktop/amr_bot/install/amr_msgs/include/amr_msgs/amr_msgs
[12.566s] -- Up-to-date: /home/npd/Desktop/amr_bot/install/amr_msgs/include/amr_msgs/amr_msgs/srv
[12.566s] -- Up-to-date: /home/npd/Desktop/amr_bot/install/amr_msgs/include/amr_msgs/amr_msgs/srv/detail
[12.567s] -- Installing: /home/npd/Desktop/amr_bot/install/amr_msgs/include/amr_msgs/amr_msgs/srv/detail/get_transform__type_support.cpp
[12.567s] -- Installing: /home/npd/Desktop/amr_bot/install/amr_msgs/include/amr_msgs/amr_msgs/srv/detail/get_transform__rosidl_typesupport_introspection_cpp.hpp
[12.567s] -- Installing: /home/npd/Desktop/amr_bot/install/amr_msgs/include/amr_msgs/amr_msgs/srv/detail/add_twoints__rosidl_typesupport_introspection_cpp.hpp
[12.567s] -- Installing: /home/npd/Desktop/amr_bot/install/amr_msgs/include/amr_msgs/amr_msgs/srv/detail/add_twoints__type_support.cpp
[12.568s] -- Installing: /home/npd/Desktop/amr_bot/install/amr_msgs/lib/libamr_msgs__rosidl_typesupport_introspection_cpp.so
[12.570s] -- Set runtime path of "/home/npd/Desktop/amr_bot/install/amr_msgs/lib/libamr_msgs__rosidl_typesupport_introspection_cpp.so" to ""
[12.570s] -- Installing: /home/npd/Desktop/amr_bot/install/amr_msgs/lib/libamr_msgs__rosidl_typesupport_cpp.so
[12.572s] -- Set runtime path of "/home/npd/Desktop/amr_bot/install/amr_msgs/lib/libamr_msgs__rosidl_typesupport_cpp.so" to ""
[12.572s] -- Up-to-date: /home/npd/Desktop/amr_bot/install/amr_msgs/share/amr_msgs/environment/pythonpath.sh
[12.573s] -- Installing: /home/npd/Desktop/amr_bot/install/amr_msgs/share/amr_msgs/environment/pythonpath.dsv
[12.573s] -- Up-to-date: /home/npd/Desktop/amr_bot/install/amr_msgs/local/lib/python3.10/dist-packages/amr_msgs-0.0.0-py3.10.egg-info
[12.574s] -- Installing: /home/npd/Desktop/amr_bot/install/amr_msgs/local/lib/python3.10/dist-packages/amr_msgs-0.0.0-py3.10.egg-info/PKG-INFO
[12.574s] -- Installing: /home/npd/Desktop/amr_bot/install/amr_msgs/local/lib/python3.10/dist-packages/amr_msgs-0.0.0-py3.10.egg-info/top_level.txt
[12.574s] -- Installing: /home/npd/Desktop/amr_bot/install/amr_msgs/local/lib/python3.10/dist-packages/amr_msgs-0.0.0-py3.10.egg-info/SOURCES.txt
[12.575s] -- Installing: /home/npd/Desktop/amr_bot/install/amr_msgs/local/lib/python3.10/dist-packages/amr_msgs-0.0.0-py3.10.egg-info/dependency_links.txt
[12.575s] -- Up-to-date: /home/npd/Desktop/amr_bot/install/amr_msgs/local/lib/python3.10/dist-packages/amr_msgs
[12.575s] -- Installing: /home/npd/Desktop/amr_bot/install/amr_msgs/local/lib/python3.10/dist-packages/amr_msgs/libamr_msgs__rosidl_generator_py.so
[12.576s] -- Installing: /home/npd/Desktop/amr_bot/install/amr_msgs/local/lib/python3.10/dist-packages/amr_msgs/amr_msgs_s__rosidl_typesupport_fastrtps_c.cpython-310-x86_64-linux-gnu.so
[12.576s] -- Installing: /home/npd/Desktop/amr_bot/install/amr_msgs/local/lib/python3.10/dist-packages/amr_msgs/_amr_msgs_s.ep.rosidl_typesupport_introspection_c.c
[12.576s] -- Installing: /home/npd/Desktop/amr_bot/install/amr_msgs/local/lib/python3.10/dist-packages/amr_msgs/amr_msgs_s__rosidl_typesupport_introspection_c.cpython-310-x86_64-linux-gnu.so
[12.577s] -- Installing: /home/npd/Desktop/amr_bot/install/amr_msgs/local/lib/python3.10/dist-packages/amr_msgs/_amr_msgs_s.ep.rosidl_typesupport_c.c
[12.577s] -- Installing: /home/npd/Desktop/amr_bot/install/amr_msgs/local/lib/python3.10/dist-packages/amr_msgs/__init__.py
[12.577s] -- Up-to-date: /home/npd/Desktop/amr_bot/install/amr_msgs/local/lib/python3.10/dist-packages/amr_msgs/srv
[12.578s] -- Installing: /home/npd/Desktop/amr_bot/install/amr_msgs/local/lib/python3.10/dist-packages/amr_msgs/srv/_add_twoints.py
[12.578s] -- Installing: /home/npd/Desktop/amr_bot/install/amr_msgs/local/lib/python3.10/dist-packages/amr_msgs/srv/_add_twoints_s.c
[12.579s] -- Installing: /home/npd/Desktop/amr_bot/install/amr_msgs/local/lib/python3.10/dist-packages/amr_msgs/srv/_get_transform.py
[12.579s] -- Installing: /home/npd/Desktop/amr_bot/install/amr_msgs/local/lib/python3.10/dist-packages/amr_msgs/srv/_get_transform_s.c
[12.579s] -- Installing: /home/npd/Desktop/amr_bot/install/amr_msgs/local/lib/python3.10/dist-packages/amr_msgs/srv/__init__.py
[12.580s] -- Installing: /home/npd/Desktop/amr_bot/install/amr_msgs/local/lib/python3.10/dist-packages/amr_msgs/_amr_msgs_s.ep.rosidl_typesupport_fastrtps_c.c
[12.580s] -- Installing: /home/npd/Desktop/amr_bot/install/amr_msgs/local/lib/python3.10/dist-packages/amr_msgs/amr_msgs_s__rosidl_typesupport_c.cpython-310-x86_64-linux-gnu.so
[12.656s] Listing '/home/npd/Desktop/amr_bot/install/amr_msgs/local/lib/python3.10/dist-packages/amr_msgs'...
[12.656s] Compiling '/home/npd/Desktop/amr_bot/install/amr_msgs/local/lib/python3.10/dist-packages/amr_msgs/__init__.py'...
[12.657s] Listing '/home/npd/Desktop/amr_bot/install/amr_msgs/local/lib/python3.10/dist-packages/amr_msgs/srv'...
[12.657s] Compiling '/home/npd/Desktop/amr_bot/install/amr_msgs/local/lib/python3.10/dist-packages/amr_msgs/srv/__init__.py'...
[12.657s] Compiling '/home/npd/Desktop/amr_bot/install/amr_msgs/local/lib/python3.10/dist-packages/amr_msgs/srv/_add_twoints.py'...
[12.657s] Compiling '/home/npd/Desktop/amr_bot/install/amr_msgs/local/lib/python3.10/dist-packages/amr_msgs/srv/_get_transform.py'...
[12.667s] -- Installing: /home/npd/Desktop/amr_bot/install/amr_msgs/local/lib/python3.10/dist-packages/amr_msgs/amr_msgs_s__rosidl_typesupport_fastrtps_c.cpython-310-x86_64-linux-gnu.so
[12.668s] -- Set runtime path of "/home/npd/Desktop/amr_bot/install/amr_msgs/local/lib/python3.10/dist-packages/amr_msgs/amr_msgs_s__rosidl_typesupport_fastrtps_c.cpython-310-x86_64-linux-gnu.so" to ""
[12.668s] -- Installing: /home/npd/Desktop/amr_bot/install/amr_msgs/local/lib/python3.10/dist-packages/amr_msgs/amr_msgs_s__rosidl_typesupport_introspection_c.cpython-310-x86_64-linux-gnu.so
[12.669s] -- Set runtime path of "/home/npd/Desktop/amr_bot/install/amr_msgs/local/lib/python3.10/dist-packages/amr_msgs/amr_msgs_s__rosidl_typesupport_introspection_c.cpython-310-x86_64-linux-gnu.so" to ""
[12.670s] -- Installing: /home/npd/Desktop/amr_bot/install/amr_msgs/local/lib/python3.10/dist-packages/amr_msgs/amr_msgs_s__rosidl_typesupport_c.cpython-310-x86_64-linux-gnu.so
[12.671s] -- Set runtime path of "/home/npd/Desktop/amr_bot/install/amr_msgs/local/lib/python3.10/dist-packages/amr_msgs/amr_msgs_s__rosidl_typesupport_c.cpython-310-x86_64-linux-gnu.so" to ""
[12.672s] -- Installing: /home/npd/Desktop/amr_bot/install/amr_msgs/lib/libamr_msgs__rosidl_generator_py.so
[12.673s] -- Set runtime path of "/home/npd/Desktop/amr_bot/install/amr_msgs/lib/libamr_msgs__rosidl_generator_py.so" to ""
[12.673s] -- Up-to-date: /home/npd/Desktop/amr_bot/install/amr_msgs/share/amr_msgs/srv/AddTwoints.idl
[12.674s] -- Installing: /home/npd/Desktop/amr_bot/install/amr_msgs/share/amr_msgs/srv/GetTransform.idl
[12.674s] -- Up-to-date: /home/npd/Desktop/amr_bot/install/amr_msgs/share/amr_msgs/srv/AddTwoints.srv
[12.675s] -- Up-to-date: /home/npd/Desktop/amr_bot/install/amr_msgs/share/amr_msgs/srv/AddTwoints_Request.msg
[12.675s] -- Up-to-date: /home/npd/Desktop/amr_bot/install/amr_msgs/share/amr_msgs/srv/AddTwoints_Response.msg
[12.675s] -- Installing: /home/npd/Desktop/amr_bot/install/amr_msgs/share/amr_msgs/srv/GetTransform.srv
[12.675s] -- Installing: /home/npd/Desktop/amr_bot/install/amr_msgs/share/amr_msgs/srv/GetTransform_Request.msg
[12.676s] -- Installing: /home/npd/Desktop/amr_bot/install/amr_msgs/share/amr_msgs/srv/GetTransform_Response.msg
[12.676s] -- Installing: /home/npd/Desktop/amr_bot/install/amr_msgs/share/ament_index/resource_index/package_run_dependencies/amr_msgs
[12.677s] -- Up-to-date: /home/npd/Desktop/amr_bot/install/amr_msgs/share/ament_index/resource_index/parent_prefix_path/amr_msgs
[12.677s] -- Up-to-date: /home/npd/Desktop/amr_bot/install/amr_msgs/share/amr_msgs/environment/ament_prefix_path.sh
[12.677s] -- Installing: /home/npd/Desktop/amr_bot/install/amr_msgs/share/amr_msgs/environment/ament_prefix_path.dsv
[12.677s] -- Up-to-date: /home/npd/Desktop/amr_bot/install/amr_msgs/share/amr_msgs/environment/path.sh
[12.678s] -- Installing: /home/npd/Desktop/amr_bot/install/amr_msgs/share/amr_msgs/environment/path.dsv
[12.678s] -- Up-to-date: /home/npd/Desktop/amr_bot/install/amr_msgs/share/amr_msgs/local_setup.bash
[12.678s] -- Up-to-date: /home/npd/Desktop/amr_bot/install/amr_msgs/share/amr_msgs/local_setup.sh
[12.679s] -- Up-to-date: /home/npd/Desktop/amr_bot/install/amr_msgs/share/amr_msgs/local_setup.zsh
[12.679s] -- Installing: /home/npd/Desktop/amr_bot/install/amr_msgs/share/amr_msgs/local_setup.dsv
[12.679s] -- Installing: /home/npd/Desktop/amr_bot/install/amr_msgs/share/amr_msgs/package.dsv
[12.679s] -- Up-to-date: /home/npd/Desktop/amr_bot/install/amr_msgs/share/ament_index/resource_index/packages/amr_msgs
[12.680s] -- Old export file "/home/npd/Desktop/amr_bot/install/amr_msgs/share/amr_msgs/cmake/export_amr_msgs__rosidl_generator_cExport.cmake" will be replaced.  Removing files [/home/npd/Desktop/amr_bot/install/amr_msgs/share/amr_msgs/cmake/export_amr_msgs__rosidl_generator_cExport-noconfig.cmake].
[12.680s] -- Installing: /home/npd/Desktop/amr_bot/install/amr_msgs/share/amr_msgs/cmake/export_amr_msgs__rosidl_generator_cExport.cmake
[12.680s] -- Installing: /home/npd/Desktop/amr_bot/install/amr_msgs/share/amr_msgs/cmake/export_amr_msgs__rosidl_generator_cExport-noconfig.cmake
[12.681s] -- Old export file "/home/npd/Desktop/amr_bot/install/amr_msgs/share/amr_msgs/cmake/export_amr_msgs__rosidl_typesupport_fastrtps_cExport.cmake" will be replaced.  Removing files [/home/npd/Desktop/amr_bot/install/amr_msgs/share/amr_msgs/cmake/export_amr_msgs__rosidl_typesupport_fastrtps_cExport-noconfig.cmake].
[12.681s] -- Installing: /home/npd/Desktop/amr_bot/install/amr_msgs/share/amr_msgs/cmake/export_amr_msgs__rosidl_typesupport_fastrtps_cExport.cmake
[12.681s] -- Installing: /home/npd/Desktop/amr_bot/install/amr_msgs/share/amr_msgs/cmake/export_amr_msgs__rosidl_typesupport_fastrtps_cExport-noconfig.cmake
[12.682s] -- Installing: /home/npd/Desktop/amr_bot/install/amr_msgs/share/amr_msgs/cmake/export_amr_msgs__rosidl_generator_cppExport.cmake
[12.683s] -- Old export file "/home/npd/Desktop/amr_bot/install/amr_msgs/share/amr_msgs/cmake/export_amr_msgs__rosidl_typesupport_fastrtps_cppExport.cmake" will be replaced.  Removing files [/home/npd/Desktop/amr_bot/install/amr_msgs/share/amr_msgs/cmake/export_amr_msgs__rosidl_typesupport_fastrtps_cppExport-noconfig.cmake].
[12.683s] -- Installing: /home/npd/Desktop/amr_bot/install/amr_msgs/share/amr_msgs/cmake/export_amr_msgs__rosidl_typesupport_fastrtps_cppExport.cmake
[12.683s] -- Installing: /home/npd/Desktop/amr_bot/install/amr_msgs/share/amr_msgs/cmake/export_amr_msgs__rosidl_typesupport_fastrtps_cppExport-noconfig.cmake
[12.684s] -- Old export file "/home/npd/Desktop/amr_bot/install/amr_msgs/share/amr_msgs/cmake/amr_msgs__rosidl_typesupport_introspection_cExport.cmake" will be replaced.  Removing files [/home/npd/Desktop/amr_bot/install/amr_msgs/share/amr_msgs/cmake/amr_msgs__rosidl_typesupport_introspection_cExport-noconfig.cmake].
[12.684s] -- Installing: /home/npd/Desktop/amr_bot/install/amr_msgs/share/amr_msgs/cmake/amr_msgs__rosidl_typesupport_introspection_cExport.cmake
[12.684s] -- Installing: /home/npd/Desktop/amr_bot/install/amr_msgs/share/amr_msgs/cmake/amr_msgs__rosidl_typesupport_introspection_cExport-noconfig.cmake
[12.685s] -- Old export file "/home/npd/Desktop/amr_bot/install/amr_msgs/share/amr_msgs/cmake/amr_msgs__rosidl_typesupport_cExport.cmake" will be replaced.  Removing files [/home/npd/Desktop/amr_bot/install/amr_msgs/share/amr_msgs/cmake/amr_msgs__rosidl_typesupport_cExport-noconfig.cmake].
[12.685s] -- Installing: /home/npd/Desktop/amr_bot/install/amr_msgs/share/amr_msgs/cmake/amr_msgs__rosidl_typesupport_cExport.cmake
[12.686s] -- Installing: /home/npd/Desktop/amr_bot/install/amr_msgs/share/amr_msgs/cmake/amr_msgs__rosidl_typesupport_cExport-noconfig.cmake
[12.686s] -- Old export file "/home/npd/Desktop/amr_bot/install/amr_msgs/share/amr_msgs/cmake/amr_msgs__rosidl_typesupport_introspection_cppExport.cmake" will be replaced.  Removing files [/home/npd/Desktop/amr_bot/install/amr_msgs/share/amr_msgs/cmake/amr_msgs__rosidl_typesupport_introspection_cppExport-noconfig.cmake].
[12.686s] -- Installing: /home/npd/Desktop/amr_bot/install/amr_msgs/share/amr_msgs/cmake/amr_msgs__rosidl_typesupport_introspection_cppExport.cmake
[12.687s] -- Installing: /home/npd/Desktop/amr_bot/install/amr_msgs/share/amr_msgs/cmake/amr_msgs__rosidl_typesupport_introspection_cppExport-noconfig.cmake
[12.687s] -- Old export file "/home/npd/Desktop/amr_bot/install/amr_msgs/share/amr_msgs/cmake/amr_msgs__rosidl_typesupport_cppExport.cmake" will be replaced.  Removing files [/home/npd/Desktop/amr_bot/install/amr_msgs/share/amr_msgs/cmake/amr_msgs__rosidl_typesupport_cppExport-noconfig.cmake].
[12.687s] -- Installing: /home/npd/Desktop/amr_bot/install/amr_msgs/share/amr_msgs/cmake/amr_msgs__rosidl_typesupport_cppExport.cmake
[12.688s] -- Installing: /home/npd/Desktop/amr_bot/install/amr_msgs/share/amr_msgs/cmake/amr_msgs__rosidl_typesupport_cppExport-noconfig.cmake
[12.688s] -- Old export file "/home/npd/Desktop/amr_bot/install/amr_msgs/share/amr_msgs/cmake/export_amr_msgs__rosidl_generator_pyExport.cmake" will be replaced.  Removing files [/home/npd/Desktop/amr_bot/install/amr_msgs/share/amr_msgs/cmake/export_amr_msgs__rosidl_generator_pyExport-noconfig.cmake].
[12.689s] -- Installing: /home/npd/Desktop/amr_bot/install/amr_msgs/share/amr_msgs/cmake/export_amr_msgs__rosidl_generator_pyExport.cmake
[12.689s] -- Installing: /home/npd/Desktop/amr_bot/install/amr_msgs/share/amr_msgs/cmake/export_amr_msgs__rosidl_generator_pyExport-noconfig.cmake
[12.689s] -- Installing: /home/npd/Desktop/amr_bot/install/amr_msgs/share/amr_msgs/cmake/rosidl_cmake-extras.cmake
[12.690s] -- Installing: /home/npd/Desktop/amr_bot/install/amr_msgs/share/amr_msgs/cmake/ament_cmake_export_dependencies-extras.cmake
[12.690s] -- Up-to-date: /home/npd/Desktop/amr_bot/install/amr_msgs/share/amr_msgs/cmake/ament_cmake_export_include_directories-extras.cmake
[12.691s] -- Up-to-date: /home/npd/Desktop/amr_bot/install/amr_msgs/share/amr_msgs/cmake/ament_cmake_export_libraries-extras.cmake
[12.691s] -- Up-to-date: /home/npd/Desktop/amr_bot/install/amr_msgs/share/amr_msgs/cmake/ament_cmake_export_targets-extras.cmake
[12.691s] -- Up-to-date: /home/npd/Desktop/amr_bot/install/amr_msgs/share/amr_msgs/cmake/rosidl_cmake_export_typesupport_targets-extras.cmake
[12.692s] -- Up-to-date: /home/npd/Desktop/amr_bot/install/amr_msgs/share/amr_msgs/cmake/rosidl_cmake_export_typesupport_libraries-extras.cmake
[12.692s] -- Installing: /home/npd/Desktop/amr_bot/install/amr_msgs/share/amr_msgs/cmake/amr_msgsConfig.cmake
[12.692s] -- Up-to-date: /home/npd/Desktop/amr_bot/install/amr_msgs/share/amr_msgs/cmake/amr_msgsConfig-version.cmake
[12.692s] -- Installing: /home/npd/Desktop/amr_bot/install/amr_msgs/share/amr_msgs/package.xml
[12.698s] Invoked command in '/home/npd/Desktop/amr_bot/build/amr_msgs' returned '0': CMAKE_PREFIX_PATH=${CMAKE_PREFIX_PATH}:/home/npd/Desktop/amr_bot/install/amr_py_examples:/opt/ros/humble /usr/bin/cmake --install /home/npd/Desktop/amr_bot/build/amr_msgs
