[1.963s] Invoking command in '/home/npd/Desktop/amr_bot/src/amr_sensors': PYTHONPATH=/home/npd/Desktop/amr_bot/build/amr_sensors/prefix_override:/usr/lib/python3/dist-packages/colcon_core/task/python/colcon_distutils_commands:/home/npd/Desktop/amr_bot/install/amr_sensors/lib/python3.10/site-packages:${PYTHONPATH} /usr/bin/python3 -W ignore:setup.py install is deprecated -W ignore:easy_install command is deprecated setup.py egg_info --egg-base ../../build/amr_sensors build --build-base /home/npd/Desktop/amr_bot/build/amr_sensors/build install --record /home/npd/Desktop/amr_bot/build/amr_sensors/install.log --single-version-externally-managed install_data
[2.552s] running egg_info
[2.554s] writing ../../build/amr_sensors/amr_sensors.egg-info/PKG-INFO
[2.555s] writing dependency_links to ../../build/amr_sensors/amr_sensors.egg-info/dependency_links.txt
[2.555s] writing entry points to ../../build/amr_sensors/amr_sensors.egg-info/entry_points.txt
[2.556s] writing requirements to ../../build/amr_sensors/amr_sensors.egg-info/requires.txt
[2.556s] writing top-level names to ../../build/amr_sensors/amr_sensors.egg-info/top_level.txt
[2.559s] reading manifest file '../../build/amr_sensors/amr_sensors.egg-info/SOURCES.txt'
[2.562s] writing manifest file '../../build/amr_sensors/amr_sensors.egg-info/SOURCES.txt'
[2.562s] running build
[2.565s] running build_py
[2.570s] running install
[2.571s] running install_lib
[2.574s] running install_data
[2.575s] running install_egg_info
[2.579s] removing '/home/npd/Desktop/amr_bot/install/amr_sensors/lib/python3.10/site-packages/amr_sensors-0.0.0-py3.10.egg-info' (and everything under it)
[2.579s] Copying ../../build/amr_sensors/amr_sensors.egg-info to /home/npd/Desktop/amr_bot/install/amr_sensors/lib/python3.10/site-packages/amr_sensors-0.0.0-py3.10.egg-info
[2.582s] running install_scripts
[2.625s] Installing front_lidar_reader script to /home/npd/Desktop/amr_bot/install/amr_sensors/lib/amr_sensors
[2.626s] writing list of installed files to '/home/npd/Desktop/amr_bot/build/amr_sensors/install.log'
[2.675s] Invoked command in '/home/npd/Desktop/amr_bot/src/amr_sensors' returned '0': PYTHONPATH=/home/npd/Desktop/amr_bot/build/amr_sensors/prefix_override:/usr/lib/python3/dist-packages/colcon_core/task/python/colcon_distutils_commands:/home/npd/Desktop/amr_bot/install/amr_sensors/lib/python3.10/site-packages:${PYTHONPATH} /usr/bin/python3 -W ignore:setup.py install is deprecated -W ignore:easy_install command is deprecated setup.py egg_info --egg-base ../../build/amr_sensors build --build-base /home/npd/Desktop/amr_bot/build/amr_sensors/build install --record /home/npd/Desktop/amr_bot/build/amr_sensors/install.log --single-version-externally-managed install_data
