-- Found ament_cmake: 1.3.11 (/opt/ros/humble/share/ament_cmake/cmake)
-- Override CMake install command with custom implementation using symlinks instead of copying resources
-- Found ament_lint_auto: 0.12.11 (/opt/ros/humble/share/ament_lint_auto/cmake)
-- Added test 'flake8' to check Python code syntax and style conventions
-- Added test 'lint_cmake' to check CMake code style
-- Added test 'pep257' to check Python code against some of the docstring style conventions in PEP 257
-- Added test 'xmllint' to check XML markup files
-- Configuring done
-- Generating done
-- Build files have been written to: /home/npd/Desktop/amr_bot/src/build/amr_description
-- Install configuration: ""
-- Execute custom install script
-- Symlinking: /home/npd/Desktop/amr_bot/src/install/amr_description/share/amr_description/urdf/amr.urdf.xacro
-- Symlinking: /home/npd/Desktop/amr_bot/src/install/amr_description/share/amr_description/urdf/amr_gazebo.xacro
-- Symlinking: /home/npd/Desktop/amr_bot/src/install/amr_description/share/amr_description/urdf/amr_ros2_control.xacro
-- Symlinking: /home/npd/Desktop/amr_bot/src/install/amr_description/share/amr_description/launch/display_fixed.launch.py
-- Symlinking: /home/npd/Desktop/amr_bot/src/install/amr_description/share/amr_description/launch/gazebo.launch.py
-- Symlinking: /home/npd/Desktop/amr_bot/src/install/amr_description/share/amr_description/rviz/amr_rviz.rviz
-- Symlinking: /home/npd/Desktop/amr_bot/src/install/amr_description/share/ament_index/resource_index/package_run_dependencies/amr_description
-- Symlinking: /home/npd/Desktop/amr_bot/src/install/amr_description/share/ament_index/resource_index/parent_prefix_path/amr_description
-- Symlinking: /home/npd/Desktop/amr_bot/src/install/amr_description/share/amr_description/environment/ament_prefix_path.sh
-- Symlinking: /home/npd/Desktop/amr_bot/src/install/amr_description/share/amr_description/environment/ament_prefix_path.dsv
-- Symlinking: /home/npd/Desktop/amr_bot/src/install/amr_description/share/amr_description/environment/path.sh
-- Symlinking: /home/npd/Desktop/amr_bot/src/install/amr_description/share/amr_description/environment/path.dsv
-- Symlinking: /home/npd/Desktop/amr_bot/src/install/amr_description/share/amr_description/local_setup.bash
-- Symlinking: /home/npd/Desktop/amr_bot/src/install/amr_description/share/amr_description/local_setup.sh
-- Symlinking: /home/npd/Desktop/amr_bot/src/install/amr_description/share/amr_description/local_setup.zsh
-- Symlinking: /home/npd/Desktop/amr_bot/src/install/amr_description/share/amr_description/local_setup.dsv
-- Symlinking: /home/npd/Desktop/amr_bot/src/install/amr_description/share/amr_description/package.dsv
-- Symlinking: /home/npd/Desktop/amr_bot/src/install/amr_description/share/ament_index/resource_index/packages/amr_description
-- Symlinking: /home/npd/Desktop/amr_bot/src/install/amr_description/share/amr_description/cmake/amr_descriptionConfig.cmake
-- Symlinking: /home/npd/Desktop/amr_bot/src/install/amr_description/share/amr_description/cmake/amr_descriptionConfig-version.cmake
-- Symlinking: /home/npd/Desktop/amr_bot/src/install/amr_description/share/amr_description/package.xml
