[0.210s] DEBUG:colcon:Command line arguments: ['/usr/bin/colcon', 'build']
[0.211s] DEBUG:colcon:Parsed command line arguments: Namespace(log_base=None, log_level=None, verb_name='build', build_base='build', install_base='install', merge_install=False, symlink_install=False, test_result_base=None, continue_on_error=False, executor='parallel', parallel_workers=4, event_handlers=None, ignore_user_meta=False, metas=['./colcon.meta'], base_paths=['.'], packages_ignore=None, packages_ignore_regex=None, paths=None, packages_up_to=None, packages_up_to_regex=None, packages_above=None, packages_above_and_dependencies=None, packages_above_depth=None, packages_select_by_dep=None, packages_skip_by_dep=None, packages_skip_up_to=None, packages_select_build_failed=False, packages_skip_build_finished=False, packages_select_test_failures=False, packages_skip_test_passed=False, packages_select=None, packages_skip=None, packages_select_regex=None, packages_skip_regex=None, packages_start=None, packages_end=None, allow_overriding=[], cmake_args=None, cmake_target=None, cmake_target_skip_unavailable=False, cmake_clean_cache=False, cmake_clean_first=False, cmake_force_configure=False, ament_cmake_args=None, catkin_cmake_args=None, catkin_skip_building_tests=False, verb_parser=<colcon_defaults.argument_parser.defaults.DefaultArgumentsDecorator object at 0x74f7c1d547c0>, verb_extension=<colcon_core.verb.build.BuildVerb object at 0x74f7c1d54280>, main=<bound method BuildVerb.main of <colcon_core.verb.build.BuildVerb object at 0x74f7c1d54280>>)
[0.528s] Level 1:colcon.colcon_core.package_discovery:discover_packages(colcon_meta) check parameters
[0.529s] Level 1:colcon.colcon_core.package_discovery:discover_packages(recursive) check parameters
[0.529s] Level 1:colcon.colcon_core.package_discovery:discover_packages(ignore) check parameters
[0.529s] Level 1:colcon.colcon_core.package_discovery:discover_packages(path) check parameters
[0.529s] Level 1:colcon.colcon_core.package_discovery:discover_packages(colcon_meta) discover
[0.529s] Level 1:colcon.colcon_core.package_discovery:discover_packages(recursive) discover
[0.529s] INFO:colcon.colcon_core.package_discovery:Crawling recursively for packages in '/home/npd/Desktop/amr_bot'
[0.537s] Level 1:colcon.colcon_core.package_identification:_identify(.) by extensions ['ignore', 'ignore_ament_install']
[0.537s] Level 1:colcon.colcon_core.package_identification:_identify(.) by extension 'ignore'
[0.537s] Level 1:colcon.colcon_core.package_identification:_identify(.) by extension 'ignore_ament_install'
[0.538s] Level 1:colcon.colcon_core.package_identification:_identify(.) by extensions ['colcon_pkg']
[0.538s] Level 1:colcon.colcon_core.package_identification:_identify(.) by extension 'colcon_pkg'
[0.538s] Level 1:colcon.colcon_core.package_identification:_identify(.) by extensions ['colcon_meta']
[0.538s] Level 1:colcon.colcon_core.package_identification:_identify(.) by extension 'colcon_meta'
[0.538s] Level 1:colcon.colcon_core.package_identification:_identify(.) by extensions ['ros']
[0.538s] Level 1:colcon.colcon_core.package_identification:_identify(.) by extension 'ros'
[0.562s] DEBUG:colcon.colcon_core.package_identification:Package '.' with type 'ros.catkin' and name 'amr_bot'
[0.562s] Level 1:colcon.colcon_core.package_discovery:discover_packages(recursive) using defaults
[0.562s] Level 1:colcon.colcon_core.package_discovery:discover_packages(ignore) discover
[0.562s] Level 1:colcon.colcon_core.package_discovery:discover_packages(ignore) using defaults
[0.563s] Level 1:colcon.colcon_core.package_discovery:discover_packages(path) discover
[0.563s] Level 1:colcon.colcon_core.package_discovery:discover_packages(path) using defaults
[0.613s] Level 1:colcon.colcon_core.package_discovery:discover_packages(prefix_path) check parameters
[0.614s] Level 1:colcon.colcon_core.package_discovery:discover_packages(prefix_path) discover
[0.619s] DEBUG:colcon.colcon_installed_package_information.package_discovery:Found 5 installed packages in /home/npd/Desktop/amr_bot/install
[0.622s] DEBUG:colcon.colcon_installed_package_information.package_discovery:Found 364 installed packages in /opt/ros/humble
[0.625s] Level 1:colcon.colcon_core.package_discovery:discover_packages(prefix_path) using defaults
[0.712s] Level 5:colcon.colcon_core.verb:set package 'amr_bot' build argument 'cmake_args' from command line to 'None'
[0.712s] Level 5:colcon.colcon_core.verb:set package 'amr_bot' build argument 'cmake_target' from command line to 'None'
[0.712s] Level 5:colcon.colcon_core.verb:set package 'amr_bot' build argument 'cmake_target_skip_unavailable' from command line to 'False'
[0.712s] Level 5:colcon.colcon_core.verb:set package 'amr_bot' build argument 'cmake_clean_cache' from command line to 'False'
[0.712s] Level 5:colcon.colcon_core.verb:set package 'amr_bot' build argument 'cmake_clean_first' from command line to 'False'
[0.712s] Level 5:colcon.colcon_core.verb:set package 'amr_bot' build argument 'cmake_force_configure' from command line to 'False'
[0.712s] Level 5:colcon.colcon_core.verb:set package 'amr_bot' build argument 'ament_cmake_args' from command line to 'None'
[0.712s] Level 5:colcon.colcon_core.verb:set package 'amr_bot' build argument 'catkin_cmake_args' from command line to 'None'
[0.712s] Level 5:colcon.colcon_core.verb:set package 'amr_bot' build argument 'catkin_skip_building_tests' from command line to 'False'
[0.712s] DEBUG:colcon.colcon_core.verb:Building package 'amr_bot' with the following arguments: {'ament_cmake_args': None, 'build_base': '/home/npd/Desktop/amr_bot/build/amr_bot', 'catkin_cmake_args': None, 'catkin_skip_building_tests': False, 'cmake_args': None, 'cmake_clean_cache': False, 'cmake_clean_first': False, 'cmake_force_configure': False, 'cmake_target': None, 'cmake_target_skip_unavailable': False, 'install_base': '/home/npd/Desktop/amr_bot/install/amr_bot', 'merge_install': False, 'path': '/home/npd/Desktop/amr_bot', 'symlink_install': False, 'test_result_base': None}
[0.712s] INFO:colcon.colcon_core.executor:Executing jobs using 'parallel' executor
[0.714s] DEBUG:colcon.colcon_parallel_executor.executor.parallel:run_until_complete
[0.715s] INFO:colcon.colcon_ros.task.catkin.build:Building ROS package in '/home/npd/Desktop/amr_bot' with build type 'catkin'
[0.715s] INFO:colcon.colcon_cmake.task.cmake.build:Building CMake package in '/home/npd/Desktop/amr_bot'
[0.720s] INFO:colcon.colcon_core.plugin_system:Skipping extension 'colcon_core.shell.bat': Not used on non-Windows systems
[0.721s] INFO:colcon.colcon_core.shell:Skip shell extension 'powershell' for command environment: Not usable outside of PowerShell
[0.721s] DEBUG:colcon.colcon_core.shell:Skip shell extension 'dsv' for command environment
[0.737s] DEBUG:colcon.colcon_core.event_handler.log_command:Invoking command in '/home/npd/Desktop/amr_bot/build/amr_bot': /usr/bin/cmake /home/npd/Desktop/amr_bot -DCATKIN_INSTALL_INTO_PREFIX_ROOT=0 -DCMAKE_INSTALL_PREFIX=/home/npd/Desktop/amr_bot/install/amr_bot
[3.507s] DEBUG:colcon.colcon_core.event_handler.log_command:Invoked command in '/home/npd/Desktop/amr_bot/build/amr_bot' returned '1': /usr/bin/cmake /home/npd/Desktop/amr_bot -DCATKIN_INSTALL_INTO_PREFIX_ROOT=0 -DCMAKE_INSTALL_PREFIX=/home/npd/Desktop/amr_bot/install/amr_bot
[3.534s] Level 1:colcon.colcon_core.environment:create_environment_scripts_only(amr_bot)
[3.540s] Level 1:colcon.colcon_core.environment:checking '/home/npd/Desktop/amr_bot/install/amr_bot' for CMake module files
[3.541s] Level 1:colcon.colcon_core.environment:checking '/home/npd/Desktop/amr_bot/install/amr_bot' for CMake config files
[3.542s] Level 1:colcon.colcon_core.environment:checking '/home/npd/Desktop/amr_bot/install/amr_bot/bin'
[3.542s] Level 1:colcon.colcon_core.environment:checking '/home/npd/Desktop/amr_bot/install/amr_bot/lib/pkgconfig/amr_bot.pc'
[3.543s] Level 1:colcon.colcon_core.environment:checking '/home/npd/Desktop/amr_bot/install/amr_bot/lib/python3.10/site-packages'
[3.543s] Level 1:colcon.colcon_core.environment:checking '/home/npd/Desktop/amr_bot/install/amr_bot/bin'
[3.543s] INFO:colcon.colcon_core.shell:Creating package script '/home/npd/Desktop/amr_bot/install/amr_bot/share/amr_bot/package.ps1'
[3.545s] INFO:colcon.colcon_core.shell:Creating package descriptor '/home/npd/Desktop/amr_bot/install/amr_bot/share/amr_bot/package.dsv'
[3.546s] INFO:colcon.colcon_core.shell:Creating package script '/home/npd/Desktop/amr_bot/install/amr_bot/share/amr_bot/package.sh'
[3.548s] INFO:colcon.colcon_core.shell:Creating package script '/home/npd/Desktop/amr_bot/install/amr_bot/share/amr_bot/package.bash'
[3.550s] INFO:colcon.colcon_core.shell:Creating package script '/home/npd/Desktop/amr_bot/install/amr_bot/share/amr_bot/package.zsh'
[3.551s] Level 1:colcon.colcon_core.environment:create_file_with_runtime_dependencies(/home/npd/Desktop/amr_bot/install/amr_bot/share/colcon-core/packages/amr_bot)
[3.562s] DEBUG:colcon.colcon_parallel_executor.executor.parallel:closing loop
[3.563s] DEBUG:colcon.colcon_parallel_executor.executor.parallel:loop closed
[3.563s] DEBUG:colcon.colcon_parallel_executor.executor.parallel:run_until_complete finished with '1'
[3.563s] DEBUG:colcon.colcon_core.event_reactor:joining thread
[3.573s] INFO:colcon.colcon_core.plugin_system:Skipping extension 'colcon_notification.desktop_notification.terminal_notifier': Not used on non-Darwin systems
[3.573s] INFO:colcon.colcon_core.plugin_system:Skipping extension 'colcon_notification.desktop_notification.win32': Not used on non-Windows systems
[3.573s] INFO:colcon.colcon_notification.desktop_notification:Sending desktop notification using 'notify2'
[3.592s] DEBUG:colcon.colcon_core.event_reactor:joined thread
[3.592s] INFO:colcon.colcon_core.shell:Creating prefix script '/home/npd/Desktop/amr_bot/install/local_setup.ps1'
[3.594s] INFO:colcon.colcon_core.shell:Creating prefix util module '/home/npd/Desktop/amr_bot/install/_local_setup_util_ps1.py'
[3.598s] INFO:colcon.colcon_core.shell:Creating prefix chain script '/home/npd/Desktop/amr_bot/install/setup.ps1'
[3.600s] INFO:colcon.colcon_core.shell:Creating prefix script '/home/npd/Desktop/amr_bot/install/local_setup.sh'
[3.602s] INFO:colcon.colcon_core.shell:Creating prefix util module '/home/npd/Desktop/amr_bot/install/_local_setup_util_sh.py'
[3.603s] INFO:colcon.colcon_core.shell:Creating prefix chain script '/home/npd/Desktop/amr_bot/install/setup.sh'
[3.605s] INFO:colcon.colcon_core.shell:Creating prefix script '/home/npd/Desktop/amr_bot/install/local_setup.bash'
[3.606s] INFO:colcon.colcon_core.shell:Creating prefix chain script '/home/npd/Desktop/amr_bot/install/setup.bash'
[3.609s] INFO:colcon.colcon_core.shell:Creating prefix script '/home/npd/Desktop/amr_bot/install/local_setup.zsh'
[3.610s] INFO:colcon.colcon_core.shell:Creating prefix chain script '/home/npd/Desktop/amr_bot/install/setup.zsh'
