[2.764s] Invoking command in '/home/npd/Desktop/amr_bot/build/amr_py_examples': PYTHONPATH=/home/npd/Desktop/amr_bot/build/amr_py_examples/prefix_override:/usr/lib/python3/dist-packages/colcon_core/task/python/colcon_distutils_commands:/home/npd/Desktop/amr_bot/install/amr_py_examples/lib/python3.10/site-packages:${PYTHONPATH} /usr/bin/python3 -W ignore:setup.py install is deprecated -W ignore:easy_install command is deprecated setup.py develop --editable --build-directory /home/npd/Desktop/amr_bot/build/amr_py_examples/build --no-deps symlink_data
[4.115s] running develop
[4.667s] running egg_info
[4.667s] creating amr_py_examples.egg-info
[4.668s] writing amr_py_examples.egg-info/PKG-INFO
[4.668s] writing dependency_links to amr_py_examples.egg-info/dependency_links.txt
[4.669s] writing entry points to amr_py_examples.egg-info/entry_points.txt
[4.669s] writing requirements to amr_py_examples.egg-info/requires.txt
[4.669s] writing top-level names to amr_py_examples.egg-info/top_level.txt
[4.670s] writing manifest file 'amr_py_examples.egg-info/SOURCES.txt'
[4.676s] reading manifest file 'amr_py_examples.egg-info/SOURCES.txt'
[4.678s] writing manifest file 'amr_py_examples.egg-info/SOURCES.txt'
[4.682s] running build_ext
[4.683s] Creating /home/npd/Desktop/amr_bot/install/amr_py_examples/lib/python3.10/site-packages/amr-py-examples.egg-link (link to .)
[4.685s] Installing simple_parameter script to /home/npd/Desktop/amr_bot/install/amr_py_examples/lib/amr_py_examples
[4.685s] Installing simple_publisher script to /home/npd/Desktop/amr_bot/install/amr_py_examples/lib/amr_py_examples
[4.685s] Installing simple_subscriber script to /home/npd/Desktop/amr_bot/install/amr_py_examples/lib/amr_py_examples
[4.686s] Installing simple_turtlesim_kinematics script to /home/npd/Desktop/amr_bot/install/amr_py_examples/lib/amr_py_examples
[4.686s] 
[4.686s] Installed /home/npd/Desktop/amr_bot/build/amr_py_examples
[4.686s] running symlink_data
[4.687s] creating /home/npd/Desktop/amr_bot/install/amr_py_examples/share/ament_index
[4.688s] creating /home/npd/Desktop/amr_bot/install/amr_py_examples/share/ament_index/resource_index
[4.688s] creating /home/npd/Desktop/amr_bot/install/amr_py_examples/share/ament_index/resource_index/packages
[4.688s] symbolically linking /home/npd/Desktop/amr_bot/build/amr_py_examples/resource/amr_py_examples -> /home/npd/Desktop/amr_bot/install/amr_py_examples/share/ament_index/resource_index/packages
[4.688s] symbolically linking /home/npd/Desktop/amr_bot/build/amr_py_examples/package.xml -> /home/npd/Desktop/amr_bot/install/amr_py_examples/share/amr_py_examples
[4.758s] Invoked command in '/home/npd/Desktop/amr_bot/build/amr_py_examples' returned '0': PYTHONPATH=/home/npd/Desktop/amr_bot/build/amr_py_examples/prefix_override:/usr/lib/python3/dist-packages/colcon_core/task/python/colcon_distutils_commands:/home/npd/Desktop/amr_bot/install/amr_py_examples/lib/python3.10/site-packages:${PYTHONPATH} /usr/bin/python3 -W ignore:setup.py install is deprecated -W ignore:easy_install command is deprecated setup.py develop --editable --build-directory /home/npd/Desktop/amr_bot/build/amr_py_examples/build --no-deps symlink_data
