[0.081s] Invoking command in '/home/npd/Desktop/amr_bot/build/amr_utils': CMAKE_PREFIX_PATH=${CMAKE_PREFIX_PATH}:/home/npd/Desktop/amr_bot/install/amr_sensors:/home/npd/Desktop/amr_bot/install/amr_py_examples:/opt/ros/humble /usr/bin/cmake --build /home/npd/Desktop/amr_bot/build/amr_utils -- -j4 -l4
[0.432s] Built target ament_cmake_python_copy_amr_utils
[1.689s] running egg_info
[1.691s] writing amr_utils.egg-info/PKG-INFO
[1.692s] writing dependency_links to amr_utils.egg-info/dependency_links.txt
[1.693s] writing top-level names to amr_utils.egg-info/top_level.txt
[1.701s] reading manifest file 'amr_utils.egg-info/SOURCES.txt'
[1.703s] writing manifest file 'amr_utils.egg-info/SOURCES.txt'
[1.827s] Built target ament_cmake_python_build_amr_utils_egg
[1.888s] Invoked command in '/home/npd/Desktop/amr_bot/build/amr_utils' returned '0': CMAKE_PREFIX_PATH=${CMAKE_PREFIX_PATH}:/home/npd/Desktop/amr_bot/install/amr_sensors:/home/npd/Desktop/amr_bot/install/amr_py_examples:/opt/ros/humble /usr/bin/cmake --build /home/npd/Desktop/amr_bot/build/amr_utils -- -j4 -l4
[1.900s] Invoking command in '/home/npd/Desktop/amr_bot/build/amr_utils': CMAKE_PREFIX_PATH=${CMAKE_PREFIX_PATH}:/home/npd/Desktop/amr_bot/install/amr_sensors:/home/npd/Desktop/amr_bot/install/amr_py_examples:/opt/ros/humble /usr/bin/cmake --install /home/npd/Desktop/amr_bot/build/amr_utils
[1.968s] -- Install configuration: ""
[1.969s] -- Up-to-date: /home/npd/Desktop/amr_bot/install/amr_utils/share/amr_utils/environment/pythonpath.sh
[1.970s] -- Up-to-date: /home/npd/Desktop/amr_bot/install/amr_utils/share/amr_utils/environment/pythonpath.dsv
[1.970s] -- Up-to-date: /home/npd/Desktop/amr_bot/install/amr_utils/local/lib/python3.10/dist-packages/amr_utils-0.0.0-py3.10.egg-info
[1.972s] -- Installing: /home/npd/Desktop/amr_bot/install/amr_utils/local/lib/python3.10/dist-packages/amr_utils-0.0.0-py3.10.egg-info/PKG-INFO
[1.973s] -- Installing: /home/npd/Desktop/amr_bot/install/amr_utils/local/lib/python3.10/dist-packages/amr_utils-0.0.0-py3.10.egg-info/top_level.txt
[1.973s] -- Installing: /home/npd/Desktop/amr_bot/install/amr_utils/local/lib/python3.10/dist-packages/amr_utils-0.0.0-py3.10.egg-info/SOURCES.txt
[1.973s] -- Installing: /home/npd/Desktop/amr_bot/install/amr_utils/local/lib/python3.10/dist-packages/amr_utils-0.0.0-py3.10.egg-info/dependency_links.txt
[1.973s] -- Up-to-date: /home/npd/Desktop/amr_bot/install/amr_utils/local/lib/python3.10/dist-packages/amr_utils
[1.973s] -- Up-to-date: /home/npd/Desktop/amr_bot/install/amr_utils/local/lib/python3.10/dist-packages/amr_utils/safety_stop.py
[1.974s] -- Up-to-date: /home/npd/Desktop/amr_bot/install/amr_utils/local/lib/python3.10/dist-packages/amr_utils/__init__.py
[2.194s] Listing '/home/npd/Desktop/amr_bot/install/amr_utils/local/lib/python3.10/dist-packages/amr_utils'...
[2.219s] -- Up-to-date: /home/npd/Desktop/amr_bot/install/amr_utils/lib/amr_utils/safety_stop.py
[2.221s] -- Up-to-date: /home/npd/Desktop/amr_bot/install/amr_utils/share/ament_index/resource_index/package_run_dependencies/amr_utils
[2.222s] -- Up-to-date: /home/npd/Desktop/amr_bot/install/amr_utils/share/ament_index/resource_index/parent_prefix_path/amr_utils
[2.222s] -- Up-to-date: /home/npd/Desktop/amr_bot/install/amr_utils/share/amr_utils/environment/ament_prefix_path.sh
[2.223s] -- Up-to-date: /home/npd/Desktop/amr_bot/install/amr_utils/share/amr_utils/environment/ament_prefix_path.dsv
[2.223s] -- Up-to-date: /home/npd/Desktop/amr_bot/install/amr_utils/share/amr_utils/environment/path.sh
[2.224s] -- Up-to-date: /home/npd/Desktop/amr_bot/install/amr_utils/share/amr_utils/environment/path.dsv
[2.224s] -- Up-to-date: /home/npd/Desktop/amr_bot/install/amr_utils/share/amr_utils/local_setup.bash
[2.228s] -- Up-to-date: /home/npd/Desktop/amr_bot/install/amr_utils/share/amr_utils/local_setup.sh
[2.228s] -- Up-to-date: /home/npd/Desktop/amr_bot/install/amr_utils/share/amr_utils/local_setup.zsh
[2.229s] -- Up-to-date: /home/npd/Desktop/amr_bot/install/amr_utils/share/amr_utils/local_setup.dsv
[2.230s] -- Installing: /home/npd/Desktop/amr_bot/install/amr_utils/share/amr_utils/package.dsv
[2.230s] -- Up-to-date: /home/npd/Desktop/amr_bot/install/amr_utils/share/ament_index/resource_index/packages/amr_utils
[2.231s] -- Up-to-date: /home/npd/Desktop/amr_bot/install/amr_utils/share/amr_utils/cmake/amr_utilsConfig.cmake
[2.231s] -- Up-to-date: /home/npd/Desktop/amr_bot/install/amr_utils/share/amr_utils/cmake/amr_utilsConfig-version.cmake
[2.232s] -- Up-to-date: /home/npd/Desktop/amr_bot/install/amr_utils/share/amr_utils/package.xml
[3.273s] Invoked command in '/home/npd/Desktop/amr_bot/build/amr_utils' returned '0': CMAKE_PREFIX_PATH=${CMAKE_PREFIX_PATH}:/home/npd/Desktop/amr_bot/install/amr_sensors:/home/npd/Desktop/amr_bot/install/amr_py_examples:/opt/ros/humble /usr/bin/cmake --install /home/npd/Desktop/amr_bot/build/amr_utils
