[0.054s] Invoking command in '/home/npd/Desktop/amr_bot/build/amr_msgs': CMAKE_PREFIX_PATH=${CMAKE_PREFIX_PATH}:/home/npd/Desktop/amr_bot/install/amr_sensors:/home/npd/Desktop/amr_bot/install/amr_py_examples:/opt/ros/humble /usr/bin/cmake --build /home/npd/Desktop/amr_bot/build/amr_msgs -- -j4 -l4
[0.243s] [  2%] Built target amr_msgs__cpp
[0.344s] [ 12%] Built target amr_msgs__rosidl_generator_c
[0.354s] [ 12%] Built target ament_cmake_python_copy_amr_msgs
[0.401s] [ 23%] Built target amr_msgs__rosidl_typesupport_cpp
[0.490s] [ 33%] Built target amr_msgs__rosidl_typesupport_fastrtps_cpp
[0.602s] [ 43%] Built target amr_msgs__rosidl_typesupport_fastrtps_c
[0.613s] [ 53%] Built target amr_msgs__rosidl_typesupport_introspection_cpp
[0.613s] [ 64%] Built target amr_msgs__rosidl_typesupport_introspection_c
[0.664s] [ 74%] Built target amr_msgs__rosidl_typesupport_c
[0.802s] [ 74%] Built target amr_msgs
[0.868s] [ 76%] Built target amr_msgs__py
[0.991s] [ 84%] Built target amr_msgs__rosidl_generator_py
[1.360s] [ 89%] Built target amr_msgs__rosidl_typesupport_fastrtps_c__pyext
[1.536s] [ 94%] Built target amr_msgs__rosidl_typesupport_introspection_c__pyext
[1.553s] [100%] Built target amr_msgs__rosidl_typesupport_c__pyext
[2.237s] running egg_info
[2.237s] writing amr_msgs.egg-info/PKG-INFO
[2.237s] writing dependency_links to amr_msgs.egg-info/dependency_links.txt
[2.237s] writing top-level names to amr_msgs.egg-info/top_level.txt
[2.246s] reading manifest file 'amr_msgs.egg-info/SOURCES.txt'
[2.246s] writing manifest file 'amr_msgs.egg-info/SOURCES.txt'
[2.339s] [100%] Built target ament_cmake_python_build_amr_msgs_egg
[2.944s] Invoked command in '/home/npd/Desktop/amr_bot/build/amr_msgs' returned '0': CMAKE_PREFIX_PATH=${CMAKE_PREFIX_PATH}:/home/npd/Desktop/amr_bot/install/amr_sensors:/home/npd/Desktop/amr_bot/install/amr_py_examples:/opt/ros/humble /usr/bin/cmake --build /home/npd/Desktop/amr_bot/build/amr_msgs -- -j4 -l4
[2.951s] Invoking command in '/home/npd/Desktop/amr_bot/build/amr_msgs': CMAKE_PREFIX_PATH=${CMAKE_PREFIX_PATH}:/home/npd/Desktop/amr_bot/install/amr_sensors:/home/npd/Desktop/amr_bot/install/amr_py_examples:/opt/ros/humble /usr/bin/cmake --install /home/npd/Desktop/amr_bot/build/amr_msgs
[2.992s] -- Install configuration: ""
[2.992s] -- Up-to-date: /home/npd/Desktop/amr_bot/install/amr_msgs/share/ament_index/resource_index/rosidl_interfaces/amr_msgs
[2.992s] -- Up-to-date: /home/npd/Desktop/amr_bot/install/amr_msgs/include/amr_msgs/amr_msgs
[2.992s] -- Up-to-date: /home/npd/Desktop/amr_bot/install/amr_msgs/include/amr_msgs/amr_msgs/msg
[2.992s] -- Up-to-date: /home/npd/Desktop/amr_bot/install/amr_msgs/include/amr_msgs/amr_msgs/msg/rosidl_generator_c__visibility_control.h
[2.993s] -- Up-to-date: /home/npd/Desktop/amr_bot/install/amr_msgs/include/amr_msgs/amr_msgs/srv
[2.993s] -- Up-to-date: /home/npd/Desktop/amr_bot/install/amr_msgs/include/amr_msgs/amr_msgs/srv/add_twoints.h
[2.994s] -- Up-to-date: /home/npd/Desktop/amr_bot/install/amr_msgs/include/amr_msgs/amr_msgs/srv/detail
[2.994s] -- Up-to-date: /home/npd/Desktop/amr_bot/install/amr_msgs/include/amr_msgs/amr_msgs/srv/detail/add_twoints__functions.h
[2.994s] -- Up-to-date: /home/npd/Desktop/amr_bot/install/amr_msgs/include/amr_msgs/amr_msgs/srv/detail/get_transform__functions.c
[2.994s] -- Up-to-date: /home/npd/Desktop/amr_bot/install/amr_msgs/include/amr_msgs/amr_msgs/srv/detail/add_twoints__functions.c
[2.997s] -- Up-to-date: /home/npd/Desktop/amr_bot/install/amr_msgs/include/amr_msgs/amr_msgs/srv/detail/add_twoints__type_support.h
[2.997s] -- Up-to-date: /home/npd/Desktop/amr_bot/install/amr_msgs/include/amr_msgs/amr_msgs/srv/detail/get_transform__type_support.h
[2.998s] -- Up-to-date: /home/npd/Desktop/amr_bot/install/amr_msgs/include/amr_msgs/amr_msgs/srv/detail/get_transform__functions.h
[2.998s] -- Up-to-date: /home/npd/Desktop/amr_bot/install/amr_msgs/include/amr_msgs/amr_msgs/srv/detail/add_twoints__struct.h
[2.998s] -- Up-to-date: /home/npd/Desktop/amr_bot/install/amr_msgs/include/amr_msgs/amr_msgs/srv/detail/get_transform__struct.h
[2.998s] -- Up-to-date: /home/npd/Desktop/amr_bot/install/amr_msgs/include/amr_msgs/amr_msgs/srv/get_transform.h
[2.999s] -- Up-to-date: /home/npd/Desktop/amr_bot/install/amr_msgs/share/amr_msgs/environment/library_path.sh
[2.999s] -- Up-to-date: /home/npd/Desktop/amr_bot/install/amr_msgs/share/amr_msgs/environment/library_path.dsv
[2.999s] -- Up-to-date: /home/npd/Desktop/amr_bot/install/amr_msgs/lib/libamr_msgs__rosidl_generator_c.so
[3.000s] -- Up-to-date: /home/npd/Desktop/amr_bot/install/amr_msgs/include/amr_msgs/amr_msgs
[3.000s] -- Up-to-date: /home/npd/Desktop/amr_bot/install/amr_msgs/include/amr_msgs/amr_msgs/msg
[3.000s] -- Up-to-date: /home/npd/Desktop/amr_bot/install/amr_msgs/include/amr_msgs/amr_msgs/msg/rosidl_typesupport_fastrtps_c__visibility_control.h
[3.000s] -- Up-to-date: /home/npd/Desktop/amr_bot/install/amr_msgs/include/amr_msgs/amr_msgs/srv
[3.001s] -- Up-to-date: /home/npd/Desktop/amr_bot/install/amr_msgs/include/amr_msgs/amr_msgs/srv/detail
[3.001s] -- Up-to-date: /home/npd/Desktop/amr_bot/install/amr_msgs/include/amr_msgs/amr_msgs/srv/detail/get_transform__rosidl_typesupport_fastrtps_c.h
[3.001s] -- Up-to-date: /home/npd/Desktop/amr_bot/install/amr_msgs/include/amr_msgs/amr_msgs/srv/detail/add_twoints__rosidl_typesupport_fastrtps_c.h
[3.001s] -- Up-to-date: /home/npd/Desktop/amr_bot/install/amr_msgs/lib/libamr_msgs__rosidl_typesupport_fastrtps_c.so
[3.001s] -- Up-to-date: /home/npd/Desktop/amr_bot/install/amr_msgs/include/amr_msgs/amr_msgs
[3.001s] -- Up-to-date: /home/npd/Desktop/amr_bot/install/amr_msgs/include/amr_msgs/amr_msgs/msg
[3.002s] -- Up-to-date: /home/npd/Desktop/amr_bot/install/amr_msgs/include/amr_msgs/amr_msgs/msg/rosidl_generator_cpp__visibility_control.hpp
[3.002s] -- Up-to-date: /home/npd/Desktop/amr_bot/install/amr_msgs/include/amr_msgs/amr_msgs/srv
[3.002s] -- Up-to-date: /home/npd/Desktop/amr_bot/install/amr_msgs/include/amr_msgs/amr_msgs/srv/add_twoints.hpp
[3.002s] -- Up-to-date: /home/npd/Desktop/amr_bot/install/amr_msgs/include/amr_msgs/amr_msgs/srv/get_transform.hpp
[3.003s] -- Up-to-date: /home/npd/Desktop/amr_bot/install/amr_msgs/include/amr_msgs/amr_msgs/srv/detail
[3.003s] -- Up-to-date: /home/npd/Desktop/amr_bot/install/amr_msgs/include/amr_msgs/amr_msgs/srv/detail/get_transform__type_support.hpp
[3.003s] -- Up-to-date: /home/npd/Desktop/amr_bot/install/amr_msgs/include/amr_msgs/amr_msgs/srv/detail/add_twoints__traits.hpp
[3.003s] -- Up-to-date: /home/npd/Desktop/amr_bot/install/amr_msgs/include/amr_msgs/amr_msgs/srv/detail/add_twoints__struct.hpp
[3.003s] -- Up-to-date: /home/npd/Desktop/amr_bot/install/amr_msgs/include/amr_msgs/amr_msgs/srv/detail/get_transform__builder.hpp
[3.003s] -- Up-to-date: /home/npd/Desktop/amr_bot/install/amr_msgs/include/amr_msgs/amr_msgs/srv/detail/add_twoints__builder.hpp
[3.004s] -- Up-to-date: /home/npd/Desktop/amr_bot/install/amr_msgs/include/amr_msgs/amr_msgs/srv/detail/add_twoints__type_support.hpp
[3.004s] -- Up-to-date: /home/npd/Desktop/amr_bot/install/amr_msgs/include/amr_msgs/amr_msgs/srv/detail/get_transform__struct.hpp
[3.004s] -- Up-to-date: /home/npd/Desktop/amr_bot/install/amr_msgs/include/amr_msgs/amr_msgs/srv/detail/get_transform__traits.hpp
[3.004s] -- Up-to-date: /home/npd/Desktop/amr_bot/install/amr_msgs/include/amr_msgs/amr_msgs
[3.004s] -- Up-to-date: /home/npd/Desktop/amr_bot/install/amr_msgs/include/amr_msgs/amr_msgs/msg
[3.004s] -- Up-to-date: /home/npd/Desktop/amr_bot/install/amr_msgs/include/amr_msgs/amr_msgs/msg/rosidl_typesupport_fastrtps_cpp__visibility_control.h
[3.005s] -- Up-to-date: /home/npd/Desktop/amr_bot/install/amr_msgs/include/amr_msgs/amr_msgs/srv
[3.005s] -- Up-to-date: /home/npd/Desktop/amr_bot/install/amr_msgs/include/amr_msgs/amr_msgs/srv/detail
[3.005s] -- Up-to-date: /home/npd/Desktop/amr_bot/install/amr_msgs/include/amr_msgs/amr_msgs/srv/detail/add_twoints__rosidl_typesupport_fastrtps_cpp.hpp
[3.005s] -- Up-to-date: /home/npd/Desktop/amr_bot/install/amr_msgs/include/amr_msgs/amr_msgs/srv/detail/get_transform__rosidl_typesupport_fastrtps_cpp.hpp
[3.005s] -- Up-to-date: /home/npd/Desktop/amr_bot/install/amr_msgs/include/amr_msgs/amr_msgs/srv/detail/dds_fastrtps
[3.005s] -- Up-to-date: /home/npd/Desktop/amr_bot/install/amr_msgs/lib/libamr_msgs__rosidl_typesupport_fastrtps_cpp.so
[3.006s] -- Up-to-date: /home/npd/Desktop/amr_bot/install/amr_msgs/include/amr_msgs/amr_msgs
[3.006s] -- Up-to-date: /home/npd/Desktop/amr_bot/install/amr_msgs/include/amr_msgs/amr_msgs/msg
[3.006s] -- Up-to-date: /home/npd/Desktop/amr_bot/install/amr_msgs/include/amr_msgs/amr_msgs/msg/rosidl_typesupport_introspection_c__visibility_control.h
[3.006s] -- Up-to-date: /home/npd/Desktop/amr_bot/install/amr_msgs/include/amr_msgs/amr_msgs/srv
[3.006s] -- Up-to-date: /home/npd/Desktop/amr_bot/install/amr_msgs/include/amr_msgs/amr_msgs/srv/detail
[3.007s] -- Up-to-date: /home/npd/Desktop/amr_bot/install/amr_msgs/include/amr_msgs/amr_msgs/srv/detail/add_twoints__type_support.c
[3.007s] -- Up-to-date: /home/npd/Desktop/amr_bot/install/amr_msgs/include/amr_msgs/amr_msgs/srv/detail/get_transform__rosidl_typesupport_introspection_c.h
[3.007s] -- Up-to-date: /home/npd/Desktop/amr_bot/install/amr_msgs/include/amr_msgs/amr_msgs/srv/detail/add_twoints__rosidl_typesupport_introspection_c.h
[3.007s] -- Up-to-date: /home/npd/Desktop/amr_bot/install/amr_msgs/include/amr_msgs/amr_msgs/srv/detail/get_transform__type_support.c
[3.007s] -- Up-to-date: /home/npd/Desktop/amr_bot/install/amr_msgs/lib/libamr_msgs__rosidl_typesupport_introspection_c.so
[3.007s] -- Up-to-date: /home/npd/Desktop/amr_bot/install/amr_msgs/lib/libamr_msgs__rosidl_typesupport_c.so
[3.008s] -- Up-to-date: /home/npd/Desktop/amr_bot/install/amr_msgs/include/amr_msgs/amr_msgs
[3.008s] -- Up-to-date: /home/npd/Desktop/amr_bot/install/amr_msgs/include/amr_msgs/amr_msgs/srv
[3.008s] -- Up-to-date: /home/npd/Desktop/amr_bot/install/amr_msgs/include/amr_msgs/amr_msgs/srv/detail
[3.008s] -- Up-to-date: /home/npd/Desktop/amr_bot/install/amr_msgs/include/amr_msgs/amr_msgs/srv/detail/get_transform__type_support.cpp
[3.009s] -- Up-to-date: /home/npd/Desktop/amr_bot/install/amr_msgs/include/amr_msgs/amr_msgs/srv/detail/get_transform__rosidl_typesupport_introspection_cpp.hpp
[3.010s] -- Up-to-date: /home/npd/Desktop/amr_bot/install/amr_msgs/include/amr_msgs/amr_msgs/srv/detail/add_twoints__rosidl_typesupport_introspection_cpp.hpp
[3.010s] -- Up-to-date: /home/npd/Desktop/amr_bot/install/amr_msgs/include/amr_msgs/amr_msgs/srv/detail/add_twoints__type_support.cpp
[3.011s] -- Up-to-date: /home/npd/Desktop/amr_bot/install/amr_msgs/lib/libamr_msgs__rosidl_typesupport_introspection_cpp.so
[3.012s] -- Up-to-date: /home/npd/Desktop/amr_bot/install/amr_msgs/lib/libamr_msgs__rosidl_typesupport_cpp.so
[3.012s] -- Up-to-date: /home/npd/Desktop/amr_bot/install/amr_msgs/share/amr_msgs/environment/pythonpath.sh
[3.012s] -- Up-to-date: /home/npd/Desktop/amr_bot/install/amr_msgs/share/amr_msgs/environment/pythonpath.dsv
[3.012s] -- Up-to-date: /home/npd/Desktop/amr_bot/install/amr_msgs/local/lib/python3.10/dist-packages/amr_msgs-0.0.0-py3.10.egg-info
[3.012s] -- Installing: /home/npd/Desktop/amr_bot/install/amr_msgs/local/lib/python3.10/dist-packages/amr_msgs-0.0.0-py3.10.egg-info/PKG-INFO
[3.013s] -- Installing: /home/npd/Desktop/amr_bot/install/amr_msgs/local/lib/python3.10/dist-packages/amr_msgs-0.0.0-py3.10.egg-info/top_level.txt
[3.013s] -- Installing: /home/npd/Desktop/amr_bot/install/amr_msgs/local/lib/python3.10/dist-packages/amr_msgs-0.0.0-py3.10.egg-info/SOURCES.txt
[3.013s] -- Installing: /home/npd/Desktop/amr_bot/install/amr_msgs/local/lib/python3.10/dist-packages/amr_msgs-0.0.0-py3.10.egg-info/dependency_links.txt
[3.013s] -- Up-to-date: /home/npd/Desktop/amr_bot/install/amr_msgs/local/lib/python3.10/dist-packages/amr_msgs
[3.013s] -- Up-to-date: /home/npd/Desktop/amr_bot/install/amr_msgs/local/lib/python3.10/dist-packages/amr_msgs/libamr_msgs__rosidl_generator_py.so
[3.018s] -- Up-to-date: /home/npd/Desktop/amr_bot/install/amr_msgs/local/lib/python3.10/dist-packages/amr_msgs/amr_msgs_s__rosidl_typesupport_fastrtps_c.cpython-310-x86_64-linux-gnu.so
[3.018s] -- Up-to-date: /home/npd/Desktop/amr_bot/install/amr_msgs/local/lib/python3.10/dist-packages/amr_msgs/_amr_msgs_s.ep.rosidl_typesupport_introspection_c.c
[3.018s] -- Up-to-date: /home/npd/Desktop/amr_bot/install/amr_msgs/local/lib/python3.10/dist-packages/amr_msgs/amr_msgs_s__rosidl_typesupport_introspection_c.cpython-310-x86_64-linux-gnu.so
[3.018s] -- Up-to-date: /home/npd/Desktop/amr_bot/install/amr_msgs/local/lib/python3.10/dist-packages/amr_msgs/_amr_msgs_s.ep.rosidl_typesupport_c.c
[3.018s] -- Up-to-date: /home/npd/Desktop/amr_bot/install/amr_msgs/local/lib/python3.10/dist-packages/amr_msgs/__init__.py
[3.019s] -- Up-to-date: /home/npd/Desktop/amr_bot/install/amr_msgs/local/lib/python3.10/dist-packages/amr_msgs/srv
[3.019s] -- Up-to-date: /home/npd/Desktop/amr_bot/install/amr_msgs/local/lib/python3.10/dist-packages/amr_msgs/srv/_add_twoints.py
[3.019s] -- Up-to-date: /home/npd/Desktop/amr_bot/install/amr_msgs/local/lib/python3.10/dist-packages/amr_msgs/srv/_add_twoints_s.c
[3.019s] -- Up-to-date: /home/npd/Desktop/amr_bot/install/amr_msgs/local/lib/python3.10/dist-packages/amr_msgs/srv/_get_transform.py
[3.019s] -- Up-to-date: /home/npd/Desktop/amr_bot/install/amr_msgs/local/lib/python3.10/dist-packages/amr_msgs/srv/_get_transform_s.c
[3.020s] -- Up-to-date: /home/npd/Desktop/amr_bot/install/amr_msgs/local/lib/python3.10/dist-packages/amr_msgs/srv/__init__.py
[3.020s] -- Up-to-date: /home/npd/Desktop/amr_bot/install/amr_msgs/local/lib/python3.10/dist-packages/amr_msgs/_amr_msgs_s.ep.rosidl_typesupport_fastrtps_c.c
[3.020s] -- Up-to-date: /home/npd/Desktop/amr_bot/install/amr_msgs/local/lib/python3.10/dist-packages/amr_msgs/amr_msgs_s__rosidl_typesupport_c.cpython-310-x86_64-linux-gnu.so
[3.120s] Listing '/home/npd/Desktop/amr_bot/install/amr_msgs/local/lib/python3.10/dist-packages/amr_msgs'...
[3.120s] Listing '/home/npd/Desktop/amr_bot/install/amr_msgs/local/lib/python3.10/dist-packages/amr_msgs/srv'...
[3.133s] -- Up-to-date: /home/npd/Desktop/amr_bot/install/amr_msgs/local/lib/python3.10/dist-packages/amr_msgs/amr_msgs_s__rosidl_typesupport_fastrtps_c.cpython-310-x86_64-linux-gnu.so
[3.134s] -- Up-to-date: /home/npd/Desktop/amr_bot/install/amr_msgs/local/lib/python3.10/dist-packages/amr_msgs/amr_msgs_s__rosidl_typesupport_introspection_c.cpython-310-x86_64-linux-gnu.so
[3.136s] -- Up-to-date: /home/npd/Desktop/amr_bot/install/amr_msgs/local/lib/python3.10/dist-packages/amr_msgs/amr_msgs_s__rosidl_typesupport_c.cpython-310-x86_64-linux-gnu.so
[3.140s] -- Up-to-date: /home/npd/Desktop/amr_bot/install/amr_msgs/lib/libamr_msgs__rosidl_generator_py.so
[3.140s] -- Up-to-date: /home/npd/Desktop/amr_bot/install/amr_msgs/share/amr_msgs/srv/AddTwoints.idl
[3.143s] -- Up-to-date: /home/npd/Desktop/amr_bot/install/amr_msgs/share/amr_msgs/srv/GetTransform.idl
[3.155s] -- Up-to-date: /home/npd/Desktop/amr_bot/install/amr_msgs/share/amr_msgs/srv/AddTwoints.srv
[3.155s] -- Up-to-date: /home/npd/Desktop/amr_bot/install/amr_msgs/share/amr_msgs/srv/AddTwoints_Request.msg
[3.155s] -- Up-to-date: /home/npd/Desktop/amr_bot/install/amr_msgs/share/amr_msgs/srv/AddTwoints_Response.msg
[3.155s] -- Up-to-date: /home/npd/Desktop/amr_bot/install/amr_msgs/share/amr_msgs/srv/GetTransform.srv
[3.155s] -- Up-to-date: /home/npd/Desktop/amr_bot/install/amr_msgs/share/amr_msgs/srv/GetTransform_Request.msg
[3.162s] -- Up-to-date: /home/npd/Desktop/amr_bot/install/amr_msgs/share/amr_msgs/srv/GetTransform_Response.msg
[3.162s] -- Up-to-date: /home/npd/Desktop/amr_bot/install/amr_msgs/share/ament_index/resource_index/package_run_dependencies/amr_msgs
[3.162s] -- Up-to-date: /home/npd/Desktop/amr_bot/install/amr_msgs/share/ament_index/resource_index/parent_prefix_path/amr_msgs
[3.162s] -- Up-to-date: /home/npd/Desktop/amr_bot/install/amr_msgs/share/amr_msgs/environment/ament_prefix_path.sh
[3.165s] -- Up-to-date: /home/npd/Desktop/amr_bot/install/amr_msgs/share/amr_msgs/environment/ament_prefix_path.dsv
[3.165s] -- Up-to-date: /home/npd/Desktop/amr_bot/install/amr_msgs/share/amr_msgs/environment/path.sh
[3.165s] -- Up-to-date: /home/npd/Desktop/amr_bot/install/amr_msgs/share/amr_msgs/environment/path.dsv
[3.166s] -- Up-to-date: /home/npd/Desktop/amr_bot/install/amr_msgs/share/amr_msgs/local_setup.bash
[3.184s] -- Up-to-date: /home/npd/Desktop/amr_bot/install/amr_msgs/share/amr_msgs/local_setup.sh
[3.184s] -- Up-to-date: /home/npd/Desktop/amr_bot/install/amr_msgs/share/amr_msgs/local_setup.zsh
[3.184s] -- Up-to-date: /home/npd/Desktop/amr_bot/install/amr_msgs/share/amr_msgs/local_setup.dsv
[3.184s] -- Installing: /home/npd/Desktop/amr_bot/install/amr_msgs/share/amr_msgs/package.dsv
[3.185s] -- Up-to-date: /home/npd/Desktop/amr_bot/install/amr_msgs/share/ament_index/resource_index/packages/amr_msgs
[3.185s] -- Up-to-date: /home/npd/Desktop/amr_bot/install/amr_msgs/share/amr_msgs/cmake/export_amr_msgs__rosidl_generator_cExport.cmake
[3.185s] -- Up-to-date: /home/npd/Desktop/amr_bot/install/amr_msgs/share/amr_msgs/cmake/export_amr_msgs__rosidl_generator_cExport-noconfig.cmake
[3.185s] -- Up-to-date: /home/npd/Desktop/amr_bot/install/amr_msgs/share/amr_msgs/cmake/export_amr_msgs__rosidl_typesupport_fastrtps_cExport.cmake
[3.185s] -- Up-to-date: /home/npd/Desktop/amr_bot/install/amr_msgs/share/amr_msgs/cmake/export_amr_msgs__rosidl_typesupport_fastrtps_cExport-noconfig.cmake
[3.186s] -- Up-to-date: /home/npd/Desktop/amr_bot/install/amr_msgs/share/amr_msgs/cmake/export_amr_msgs__rosidl_generator_cppExport.cmake
[3.186s] -- Up-to-date: /home/npd/Desktop/amr_bot/install/amr_msgs/share/amr_msgs/cmake/export_amr_msgs__rosidl_typesupport_fastrtps_cppExport.cmake
[3.186s] -- Up-to-date: /home/npd/Desktop/amr_bot/install/amr_msgs/share/amr_msgs/cmake/export_amr_msgs__rosidl_typesupport_fastrtps_cppExport-noconfig.cmake
[3.186s] -- Up-to-date: /home/npd/Desktop/amr_bot/install/amr_msgs/share/amr_msgs/cmake/amr_msgs__rosidl_typesupport_introspection_cExport.cmake
[3.186s] -- Up-to-date: /home/npd/Desktop/amr_bot/install/amr_msgs/share/amr_msgs/cmake/amr_msgs__rosidl_typesupport_introspection_cExport-noconfig.cmake
[3.187s] -- Up-to-date: /home/npd/Desktop/amr_bot/install/amr_msgs/share/amr_msgs/cmake/amr_msgs__rosidl_typesupport_cExport.cmake
[3.187s] -- Up-to-date: /home/npd/Desktop/amr_bot/install/amr_msgs/share/amr_msgs/cmake/amr_msgs__rosidl_typesupport_cExport-noconfig.cmake
[3.187s] -- Up-to-date: /home/npd/Desktop/amr_bot/install/amr_msgs/share/amr_msgs/cmake/amr_msgs__rosidl_typesupport_introspection_cppExport.cmake
[3.187s] -- Up-to-date: /home/npd/Desktop/amr_bot/install/amr_msgs/share/amr_msgs/cmake/amr_msgs__rosidl_typesupport_introspection_cppExport-noconfig.cmake
[3.187s] -- Up-to-date: /home/npd/Desktop/amr_bot/install/amr_msgs/share/amr_msgs/cmake/amr_msgs__rosidl_typesupport_cppExport.cmake
[3.188s] -- Up-to-date: /home/npd/Desktop/amr_bot/install/amr_msgs/share/amr_msgs/cmake/amr_msgs__rosidl_typesupport_cppExport-noconfig.cmake
[3.188s] -- Up-to-date: /home/npd/Desktop/amr_bot/install/amr_msgs/share/amr_msgs/cmake/export_amr_msgs__rosidl_generator_pyExport.cmake
[3.188s] -- Up-to-date: /home/npd/Desktop/amr_bot/install/amr_msgs/share/amr_msgs/cmake/export_amr_msgs__rosidl_generator_pyExport-noconfig.cmake
[3.188s] -- Up-to-date: /home/npd/Desktop/amr_bot/install/amr_msgs/share/amr_msgs/cmake/rosidl_cmake-extras.cmake
[3.188s] -- Up-to-date: /home/npd/Desktop/amr_bot/install/amr_msgs/share/amr_msgs/cmake/ament_cmake_export_dependencies-extras.cmake
[3.188s] -- Up-to-date: /home/npd/Desktop/amr_bot/install/amr_msgs/share/amr_msgs/cmake/ament_cmake_export_include_directories-extras.cmake
[3.189s] -- Up-to-date: /home/npd/Desktop/amr_bot/install/amr_msgs/share/amr_msgs/cmake/ament_cmake_export_libraries-extras.cmake
[3.189s] -- Up-to-date: /home/npd/Desktop/amr_bot/install/amr_msgs/share/amr_msgs/cmake/ament_cmake_export_targets-extras.cmake
[3.189s] -- Up-to-date: /home/npd/Desktop/amr_bot/install/amr_msgs/share/amr_msgs/cmake/rosidl_cmake_export_typesupport_targets-extras.cmake
[3.189s] -- Up-to-date: /home/npd/Desktop/amr_bot/install/amr_msgs/share/amr_msgs/cmake/rosidl_cmake_export_typesupport_libraries-extras.cmake
[3.189s] -- Up-to-date: /home/npd/Desktop/amr_bot/install/amr_msgs/share/amr_msgs/cmake/amr_msgsConfig.cmake
[3.204s] -- Up-to-date: /home/npd/Desktop/amr_bot/install/amr_msgs/share/amr_msgs/cmake/amr_msgsConfig-version.cmake
[3.204s] -- Up-to-date: /home/npd/Desktop/amr_bot/install/amr_msgs/share/amr_msgs/package.xml
[3.215s] Invoked command in '/home/npd/Desktop/amr_bot/build/amr_msgs' returned '0': CMAKE_PREFIX_PATH=${CMAKE_PREFIX_PATH}:/home/npd/Desktop/amr_bot/install/amr_sensors:/home/npd/Desktop/amr_bot/install/amr_py_examples:/opt/ros/humble /usr/bin/cmake --install /home/npd/Desktop/amr_bot/build/amr_msgs
