[4.713s] Invoking command in '/home/npd/Desktop/amr_bot/src/amr_sensors': PYTHONPATH=/home/npd/Desktop/amr_bot/build/amr_sensors/prefix_override:/usr/lib/python3/dist-packages/colcon_core/task/python/colcon_distutils_commands:/home/npd/Desktop/amr_bot/install/amr_sensors/lib/python3.10/site-packages:${PYTHONPATH} /usr/bin/python3 -W ignore:setup.py install is deprecated -W ignore:easy_install command is deprecated setup.py egg_info --egg-base ../../build/amr_sensors build --build-base /home/npd/Desktop/amr_bot/build/amr_sensors/build install --record /home/npd/Desktop/amr_bot/build/amr_sensors/install.log --single-version-externally-managed install_data
[6.041s] running egg_info
[6.044s] writing ../../build/amr_sensors/amr_sensors.egg-info/PKG-INFO
[6.046s] writing dependency_links to ../../build/amr_sensors/amr_sensors.egg-info/dependency_links.txt
[6.047s] writing entry points to ../../build/amr_sensors/amr_sensors.egg-info/entry_points.txt
[6.048s] writing requirements to ../../build/amr_sensors/amr_sensors.egg-info/requires.txt
[6.049s] writing top-level names to ../../build/amr_sensors/amr_sensors.egg-info/top_level.txt
[6.056s] reading manifest file '../../build/amr_sensors/amr_sensors.egg-info/SOURCES.txt'
[6.057s] writing manifest file '../../build/amr_sensors/amr_sensors.egg-info/SOURCES.txt'
[6.059s] running build
[6.059s] running build_py
[6.059s] running install
[6.060s] running install_lib
[6.073s] running install_data
[6.073s] running install_egg_info
[6.076s] removing '/home/npd/Desktop/amr_bot/install/amr_sensors/lib/python3.10/site-packages/amr_sensors-0.0.0-py3.10.egg-info' (and everything under it)
[6.080s] Copying ../../build/amr_sensors/amr_sensors.egg-info to /home/npd/Desktop/amr_bot/install/amr_sensors/lib/python3.10/site-packages/amr_sensors-0.0.0-py3.10.egg-info
[6.080s] running install_scripts
[6.148s] Installing front_lidar_reader script to /home/npd/Desktop/amr_bot/install/amr_sensors/lib/amr_sensors
[6.148s] writing list of installed files to '/home/npd/Desktop/amr_bot/build/amr_sensors/install.log'
[6.217s] Invoked command in '/home/npd/Desktop/amr_bot/src/amr_sensors' returned '0': PYTHONPATH=/home/npd/Desktop/amr_bot/build/amr_sensors/prefix_override:/usr/lib/python3/dist-packages/colcon_core/task/python/colcon_distutils_commands:/home/npd/Desktop/amr_bot/install/amr_sensors/lib/python3.10/site-packages:${PYTHONPATH} /usr/bin/python3 -W ignore:setup.py install is deprecated -W ignore:easy_install command is deprecated setup.py egg_info --egg-base ../../build/amr_sensors build --build-base /home/npd/Desktop/amr_bot/build/amr_sensors/build install --record /home/npd/Desktop/amr_bot/build/amr_sensors/install.log --single-version-externally-managed install_data
