-- Found ament_cmake: 1.3.11 (/opt/ros/humble/share/ament_cmake/cmake)
-- Found rclpy: 3.3.16 (/opt/ros/humble/share/rclpy/cmake)
-- Found sensor_msgs: 4.8.0 (/opt/ros/humble/share/sensor_msgs/cmake)
-- Found rosidl_generator_c: 3.1.6 (/opt/ros/humble/share/rosidl_generator_c/cmake)
-- Found rosidl_adapter: 3.1.6 (/opt/ros/humble/share/rosidl_adapter/cmake)
-- Found rosidl_generator_cpp: 3.1.6 (/opt/ros/humble/share/rosidl_generator_cpp/cmake)
-- Using all available rosidl_typesupport_c: rosidl_typesupport_fastrtps_c;rosidl_typesupport_introspection_c
-- Using all available rosidl_typesupport_cpp: rosidl_typesupport_fastrtps_cpp;rosidl_typesupport_introspection_cpp
-- Found nav_msgs: 4.8.0 (/opt/ros/humble/share/nav_msgs/cmake)
-- Found tf2_ros: 0.25.12 (/opt/ros/humble/share/tf2_ros/cmake)
-- Found rmw_implementation_cmake: 6.1.2 (/opt/ros/humble/share/rmw_implementation_cmake/cmake)
-- Found rmw_cyclonedds_cpp: 1.3.4 (/opt/ros/humble/share/rmw_cyclonedds_cpp/cmake)
-- Using RMW implementation 'rmw_cyclonedds_cpp' as default
-- Found ament_lint_auto: 0.12.12 (/opt/ros/humble/share/ament_lint_auto/cmake)
-- Added test 'flake8' to check Python code syntax and style conventions
-- Added test 'lint_cmake' to check CMake code style
-- Added test 'pep257' to check Python code against some of the docstring style conventions in PEP 257
-- Added test 'xmllint' to check XML markup files
-- Configuring done
-- Generating done
-- Build files have been written to: /home/npd/Desktop/amr_bot/build/amr_mapping
Built target ament_cmake_python_copy_amr_mapping
running egg_info
writing amr_mapping.egg-info/PKG-INFO
writing dependency_links to amr_mapping.egg-info/dependency_links.txt
writing top-level names to amr_mapping.egg-info/top_level.txt
reading manifest file 'amr_mapping.egg-info/SOURCES.txt'
writing manifest file 'amr_mapping.egg-info/SOURCES.txt'
Built target ament_cmake_python_build_amr_mapping_egg
-- Install configuration: ""
-- Up-to-date: /home/npd/Desktop/amr_bot/install/amr_mapping/share/amr_mapping/environment/pythonpath.sh
-- Installing: /home/npd/Desktop/amr_bot/install/amr_mapping/share/amr_mapping/environment/pythonpath.dsv
-- Up-to-date: /home/npd/Desktop/amr_bot/install/amr_mapping/local/lib/python3.10/dist-packages/amr_mapping-0.0.0-py3.10.egg-info
-- Installing: /home/npd/Desktop/amr_bot/install/amr_mapping/local/lib/python3.10/dist-packages/amr_mapping-0.0.0-py3.10.egg-info/PKG-INFO
-- Installing: /home/npd/Desktop/amr_bot/install/amr_mapping/local/lib/python3.10/dist-packages/amr_mapping-0.0.0-py3.10.egg-info/top_level.txt
-- Installing: /home/npd/Desktop/amr_bot/install/amr_mapping/local/lib/python3.10/dist-packages/amr_mapping-0.0.0-py3.10.egg-info/SOURCES.txt
-- Installing: /home/npd/Desktop/amr_bot/install/amr_mapping/local/lib/python3.10/dist-packages/amr_mapping-0.0.0-py3.10.egg-info/dependency_links.txt
-- Up-to-date: /home/npd/Desktop/amr_bot/install/amr_mapping/local/lib/python3.10/dist-packages/amr_mapping
-- Installing: /home/npd/Desktop/amr_bot/install/amr_mapping/local/lib/python3.10/dist-packages/amr_mapping/mapping_with_known_poses.py
-- Up-to-date: /home/npd/Desktop/amr_bot/install/amr_mapping/local/lib/python3.10/dist-packages/amr_mapping/__init__.py
Listing '/home/npd/Desktop/amr_bot/install/amr_mapping/local/lib/python3.10/dist-packages/amr_mapping'...
Compiling '/home/npd/Desktop/amr_bot/install/amr_mapping/local/lib/python3.10/dist-packages/amr_mapping/mapping_with_known_poses.py'...
-- Installing: /home/npd/Desktop/amr_bot/install/amr_mapping/lib/amr_mapping/mapping_with_known_poses.py
-- Up-to-date: /home/npd/Desktop/amr_bot/install/amr_mapping/share/amr_mapping/maps
-- Up-to-date: /home/npd/Desktop/amr_bot/install/amr_mapping/share/amr_mapping/maps/small_house
-- Up-to-date: /home/npd/Desktop/amr_bot/install/amr_mapping/share/amr_mapping/maps/small_house/map.yaml
-- Up-to-date: /home/npd/Desktop/amr_bot/install/amr_mapping/share/amr_mapping/maps/small_house/map.pgm
-- Installing: /home/npd/Desktop/amr_bot/install/amr_mapping/share/ament_index/resource_index/package_run_dependencies/amr_mapping
-- Up-to-date: /home/npd/Desktop/amr_bot/install/amr_mapping/share/ament_index/resource_index/parent_prefix_path/amr_mapping
-- Up-to-date: /home/npd/Desktop/amr_bot/install/amr_mapping/share/amr_mapping/environment/ament_prefix_path.sh
-- Installing: /home/npd/Desktop/amr_bot/install/amr_mapping/share/amr_mapping/environment/ament_prefix_path.dsv
-- Up-to-date: /home/npd/Desktop/amr_bot/install/amr_mapping/share/amr_mapping/environment/path.sh
-- Installing: /home/npd/Desktop/amr_bot/install/amr_mapping/share/amr_mapping/environment/path.dsv
-- Up-to-date: /home/npd/Desktop/amr_bot/install/amr_mapping/share/amr_mapping/local_setup.bash
-- Up-to-date: /home/npd/Desktop/amr_bot/install/amr_mapping/share/amr_mapping/local_setup.sh
-- Up-to-date: /home/npd/Desktop/amr_bot/install/amr_mapping/share/amr_mapping/local_setup.zsh
-- Installing: /home/npd/Desktop/amr_bot/install/amr_mapping/share/amr_mapping/local_setup.dsv
-- Installing: /home/npd/Desktop/amr_bot/install/amr_mapping/share/amr_mapping/package.dsv
-- Up-to-date: /home/npd/Desktop/amr_bot/install/amr_mapping/share/ament_index/resource_index/packages/amr_mapping
-- Up-to-date: /home/npd/Desktop/amr_bot/install/amr_mapping/share/amr_mapping/cmake/amr_mappingConfig.cmake
-- Up-to-date: /home/npd/Desktop/amr_bot/install/amr_mapping/share/amr_mapping/cmake/amr_mappingConfig-version.cmake
-- Installing: /home/npd/Desktop/amr_bot/install/amr_mapping/share/amr_mapping/package.xml
