[2.393s] Invoking command in '/home/npd/Desktop/amr_bot/src/amr_controller': PYTHONPATH=/home/npd/Desktop/amr_bot/build/amr_controller/prefix_override:/usr/lib/python3/dist-packages/colcon_core/task/python/colcon_distutils_commands:/home/npd/Desktop/amr_bot/install/amr_controller/lib/python3.10/site-packages:${PYTHONPATH} /usr/bin/python3 -W ignore:setup.py install is deprecated -W ignore:easy_install command is deprecated setup.py egg_info --egg-base ../../build/amr_controller build --build-base /home/npd/Desktop/amr_bot/build/amr_controller/build install --record /home/npd/Desktop/amr_bot/build/amr_controller/install.log --single-version-externally-managed install_data
[3.147s] running egg_info
[3.148s] writing ../../build/amr_controller/amr_controller.egg-info/PKG-INFO
[3.149s] writing dependency_links to ../../build/amr_controller/amr_controller.egg-info/dependency_links.txt
[3.150s] writing entry points to ../../build/amr_controller/amr_controller.egg-info/entry_points.txt
[3.151s] writing requirements to ../../build/amr_controller/amr_controller.egg-info/requires.txt
[3.152s] writing top-level names to ../../build/amr_controller/amr_controller.egg-info/top_level.txt
[3.156s] reading manifest file '../../build/amr_controller/amr_controller.egg-info/SOURCES.txt'
[3.158s] writing manifest file '../../build/amr_controller/amr_controller.egg-info/SOURCES.txt'
[3.158s] running build
[3.158s] running build_py
[3.159s] running install
[3.160s] running install_lib
[3.165s] running install_data
[3.166s] running install_egg_info
[3.170s] removing '/home/npd/Desktop/amr_bot/install/amr_controller/lib/python3.10/site-packages/amr_controller-0.0.0-py3.10.egg-info' (and everything under it)
[3.171s] Copying ../../build/amr_controller/amr_controller.egg-info to /home/npd/Desktop/amr_bot/install/amr_controller/lib/python3.10/site-packages/amr_controller-0.0.0-py3.10.egg-info
[3.174s] running install_scripts
[3.232s] Installing simple_controller script to /home/npd/Desktop/amr_bot/install/amr_controller/lib/amr_controller
[3.233s] writing list of installed files to '/home/npd/Desktop/amr_bot/build/amr_controller/install.log'
[3.294s] Invoked command in '/home/npd/Desktop/amr_bot/src/amr_controller' returned '0': PYTHONPATH=/home/npd/Desktop/amr_bot/build/amr_controller/prefix_override:/usr/lib/python3/dist-packages/colcon_core/task/python/colcon_distutils_commands:/home/npd/Desktop/amr_bot/install/amr_controller/lib/python3.10/site-packages:${PYTHONPATH} /usr/bin/python3 -W ignore:setup.py install is deprecated -W ignore:easy_install command is deprecated setup.py egg_info --egg-base ../../build/amr_controller build --build-base /home/npd/Desktop/amr_bot/build/amr_controller/build install --record /home/npd/Desktop/amr_bot/build/amr_controller/install.log --single-version-externally-managed install_data
