[0.202s] Invoking command in '/home/npd/Desktop/amr_bot/build/amr_utils': CMAKE_PREFIX_PATH=${CMAKE_PREFIX_PATH}:/home/npd/Desktop/amr_bot/install/amr_sensors:/home/npd/Desktop/amr_bot/install/amr_py_examples:/opt/ros/humble /usr/bin/cmake --build /home/npd/Desktop/amr_bot/build/amr_utils -- -j4 -l4
[0.654s] Built target ament_cmake_python_copy_amr_utils
[1.645s] running egg_info
[1.652s] writing amr_utils.egg-info/PKG-INFO
[1.653s] writing dependency_links to amr_utils.egg-info/dependency_links.txt
[1.659s] writing top-level names to amr_utils.egg-info/top_level.txt
[1.666s] reading manifest file 'amr_utils.egg-info/SOURCES.txt'
[1.670s] writing manifest file 'amr_utils.egg-info/SOURCES.txt'
[1.758s] Built target ament_cmake_python_build_amr_utils_egg
[1.791s] Invoked command in '/home/npd/Desktop/amr_bot/build/amr_utils' returned '0': CMAKE_PREFIX_PATH=${CMAKE_PREFIX_PATH}:/home/npd/Desktop/amr_bot/install/amr_sensors:/home/npd/Desktop/amr_bot/install/amr_py_examples:/opt/ros/humble /usr/bin/cmake --build /home/npd/Desktop/amr_bot/build/amr_utils -- -j4 -l4
[1.795s] Invoking command in '/home/npd/Desktop/amr_bot/build/amr_utils': CMAKE_PREFIX_PATH=${CMAKE_PREFIX_PATH}:/home/npd/Desktop/amr_bot/install/amr_sensors:/home/npd/Desktop/amr_bot/install/amr_py_examples:/opt/ros/humble /usr/bin/cmake --install /home/npd/Desktop/amr_bot/build/amr_utils
[1.831s] -- Install configuration: ""
[1.831s] -- Up-to-date: /home/npd/Desktop/amr_bot/install/amr_utils/share/amr_utils/environment/pythonpath.sh
[1.832s] -- Up-to-date: /home/npd/Desktop/amr_bot/install/amr_utils/share/amr_utils/environment/pythonpath.dsv
[1.832s] -- Up-to-date: /home/npd/Desktop/amr_bot/install/amr_utils/local/lib/python3.10/dist-packages/amr_utils-0.0.0-py3.10.egg-info
[1.834s] -- Installing: /home/npd/Desktop/amr_bot/install/amr_utils/local/lib/python3.10/dist-packages/amr_utils-0.0.0-py3.10.egg-info/PKG-INFO
[1.834s] -- Installing: /home/npd/Desktop/amr_bot/install/amr_utils/local/lib/python3.10/dist-packages/amr_utils-0.0.0-py3.10.egg-info/top_level.txt
[1.834s] -- Installing: /home/npd/Desktop/amr_bot/install/amr_utils/local/lib/python3.10/dist-packages/amr_utils-0.0.0-py3.10.egg-info/SOURCES.txt
[1.837s] -- Installing: /home/npd/Desktop/amr_bot/install/amr_utils/local/lib/python3.10/dist-packages/amr_utils-0.0.0-py3.10.egg-info/dependency_links.txt
[1.838s] -- Up-to-date: /home/npd/Desktop/amr_bot/install/amr_utils/local/lib/python3.10/dist-packages/amr_utils
[1.838s] -- Installing: /home/npd/Desktop/amr_bot/install/amr_utils/local/lib/python3.10/dist-packages/amr_utils/safety_stop.py
[1.842s] -- Up-to-date: /home/npd/Desktop/amr_bot/install/amr_utils/local/lib/python3.10/dist-packages/amr_utils/__init__.py
[2.010s] Listing '/home/npd/Desktop/amr_bot/install/amr_utils/local/lib/python3.10/dist-packages/amr_utils'...
[2.011s] Compiling '/home/npd/Desktop/amr_bot/install/amr_utils/local/lib/python3.10/dist-packages/amr_utils/safety_stop.py'...
[2.039s] -- Installing: /home/npd/Desktop/amr_bot/install/amr_utils/lib/amr_utils/safety_stop.py
[2.041s] -- Up-to-date: /home/npd/Desktop/amr_bot/install/amr_utils/share/ament_index/resource_index/package_run_dependencies/amr_utils
[2.041s] -- Up-to-date: /home/npd/Desktop/amr_bot/install/amr_utils/share/ament_index/resource_index/parent_prefix_path/amr_utils
[2.041s] -- Up-to-date: /home/npd/Desktop/amr_bot/install/amr_utils/share/amr_utils/environment/ament_prefix_path.sh
[2.041s] -- Up-to-date: /home/npd/Desktop/amr_bot/install/amr_utils/share/amr_utils/environment/ament_prefix_path.dsv
[2.042s] -- Up-to-date: /home/npd/Desktop/amr_bot/install/amr_utils/share/amr_utils/environment/path.sh
[2.043s] -- Up-to-date: /home/npd/Desktop/amr_bot/install/amr_utils/share/amr_utils/environment/path.dsv
[2.043s] -- Up-to-date: /home/npd/Desktop/amr_bot/install/amr_utils/share/amr_utils/local_setup.bash
[2.043s] -- Up-to-date: /home/npd/Desktop/amr_bot/install/amr_utils/share/amr_utils/local_setup.sh
[2.043s] -- Up-to-date: /home/npd/Desktop/amr_bot/install/amr_utils/share/amr_utils/local_setup.zsh
[2.044s] -- Up-to-date: /home/npd/Desktop/amr_bot/install/amr_utils/share/amr_utils/local_setup.dsv
[2.044s] -- Installing: /home/npd/Desktop/amr_bot/install/amr_utils/share/amr_utils/package.dsv
[2.049s] -- Up-to-date: /home/npd/Desktop/amr_bot/install/amr_utils/share/ament_index/resource_index/packages/amr_utils
[2.050s] -- Up-to-date: /home/npd/Desktop/amr_bot/install/amr_utils/share/amr_utils/cmake/amr_utilsConfig.cmake
[2.050s] -- Up-to-date: /home/npd/Desktop/amr_bot/install/amr_utils/share/amr_utils/cmake/amr_utilsConfig-version.cmake
[2.050s] -- Up-to-date: /home/npd/Desktop/amr_bot/install/amr_utils/share/amr_utils/package.xml
[2.060s] Invoked command in '/home/npd/Desktop/amr_bot/build/amr_utils' returned '0': CMAKE_PREFIX_PATH=${CMAKE_PREFIX_PATH}:/home/npd/Desktop/amr_bot/install/amr_sensors:/home/npd/Desktop/amr_bot/install/amr_py_examples:/opt/ros/humble /usr/bin/cmake --install /home/npd/Desktop/amr_bot/build/amr_utils
