[0.171s] Invoking command in '/home/npd/Desktop/amr_bot/build/amr_utils': CMAKE_PREFIX_PATH=${CMAKE_PREFIX_PATH}:/home/npd/Desktop/amr_bot/install/amr_sensors:/home/npd/Desktop/amr_bot/install/amr_py_examples:/opt/ros/humble /usr/bin/cmake --build /home/npd/Desktop/amr_bot/build/amr_utils -- -j4 -l4
[0.547s] Built target ament_cmake_python_copy_amr_utils
[1.534s] running egg_info
[1.537s] writing amr_utils.egg-info/PKG-INFO
[1.537s] writing dependency_links to amr_utils.egg-info/dependency_links.txt
[1.537s] writing top-level names to amr_utils.egg-info/top_level.txt
[1.544s] reading manifest file 'amr_utils.egg-info/SOURCES.txt'
[1.548s] writing manifest file 'amr_utils.egg-info/SOURCES.txt'
[1.649s] Built target ament_cmake_python_build_amr_utils_egg
[1.825s] Invoked command in '/home/npd/Desktop/amr_bot/build/amr_utils' returned '0': CMAKE_PREFIX_PATH=${CMAKE_PREFIX_PATH}:/home/npd/Desktop/amr_bot/install/amr_sensors:/home/npd/Desktop/amr_bot/install/amr_py_examples:/opt/ros/humble /usr/bin/cmake --build /home/npd/Desktop/amr_bot/build/amr_utils -- -j4 -l4
[1.840s] Invoking command in '/home/npd/Desktop/amr_bot/build/amr_utils': CMAKE_PREFIX_PATH=${CMAKE_PREFIX_PATH}:/home/npd/Desktop/amr_bot/install/amr_sensors:/home/npd/Desktop/amr_bot/install/amr_py_examples:/opt/ros/humble /usr/bin/cmake --install /home/npd/Desktop/amr_bot/build/amr_utils
[1.904s] -- Install configuration: ""
[1.904s] -- Up-to-date: /home/npd/Desktop/amr_bot/install/amr_utils/share/amr_utils/environment/pythonpath.sh
[1.904s] -- Up-to-date: /home/npd/Desktop/amr_bot/install/amr_utils/share/amr_utils/environment/pythonpath.dsv
[1.905s] -- Up-to-date: /home/npd/Desktop/amr_bot/install/amr_utils/local/lib/python3.10/dist-packages/amr_utils-0.0.0-py3.10.egg-info
[1.908s] -- Installing: /home/npd/Desktop/amr_bot/install/amr_utils/local/lib/python3.10/dist-packages/amr_utils-0.0.0-py3.10.egg-info/PKG-INFO
[1.908s] -- Installing: /home/npd/Desktop/amr_bot/install/amr_utils/local/lib/python3.10/dist-packages/amr_utils-0.0.0-py3.10.egg-info/top_level.txt
[1.908s] -- Installing: /home/npd/Desktop/amr_bot/install/amr_utils/local/lib/python3.10/dist-packages/amr_utils-0.0.0-py3.10.egg-info/SOURCES.txt
[1.908s] -- Installing: /home/npd/Desktop/amr_bot/install/amr_utils/local/lib/python3.10/dist-packages/amr_utils-0.0.0-py3.10.egg-info/dependency_links.txt
[1.908s] -- Up-to-date: /home/npd/Desktop/amr_bot/install/amr_utils/local/lib/python3.10/dist-packages/amr_utils
[1.909s] -- Up-to-date: /home/npd/Desktop/amr_bot/install/amr_utils/local/lib/python3.10/dist-packages/amr_utils/safety_stop.py
[1.909s] -- Up-to-date: /home/npd/Desktop/amr_bot/install/amr_utils/local/lib/python3.10/dist-packages/amr_utils/__init__.py
[2.075s] Listing '/home/npd/Desktop/amr_bot/install/amr_utils/local/lib/python3.10/dist-packages/amr_utils'...
[2.097s] -- Up-to-date: /home/npd/Desktop/amr_bot/install/amr_utils/lib/amr_utils/safety_stop.py
[2.097s] -- Up-to-date: /home/npd/Desktop/amr_bot/install/amr_utils/share/ament_index/resource_index/package_run_dependencies/amr_utils
[2.098s] -- Up-to-date: /home/npd/Desktop/amr_bot/install/amr_utils/share/ament_index/resource_index/parent_prefix_path/amr_utils
[2.098s] -- Up-to-date: /home/npd/Desktop/amr_bot/install/amr_utils/share/amr_utils/environment/ament_prefix_path.sh
[2.098s] -- Up-to-date: /home/npd/Desktop/amr_bot/install/amr_utils/share/amr_utils/environment/ament_prefix_path.dsv
[2.098s] -- Up-to-date: /home/npd/Desktop/amr_bot/install/amr_utils/share/amr_utils/environment/path.sh
[2.099s] -- Up-to-date: /home/npd/Desktop/amr_bot/install/amr_utils/share/amr_utils/environment/path.dsv
[2.099s] -- Up-to-date: /home/npd/Desktop/amr_bot/install/amr_utils/share/amr_utils/local_setup.bash
[2.099s] -- Up-to-date: /home/npd/Desktop/amr_bot/install/amr_utils/share/amr_utils/local_setup.sh
[2.099s] -- Up-to-date: /home/npd/Desktop/amr_bot/install/amr_utils/share/amr_utils/local_setup.zsh
[2.099s] -- Up-to-date: /home/npd/Desktop/amr_bot/install/amr_utils/share/amr_utils/local_setup.dsv
[2.100s] -- Installing: /home/npd/Desktop/amr_bot/install/amr_utils/share/amr_utils/package.dsv
[2.102s] -- Up-to-date: /home/npd/Desktop/amr_bot/install/amr_utils/share/ament_index/resource_index/packages/amr_utils
[2.102s] -- Up-to-date: /home/npd/Desktop/amr_bot/install/amr_utils/share/amr_utils/cmake/amr_utilsConfig.cmake
[2.103s] -- Up-to-date: /home/npd/Desktop/amr_bot/install/amr_utils/share/amr_utils/cmake/amr_utilsConfig-version.cmake
[2.103s] -- Up-to-date: /home/npd/Desktop/amr_bot/install/amr_utils/share/amr_utils/package.xml
[2.118s] Invoked command in '/home/npd/Desktop/amr_bot/build/amr_utils' returned '0': CMAKE_PREFIX_PATH=${CMAKE_PREFIX_PATH}:/home/npd/Desktop/amr_bot/install/amr_sensors:/home/npd/Desktop/amr_bot/install/amr_py_examples:/opt/ros/humble /usr/bin/cmake --install /home/npd/Desktop/amr_bot/build/amr_utils
