[0.056s] Invoking command in '/home/npd/Desktop/amr_bot/build/amr_description': CMAKE_PREFIX_PATH=${CMAKE_PREFIX_PATH}:/home/npd/Desktop/amr_bot/install/amr_py_examples:/opt/ros/humble /usr/bin/cmake --build /home/npd/Desktop/amr_bot/build/amr_description -- -j4 -l4
[0.207s] Invoked command in '/home/npd/Desktop/amr_bot/build/amr_description' returned '0': CMAKE_PREFIX_PATH=${CMAKE_PREFIX_PATH}:/home/npd/Desktop/amr_bot/install/amr_py_examples:/opt/ros/humble /usr/bin/cmake --build /home/npd/Desktop/amr_bot/build/amr_description -- -j4 -l4
[0.215s] Invoking command in '/home/npd/Desktop/amr_bot/build/amr_description': CMAKE_PREFIX_PATH=${CMAKE_PREFIX_PATH}:/home/npd/Desktop/amr_bot/install/amr_py_examples:/opt/ros/humble /usr/bin/cmake --install /home/npd/Desktop/amr_bot/build/amr_description
[0.259s] -- Install configuration: ""
[0.270s] -- Execute custom install script
[0.282s] -- Up-to-date symlink: /home/npd/Desktop/amr_bot/install/amr_description/share/amr_description/urdf/amr.urdf.xacro
[0.282s] -- Up-to-date symlink: /home/npd/Desktop/amr_bot/install/amr_description/share/amr_description/urdf/amr_gazebo.xacro
[0.282s] -- Up-to-date symlink: /home/npd/Desktop/amr_bot/install/amr_description/share/amr_description/urdf/amr_ros2_control.xacro
[0.282s] -- Up-to-date symlink: /home/npd/Desktop/amr_bot/install/amr_description/share/amr_description/launch/display_fixed.launch.py
[0.285s] -- Up-to-date symlink: /home/npd/Desktop/amr_bot/install/amr_description/share/amr_description/launch/gazebo.launch.py
[0.294s] -- Up-to-date symlink: /home/npd/Desktop/amr_bot/install/amr_description/share/amr_description/rviz/amr_rviz.rviz
[0.305s] -- Up-to-date symlink: /home/npd/Desktop/amr_bot/install/amr_description/share/ament_index/resource_index/package_run_dependencies/amr_description
[0.322s] -- Up-to-date symlink: /home/npd/Desktop/amr_bot/install/amr_description/share/ament_index/resource_index/parent_prefix_path/amr_description
[0.322s] -- Up-to-date symlink: /home/npd/Desktop/amr_bot/install/amr_description/share/amr_description/environment/ament_prefix_path.sh
[0.322s] -- Up-to-date symlink: /home/npd/Desktop/amr_bot/install/amr_description/share/amr_description/environment/ament_prefix_path.dsv
[0.323s] -- Up-to-date symlink: /home/npd/Desktop/amr_bot/install/amr_description/share/amr_description/environment/path.sh
[0.328s] -- Up-to-date symlink: /home/npd/Desktop/amr_bot/install/amr_description/share/amr_description/environment/path.dsv
[0.335s] -- Up-to-date symlink: /home/npd/Desktop/amr_bot/install/amr_description/share/amr_description/local_setup.bash
[0.335s] -- Up-to-date symlink: /home/npd/Desktop/amr_bot/install/amr_description/share/amr_description/local_setup.sh
[0.348s] -- Up-to-date symlink: /home/npd/Desktop/amr_bot/install/amr_description/share/amr_description/local_setup.zsh
[0.348s] -- Up-to-date symlink: /home/npd/Desktop/amr_bot/install/amr_description/share/amr_description/local_setup.dsv
[0.348s] -- Symlinking: /home/npd/Desktop/amr_bot/install/amr_description/share/amr_description/package.dsv
[0.401s] -- Up-to-date symlink: /home/npd/Desktop/amr_bot/install/amr_description/share/ament_index/resource_index/packages/amr_description
[0.402s] -- Up-to-date symlink: /home/npd/Desktop/amr_bot/install/amr_description/share/amr_description/cmake/amr_descriptionConfig.cmake
[0.402s] -- Up-to-date symlink: /home/npd/Desktop/amr_bot/install/amr_description/share/amr_description/cmake/amr_descriptionConfig-version.cmake
[0.403s] -- Up-to-date symlink: /home/npd/Desktop/amr_bot/install/amr_description/share/amr_description/package.xml
[0.487s] Invoked command in '/home/npd/Desktop/amr_bot/build/amr_description' returned '0': CMAKE_PREFIX_PATH=${CMAKE_PREFIX_PATH}:/home/npd/Desktop/amr_bot/install/amr_py_examples:/opt/ros/humble /usr/bin/cmake --install /home/npd/Desktop/amr_bot/build/amr_description
