[0.183s] Invoking command in '/home/npd/Desktop/amr_bot/build/ydlidar_ros2_driver': CMAKE_PREFIX_PATH=${CMAKE_PREFIX_PATH}:/home/npd/Desktop/amr_bot/install/amr_sensors:/home/npd/Desktop/amr_bot/install/amr_py_examples:/opt/ros/humble /usr/bin/cmake --build /home/npd/Desktop/amr_bot/build/ydlidar_ros2_driver -- -j4 -l4
[0.504s] [ 50%] Built target ydlidar_ros2_driver_node
[0.560s] [100%] Built target ydlidar_ros2_driver_client
[1.399s] Invoked command in '/home/npd/Desktop/amr_bot/build/ydlidar_ros2_driver' returned '0': CMAKE_PREFIX_PATH=${CMAKE_PREFIX_PATH}:/home/npd/Desktop/amr_bot/install/amr_sensors:/home/npd/Desktop/amr_bot/install/amr_py_examples:/opt/ros/humble /usr/bin/cmake --build /home/npd/Desktop/amr_bot/build/ydlidar_ros2_driver -- -j4 -l4
[1.402s] Invoking command in '/home/npd/Desktop/amr_bot/build/ydlidar_ros2_driver': CMAKE_PREFIX_PATH=${CMAKE_PREFIX_PATH}:/home/npd/Desktop/amr_bot/install/amr_sensors:/home/npd/Desktop/amr_bot/install/amr_py_examples:/opt/ros/humble /usr/bin/cmake --install /home/npd/Desktop/amr_bot/build/ydlidar_ros2_driver
[1.444s] -- Install configuration: ""
[1.445s] -- Up-to-date: /home/npd/Desktop/amr_bot/install/ydlidar_ros2_driver/lib/ydlidar_ros2_driver/ydlidar_ros2_driver_node
[1.451s] -- Up-to-date: /home/npd/Desktop/amr_bot/install/ydlidar_ros2_driver/lib/ydlidar_ros2_driver/ydlidar_ros2_driver_client
[1.452s] -- Up-to-date: /home/npd/Desktop/amr_bot/install/ydlidar_ros2_driver/share/ydlidar_ros2_driver/launch
[1.452s] -- Up-to-date: /home/npd/Desktop/amr_bot/install/ydlidar_ros2_driver/share/ydlidar_ros2_driver/launch/ydlidar.py
[1.453s] -- Up-to-date: /home/npd/Desktop/amr_bot/install/ydlidar_ros2_driver/share/ydlidar_ros2_driver/launch/ydlidar_launch.py
[1.453s] -- Up-to-date: /home/npd/Desktop/amr_bot/install/ydlidar_ros2_driver/share/ydlidar_ros2_driver/launch/ydlidar_launch_view.py
[1.454s] -- Up-to-date: /home/npd/Desktop/amr_bot/install/ydlidar_ros2_driver/share/ydlidar_ros2_driver/params
[1.454s] -- Up-to-date: /home/npd/Desktop/amr_bot/install/ydlidar_ros2_driver/share/ydlidar_ros2_driver/params/G6.yaml
[1.454s] -- Up-to-date: /home/npd/Desktop/amr_bot/install/ydlidar_ros2_driver/share/ydlidar_ros2_driver/params/GS2.yaml
[1.454s] -- Up-to-date: /home/npd/Desktop/amr_bot/install/ydlidar_ros2_driver/share/ydlidar_ros2_driver/params/X4-Pro.yaml
[1.459s] -- Up-to-date: /home/npd/Desktop/amr_bot/install/ydlidar_ros2_driver/share/ydlidar_ros2_driver/params/TG.yaml
[1.459s] -- Up-to-date: /home/npd/Desktop/amr_bot/install/ydlidar_ros2_driver/share/ydlidar_ros2_driver/params/X4.yaml
[1.459s] -- Up-to-date: /home/npd/Desktop/amr_bot/install/ydlidar_ros2_driver/share/ydlidar_ros2_driver/params/TEA.yaml
[1.459s] -- Up-to-date: /home/npd/Desktop/amr_bot/install/ydlidar_ros2_driver/share/ydlidar_ros2_driver/params/ydlidar.yaml
[1.459s] -- Up-to-date: /home/npd/Desktop/amr_bot/install/ydlidar_ros2_driver/share/ydlidar_ros2_driver/params/ydlidar.yamlo
[1.460s] -- Up-to-date: /home/npd/Desktop/amr_bot/install/ydlidar_ros2_driver/share/ydlidar_ros2_driver/params/G2.yaml
[1.463s] -- Up-to-date: /home/npd/Desktop/amr_bot/install/ydlidar_ros2_driver/share/ydlidar_ros2_driver/params/G1.yaml
[1.463s] -- Up-to-date: /home/npd/Desktop/amr_bot/install/ydlidar_ros2_driver/share/ydlidar_ros2_driver/params/TminiPro.yaml
[1.463s] -- Up-to-date: /home/npd/Desktop/amr_bot/install/ydlidar_ros2_driver/share/ydlidar_ros2_driver/params/X2.yaml
[1.463s] -- Up-to-date: /home/npd/Desktop/amr_bot/install/ydlidar_ros2_driver/share/ydlidar_ros2_driver/startup
[1.464s] -- Up-to-date: /home/npd/Desktop/amr_bot/install/ydlidar_ros2_driver/share/ydlidar_ros2_driver/startup/initenv.sh
[1.464s] -- Up-to-date: /home/npd/Desktop/amr_bot/install/ydlidar_ros2_driver/share/ydlidar_ros2_driver/config
[1.464s] -- Up-to-date: /home/npd/Desktop/amr_bot/install/ydlidar_ros2_driver/share/ydlidar_ros2_driver/config/ydlidar.rviz
[1.464s] -- Up-to-date: /home/npd/Desktop/amr_bot/install/ydlidar_ros2_driver/share/ament_index/resource_index/package_run_dependencies/ydlidar_ros2_driver
[1.464s] -- Up-to-date: /home/npd/Desktop/amr_bot/install/ydlidar_ros2_driver/share/ament_index/resource_index/parent_prefix_path/ydlidar_ros2_driver
[1.465s] -- Up-to-date: /home/npd/Desktop/amr_bot/install/ydlidar_ros2_driver/share/ydlidar_ros2_driver/environment/ament_prefix_path.sh
[1.465s] -- Up-to-date: /home/npd/Desktop/amr_bot/install/ydlidar_ros2_driver/share/ydlidar_ros2_driver/environment/ament_prefix_path.dsv
[1.471s] -- Up-to-date: /home/npd/Desktop/amr_bot/install/ydlidar_ros2_driver/share/ydlidar_ros2_driver/environment/path.sh
[1.471s] -- Up-to-date: /home/npd/Desktop/amr_bot/install/ydlidar_ros2_driver/share/ydlidar_ros2_driver/environment/path.dsv
[1.472s] -- Up-to-date: /home/npd/Desktop/amr_bot/install/ydlidar_ros2_driver/share/ydlidar_ros2_driver/local_setup.bash
[1.472s] -- Up-to-date: /home/npd/Desktop/amr_bot/install/ydlidar_ros2_driver/share/ydlidar_ros2_driver/local_setup.sh
[1.472s] -- Up-to-date: /home/npd/Desktop/amr_bot/install/ydlidar_ros2_driver/share/ydlidar_ros2_driver/local_setup.zsh
[1.472s] -- Up-to-date: /home/npd/Desktop/amr_bot/install/ydlidar_ros2_driver/share/ydlidar_ros2_driver/local_setup.dsv
[1.472s] -- Installing: /home/npd/Desktop/amr_bot/install/ydlidar_ros2_driver/share/ydlidar_ros2_driver/package.dsv
[1.473s] -- Up-to-date: /home/npd/Desktop/amr_bot/install/ydlidar_ros2_driver/share/ament_index/resource_index/packages/ydlidar_ros2_driver
[1.477s] -- Up-to-date: /home/npd/Desktop/amr_bot/install/ydlidar_ros2_driver/share/ydlidar_ros2_driver/cmake/ydlidar_ros2_driverConfig.cmake
[1.477s] -- Up-to-date: /home/npd/Desktop/amr_bot/install/ydlidar_ros2_driver/share/ydlidar_ros2_driver/cmake/ydlidar_ros2_driverConfig-version.cmake
[1.478s] -- Up-to-date: /home/npd/Desktop/amr_bot/install/ydlidar_ros2_driver/share/ydlidar_ros2_driver/package.xml
[1.478s] Invoked command in '/home/npd/Desktop/amr_bot/build/ydlidar_ros2_driver' returned '0': CMAKE_PREFIX_PATH=${CMAKE_PREFIX_PATH}:/home/npd/Desktop/amr_bot/install/amr_sensors:/home/npd/Desktop/amr_bot/install/amr_py_examples:/opt/ros/humble /usr/bin/cmake --install /home/npd/Desktop/amr_bot/build/ydlidar_ros2_driver
