[2.360s] Invoking command in '/home/npd/Desktop/amr_bot/src/amr_py_examples': PYTHONPATH=/home/npd/Desktop/amr_bot/build/amr_py_examples/prefix_override:/usr/lib/python3/dist-packages/colcon_core/task/python/colcon_distutils_commands:/home/npd/Desktop/amr_bot/install/amr_py_examples/lib/python3.10/site-packages:${PYTHONPATH} /usr/bin/python3 -W ignore:setup.py install is deprecated -W ignore:easy_install command is deprecated setup.py egg_info --egg-base ../../build/amr_py_examples build --build-base /home/npd/Desktop/amr_bot/build/amr_py_examples/build install --record /home/npd/Desktop/amr_bot/build/amr_py_examples/install.log --single-version-externally-managed install_data
[3.292s] running egg_info
[3.293s] creating ../../build/amr_py_examples/amr_py_examples.egg-info
[3.293s] writing ../../build/amr_py_examples/amr_py_examples.egg-info/PKG-INFO
[3.294s] writing dependency_links to ../../build/amr_py_examples/amr_py_examples.egg-info/dependency_links.txt
[3.296s] writing entry points to ../../build/amr_py_examples/amr_py_examples.egg-info/entry_points.txt
[3.296s] writing requirements to ../../build/amr_py_examples/amr_py_examples.egg-info/requires.txt
[3.296s] writing top-level names to ../../build/amr_py_examples/amr_py_examples.egg-info/top_level.txt
[3.296s] writing manifest file '../../build/amr_py_examples/amr_py_examples.egg-info/SOURCES.txt'
[3.298s] reading manifest file '../../build/amr_py_examples/amr_py_examples.egg-info/SOURCES.txt'
[3.301s] writing manifest file '../../build/amr_py_examples/amr_py_examples.egg-info/SOURCES.txt'
[3.301s] running build
[3.301s] running build_py
[3.302s] creating /home/npd/Desktop/amr_bot/build/amr_py_examples/build
[3.302s] creating /home/npd/Desktop/amr_bot/build/amr_py_examples/build/lib
[3.302s] creating /home/npd/Desktop/amr_bot/build/amr_py_examples/build/lib/amr_py_examples
[3.302s] copying amr_py_examples/simple_parameter.py -> /home/npd/Desktop/amr_bot/build/amr_py_examples/build/lib/amr_py_examples
[3.303s] copying amr_py_examples/simple_subscriber.py -> /home/npd/Desktop/amr_bot/build/amr_py_examples/build/lib/amr_py_examples
[3.303s] copying amr_py_examples/simple_publisher.py -> /home/npd/Desktop/amr_bot/build/amr_py_examples/build/lib/amr_py_examples
[3.303s] copying amr_py_examples/__init__.py -> /home/npd/Desktop/amr_bot/build/amr_py_examples/build/lib/amr_py_examples
[3.304s] running install
[3.304s] running install_lib
[3.307s] creating /home/npd/Desktop/amr_bot/install/amr_py_examples/lib/python3.10/site-packages/amr_py_examples
[3.308s] copying /home/npd/Desktop/amr_bot/build/amr_py_examples/build/lib/amr_py_examples/simple_parameter.py -> /home/npd/Desktop/amr_bot/install/amr_py_examples/lib/python3.10/site-packages/amr_py_examples
[3.308s] copying /home/npd/Desktop/amr_bot/build/amr_py_examples/build/lib/amr_py_examples/simple_subscriber.py -> /home/npd/Desktop/amr_bot/install/amr_py_examples/lib/python3.10/site-packages/amr_py_examples
[3.308s] copying /home/npd/Desktop/amr_bot/build/amr_py_examples/build/lib/amr_py_examples/simple_publisher.py -> /home/npd/Desktop/amr_bot/install/amr_py_examples/lib/python3.10/site-packages/amr_py_examples
[3.309s] copying /home/npd/Desktop/amr_bot/build/amr_py_examples/build/lib/amr_py_examples/__init__.py -> /home/npd/Desktop/amr_bot/install/amr_py_examples/lib/python3.10/site-packages/amr_py_examples
[3.310s] byte-compiling /home/npd/Desktop/amr_bot/install/amr_py_examples/lib/python3.10/site-packages/amr_py_examples/simple_parameter.py to simple_parameter.cpython-310.pyc
[3.311s] byte-compiling /home/npd/Desktop/amr_bot/install/amr_py_examples/lib/python3.10/site-packages/amr_py_examples/simple_subscriber.py to simple_subscriber.cpython-310.pyc
[3.312s] byte-compiling /home/npd/Desktop/amr_bot/install/amr_py_examples/lib/python3.10/site-packages/amr_py_examples/simple_publisher.py to simple_publisher.cpython-310.pyc
[3.313s] byte-compiling /home/npd/Desktop/amr_bot/install/amr_py_examples/lib/python3.10/site-packages/amr_py_examples/__init__.py to __init__.cpython-310.pyc
[3.313s] running install_data
[3.313s] creating /home/npd/Desktop/amr_bot/install/amr_py_examples/share/ament_index
[3.314s] creating /home/npd/Desktop/amr_bot/install/amr_py_examples/share/ament_index/resource_index
[3.314s] creating /home/npd/Desktop/amr_bot/install/amr_py_examples/share/ament_index/resource_index/packages
[3.314s] copying resource/amr_py_examples -> /home/npd/Desktop/amr_bot/install/amr_py_examples/share/ament_index/resource_index/packages
[3.315s] copying package.xml -> /home/npd/Desktop/amr_bot/install/amr_py_examples/share/amr_py_examples
[3.315s] running install_egg_info
[3.318s] Copying ../../build/amr_py_examples/amr_py_examples.egg-info to /home/npd/Desktop/amr_bot/install/amr_py_examples/lib/python3.10/site-packages/amr_py_examples-0.0.1-py3.10.egg-info
[3.320s] running install_scripts
[3.361s] Installing simple_parameter script to /home/npd/Desktop/amr_bot/install/amr_py_examples/lib/amr_py_examples
[3.361s] Installing simple_publisher script to /home/npd/Desktop/amr_bot/install/amr_py_examples/lib/amr_py_examples
[3.362s] Installing simple_subscriber script to /home/npd/Desktop/amr_bot/install/amr_py_examples/lib/amr_py_examples
[3.362s] writing list of installed files to '/home/npd/Desktop/amr_bot/build/amr_py_examples/install.log'
[3.406s] Invoked command in '/home/npd/Desktop/amr_bot/src/amr_py_examples' returned '0': PYTHONPATH=/home/npd/Desktop/amr_bot/build/amr_py_examples/prefix_override:/usr/lib/python3/dist-packages/colcon_core/task/python/colcon_distutils_commands:/home/npd/Desktop/amr_bot/install/amr_py_examples/lib/python3.10/site-packages:${PYTHONPATH} /usr/bin/python3 -W ignore:setup.py install is deprecated -W ignore:easy_install command is deprecated setup.py egg_info --egg-base ../../build/amr_py_examples build --build-base /home/npd/Desktop/amr_bot/build/amr_py_examples/build install --record /home/npd/Desktop/amr_bot/build/amr_py_examples/install.log --single-version-externally-managed install_data
