[0.056s] Invoking command in '/home/npd/Desktop/amr_bot/build/amr_msgs': CMAKE_PREFIX_PATH=${CMAKE_PREFIX_PATH}:/home/npd/Desktop/amr_bot/install/amr_sensors:/home/npd/Desktop/amr_bot/install/amr_py_examples:/opt/ros/humble /usr/bin/cmake --build /home/npd/Desktop/amr_bot/build/amr_msgs -- -j4 -l4
[0.284s] [  2%] Built target amr_msgs__cpp
[0.284s] [ 12%] Built target amr_msgs__rosidl_generator_c
[0.368s] [ 12%] Built target ament_cmake_python_copy_amr_msgs
[0.472s] [ 23%] Built target amr_msgs__rosidl_typesupport_c
[0.472s] [ 33%] Built target amr_msgs__rosidl_typesupport_introspection_c
[0.484s] [ 43%] Built target amr_msgs__rosidl_typesupport_fastrtps_c
[0.531s] [ 53%] Built target amr_msgs__rosidl_typesupport_introspection_cpp
[0.636s] [ 64%] Built target amr_msgs__rosidl_typesupport_cpp
[0.652s] [ 74%] Built target amr_msgs__rosidl_typesupport_fastrtps_cpp
[0.801s] [ 74%] Built target amr_msgs
[0.958s] [ 76%] Built target amr_msgs__py
[1.138s] [ 84%] Built target amr_msgs__rosidl_generator_py
[1.344s] [ 89%] Built target amr_msgs__rosidl_typesupport_fastrtps_c__pyext
[1.351s] [ 94%] Built target amr_msgs__rosidl_typesupport_c__pyext
[1.368s] [100%] Built target amr_msgs__rosidl_typesupport_introspection_c__pyext
[2.443s] running egg_info
[2.448s] writing amr_msgs.egg-info/PKG-INFO
[2.455s] writing dependency_links to amr_msgs.egg-info/dependency_links.txt
[2.455s] writing top-level names to amr_msgs.egg-info/top_level.txt
[2.470s] reading manifest file 'amr_msgs.egg-info/SOURCES.txt'
[2.472s] writing manifest file 'amr_msgs.egg-info/SOURCES.txt'
[2.611s] [100%] Built target ament_cmake_python_build_amr_msgs_egg
[3.144s] Invoked command in '/home/npd/Desktop/amr_bot/build/amr_msgs' returned '0': CMAKE_PREFIX_PATH=${CMAKE_PREFIX_PATH}:/home/npd/Desktop/amr_bot/install/amr_sensors:/home/npd/Desktop/amr_bot/install/amr_py_examples:/opt/ros/humble /usr/bin/cmake --build /home/npd/Desktop/amr_bot/build/amr_msgs -- -j4 -l4
[3.152s] Invoking command in '/home/npd/Desktop/amr_bot/build/amr_msgs': CMAKE_PREFIX_PATH=${CMAKE_PREFIX_PATH}:/home/npd/Desktop/amr_bot/install/amr_sensors:/home/npd/Desktop/amr_bot/install/amr_py_examples:/opt/ros/humble /usr/bin/cmake --install /home/npd/Desktop/amr_bot/build/amr_msgs
[3.225s] -- Install configuration: ""
[3.225s] -- Up-to-date: /home/npd/Desktop/amr_bot/install/amr_msgs/share/ament_index/resource_index/rosidl_interfaces/amr_msgs
[3.229s] -- Up-to-date: /home/npd/Desktop/amr_bot/install/amr_msgs/include/amr_msgs/amr_msgs
[3.238s] -- Up-to-date: /home/npd/Desktop/amr_bot/install/amr_msgs/include/amr_msgs/amr_msgs/msg
[3.239s] -- Up-to-date: /home/npd/Desktop/amr_bot/install/amr_msgs/include/amr_msgs/amr_msgs/msg/rosidl_generator_c__visibility_control.h
[3.239s] -- Up-to-date: /home/npd/Desktop/amr_bot/install/amr_msgs/include/amr_msgs/amr_msgs/srv
[3.239s] -- Up-to-date: /home/npd/Desktop/amr_bot/install/amr_msgs/include/amr_msgs/amr_msgs/srv/add_twoints.h
[3.239s] -- Up-to-date: /home/npd/Desktop/amr_bot/install/amr_msgs/include/amr_msgs/amr_msgs/srv/detail
[3.239s] -- Up-to-date: /home/npd/Desktop/amr_bot/install/amr_msgs/include/amr_msgs/amr_msgs/srv/detail/add_twoints__functions.h
[3.240s] -- Up-to-date: /home/npd/Desktop/amr_bot/install/amr_msgs/include/amr_msgs/amr_msgs/srv/detail/get_transform__functions.c
[3.240s] -- Up-to-date: /home/npd/Desktop/amr_bot/install/amr_msgs/include/amr_msgs/amr_msgs/srv/detail/add_twoints__functions.c
[3.240s] -- Up-to-date: /home/npd/Desktop/amr_bot/install/amr_msgs/include/amr_msgs/amr_msgs/srv/detail/add_twoints__type_support.h
[3.240s] -- Up-to-date: /home/npd/Desktop/amr_bot/install/amr_msgs/include/amr_msgs/amr_msgs/srv/detail/get_transform__type_support.h
[3.240s] -- Up-to-date: /home/npd/Desktop/amr_bot/install/amr_msgs/include/amr_msgs/amr_msgs/srv/detail/get_transform__functions.h
[3.249s] -- Up-to-date: /home/npd/Desktop/amr_bot/install/amr_msgs/include/amr_msgs/amr_msgs/srv/detail/add_twoints__struct.h
[3.250s] -- Up-to-date: /home/npd/Desktop/amr_bot/install/amr_msgs/include/amr_msgs/amr_msgs/srv/detail/get_transform__struct.h
[3.250s] -- Up-to-date: /home/npd/Desktop/amr_bot/install/amr_msgs/include/amr_msgs/amr_msgs/srv/get_transform.h
[3.250s] -- Up-to-date: /home/npd/Desktop/amr_bot/install/amr_msgs/share/amr_msgs/environment/library_path.sh
[3.250s] -- Up-to-date: /home/npd/Desktop/amr_bot/install/amr_msgs/share/amr_msgs/environment/library_path.dsv
[3.264s] -- Up-to-date: /home/npd/Desktop/amr_bot/install/amr_msgs/lib/libamr_msgs__rosidl_generator_c.so
[3.264s] -- Up-to-date: /home/npd/Desktop/amr_bot/install/amr_msgs/include/amr_msgs/amr_msgs
[3.264s] -- Up-to-date: /home/npd/Desktop/amr_bot/install/amr_msgs/include/amr_msgs/amr_msgs/msg
[3.265s] -- Up-to-date: /home/npd/Desktop/amr_bot/install/amr_msgs/include/amr_msgs/amr_msgs/msg/rosidl_typesupport_fastrtps_c__visibility_control.h
[3.265s] -- Up-to-date: /home/npd/Desktop/amr_bot/install/amr_msgs/include/amr_msgs/amr_msgs/srv
[3.265s] -- Up-to-date: /home/npd/Desktop/amr_bot/install/amr_msgs/include/amr_msgs/amr_msgs/srv/detail
[3.265s] -- Up-to-date: /home/npd/Desktop/amr_bot/install/amr_msgs/include/amr_msgs/amr_msgs/srv/detail/get_transform__rosidl_typesupport_fastrtps_c.h
[3.267s] -- Up-to-date: /home/npd/Desktop/amr_bot/install/amr_msgs/include/amr_msgs/amr_msgs/srv/detail/add_twoints__rosidl_typesupport_fastrtps_c.h
[3.276s] -- Up-to-date: /home/npd/Desktop/amr_bot/install/amr_msgs/lib/libamr_msgs__rosidl_typesupport_fastrtps_c.so
[3.277s] -- Up-to-date: /home/npd/Desktop/amr_bot/install/amr_msgs/include/amr_msgs/amr_msgs
[3.277s] -- Up-to-date: /home/npd/Desktop/amr_bot/install/amr_msgs/include/amr_msgs/amr_msgs/msg
[3.277s] -- Up-to-date: /home/npd/Desktop/amr_bot/install/amr_msgs/include/amr_msgs/amr_msgs/msg/rosidl_generator_cpp__visibility_control.hpp
[3.277s] -- Up-to-date: /home/npd/Desktop/amr_bot/install/amr_msgs/include/amr_msgs/amr_msgs/srv
[3.277s] -- Up-to-date: /home/npd/Desktop/amr_bot/install/amr_msgs/include/amr_msgs/amr_msgs/srv/add_twoints.hpp
[3.278s] -- Up-to-date: /home/npd/Desktop/amr_bot/install/amr_msgs/include/amr_msgs/amr_msgs/srv/get_transform.hpp
[3.278s] -- Up-to-date: /home/npd/Desktop/amr_bot/install/amr_msgs/include/amr_msgs/amr_msgs/srv/detail
[3.278s] -- Up-to-date: /home/npd/Desktop/amr_bot/install/amr_msgs/include/amr_msgs/amr_msgs/srv/detail/get_transform__type_support.hpp
[3.278s] -- Up-to-date: /home/npd/Desktop/amr_bot/install/amr_msgs/include/amr_msgs/amr_msgs/srv/detail/add_twoints__traits.hpp
[3.278s] -- Up-to-date: /home/npd/Desktop/amr_bot/install/amr_msgs/include/amr_msgs/amr_msgs/srv/detail/add_twoints__struct.hpp
[3.281s] -- Up-to-date: /home/npd/Desktop/amr_bot/install/amr_msgs/include/amr_msgs/amr_msgs/srv/detail/get_transform__builder.hpp
[3.281s] -- Up-to-date: /home/npd/Desktop/amr_bot/install/amr_msgs/include/amr_msgs/amr_msgs/srv/detail/add_twoints__builder.hpp
[3.281s] -- Up-to-date: /home/npd/Desktop/amr_bot/install/amr_msgs/include/amr_msgs/amr_msgs/srv/detail/add_twoints__type_support.hpp
[3.281s] -- Up-to-date: /home/npd/Desktop/amr_bot/install/amr_msgs/include/amr_msgs/amr_msgs/srv/detail/get_transform__struct.hpp
[3.282s] -- Up-to-date: /home/npd/Desktop/amr_bot/install/amr_msgs/include/amr_msgs/amr_msgs/srv/detail/get_transform__traits.hpp
[3.282s] -- Up-to-date: /home/npd/Desktop/amr_bot/install/amr_msgs/include/amr_msgs/amr_msgs
[3.282s] -- Up-to-date: /home/npd/Desktop/amr_bot/install/amr_msgs/include/amr_msgs/amr_msgs/msg
[3.282s] -- Up-to-date: /home/npd/Desktop/amr_bot/install/amr_msgs/include/amr_msgs/amr_msgs/msg/rosidl_typesupport_fastrtps_cpp__visibility_control.h
[3.282s] -- Up-to-date: /home/npd/Desktop/amr_bot/install/amr_msgs/include/amr_msgs/amr_msgs/srv
[3.282s] -- Up-to-date: /home/npd/Desktop/amr_bot/install/amr_msgs/include/amr_msgs/amr_msgs/srv/detail
[3.282s] -- Up-to-date: /home/npd/Desktop/amr_bot/install/amr_msgs/include/amr_msgs/amr_msgs/srv/detail/add_twoints__rosidl_typesupport_fastrtps_cpp.hpp
[3.283s] -- Up-to-date: /home/npd/Desktop/amr_bot/install/amr_msgs/include/amr_msgs/amr_msgs/srv/detail/get_transform__rosidl_typesupport_fastrtps_cpp.hpp
[3.283s] -- Up-to-date: /home/npd/Desktop/amr_bot/install/amr_msgs/include/amr_msgs/amr_msgs/srv/detail/dds_fastrtps
[3.283s] -- Up-to-date: /home/npd/Desktop/amr_bot/install/amr_msgs/lib/libamr_msgs__rosidl_typesupport_fastrtps_cpp.so
[3.283s] -- Up-to-date: /home/npd/Desktop/amr_bot/install/amr_msgs/include/amr_msgs/amr_msgs
[3.283s] -- Up-to-date: /home/npd/Desktop/amr_bot/install/amr_msgs/include/amr_msgs/amr_msgs/msg
[3.283s] -- Up-to-date: /home/npd/Desktop/amr_bot/install/amr_msgs/include/amr_msgs/amr_msgs/msg/rosidl_typesupport_introspection_c__visibility_control.h
[3.291s] -- Up-to-date: /home/npd/Desktop/amr_bot/install/amr_msgs/include/amr_msgs/amr_msgs/srv
[3.291s] -- Up-to-date: /home/npd/Desktop/amr_bot/install/amr_msgs/include/amr_msgs/amr_msgs/srv/detail
[3.291s] -- Up-to-date: /home/npd/Desktop/amr_bot/install/amr_msgs/include/amr_msgs/amr_msgs/srv/detail/add_twoints__type_support.c
[3.291s] -- Up-to-date: /home/npd/Desktop/amr_bot/install/amr_msgs/include/amr_msgs/amr_msgs/srv/detail/get_transform__rosidl_typesupport_introspection_c.h
[3.291s] -- Up-to-date: /home/npd/Desktop/amr_bot/install/amr_msgs/include/amr_msgs/amr_msgs/srv/detail/add_twoints__rosidl_typesupport_introspection_c.h
[3.291s] -- Up-to-date: /home/npd/Desktop/amr_bot/install/amr_msgs/include/amr_msgs/amr_msgs/srv/detail/get_transform__type_support.c
[3.292s] -- Up-to-date: /home/npd/Desktop/amr_bot/install/amr_msgs/lib/libamr_msgs__rosidl_typesupport_introspection_c.so
[3.292s] -- Up-to-date: /home/npd/Desktop/amr_bot/install/amr_msgs/lib/libamr_msgs__rosidl_typesupport_c.so
[3.292s] -- Up-to-date: /home/npd/Desktop/amr_bot/install/amr_msgs/include/amr_msgs/amr_msgs
[3.292s] -- Up-to-date: /home/npd/Desktop/amr_bot/install/amr_msgs/include/amr_msgs/amr_msgs/srv
[3.292s] -- Up-to-date: /home/npd/Desktop/amr_bot/install/amr_msgs/include/amr_msgs/amr_msgs/srv/detail
[3.292s] -- Up-to-date: /home/npd/Desktop/amr_bot/install/amr_msgs/include/amr_msgs/amr_msgs/srv/detail/get_transform__type_support.cpp
[3.293s] -- Up-to-date: /home/npd/Desktop/amr_bot/install/amr_msgs/include/amr_msgs/amr_msgs/srv/detail/get_transform__rosidl_typesupport_introspection_cpp.hpp
[3.293s] -- Up-to-date: /home/npd/Desktop/amr_bot/install/amr_msgs/include/amr_msgs/amr_msgs/srv/detail/add_twoints__rosidl_typesupport_introspection_cpp.hpp
[3.293s] -- Up-to-date: /home/npd/Desktop/amr_bot/install/amr_msgs/include/amr_msgs/amr_msgs/srv/detail/add_twoints__type_support.cpp
[3.293s] -- Up-to-date: /home/npd/Desktop/amr_bot/install/amr_msgs/lib/libamr_msgs__rosidl_typesupport_introspection_cpp.so
[3.293s] -- Up-to-date: /home/npd/Desktop/amr_bot/install/amr_msgs/lib/libamr_msgs__rosidl_typesupport_cpp.so
[3.293s] -- Up-to-date: /home/npd/Desktop/amr_bot/install/amr_msgs/share/amr_msgs/environment/pythonpath.sh
[3.302s] -- Up-to-date: /home/npd/Desktop/amr_bot/install/amr_msgs/share/amr_msgs/environment/pythonpath.dsv
[3.303s] -- Up-to-date: /home/npd/Desktop/amr_bot/install/amr_msgs/local/lib/python3.10/dist-packages/amr_msgs-0.0.0-py3.10.egg-info
[3.303s] -- Installing: /home/npd/Desktop/amr_bot/install/amr_msgs/local/lib/python3.10/dist-packages/amr_msgs-0.0.0-py3.10.egg-info/PKG-INFO
[3.303s] -- Installing: /home/npd/Desktop/amr_bot/install/amr_msgs/local/lib/python3.10/dist-packages/amr_msgs-0.0.0-py3.10.egg-info/top_level.txt
[3.303s] -- Installing: /home/npd/Desktop/amr_bot/install/amr_msgs/local/lib/python3.10/dist-packages/amr_msgs-0.0.0-py3.10.egg-info/SOURCES.txt
[3.304s] -- Installing: /home/npd/Desktop/amr_bot/install/amr_msgs/local/lib/python3.10/dist-packages/amr_msgs-0.0.0-py3.10.egg-info/dependency_links.txt
[3.304s] -- Up-to-date: /home/npd/Desktop/amr_bot/install/amr_msgs/local/lib/python3.10/dist-packages/amr_msgs
[3.304s] -- Up-to-date: /home/npd/Desktop/amr_bot/install/amr_msgs/local/lib/python3.10/dist-packages/amr_msgs/libamr_msgs__rosidl_generator_py.so
[3.304s] -- Up-to-date: /home/npd/Desktop/amr_bot/install/amr_msgs/local/lib/python3.10/dist-packages/amr_msgs/amr_msgs_s__rosidl_typesupport_fastrtps_c.cpython-310-x86_64-linux-gnu.so
[3.304s] -- Up-to-date: /home/npd/Desktop/amr_bot/install/amr_msgs/local/lib/python3.10/dist-packages/amr_msgs/_amr_msgs_s.ep.rosidl_typesupport_introspection_c.c
[3.304s] -- Up-to-date: /home/npd/Desktop/amr_bot/install/amr_msgs/local/lib/python3.10/dist-packages/amr_msgs/amr_msgs_s__rosidl_typesupport_introspection_c.cpython-310-x86_64-linux-gnu.so
[3.304s] -- Up-to-date: /home/npd/Desktop/amr_bot/install/amr_msgs/local/lib/python3.10/dist-packages/amr_msgs/_amr_msgs_s.ep.rosidl_typesupport_c.c
[3.305s] -- Up-to-date: /home/npd/Desktop/amr_bot/install/amr_msgs/local/lib/python3.10/dist-packages/amr_msgs/__init__.py
[3.305s] -- Up-to-date: /home/npd/Desktop/amr_bot/install/amr_msgs/local/lib/python3.10/dist-packages/amr_msgs/srv
[3.305s] -- Up-to-date: /home/npd/Desktop/amr_bot/install/amr_msgs/local/lib/python3.10/dist-packages/amr_msgs/srv/_add_twoints.py
[3.305s] -- Up-to-date: /home/npd/Desktop/amr_bot/install/amr_msgs/local/lib/python3.10/dist-packages/amr_msgs/srv/_add_twoints_s.c
[3.305s] -- Up-to-date: /home/npd/Desktop/amr_bot/install/amr_msgs/local/lib/python3.10/dist-packages/amr_msgs/srv/_get_transform.py
[3.312s] -- Up-to-date: /home/npd/Desktop/amr_bot/install/amr_msgs/local/lib/python3.10/dist-packages/amr_msgs/srv/_get_transform_s.c
[3.312s] -- Up-to-date: /home/npd/Desktop/amr_bot/install/amr_msgs/local/lib/python3.10/dist-packages/amr_msgs/srv/__init__.py
[3.313s] -- Up-to-date: /home/npd/Desktop/amr_bot/install/amr_msgs/local/lib/python3.10/dist-packages/amr_msgs/_amr_msgs_s.ep.rosidl_typesupport_fastrtps_c.c
[3.313s] -- Up-to-date: /home/npd/Desktop/amr_bot/install/amr_msgs/local/lib/python3.10/dist-packages/amr_msgs/amr_msgs_s__rosidl_typesupport_c.cpython-310-x86_64-linux-gnu.so
[3.516s] Listing '/home/npd/Desktop/amr_bot/install/amr_msgs/local/lib/python3.10/dist-packages/amr_msgs'...
[3.517s] Listing '/home/npd/Desktop/amr_bot/install/amr_msgs/local/lib/python3.10/dist-packages/amr_msgs/srv'...
[3.524s] -- Up-to-date: /home/npd/Desktop/amr_bot/install/amr_msgs/local/lib/python3.10/dist-packages/amr_msgs/amr_msgs_s__rosidl_typesupport_fastrtps_c.cpython-310-x86_64-linux-gnu.so
[3.528s] -- Up-to-date: /home/npd/Desktop/amr_bot/install/amr_msgs/local/lib/python3.10/dist-packages/amr_msgs/amr_msgs_s__rosidl_typesupport_introspection_c.cpython-310-x86_64-linux-gnu.so
[3.530s] -- Up-to-date: /home/npd/Desktop/amr_bot/install/amr_msgs/local/lib/python3.10/dist-packages/amr_msgs/amr_msgs_s__rosidl_typesupport_c.cpython-310-x86_64-linux-gnu.so
[3.532s] -- Up-to-date: /home/npd/Desktop/amr_bot/install/amr_msgs/lib/libamr_msgs__rosidl_generator_py.so
[3.534s] -- Up-to-date: /home/npd/Desktop/amr_bot/install/amr_msgs/share/amr_msgs/srv/AddTwoints.idl
[3.537s] -- Up-to-date: /home/npd/Desktop/amr_bot/install/amr_msgs/share/amr_msgs/srv/GetTransform.idl
[3.537s] -- Up-to-date: /home/npd/Desktop/amr_bot/install/amr_msgs/share/amr_msgs/srv/AddTwoints.srv
[3.537s] -- Up-to-date: /home/npd/Desktop/amr_bot/install/amr_msgs/share/amr_msgs/srv/AddTwoints_Request.msg
[3.538s] -- Up-to-date: /home/npd/Desktop/amr_bot/install/amr_msgs/share/amr_msgs/srv/AddTwoints_Response.msg
[3.538s] -- Up-to-date: /home/npd/Desktop/amr_bot/install/amr_msgs/share/amr_msgs/srv/GetTransform.srv
[3.538s] -- Up-to-date: /home/npd/Desktop/amr_bot/install/amr_msgs/share/amr_msgs/srv/GetTransform_Request.msg
[3.538s] -- Up-to-date: /home/npd/Desktop/amr_bot/install/amr_msgs/share/amr_msgs/srv/GetTransform_Response.msg
[3.541s] -- Up-to-date: /home/npd/Desktop/amr_bot/install/amr_msgs/share/ament_index/resource_index/package_run_dependencies/amr_msgs
[3.541s] -- Up-to-date: /home/npd/Desktop/amr_bot/install/amr_msgs/share/ament_index/resource_index/parent_prefix_path/amr_msgs
[3.541s] -- Up-to-date: /home/npd/Desktop/amr_bot/install/amr_msgs/share/amr_msgs/environment/ament_prefix_path.sh
[3.541s] -- Up-to-date: /home/npd/Desktop/amr_bot/install/amr_msgs/share/amr_msgs/environment/ament_prefix_path.dsv
[3.541s] -- Up-to-date: /home/npd/Desktop/amr_bot/install/amr_msgs/share/amr_msgs/environment/path.sh
[3.542s] -- Up-to-date: /home/npd/Desktop/amr_bot/install/amr_msgs/share/amr_msgs/environment/path.dsv
[3.542s] -- Up-to-date: /home/npd/Desktop/amr_bot/install/amr_msgs/share/amr_msgs/local_setup.bash
[3.542s] -- Up-to-date: /home/npd/Desktop/amr_bot/install/amr_msgs/share/amr_msgs/local_setup.sh
[3.542s] -- Up-to-date: /home/npd/Desktop/amr_bot/install/amr_msgs/share/amr_msgs/local_setup.zsh
[3.543s] -- Up-to-date: /home/npd/Desktop/amr_bot/install/amr_msgs/share/amr_msgs/local_setup.dsv
[3.543s] -- Installing: /home/npd/Desktop/amr_bot/install/amr_msgs/share/amr_msgs/package.dsv
[3.543s] -- Up-to-date: /home/npd/Desktop/amr_bot/install/amr_msgs/share/ament_index/resource_index/packages/amr_msgs
[3.543s] -- Up-to-date: /home/npd/Desktop/amr_bot/install/amr_msgs/share/amr_msgs/cmake/export_amr_msgs__rosidl_generator_cExport.cmake
[3.543s] -- Up-to-date: /home/npd/Desktop/amr_bot/install/amr_msgs/share/amr_msgs/cmake/export_amr_msgs__rosidl_generator_cExport-noconfig.cmake
[3.552s] -- Up-to-date: /home/npd/Desktop/amr_bot/install/amr_msgs/share/amr_msgs/cmake/export_amr_msgs__rosidl_typesupport_fastrtps_cExport.cmake
[3.553s] -- Up-to-date: /home/npd/Desktop/amr_bot/install/amr_msgs/share/amr_msgs/cmake/export_amr_msgs__rosidl_typesupport_fastrtps_cExport-noconfig.cmake
[3.555s] -- Up-to-date: /home/npd/Desktop/amr_bot/install/amr_msgs/share/amr_msgs/cmake/export_amr_msgs__rosidl_generator_cppExport.cmake
[3.555s] -- Up-to-date: /home/npd/Desktop/amr_bot/install/amr_msgs/share/amr_msgs/cmake/export_amr_msgs__rosidl_typesupport_fastrtps_cppExport.cmake
[3.556s] -- Up-to-date: /home/npd/Desktop/amr_bot/install/amr_msgs/share/amr_msgs/cmake/export_amr_msgs__rosidl_typesupport_fastrtps_cppExport-noconfig.cmake
[3.556s] -- Up-to-date: /home/npd/Desktop/amr_bot/install/amr_msgs/share/amr_msgs/cmake/amr_msgs__rosidl_typesupport_introspection_cExport.cmake
[3.556s] -- Up-to-date: /home/npd/Desktop/amr_bot/install/amr_msgs/share/amr_msgs/cmake/amr_msgs__rosidl_typesupport_introspection_cExport-noconfig.cmake
[3.556s] -- Up-to-date: /home/npd/Desktop/amr_bot/install/amr_msgs/share/amr_msgs/cmake/amr_msgs__rosidl_typesupport_cExport.cmake
[3.556s] -- Up-to-date: /home/npd/Desktop/amr_bot/install/amr_msgs/share/amr_msgs/cmake/amr_msgs__rosidl_typesupport_cExport-noconfig.cmake
[3.557s] -- Up-to-date: /home/npd/Desktop/amr_bot/install/amr_msgs/share/amr_msgs/cmake/amr_msgs__rosidl_typesupport_introspection_cppExport.cmake
[3.557s] -- Up-to-date: /home/npd/Desktop/amr_bot/install/amr_msgs/share/amr_msgs/cmake/amr_msgs__rosidl_typesupport_introspection_cppExport-noconfig.cmake
[3.563s] -- Up-to-date: /home/npd/Desktop/amr_bot/install/amr_msgs/share/amr_msgs/cmake/amr_msgs__rosidl_typesupport_cppExport.cmake
[3.564s] -- Up-to-date: /home/npd/Desktop/amr_bot/install/amr_msgs/share/amr_msgs/cmake/amr_msgs__rosidl_typesupport_cppExport-noconfig.cmake
[3.566s] -- Up-to-date: /home/npd/Desktop/amr_bot/install/amr_msgs/share/amr_msgs/cmake/export_amr_msgs__rosidl_generator_pyExport.cmake
[3.566s] -- Up-to-date: /home/npd/Desktop/amr_bot/install/amr_msgs/share/amr_msgs/cmake/export_amr_msgs__rosidl_generator_pyExport-noconfig.cmake
[3.566s] -- Up-to-date: /home/npd/Desktop/amr_bot/install/amr_msgs/share/amr_msgs/cmake/rosidl_cmake-extras.cmake
[3.566s] -- Up-to-date: /home/npd/Desktop/amr_bot/install/amr_msgs/share/amr_msgs/cmake/ament_cmake_export_dependencies-extras.cmake
[3.567s] -- Up-to-date: /home/npd/Desktop/amr_bot/install/amr_msgs/share/amr_msgs/cmake/ament_cmake_export_include_directories-extras.cmake
[3.567s] -- Up-to-date: /home/npd/Desktop/amr_bot/install/amr_msgs/share/amr_msgs/cmake/ament_cmake_export_libraries-extras.cmake
[3.571s] -- Up-to-date: /home/npd/Desktop/amr_bot/install/amr_msgs/share/amr_msgs/cmake/ament_cmake_export_targets-extras.cmake
[3.571s] -- Up-to-date: /home/npd/Desktop/amr_bot/install/amr_msgs/share/amr_msgs/cmake/rosidl_cmake_export_typesupport_targets-extras.cmake
[3.571s] -- Up-to-date: /home/npd/Desktop/amr_bot/install/amr_msgs/share/amr_msgs/cmake/rosidl_cmake_export_typesupport_libraries-extras.cmake
[3.571s] -- Up-to-date: /home/npd/Desktop/amr_bot/install/amr_msgs/share/amr_msgs/cmake/amr_msgsConfig.cmake
[3.571s] -- Up-to-date: /home/npd/Desktop/amr_bot/install/amr_msgs/share/amr_msgs/cmake/amr_msgsConfig-version.cmake
[3.575s] -- Up-to-date: /home/npd/Desktop/amr_bot/install/amr_msgs/share/amr_msgs/package.xml
[3.589s] Invoked command in '/home/npd/Desktop/amr_bot/build/amr_msgs' returned '0': CMAKE_PREFIX_PATH=${CMAKE_PREFIX_PATH}:/home/npd/Desktop/amr_bot/install/amr_sensors:/home/npd/Desktop/amr_bot/install/amr_py_examples:/opt/ros/humble /usr/bin/cmake --install /home/npd/Desktop/amr_bot/build/amr_msgs
