[2.166s] Invoking command in '/home/npd/Desktop/amr_bot/src/amr_controller': PYTHONPATH=/home/npd/Desktop/amr_bot/build/amr_controller/prefix_override:/usr/lib/python3/dist-packages/colcon_core/task/python/colcon_distutils_commands:/home/npd/Desktop/amr_bot/install/amr_controller/lib/python3.10/site-packages:${PYTHONPATH} /usr/bin/python3 -W ignore:setup.py install is deprecated -W ignore:easy_install command is deprecated setup.py egg_info --egg-base ../../build/amr_controller build --build-base /home/npd/Desktop/amr_bot/build/amr_controller/build install --record /home/npd/Desktop/amr_bot/build/amr_controller/install.log --single-version-externally-managed install_data
[2.728s] running egg_info
[2.730s] writing ../../build/amr_controller/amr_controller.egg-info/PKG-INFO
[2.731s] writing dependency_links to ../../build/amr_controller/amr_controller.egg-info/dependency_links.txt
[2.732s] writing entry points to ../../build/amr_controller/amr_controller.egg-info/entry_points.txt
[2.732s] writing requirements to ../../build/amr_controller/amr_controller.egg-info/requires.txt
[2.732s] writing top-level names to ../../build/amr_controller/amr_controller.egg-info/top_level.txt
[2.736s] reading manifest file '../../build/amr_controller/amr_controller.egg-info/SOURCES.txt'
[2.739s] writing manifest file '../../build/amr_controller/amr_controller.egg-info/SOURCES.txt'
[2.739s] running build
[2.740s] running build_py
[2.740s] running install
[2.741s] running install_lib
[2.746s] running install_data
[2.746s] copying launch/controller_launch.py -> /home/npd/Desktop/amr_bot/install/amr_controller/share/amr_controller/launch
[2.747s] running install_egg_info
[2.753s] removing '/home/npd/Desktop/amr_bot/install/amr_controller/lib/python3.10/site-packages/amr_controller-0.0.0-py3.10.egg-info' (and everything under it)
[2.755s] Copying ../../build/amr_controller/amr_controller.egg-info to /home/npd/Desktop/amr_bot/install/amr_controller/lib/python3.10/site-packages/amr_controller-0.0.0-py3.10.egg-info
[2.756s] running install_scripts
[2.799s] Installing simple_controller script to /home/npd/Desktop/amr_bot/install/amr_controller/lib/amr_controller
[2.800s] writing list of installed files to '/home/npd/Desktop/amr_bot/build/amr_controller/install.log'
[2.855s] Invoked command in '/home/npd/Desktop/amr_bot/src/amr_controller' returned '0': PYTHONPATH=/home/npd/Desktop/amr_bot/build/amr_controller/prefix_override:/usr/lib/python3/dist-packages/colcon_core/task/python/colcon_distutils_commands:/home/npd/Desktop/amr_bot/install/amr_controller/lib/python3.10/site-packages:${PYTHONPATH} /usr/bin/python3 -W ignore:setup.py install is deprecated -W ignore:easy_install command is deprecated setup.py egg_info --egg-base ../../build/amr_controller build --build-base /home/npd/Desktop/amr_bot/build/amr_controller/build install --record /home/npd/Desktop/amr_bot/build/amr_controller/install.log --single-version-externally-managed install_data
