[0.054s] Invoking command in '/home/npd/Desktop/amr_bot/build/amr_controller': CMAKE_PREFIX_PATH=${CMAKE_PREFIX_PATH}:/home/npd/Desktop/amr_bot/install/amr_sensors:/home/npd/Desktop/amr_bot/install/amr_py_examples:/opt/ros/humble /usr/bin/cmake --build /home/npd/Desktop/amr_bot/build/amr_controller -- -j4 -l4
[0.340s] Built target ament_cmake_python_copy_amr_controller_setup
[0.355s] Built target ament_cmake_python_copy_amr_controller
[2.153s] running egg_info
[2.158s] writing amr_controller.egg-info/PKG-INFO
[2.158s] writing dependency_links to amr_controller.egg-info/dependency_links.txt
[2.158s] writing top-level names to amr_controller.egg-info/top_level.txt
[2.165s] reading manifest file 'amr_controller.egg-info/SOURCES.txt'
[2.173s] writing manifest file 'amr_controller.egg-info/SOURCES.txt'
[2.290s] Built target ament_cmake_python_build_amr_controller_egg
[3.142s] Invoked command in '/home/npd/Desktop/amr_bot/build/amr_controller' returned '0': CMAKE_PREFIX_PATH=${CMAKE_PREFIX_PATH}:/home/npd/Desktop/amr_bot/install/amr_sensors:/home/npd/Desktop/amr_bot/install/amr_py_examples:/opt/ros/humble /usr/bin/cmake --build /home/npd/Desktop/amr_bot/build/amr_controller -- -j4 -l4
[3.152s] Invoking command in '/home/npd/Desktop/amr_bot/build/amr_controller': CMAKE_PREFIX_PATH=${CMAKE_PREFIX_PATH}:/home/npd/Desktop/amr_bot/install/amr_sensors:/home/npd/Desktop/amr_bot/install/amr_py_examples:/opt/ros/humble /usr/bin/cmake --install /home/npd/Desktop/amr_bot/build/amr_controller
[3.224s] -- Install configuration: ""
[3.236s] -- Up-to-date: /home/npd/Desktop/amr_bot/install/amr_controller/share/amr_controller/environment/pythonpath.sh
[3.242s] -- Up-to-date: /home/npd/Desktop/amr_bot/install/amr_controller/share/amr_controller/environment/pythonpath.dsv
[3.242s] -- Up-to-date: /home/npd/Desktop/amr_bot/install/amr_controller/local/lib/python3.10/dist-packages/amr_controller-0.0.0-py3.10.egg-info
[3.242s] -- Installing: /home/npd/Desktop/amr_bot/install/amr_controller/local/lib/python3.10/dist-packages/amr_controller-0.0.0-py3.10.egg-info/PKG-INFO
[3.243s] -- Installing: /home/npd/Desktop/amr_bot/install/amr_controller/local/lib/python3.10/dist-packages/amr_controller-0.0.0-py3.10.egg-info/top_level.txt
[3.243s] -- Installing: /home/npd/Desktop/amr_bot/install/amr_controller/local/lib/python3.10/dist-packages/amr_controller-0.0.0-py3.10.egg-info/SOURCES.txt
[3.243s] -- Installing: /home/npd/Desktop/amr_bot/install/amr_controller/local/lib/python3.10/dist-packages/amr_controller-0.0.0-py3.10.egg-info/dependency_links.txt
[3.243s] -- Up-to-date: /home/npd/Desktop/amr_bot/install/amr_controller/local/lib/python3.10/dist-packages/amr_controller
[3.244s] -- Up-to-date: /home/npd/Desktop/amr_bot/install/amr_controller/local/lib/python3.10/dist-packages/amr_controller/noisy_controller.py
[3.244s] -- Up-to-date: /home/npd/Desktop/amr_bot/install/amr_controller/local/lib/python3.10/dist-packages/amr_controller/simple_controller.py
[3.244s] -- Up-to-date: /home/npd/Desktop/amr_bot/install/amr_controller/local/lib/python3.10/dist-packages/amr_controller/twist_relay.py
[3.244s] -- Up-to-date: /home/npd/Desktop/amr_bot/install/amr_controller/local/lib/python3.10/dist-packages/amr_controller/__init__.py
[3.460s] Listing '/home/npd/Desktop/amr_bot/install/amr_controller/local/lib/python3.10/dist-packages/amr_controller'...
[3.492s] -- Up-to-date: /home/npd/Desktop/amr_bot/install/amr_controller/share/amr_controller/config
[3.492s] -- Up-to-date: /home/npd/Desktop/amr_bot/install/amr_controller/share/amr_controller/config/amr_controllers.yaml
[3.493s] -- Up-to-date: /home/npd/Desktop/amr_bot/install/amr_controller/share/amr_controller/config/joy_teleop.yaml
[3.493s] -- Up-to-date: /home/npd/Desktop/amr_bot/install/amr_controller/share/amr_controller/config/twist_mux_joy.yaml
[3.495s] -- Up-to-date: /home/npd/Desktop/amr_bot/install/amr_controller/share/amr_controller/config/slam.yaml
[3.495s] -- Up-to-date: /home/npd/Desktop/amr_bot/install/amr_controller/share/amr_controller/config/twist_mux_locks.yaml
[3.495s] -- Up-to-date: /home/npd/Desktop/amr_bot/install/amr_controller/share/amr_controller/config/twist_mux_topics.yaml
[3.495s] -- Up-to-date: /home/npd/Desktop/amr_bot/install/amr_controller/share/amr_controller/config/joy_config.yaml
[3.495s] -- Up-to-date: /home/npd/Desktop/amr_bot/install/amr_controller/share/amr_controller/launch
[3.496s] -- Up-to-date: /home/npd/Desktop/amr_bot/install/amr_controller/share/amr_controller/launch/slam.launch.py
[3.496s] -- Up-to-date: /home/npd/Desktop/amr_bot/install/amr_controller/share/amr_controller/launch/joystick_teleop.launch.py
[3.496s] -- Up-to-date: /home/npd/Desktop/amr_bot/install/amr_controller/share/amr_controller/launch/controller.launch.py
[3.499s] -- Up-to-date: /home/npd/Desktop/amr_bot/install/amr_controller/lib/amr_controller/simple_controller.py
[3.499s] -- Up-to-date: /home/npd/Desktop/amr_bot/install/amr_controller/lib/amr_controller/noisy_controller.py
[3.499s] -- Up-to-date: /home/npd/Desktop/amr_bot/install/amr_controller/lib/amr_controller/twist_relay.py
[3.499s] -- Up-to-date: /home/npd/Desktop/amr_bot/install/amr_controller/share/ament_index/resource_index/package_run_dependencies/amr_controller
[3.500s] -- Up-to-date: /home/npd/Desktop/amr_bot/install/amr_controller/share/ament_index/resource_index/parent_prefix_path/amr_controller
[3.500s] -- Up-to-date: /home/npd/Desktop/amr_bot/install/amr_controller/share/amr_controller/environment/ament_prefix_path.sh
[3.500s] -- Up-to-date: /home/npd/Desktop/amr_bot/install/amr_controller/share/amr_controller/environment/ament_prefix_path.dsv
[3.500s] -- Up-to-date: /home/npd/Desktop/amr_bot/install/amr_controller/share/amr_controller/environment/path.sh
[3.500s] -- Up-to-date: /home/npd/Desktop/amr_bot/install/amr_controller/share/amr_controller/environment/path.dsv
[3.501s] -- Up-to-date: /home/npd/Desktop/amr_bot/install/amr_controller/share/amr_controller/local_setup.bash
[3.501s] -- Up-to-date: /home/npd/Desktop/amr_bot/install/amr_controller/share/amr_controller/local_setup.sh
[3.501s] -- Up-to-date: /home/npd/Desktop/amr_bot/install/amr_controller/share/amr_controller/local_setup.zsh
[3.501s] -- Up-to-date: /home/npd/Desktop/amr_bot/install/amr_controller/share/amr_controller/local_setup.dsv
[3.501s] -- Installing: /home/npd/Desktop/amr_bot/install/amr_controller/share/amr_controller/package.dsv
[3.505s] -- Up-to-date: /home/npd/Desktop/amr_bot/install/amr_controller/share/ament_index/resource_index/packages/amr_controller
[3.510s] -- Up-to-date: /home/npd/Desktop/amr_bot/install/amr_controller/share/amr_controller/cmake/amr_controllerConfig.cmake
[3.510s] -- Up-to-date: /home/npd/Desktop/amr_bot/install/amr_controller/share/amr_controller/cmake/amr_controllerConfig-version.cmake
[3.510s] -- Up-to-date: /home/npd/Desktop/amr_bot/install/amr_controller/share/amr_controller/package.xml
[3.525s] Invoked command in '/home/npd/Desktop/amr_bot/build/amr_controller' returned '0': CMAKE_PREFIX_PATH=${CMAKE_PREFIX_PATH}:/home/npd/Desktop/amr_bot/install/amr_sensors:/home/npd/Desktop/amr_bot/install/amr_py_examples:/opt/ros/humble /usr/bin/cmake --install /home/npd/Desktop/amr_bot/build/amr_controller
