[0.101s] Invoking command in '/home/npd/Desktop/amr_bot/build/amr_localization': CMAKE_PREFIX_PATH=${CMAKE_PREFIX_PATH}:/home/npd/Desktop/amr_bot/install/amr_sensors:/home/npd/Desktop/amr_bot/install/amr_py_examples:/opt/ros/humble /usr/bin/cmake --build /home/npd/Desktop/amr_bot/build/amr_localization -- -j4 -l4
[0.721s] Built target ament_cmake_python_copy_amr_localization
[0.797s] Built target ament_cmake_python_copy_amr_localization_setup
[1.957s] running egg_info
[1.959s] writing amr_localization.egg-info/PKG-INFO
[1.960s] writing dependency_links to amr_localization.egg-info/dependency_links.txt
[1.960s] writing top-level names to amr_localization.egg-info/top_level.txt
[1.966s] reading manifest file 'amr_localization.egg-info/SOURCES.txt'
[1.968s] writing manifest file 'amr_localization.egg-info/SOURCES.txt'
[2.052s] Built target ament_cmake_python_build_amr_localization_egg
[2.401s] Invoked command in '/home/npd/Desktop/amr_bot/build/amr_localization' returned '0': CMAKE_PREFIX_PATH=${CMAKE_PREFIX_PATH}:/home/npd/Desktop/amr_bot/install/amr_sensors:/home/npd/Desktop/amr_bot/install/amr_py_examples:/opt/ros/humble /usr/bin/cmake --build /home/npd/Desktop/amr_bot/build/amr_localization -- -j4 -l4
[2.406s] Invoking command in '/home/npd/Desktop/amr_bot/build/amr_localization': CMAKE_PREFIX_PATH=${CMAKE_PREFIX_PATH}:/home/npd/Desktop/amr_bot/install/amr_sensors:/home/npd/Desktop/amr_bot/install/amr_py_examples:/opt/ros/humble /usr/bin/cmake --install /home/npd/Desktop/amr_bot/build/amr_localization
[2.465s] -- Install configuration: ""
[2.466s] -- Up-to-date: /home/npd/Desktop/amr_bot/install/amr_localization/share/amr_localization/environment/pythonpath.sh
[2.466s] -- Up-to-date: /home/npd/Desktop/amr_bot/install/amr_localization/share/amr_localization/environment/pythonpath.dsv
[2.466s] -- Up-to-date: /home/npd/Desktop/amr_bot/install/amr_localization/local/lib/python3.10/dist-packages/amr_localization-0.0.0-py3.10.egg-info
[2.466s] -- Installing: /home/npd/Desktop/amr_bot/install/amr_localization/local/lib/python3.10/dist-packages/amr_localization-0.0.0-py3.10.egg-info/PKG-INFO
[2.466s] -- Installing: /home/npd/Desktop/amr_bot/install/amr_localization/local/lib/python3.10/dist-packages/amr_localization-0.0.0-py3.10.egg-info/top_level.txt
[2.466s] -- Installing: /home/npd/Desktop/amr_bot/install/amr_localization/local/lib/python3.10/dist-packages/amr_localization-0.0.0-py3.10.egg-info/SOURCES.txt
[2.467s] -- Installing: /home/npd/Desktop/amr_bot/install/amr_localization/local/lib/python3.10/dist-packages/amr_localization-0.0.0-py3.10.egg-info/dependency_links.txt
[2.467s] -- Up-to-date: /home/npd/Desktop/amr_bot/install/amr_localization/local/lib/python3.10/dist-packages/amr_localization
[2.473s] -- Up-to-date: /home/npd/Desktop/amr_bot/install/amr_localization/local/lib/python3.10/dist-packages/amr_localization/odometry_motion_model.py
[2.473s] -- Up-to-date: /home/npd/Desktop/amr_bot/install/amr_localization/local/lib/python3.10/dist-packages/amr_localization/kalman_filter.py
[2.474s] -- Up-to-date: /home/npd/Desktop/amr_bot/install/amr_localization/local/lib/python3.10/dist-packages/amr_localization/__init__.py
[2.474s] -- Up-to-date: /home/npd/Desktop/amr_bot/install/amr_localization/local/lib/python3.10/dist-packages/amr_localization/imu_republisher.py
[2.757s] Listing '/home/npd/Desktop/amr_bot/install/amr_localization/local/lib/python3.10/dist-packages/amr_localization'...
[2.792s] -- Up-to-date: /home/npd/Desktop/amr_bot/install/amr_localization/lib/amr_localization/kalman_filter.py
[2.792s] -- Up-to-date: /home/npd/Desktop/amr_bot/install/amr_localization/lib/amr_localization/imu_republisher.py
[2.792s] -- Up-to-date: /home/npd/Desktop/amr_bot/install/amr_localization/lib/amr_localization/odometry_motion_model.py
[2.793s] -- Up-to-date: /home/npd/Desktop/amr_bot/install/amr_localization/lib/amr_localization/launch
[2.793s] -- Up-to-date: /home/npd/Desktop/amr_bot/install/amr_localization/lib/amr_localization/launch/__pycache__
[2.793s] -- Up-to-date: /home/npd/Desktop/amr_bot/install/amr_localization/lib/amr_localization/launch/__pycache__/local_localization.launch.cpython-310.pyc
[2.793s] -- Up-to-date: /home/npd/Desktop/amr_bot/install/amr_localization/lib/amr_localization/launch/local_localization.launch.py
[2.793s] -- Up-to-date: /home/npd/Desktop/amr_bot/install/amr_localization/lib/amr_localization/config
[2.794s] -- Up-to-date: /home/npd/Desktop/amr_bot/install/amr_localization/lib/amr_localization/config/ekf.yaml
[2.794s] -- Up-to-date: /home/npd/Desktop/amr_bot/install/amr_localization/share/ament_index/resource_index/package_run_dependencies/amr_localization
[2.799s] -- Up-to-date: /home/npd/Desktop/amr_bot/install/amr_localization/share/ament_index/resource_index/parent_prefix_path/amr_localization
[2.800s] -- Up-to-date: /home/npd/Desktop/amr_bot/install/amr_localization/share/amr_localization/environment/ament_prefix_path.sh
[2.800s] -- Up-to-date: /home/npd/Desktop/amr_bot/install/amr_localization/share/amr_localization/environment/ament_prefix_path.dsv
[2.800s] -- Up-to-date: /home/npd/Desktop/amr_bot/install/amr_localization/share/amr_localization/environment/path.sh
[2.800s] -- Up-to-date: /home/npd/Desktop/amr_bot/install/amr_localization/share/amr_localization/environment/path.dsv
[2.801s] -- Up-to-date: /home/npd/Desktop/amr_bot/install/amr_localization/share/amr_localization/local_setup.bash
[2.801s] -- Up-to-date: /home/npd/Desktop/amr_bot/install/amr_localization/share/amr_localization/local_setup.sh
[2.801s] -- Up-to-date: /home/npd/Desktop/amr_bot/install/amr_localization/share/amr_localization/local_setup.zsh
[2.801s] -- Up-to-date: /home/npd/Desktop/amr_bot/install/amr_localization/share/amr_localization/local_setup.dsv
[2.801s] -- Installing: /home/npd/Desktop/amr_bot/install/amr_localization/share/amr_localization/package.dsv
[2.801s] -- Up-to-date: /home/npd/Desktop/amr_bot/install/amr_localization/share/ament_index/resource_index/packages/amr_localization
[2.802s] -- Up-to-date: /home/npd/Desktop/amr_bot/install/amr_localization/share/amr_localization/cmake/amr_localizationConfig.cmake
[2.802s] -- Up-to-date: /home/npd/Desktop/amr_bot/install/amr_localization/share/amr_localization/cmake/amr_localizationConfig-version.cmake
[2.808s] -- Up-to-date: /home/npd/Desktop/amr_bot/install/amr_localization/share/amr_localization/package.xml
[2.946s] Invoked command in '/home/npd/Desktop/amr_bot/build/amr_localization' returned '0': CMAKE_PREFIX_PATH=${CMAKE_PREFIX_PATH}:/home/npd/Desktop/amr_bot/install/amr_sensors:/home/npd/Desktop/amr_bot/install/amr_py_examples:/opt/ros/humble /usr/bin/cmake --install /home/npd/Desktop/amr_bot/build/amr_localization
