[0.055s] Invoking command in '/home/npd/Desktop/amr_bot/build/amr_localization': CMAKE_PREFIX_PATH=${CMAKE_PREFIX_PATH}:/home/npd/Desktop/amr_bot/install/amr_sensors:/home/npd/Desktop/amr_bot/install/amr_py_examples:/opt/ros/humble /usr/bin/cmake --build /home/npd/Desktop/amr_bot/build/amr_localization -- -j4 -l4
[0.576s] Built target ament_cmake_python_copy_amr_localization_setup
[0.907s] Built target ament_cmake_python_copy_amr_localization
[2.133s] running egg_info
[2.135s] writing amr_localization.egg-info/PKG-INFO
[2.136s] writing dependency_links to amr_localization.egg-info/dependency_links.txt
[2.137s] writing top-level names to amr_localization.egg-info/top_level.txt
[2.150s] reading manifest file 'amr_localization.egg-info/SOURCES.txt'
[2.157s] writing manifest file 'amr_localization.egg-info/SOURCES.txt'
[2.266s] Built target ament_cmake_python_build_amr_localization_egg
[2.554s] Invoked command in '/home/npd/Desktop/amr_bot/build/amr_localization' returned '0': CMAKE_PREFIX_PATH=${CMAKE_PREFIX_PATH}:/home/npd/Desktop/amr_bot/install/amr_sensors:/home/npd/Desktop/amr_bot/install/amr_py_examples:/opt/ros/humble /usr/bin/cmake --build /home/npd/Desktop/amr_bot/build/amr_localization -- -j4 -l4
[2.556s] Invoking command in '/home/npd/Desktop/amr_bot/build/amr_localization': CMAKE_PREFIX_PATH=${CMAKE_PREFIX_PATH}:/home/npd/Desktop/amr_bot/install/amr_sensors:/home/npd/Desktop/amr_bot/install/amr_py_examples:/opt/ros/humble /usr/bin/cmake --install /home/npd/Desktop/amr_bot/build/amr_localization
[2.612s] -- Install configuration: ""
[2.612s] -- Up-to-date: /home/npd/Desktop/amr_bot/install/amr_localization/share/amr_localization/environment/pythonpath.sh
[2.613s] -- Up-to-date: /home/npd/Desktop/amr_bot/install/amr_localization/share/amr_localization/environment/pythonpath.dsv
[2.613s] -- Up-to-date: /home/npd/Desktop/amr_bot/install/amr_localization/local/lib/python3.10/dist-packages/amr_localization-0.0.0-py3.10.egg-info
[2.623s] -- Installing: /home/npd/Desktop/amr_bot/install/amr_localization/local/lib/python3.10/dist-packages/amr_localization-0.0.0-py3.10.egg-info/PKG-INFO
[2.623s] -- Installing: /home/npd/Desktop/amr_bot/install/amr_localization/local/lib/python3.10/dist-packages/amr_localization-0.0.0-py3.10.egg-info/top_level.txt
[2.624s] -- Installing: /home/npd/Desktop/amr_bot/install/amr_localization/local/lib/python3.10/dist-packages/amr_localization-0.0.0-py3.10.egg-info/SOURCES.txt
[2.626s] -- Installing: /home/npd/Desktop/amr_bot/install/amr_localization/local/lib/python3.10/dist-packages/amr_localization-0.0.0-py3.10.egg-info/dependency_links.txt
[2.627s] -- Up-to-date: /home/npd/Desktop/amr_bot/install/amr_localization/local/lib/python3.10/dist-packages/amr_localization
[2.627s] -- Up-to-date: /home/npd/Desktop/amr_bot/install/amr_localization/local/lib/python3.10/dist-packages/amr_localization/odometry_motion_model.py
[2.627s] -- Up-to-date: /home/npd/Desktop/amr_bot/install/amr_localization/local/lib/python3.10/dist-packages/amr_localization/kalman_filter.py
[2.627s] -- Up-to-date: /home/npd/Desktop/amr_bot/install/amr_localization/local/lib/python3.10/dist-packages/amr_localization/__init__.py
[2.628s] -- Up-to-date: /home/npd/Desktop/amr_bot/install/amr_localization/local/lib/python3.10/dist-packages/amr_localization/imu_republisher.py
[2.923s] Listing '/home/npd/Desktop/amr_bot/install/amr_localization/local/lib/python3.10/dist-packages/amr_localization'...
[2.961s] -- Up-to-date: /home/npd/Desktop/amr_bot/install/amr_localization/lib/amr_localization/kalman_filter.py
[2.962s] -- Up-to-date: /home/npd/Desktop/amr_bot/install/amr_localization/lib/amr_localization/imu_republisher.py
[2.963s] -- Up-to-date: /home/npd/Desktop/amr_bot/install/amr_localization/lib/amr_localization/odometry_motion_model.py
[2.964s] -- Up-to-date: /home/npd/Desktop/amr_bot/install/amr_localization/lib/amr_localization/launch
[2.965s] -- Up-to-date: /home/npd/Desktop/amr_bot/install/amr_localization/lib/amr_localization/launch/__pycache__
[2.968s] -- Up-to-date: /home/npd/Desktop/amr_bot/install/amr_localization/lib/amr_localization/launch/__pycache__/local_localization.launch.cpython-310.pyc
[2.968s] -- Up-to-date: /home/npd/Desktop/amr_bot/install/amr_localization/lib/amr_localization/launch/local_localization.launch.py
[2.968s] -- Up-to-date: /home/npd/Desktop/amr_bot/install/amr_localization/lib/amr_localization/config
[2.969s] -- Up-to-date: /home/npd/Desktop/amr_bot/install/amr_localization/lib/amr_localization/config/ekf.yaml
[2.969s] -- Up-to-date: /home/npd/Desktop/amr_bot/install/amr_localization/share/ament_index/resource_index/package_run_dependencies/amr_localization
[2.969s] -- Up-to-date: /home/npd/Desktop/amr_bot/install/amr_localization/share/ament_index/resource_index/parent_prefix_path/amr_localization
[2.969s] -- Up-to-date: /home/npd/Desktop/amr_bot/install/amr_localization/share/amr_localization/environment/ament_prefix_path.sh
[2.969s] -- Up-to-date: /home/npd/Desktop/amr_bot/install/amr_localization/share/amr_localization/environment/ament_prefix_path.dsv
[2.970s] -- Up-to-date: /home/npd/Desktop/amr_bot/install/amr_localization/share/amr_localization/environment/path.sh
[2.970s] -- Up-to-date: /home/npd/Desktop/amr_bot/install/amr_localization/share/amr_localization/environment/path.dsv
[2.970s] -- Up-to-date: /home/npd/Desktop/amr_bot/install/amr_localization/share/amr_localization/local_setup.bash
[2.970s] -- Up-to-date: /home/npd/Desktop/amr_bot/install/amr_localization/share/amr_localization/local_setup.sh
[2.970s] -- Up-to-date: /home/npd/Desktop/amr_bot/install/amr_localization/share/amr_localization/local_setup.zsh
[2.971s] -- Up-to-date: /home/npd/Desktop/amr_bot/install/amr_localization/share/amr_localization/local_setup.dsv
[2.980s] -- Installing: /home/npd/Desktop/amr_bot/install/amr_localization/share/amr_localization/package.dsv
[2.981s] -- Up-to-date: /home/npd/Desktop/amr_bot/install/amr_localization/share/ament_index/resource_index/packages/amr_localization
[2.981s] -- Up-to-date: /home/npd/Desktop/amr_bot/install/amr_localization/share/amr_localization/cmake/amr_localizationConfig.cmake
[2.981s] -- Up-to-date: /home/npd/Desktop/amr_bot/install/amr_localization/share/amr_localization/cmake/amr_localizationConfig-version.cmake
[2.981s] -- Up-to-date: /home/npd/Desktop/amr_bot/install/amr_localization/share/amr_localization/package.xml
[3.074s] Invoked command in '/home/npd/Desktop/amr_bot/build/amr_localization' returned '0': CMAKE_PREFIX_PATH=${CMAKE_PREFIX_PATH}:/home/npd/Desktop/amr_bot/install/amr_sensors:/home/npd/Desktop/amr_bot/install/amr_py_examples:/opt/ros/humble /usr/bin/cmake --install /home/npd/Desktop/amr_bot/build/amr_localization
