[1.992s] Invoking command in '/home/npd/Desktop/amr_bot/src/amr_sensors': PYTHONPATH=/home/npd/Desktop/amr_bot/build/amr_sensors/prefix_override:/usr/lib/python3/dist-packages/colcon_core/task/python/colcon_distutils_commands:/home/npd/Desktop/amr_bot/install/amr_sensors/lib/python3.10/site-packages:${PYTHONPATH} /usr/bin/python3 -W ignore:setup.py install is deprecated -W ignore:easy_install command is deprecated setup.py egg_info --egg-base ../../build/amr_sensors build --build-base /home/npd/Desktop/amr_bot/build/amr_sensors/build install --record /home/npd/Desktop/amr_bot/build/amr_sensors/install.log --single-version-externally-managed install_data
[2.462s] running egg_info
[2.464s] writing ../../build/amr_sensors/amr_sensors.egg-info/PKG-INFO
[2.467s] writing dependency_links to ../../build/amr_sensors/amr_sensors.egg-info/dependency_links.txt
[2.468s] writing entry points to ../../build/amr_sensors/amr_sensors.egg-info/entry_points.txt
[2.468s] writing requirements to ../../build/amr_sensors/amr_sensors.egg-info/requires.txt
[2.468s] writing top-level names to ../../build/amr_sensors/amr_sensors.egg-info/top_level.txt
[2.471s] reading manifest file '../../build/amr_sensors/amr_sensors.egg-info/SOURCES.txt'
[2.473s] writing manifest file '../../build/amr_sensors/amr_sensors.egg-info/SOURCES.txt'
[2.473s] running build
[2.473s] running build_py
[2.475s] running install
[2.475s] running install_lib
[2.478s] running install_data
[2.479s] running install_egg_info
[2.482s] removing '/home/npd/Desktop/amr_bot/install/amr_sensors/lib/python3.10/site-packages/amr_sensors-0.0.0-py3.10.egg-info' (and everything under it)
[2.482s] Copying ../../build/amr_sensors/amr_sensors.egg-info to /home/npd/Desktop/amr_bot/install/amr_sensors/lib/python3.10/site-packages/amr_sensors-0.0.0-py3.10.egg-info
[2.484s] running install_scripts
[2.523s] Installing front_lidar_reader script to /home/npd/Desktop/amr_bot/install/amr_sensors/lib/amr_sensors
[2.524s] writing list of installed files to '/home/npd/Desktop/amr_bot/build/amr_sensors/install.log'
[2.569s] Invoked command in '/home/npd/Desktop/amr_bot/src/amr_sensors' returned '0': PYTHONPATH=/home/npd/Desktop/amr_bot/build/amr_sensors/prefix_override:/usr/lib/python3/dist-packages/colcon_core/task/python/colcon_distutils_commands:/home/npd/Desktop/amr_bot/install/amr_sensors/lib/python3.10/site-packages:${PYTHONPATH} /usr/bin/python3 -W ignore:setup.py install is deprecated -W ignore:easy_install command is deprecated setup.py egg_info --egg-base ../../build/amr_sensors build --build-base /home/npd/Desktop/amr_bot/build/amr_sensors/build install --record /home/npd/Desktop/amr_bot/build/amr_sensors/install.log --single-version-externally-managed install_data
