[0.051s] Invoking command in '/home/npd/Desktop/amr_bot/build/amr_cpp_examples': CMAKE_PREFIX_PATH=${CMAKE_PREFIX_PATH}:/home/npd/Desktop/amr_bot/install/amr_py_examples:/opt/ros/humble /usr/bin/cmake --build /home/npd/Desktop/amr_bot/build/amr_cpp_examples -- -j4 -l4
[0.624s] Invoked command in '/home/npd/Desktop/amr_bot/build/amr_cpp_examples' returned '0': CMAKE_PREFIX_PATH=${CMAKE_PREFIX_PATH}:/home/npd/Desktop/amr_bot/install/amr_py_examples:/opt/ros/humble /usr/bin/cmake --build /home/npd/Desktop/amr_bot/build/amr_cpp_examples -- -j4 -l4
[0.630s] Invoking command in '/home/npd/Desktop/amr_bot/build/amr_cpp_examples': CMAKE_PREFIX_PATH=${CMAKE_PREFIX_PATH}:/home/npd/Desktop/amr_bot/install/amr_py_examples:/opt/ros/humble /usr/bin/cmake --install /home/npd/Desktop/amr_bot/build/amr_cpp_examples
[0.657s] -- Install configuration: ""
[0.657s] -- Up-to-date: /home/npd/Desktop/amr_bot/install/amr_cpp_examples/share/ament_index/resource_index/package_run_dependencies/amr_cpp_examples
[0.657s] -- Up-to-date: /home/npd/Desktop/amr_bot/install/amr_cpp_examples/share/ament_index/resource_index/parent_prefix_path/amr_cpp_examples
[0.658s] -- Up-to-date: /home/npd/Desktop/amr_bot/install/amr_cpp_examples/share/amr_cpp_examples/environment/ament_prefix_path.sh
[0.658s] -- Up-to-date: /home/npd/Desktop/amr_bot/install/amr_cpp_examples/share/amr_cpp_examples/environment/ament_prefix_path.dsv
[0.658s] -- Up-to-date: /home/npd/Desktop/amr_bot/install/amr_cpp_examples/share/amr_cpp_examples/environment/path.sh
[0.658s] -- Up-to-date: /home/npd/Desktop/amr_bot/install/amr_cpp_examples/share/amr_cpp_examples/environment/path.dsv
[0.658s] -- Up-to-date: /home/npd/Desktop/amr_bot/install/amr_cpp_examples/share/amr_cpp_examples/local_setup.bash
[0.659s] -- Up-to-date: /home/npd/Desktop/amr_bot/install/amr_cpp_examples/share/amr_cpp_examples/local_setup.sh
[0.661s] -- Up-to-date: /home/npd/Desktop/amr_bot/install/amr_cpp_examples/share/amr_cpp_examples/local_setup.zsh
[0.662s] -- Up-to-date: /home/npd/Desktop/amr_bot/install/amr_cpp_examples/share/amr_cpp_examples/local_setup.dsv
[0.663s] -- Installing: /home/npd/Desktop/amr_bot/install/amr_cpp_examples/share/amr_cpp_examples/package.dsv
[0.663s] -- Up-to-date: /home/npd/Desktop/amr_bot/install/amr_cpp_examples/share/ament_index/resource_index/packages/amr_cpp_examples
[0.665s] -- Up-to-date: /home/npd/Desktop/amr_bot/install/amr_cpp_examples/share/amr_cpp_examples/cmake/amr_cpp_examplesConfig.cmake
[0.665s] -- Up-to-date: /home/npd/Desktop/amr_bot/install/amr_cpp_examples/share/amr_cpp_examples/cmake/amr_cpp_examplesConfig-version.cmake
[0.667s] -- Up-to-date: /home/npd/Desktop/amr_bot/install/amr_cpp_examples/share/amr_cpp_examples/package.xml
[0.712s] Invoked command in '/home/npd/Desktop/amr_bot/build/amr_cpp_examples' returned '0': CMAKE_PREFIX_PATH=${CMAKE_PREFIX_PATH}:/home/npd/Desktop/amr_bot/install/amr_py_examples:/opt/ros/humble /usr/bin/cmake --install /home/npd/Desktop/amr_bot/build/amr_cpp_examples
