[0.058s] Invoking command in '/home/npd/Desktop/amr_bot/build/amr_controller': CMAKE_PREFIX_PATH=${CMAKE_PREFIX_PATH}:/home/npd/Desktop/amr_bot/install/amr_py_examples:/opt/ros/humble /usr/bin/cmake --build /home/npd/Desktop/amr_bot/build/amr_controller -- -j4 -l4
[0.378s] Built target ament_cmake_python_symlink_amr_controller
[1.740s] running egg_info
[1.740s] writing amr_controller.egg-info/PKG-INFO
[1.740s] writing dependency_links to amr_controller.egg-info/dependency_links.txt
[1.741s] writing top-level names to amr_controller.egg-info/top_level.txt
[1.753s] reading manifest file 'amr_controller.egg-info/SOURCES.txt'
[1.757s] writing manifest file 'amr_controller.egg-info/SOURCES.txt'
[1.838s] Built target ament_cmake_python_build_amr_controller_egg
[1.879s] Invoked command in '/home/npd/Desktop/amr_bot/build/amr_controller' returned '0': CMAKE_PREFIX_PATH=${CMAKE_PREFIX_PATH}:/home/npd/Desktop/amr_bot/install/amr_py_examples:/opt/ros/humble /usr/bin/cmake --build /home/npd/Desktop/amr_bot/build/amr_controller -- -j4 -l4
[1.880s] Invoking command in '/home/npd/Desktop/amr_bot/build/amr_controller': CMAKE_PREFIX_PATH=${CMAKE_PREFIX_PATH}:/home/npd/Desktop/amr_bot/install/amr_py_examples:/opt/ros/humble /usr/bin/cmake --install /home/npd/Desktop/amr_bot/build/amr_controller
[1.928s] -- Install configuration: ""
[1.933s] -- Execute custom install script
[1.935s] -- Up-to-date symlink: /home/npd/Desktop/amr_bot/install/amr_controller/share/amr_controller/environment/pythonpath.sh
[1.939s] -- Up-to-date symlink: /home/npd/Desktop/amr_bot/install/amr_controller/share/amr_controller/environment/pythonpath.dsv
[1.940s] -- Up-to-date symlink: /home/npd/Desktop/amr_bot/install/amr_controller/local/lib/python3.10/dist-packages/amr_controller-0.0.0-py3.10.egg-info/PKG-INFO
[1.940s] -- Up-to-date symlink: /home/npd/Desktop/amr_bot/install/amr_controller/local/lib/python3.10/dist-packages/amr_controller-0.0.0-py3.10.egg-info/SOURCES.txt
[1.942s] -- Up-to-date symlink: /home/npd/Desktop/amr_bot/install/amr_controller/local/lib/python3.10/dist-packages/amr_controller-0.0.0-py3.10.egg-info/dependency_links.txt
[1.942s] -- Up-to-date symlink: /home/npd/Desktop/amr_bot/install/amr_controller/local/lib/python3.10/dist-packages/amr_controller-0.0.0-py3.10.egg-info/top_level.txt
[1.945s] -- Up-to-date symlink: /home/npd/Desktop/amr_bot/install/amr_controller/local/lib/python3.10/dist-packages/amr_controller/__init__.py
[1.946s] -- Up-to-date symlink: /home/npd/Desktop/amr_bot/install/amr_controller/local/lib/python3.10/dist-packages/amr_controller/simple_controller.py
[1.949s] -- Up-to-date symlink: /home/npd/Desktop/amr_bot/install/amr_controller/share/amr_controller/config/amr_controllers.yaml
[1.950s] -- Up-to-date symlink: /home/npd/Desktop/amr_bot/install/amr_controller/share/amr_controller/config/joy_config.yaml
[1.951s] -- Up-to-date symlink: /home/npd/Desktop/amr_bot/install/amr_controller/share/amr_controller/config/joy_teleop.yaml
[1.952s] -- Up-to-date symlink: /home/npd/Desktop/amr_bot/install/amr_controller/share/amr_controller/launch/controller.launch.py
[1.952s] -- Up-to-date symlink: /home/npd/Desktop/amr_bot/install/amr_controller/share/amr_controller/launch/joystick_teleop.launch.py
[1.952s] -- Up-to-date symlink: /home/npd/Desktop/amr_bot/install/amr_controller/lib/amr_controller/simple_controller.py
[1.955s] -- Up-to-date symlink: /home/npd/Desktop/amr_bot/install/amr_controller/share/ament_index/resource_index/package_run_dependencies/amr_controller
[1.958s] -- Up-to-date symlink: /home/npd/Desktop/amr_bot/install/amr_controller/share/ament_index/resource_index/parent_prefix_path/amr_controller
[1.960s] -- Up-to-date symlink: /home/npd/Desktop/amr_bot/install/amr_controller/share/amr_controller/environment/ament_prefix_path.sh
[1.960s] -- Up-to-date symlink: /home/npd/Desktop/amr_bot/install/amr_controller/share/amr_controller/environment/ament_prefix_path.dsv
[1.962s] -- Up-to-date symlink: /home/npd/Desktop/amr_bot/install/amr_controller/share/amr_controller/environment/path.sh
[1.965s] -- Up-to-date symlink: /home/npd/Desktop/amr_bot/install/amr_controller/share/amr_controller/environment/path.dsv
[1.966s] -- Up-to-date symlink: /home/npd/Desktop/amr_bot/install/amr_controller/share/amr_controller/local_setup.bash
[1.967s] -- Up-to-date symlink: /home/npd/Desktop/amr_bot/install/amr_controller/share/amr_controller/local_setup.sh
[1.968s] -- Up-to-date symlink: /home/npd/Desktop/amr_bot/install/amr_controller/share/amr_controller/local_setup.zsh
[1.968s] -- Up-to-date symlink: /home/npd/Desktop/amr_bot/install/amr_controller/share/amr_controller/local_setup.dsv
[1.970s] -- Symlinking: /home/npd/Desktop/amr_bot/install/amr_controller/share/amr_controller/package.dsv
[2.000s] -- Up-to-date symlink: /home/npd/Desktop/amr_bot/install/amr_controller/share/ament_index/resource_index/packages/amr_controller
[2.001s] -- Up-to-date symlink: /home/npd/Desktop/amr_bot/install/amr_controller/share/amr_controller/cmake/amr_controllerConfig.cmake
[2.004s] -- Up-to-date symlink: /home/npd/Desktop/amr_bot/install/amr_controller/share/amr_controller/cmake/amr_controllerConfig-version.cmake
[2.004s] -- Up-to-date symlink: /home/npd/Desktop/amr_bot/install/amr_controller/share/amr_controller/package.xml
[2.128s] Listing '/home/npd/Desktop/amr_bot/install/amr_controller/local/lib/python3.10/dist-packages/amr_controller'...
[2.167s] Invoked command in '/home/npd/Desktop/amr_bot/build/amr_controller' returned '0': CMAKE_PREFIX_PATH=${CMAKE_PREFIX_PATH}:/home/npd/Desktop/amr_bot/install/amr_py_examples:/opt/ros/humble /usr/bin/cmake --install /home/npd/Desktop/amr_bot/build/amr_controller
