[3.913s] Invoking command in '/home/npd/Desktop/amr_bot/src/amr_sensors': PYTHONPATH=/home/npd/Desktop/amr_bot/build/amr_sensors/prefix_override:/usr/lib/python3/dist-packages/colcon_core/task/python/colcon_distutils_commands:/home/npd/Desktop/amr_bot/install/amr_sensors/lib/python3.10/site-packages:${PYTHONPATH} /usr/bin/python3 -W ignore:setup.py install is deprecated -W ignore:easy_install command is deprecated setup.py egg_info --egg-base ../../build/amr_sensors build --build-base /home/npd/Desktop/amr_bot/build/amr_sensors/build install --record /home/npd/Desktop/amr_bot/build/amr_sensors/install.log --single-version-externally-managed install_data
[4.988s] running egg_info
[4.990s] writing ../../build/amr_sensors/amr_sensors.egg-info/PKG-INFO
[4.991s] writing dependency_links to ../../build/amr_sensors/amr_sensors.egg-info/dependency_links.txt
[4.991s] writing entry points to ../../build/amr_sensors/amr_sensors.egg-info/entry_points.txt
[4.992s] writing requirements to ../../build/amr_sensors/amr_sensors.egg-info/requires.txt
[4.992s] writing top-level names to ../../build/amr_sensors/amr_sensors.egg-info/top_level.txt
[4.999s] reading manifest file '../../build/amr_sensors/amr_sensors.egg-info/SOURCES.txt'
[5.002s] writing manifest file '../../build/amr_sensors/amr_sensors.egg-info/SOURCES.txt'
[5.002s] running build
[5.002s] running build_py
[5.003s] running install
[5.003s] running install_lib
[5.010s] running install_data
[5.011s] running install_egg_info
[5.023s] removing '/home/npd/Desktop/amr_bot/install/amr_sensors/lib/python3.10/site-packages/amr_sensors-0.0.0-py3.10.egg-info' (and everything under it)
[5.027s] Copying ../../build/amr_sensors/amr_sensors.egg-info to /home/npd/Desktop/amr_bot/install/amr_sensors/lib/python3.10/site-packages/amr_sensors-0.0.0-py3.10.egg-info
[5.029s] running install_scripts
[5.117s] Installing front_lidar_reader script to /home/npd/Desktop/amr_bot/install/amr_sensors/lib/amr_sensors
[5.117s] writing list of installed files to '/home/npd/Desktop/amr_bot/build/amr_sensors/install.log'
[5.191s] Invoked command in '/home/npd/Desktop/amr_bot/src/amr_sensors' returned '0': PYTHONPATH=/home/npd/Desktop/amr_bot/build/amr_sensors/prefix_override:/usr/lib/python3/dist-packages/colcon_core/task/python/colcon_distutils_commands:/home/npd/Desktop/amr_bot/install/amr_sensors/lib/python3.10/site-packages:${PYTHONPATH} /usr/bin/python3 -W ignore:setup.py install is deprecated -W ignore:easy_install command is deprecated setup.py egg_info --egg-base ../../build/amr_sensors build --build-base /home/npd/Desktop/amr_bot/build/amr_sensors/build install --record /home/npd/Desktop/amr_bot/build/amr_sensors/install.log --single-version-externally-managed install_data
